<?xml version="1.0" encoding="UTF-8"?>
<coverage generated="1781558921635" clover="3.2.0">
  <project timestamp="1781558921635" name="All files">
    <metrics statements="16" coveredstatements="16" conditionals="8" coveredconditionals="8" methods="2" coveredmethods="2" elements="26" coveredelements="26" complexity="0" loc="16" ncloc="16" packages="1" files="1" classes="1"/>
    <file name="index.js" path="/home/runner/work/slimlib/slimlib/refine-partition/src/index.js">
      <metrics statements="16" coveredstatements="16" conditionals="8" coveredconditionals="8" methods="2" coveredmethods="2"/>
      <line num="7" count="8" type="stmt"/>
      <line num="9" count="8" type="stmt"/>
      <line num="10" count="21" type="cond" truecount="2" falsecount="0"/>
      <line num="11" count="13" type="stmt"/>
      <line num="13" count="13" type="stmt"/>
      <line num="14" count="6" type="stmt"/>
      <line num="15" count="6" type="cond" truecount="2" falsecount="0"/>
      <line num="17" count="5" type="stmt"/>
      <line num="19" count="5" type="cond" truecount="2" falsecount="0"/>
      <line num="21" count="4" type="stmt"/>
      <line num="22" count="4" type="stmt"/>
      <line num="23" count="4" type="stmt"/>
      <line num="24" count="4" type="stmt"/>
      <line num="32" count="13" type="cond" truecount="2" falsecount="0"/>
      <line num="33" count="12" type="stmt"/>
      <line num="36" count="21" type="stmt"/>
    </file>
  </project>
</coverage>
