{"/home/runner/work/slimlib/slimlib/refine-partition/src/index.js": {"path":"/home/runner/work/slimlib/slimlib/refine-partition/src/index.js","statementMap":{"0":{"start":{"line":7,"column":22},"end":{"line":7,"column":31}},"1":{"start":{"line":9,"column":4},"end":{"line":37,"column":null}},"2":{"start":{"line":10,"column":8},"end":{"line":35,"column":null}},"3":{"start":{"line":11,"column":36},"end":{"line":11,"column":66}},"4":{"start":{"line":13,"column":12},"end":{"line":29,"column":null}},"5":{"start":{"line":14,"column":37},"end":{"line":14,"column":82}},"6":{"start":{"line":15,"column":16},"end":{"line":28,"column":null}},"7":{"start":{"line":17,"column":20},"end":{"line":17,"column":null}},"8":{"start":{"line":19,"column":20},"end":{"line":25,"column":null}},"9":{"start":{"line":21,"column":24},"end":{"line":21,"column":null}},"10":{"start":{"line":22,"column":42},"end":{"line":22,"column":80}},"11":{"start":{"line":23,"column":24},"end":{"line":23,"column":null}},"12":{"start":{"line":24,"column":24},"end":{"line":24,"column":null}},"13":{"start":{"line":32,"column":12},"end":{"line":34,"column":null}},"14":{"start":{"line":33,"column":16},"end":{"line":33,"column":null}},"15":{"start":{"line":36,"column":8},"end":{"line":36,"column":null}}},"fnMap":{"0":{"name":"(anonymous_0)","decl":{"start":{"line":5,"column":15},"end":{"line":5,"column":23}},"loc":{"start":{"line":5,"column":27},"end":{"line":38,"column":null}},"line":5},"1":{"name":"(anonymous_1)","decl":{"start":{"line":9,"column":11},"end":{"line":9,"column":32}},"loc":{"start":{"line":9,"column":36},"end":{"line":37,"column":5}},"line":9}},"branchMap":{"0":{"loc":{"start":{"line":10,"column":8},"end":{"line":35,"column":null}},"type":"if","locations":[{"start":{"line":10,"column":8},"end":{"line":35,"column":null}},{"start":{},"end":{}}],"line":10},"1":{"loc":{"start":{"line":15,"column":16},"end":{"line":28,"column":null}},"type":"if","locations":[{"start":{"line":15,"column":16},"end":{"line":28,"column":null}},{"start":{},"end":{}}],"line":15},"2":{"loc":{"start":{"line":19,"column":20},"end":{"line":25,"column":null}},"type":"if","locations":[{"start":{"line":19,"column":20},"end":{"line":25,"column":null}},{"start":{},"end":{}}],"line":19},"3":{"loc":{"start":{"line":32,"column":12},"end":{"line":34,"column":null}},"type":"if","locations":[{"start":{"line":32,"column":12},"end":{"line":34,"column":null}},{"start":{},"end":{}}],"line":32}},"s":{"0":8,"1":8,"2":21,"3":13,"4":13,"5":6,"6":6,"7":5,"8":5,"9":4,"10":4,"11":4,"12":4,"13":13,"14":12,"15":21},"f":{"0":8,"1":21},"b":{"0":[13,8],"1":[5,1],"2":[4,1],"3":[12,1]},"meta":{"lastBranch":4,"lastFunction":2,"lastStatement":16,"seen":{"f:5:15:5:23":0,"s:7:22:7:31":0,"s:9:4:37:Infinity":1,"f:9:11:9:32":1,"b:10:8:35:Infinity:undefined:undefined:undefined:undefined":0,"s:10:8:35:Infinity":2,"s:11:36:11:66":3,"s:13:12:29:Infinity":4,"s:14:37:14:82":5,"b:15:16:28:Infinity:undefined:undefined:undefined:undefined":1,"s:15:16:28:Infinity":6,"s:17:20:17:Infinity":7,"b:19:20:25:Infinity:undefined:undefined:undefined:undefined":2,"s:19:20:25:Infinity":8,"s:21:24:21:Infinity":9,"s:22:42:22:80":10,"s:23:24:23:Infinity":11,"s:24:24:24:Infinity":12,"b:32:12:34:Infinity:undefined:undefined:undefined:undefined":3,"s:32:12:34:Infinity":13,"s:33:16:33:Infinity":14,"s:36:8:36:Infinity":15}}}
}
