<?xml version="1.0" encoding="UTF-8"?>
<coverage generated="1784669790027" clover="3.2.0">
  <project timestamp="1784669790027" name="All files">
    <metrics statements="456" coveredstatements="456" conditionals="220" coveredconditionals="220" methods="57" coveredmethods="57" elements="733" coveredelements="733" complexity="0" loc="456" ncloc="456" packages="1" files="11" classes="11"/>
    <file name="computed.ts" path="/home/runner/work/slimlib/slimlib/store/src/computed.ts">
      <metrics statements="95" coveredstatements="95" conditionals="64" coveredconditionals="64" methods="4" coveredmethods="4"/>
      <line num="25" count="2447" type="cond" truecount="4" falsecount="0"/>
      <line num="27" count="1120" type="stmt"/>
      <line num="28" count="1120" type="stmt"/>
      <line num="29" count="1120" type="stmt"/>
      <line num="30" count="1120" type="stmt"/>
      <line num="31" count="1120" type="stmt"/>
      <line num="33" count="1120" type="cond" truecount="4" falsecount="0"/>
      <line num="35" count="656" type="cond" truecount="2" falsecount="0"/>
      <line num="36" count="8" type="stmt"/>
      <line num="41" count="656" type="stmt"/>
      <line num="44" count="656" type="cond" truecount="2" falsecount="0"/>
      <line num="45" count="318" type="stmt"/>
      <line num="47" count="318" type="cond" truecount="2" falsecount="0"/>
      <line num="48" count="305" type="stmt"/>
      <line num="53" count="1120" type="stmt"/>
      <line num="54" count="1120" type="stmt"/>
      <line num="57" count="2447" type="stmt"/>
      <line num="58" count="2447" type="stmt"/>
      <line num="62" count="2447" type="cond" truecount="2" falsecount="0"/>
      <line num="63" count="5" type="stmt"/>
      <line num="68" count="2442" type="stmt"/>
      <line num="71" count="2442" type="cond" truecount="4" falsecount="0"/>
      <line num="73" count="1050" type="cond" truecount="2" falsecount="0"/>
      <line num="74" count="713" type="cond" truecount="2" falsecount="0"/>
      <line num="75" count="24" type="stmt"/>
      <line num="77" count="689" type="stmt"/>
      <line num="82" count="337" type="cond" truecount="2" falsecount="0"/>
      <line num="83" count="336" type="stmt"/>
      <line num="86" count="336" type="stmt"/>
      <line num="88" count="336" type="stmt"/>
      <line num="89" count="336" type="stmt"/>
      <line num="90" count="377" type="stmt"/>
      <line num="91" count="377" type="stmt"/>
      <line num="92" count="377" type="cond" truecount="2" falsecount="0"/>
      <line num="94" count="265" type="stmt"/>
      <line num="95" count="265" type="cond" truecount="2" falsecount="0"/>
      <line num="97" count="216" type="stmt"/>
      <line num="98" count="216" type="stmt"/>
      <line num="99" count="216" type="cond" truecount="5" falsecount="0"/>
      <line num="100" count="202" type="stmt"/>
      <line num="101" count="202" type="cond" truecount="2" falsecount="0"/>
      <line num="103" count="7" type="stmt"/>
      <line num="104" count="7" type="stmt"/>
      <line num="108" count="209" type="stmt"/>
      <line num="109" count="209" type="stmt"/>
      <line num="113" count="112" type="stmt"/>
      <line num="114" count="112" type="stmt"/>
      <line num="117" count="9" type="stmt"/>
      <line num="118" count="9" type="stmt"/>
      <line num="120" count="103" type="cond" truecount="2" falsecount="0"/>
      <line num="121" count="71" type="stmt"/>
      <line num="122" count="71" type="stmt"/>
      <line num="126" count="336" type="stmt"/>
      <line num="128" count="336" type="cond" truecount="2" falsecount="0"/>
      <line num="130" count="289" type="stmt"/>
      <line num="131" count="289" type="stmt"/>
      <line num="135" count="47" type="stmt"/>
      <line num="136" count="47" type="cond" truecount="2" falsecount="0"/>
      <line num="137" count="2" type="stmt"/>
      <line num="139" count="45" type="stmt"/>
      <line num="147" count="1682" type="cond" truecount="4" falsecount="0"/>
      <line num="148" count="90" type="cond" truecount="2" falsecount="0"/>
      <line num="150" count="86" type="stmt"/>
      <line num="153" count="4" type="stmt"/>
      <line num="155" count="4" type="stmt"/>
      <line num="156" count="4" type="cond" truecount="2" falsecount="0"/>
      <line num="157" count="1" type="stmt"/>
      <line num="159" count="3" type="stmt"/>
      <line num="165" count="1678" type="cond" truecount="2" falsecount="0"/>
      <line num="166" count="1677" type="stmt"/>
      <line num="168" count="1677" type="stmt"/>
      <line num="169" count="1677" type="stmt"/>
      <line num="170" count="1677" type="stmt"/>
      <line num="173" count="1677" type="cond" truecount="2" falsecount="0"/>
      <line num="175" count="1677" type="cond" truecount="2" falsecount="0"/>
      <line num="176" count="1574" type="stmt"/>
      <line num="178" count="1574" type="stmt"/>
      <line num="179" count="1574" type="stmt"/>
      <line num="182" count="1574" type="stmt"/>
      <line num="183" count="652" type="stmt"/>
      <line num="184" count="652" type="cond" truecount="2" falsecount="0"/>
      <line num="185" count="312" type="stmt"/>
      <line num="188" count="44" type="cond" truecount="2" falsecount="0"/>
      <line num="189" count="30" type="stmt"/>
      <line num="193" count="1618" type="stmt"/>
      <line num="199" count="59" type="stmt"/>
      <line num="200" count="59" type="stmt"/>
      <line num="201" count="59" type="stmt"/>
      <line num="202" count="59" type="stmt"/>
      <line num="208" count="1678" type="cond" truecount="2" falsecount="0"/>
      <line num="209" count="59" type="stmt"/>
      <line num="212" count="1619" type="stmt"/>
      <line num="218" count="24" type="cond" truecount="1" falsecount="0"/>
      <line num="219" count="1027" type="stmt"/>
      <line num="231" count="2010" type="stmt"/>
    </file>
    <file name="core.ts" path="/home/runner/work/slimlib/slimlib/store/src/core.ts">
      <metrics statements="154" coveredstatements="154" conditionals="54" coveredconditionals="54" methods="18" coveredmethods="18"/>
      <line num="40" count="2365" type="stmt"/>
      <line num="43" count="2365" type="stmt"/>
      <line num="44" count="2365" type="stmt"/>
      <line num="63" count="24" type="stmt"/>
      <line num="69" count="1953" type="stmt"/>
      <line num="77" count="24" type="stmt"/>
      <line num="83" count="24" type="stmt"/>
      <line num="85" count="24" type="stmt"/>
      <line num="87" count="24" type="stmt"/>
      <line num="89" count="24" type="stmt"/>
      <line num="93" count="24" type="stmt"/>
      <line num="98" count="24" type="stmt"/>
      <line num="99" count="672" type="stmt"/>
      <line num="107" count="24" type="stmt"/>
      <line num="108" count="545" type="stmt"/>
      <line num="110" count="545" type="cond" truecount="2" falsecount="0"/>
      <line num="111" count="7" type="stmt"/>
      <line num="113" count="545" type="stmt"/>
      <line num="114" count="545" type="stmt"/>
      <line num="122" count="24" type="stmt"/>
      <line num="123" count="620" type="stmt"/>
      <line num="124" count="620" type="stmt"/>
      <line num="131" count="24" type="stmt"/>
      <line num="132" count="590" type="cond" truecount="5" falsecount="0"/>
      <line num="142" count="24" type="stmt"/>
      <line num="143" count="308" type="stmt"/>
      <line num="144" count="308" type="stmt"/>
      <line num="145" count="308" type="stmt"/>
      <line num="146" count="13" type="stmt"/>
      <line num="147" count="13" type="stmt"/>
      <line num="148" count="13" type="cond" truecount="4" falsecount="0"/>
      <line num="149" count="3" type="stmt"/>
      <line num="159" count="24" type="stmt"/>
      <line num="160" count="308" type="stmt"/>
      <line num="161" count="308" type="stmt"/>
      <line num="162" count="308" type="stmt"/>
      <line num="163" count="340" type="stmt"/>
      <line num="164" count="340" type="stmt"/>
      <line num="166" count="340" type="cond" truecount="2" falsecount="0"/>
      <line num="171" count="94" type="stmt"/>
      <line num="180" count="24" type="cond" truecount="1" falsecount="0"/>
      <line num="181" count="858" type="stmt"/>
      <line num="184" count="858" type="cond" truecount="2" falsecount="0"/>
      <line num="185" count="44" type="stmt"/>
      <line num="186" count="44" type="stmt"/>
      <line num="189" count="814" type="stmt"/>
      <line num="190" count="744" type="stmt"/>
      <line num="193" count="744" type="stmt"/>
      <line num="194" count="744" type="cond" truecount="2" falsecount="0"/>
      <line num="195" count="35" type="stmt"/>
      <line num="198" count="744" type="cond" truecount="2" falsecount="0"/>
      <line num="200" count="737" type="stmt"/>
      <line num="202" count="737" type="cond" truecount="2" falsecount="0"/>
      <line num="207" count="214" type="stmt"/>
      <line num="211" count="814" type="stmt"/>
      <line num="220" count="24" type="stmt"/>
      <line num="221" count="1838" type="stmt"/>
      <line num="224" count="1838" type="stmt"/>
      <line num="225" count="1838" type="stmt"/>
      <line num="227" count="1838" type="cond" truecount="2" falsecount="0"/>
      <line num="228" count="20" type="stmt"/>
      <line num="231" count="1838" type="stmt"/>
      <line num="232" count="1838" type="stmt"/>
      <line num="236" count="1838" type="stmt"/>
      <line num="237" count="1165" type="stmt"/>
      <line num="238" count="1165" type="stmt"/>
      <line num="239" count="1165" type="stmt"/>
      <line num="241" count="12" type="stmt"/>
      <line num="250" count="24" type="stmt"/>
      <line num="251" count="1165" type="cond" truecount="2" falsecount="0"/>
      <line num="252" count="866" type="stmt"/>
      <line num="253" count="866" type="stmt"/>
      <line num="262" count="24" type="stmt"/>
      <line num="265" count="2237" type="stmt"/>
      <line num="266" count="2237" type="stmt"/>
      <line num="267" count="2237" type="stmt"/>
      <line num="268" count="2237" type="stmt"/>
      <line num="270" count="2237" type="cond" truecount="4" falsecount="0"/>
      <line num="272" count="1297" type="cond" truecount="2" falsecount="0"/>
      <line num="273" count="24" type="stmt"/>
      <line num="280" count="1297" type="stmt"/>
      <line num="283" count="1297" type="stmt"/>
      <line num="286" count="1297" type="cond" truecount="2" falsecount="0"/>
      <line num="287" count="761" type="stmt"/>
      <line num="291" count="940" type="stmt"/>
      <line num="292" count="940" type="stmt"/>
      <line num="293" count="940" type="stmt"/>
      <line num="295" count="940" type="stmt"/>
      <line num="297" count="2237" type="stmt"/>
      <line num="304" count="24" type="stmt"/>
      <line num="305" count="1013" type="stmt"/>
      <line num="308" count="1013" type="cond" truecount="2" falsecount="0"/>
      <line num="311" count="104" type="cond" truecount="2" falsecount="0"/>
      <line num="312" count="20" type="stmt"/>
      <line num="313" count="20" type="stmt"/>
      <line num="314" count="20" type="stmt"/>
      <line num="316" count="104" type="stmt"/>
      <line num="319" count="909" type="stmt"/>
      <line num="320" count="909" type="cond" truecount="2" falsecount="0"/>
      <line num="321" count="525" type="stmt"/>
      <line num="322" count="525" type="stmt"/>
      <line num="324" count="909" type="stmt"/>
      <line num="325" count="396" type="stmt"/>
      <line num="333" count="24" type="stmt"/>
      <line num="334" count="702" type="stmt"/>
      <line num="336" count="702" type="stmt"/>
      <line num="337" count="702" type="stmt"/>
      <line num="338" count="617" type="stmt"/>
      <line num="347" count="24" type="stmt"/>
      <line num="351" count="2804" type="stmt"/>
      <line num="352" count="2804" type="stmt"/>
      <line num="354" count="2804" type="stmt"/>
      <line num="355" count="2804" type="stmt"/>
      <line num="356" count="2804" type="stmt"/>
      <line num="357" count="2804" type="stmt"/>
      <line num="359" count="2804" type="stmt"/>
      <line num="360" count="2804" type="stmt"/>
      <line num="362" count="2804" type="stmt"/>
      <line num="363" count="2804" type="stmt"/>
      <line num="365" count="2804" type="stmt"/>
      <line num="366" count="2804" type="stmt"/>
      <line num="367" count="2804" type="stmt"/>
      <line num="368" count="2804" type="stmt"/>
      <line num="370" count="2804" type="cond" truecount="2" falsecount="0"/>
      <line num="371" count="1011" type="stmt"/>
      <line num="372" count="1011" type="stmt"/>
      <line num="373" count="1165" type="stmt"/>
      <line num="374" count="1165" type="stmt"/>
      <line num="375" count="1165" type="cond" truecount="2" falsecount="0"/>
      <line num="376" count="1118" type="stmt"/>
      <line num="381" count="2804" type="cond" truecount="2" falsecount="0"/>
      <line num="382" count="38" type="stmt"/>
      <line num="392" count="24" type="stmt"/>
      <line num="393" count="137" type="stmt"/>
      <line num="394" count="137" type="stmt"/>
      <line num="395" count="137" type="stmt"/>
      <line num="396" count="137" type="stmt"/>
      <line num="398" count="137" type="stmt"/>
      <line num="413" count="24" type="stmt"/>
      <line num="414" count="324" type="stmt"/>
      <line num="415" count="324" type="stmt"/>
      <line num="416" count="324" type="stmt"/>
      <line num="417" count="324" type="stmt"/>
      <line num="418" count="325" type="stmt"/>
      <line num="419" count="325" type="stmt"/>
      <line num="421" count="325" type="stmt"/>
      <line num="422" count="325" type="stmt"/>
      <line num="425" count="5" type="stmt"/>
      <line num="426" count="5" type="stmt"/>
      <line num="430" count="320" type="cond" truecount="2" falsecount="0"/>
      <line num="431" count="302" type="stmt"/>
      <line num="432" count="302" type="stmt"/>
      <line num="435" count="17" type="stmt"/>
      <line num="436" count="17" type="stmt"/>
    </file>
    <file name="debug.ts" path="/home/runner/work/slimlib/slimlib/store/src/debug.ts">
      <metrics statements="30" coveredstatements="30" conditionals="20" coveredconditionals="20" methods="10" coveredmethods="10"/>
      <line num="10" count="24" type="stmt"/>
      <line num="15" count="24" type="stmt"/>
      <line num="21" count="24" type="stmt"/>
      <line num="26" count="24" type="stmt"/>
      <line num="31" count="24" type="stmt"/>
      <line num="32" count="71" type="stmt"/>
      <line num="38" count="24" type="stmt"/>
      <line num="39" count="2355" type="stmt"/>
      <line num="40" count="713" type="stmt"/>
      <line num="41" count="713" type="stmt"/>
      <line num="42" count="713" type="stmt"/>
      <line num="44" count="15" type="stmt"/>
      <line num="53" count="24" type="stmt"/>
      <line num="54" count="758" type="cond" truecount="6" falsecount="0"/>
      <line num="55" count="8" type="stmt"/>
      <line num="65" count="24" type="cond" truecount="2" falsecount="0"/>
      <line num="67" count="3" type="cond" truecount="2" falsecount="0"/>
      <line num="68" count="2" type="stmt"/>
      <line num="80" count="24" type="cond" truecount="2" falsecount="0"/>
      <line num="82" count="631" type="stmt"/>
      <line num="85" count="631" type="stmt"/>
      <line num="86" count="631" type="stmt"/>
      <line num="87" count="631" type="stmt"/>
      <line num="89" count="5" type="stmt"/>
      <line num="95" count="24" type="cond" truecount="2" falsecount="0"/>
      <line num="97" count="787" type="stmt"/>
      <line num="105" count="24" type="cond" truecount="2" falsecount="0"/>
      <line num="107" count="631" type="cond" truecount="4" falsecount="0"/>
      <line num="108" count="2" type="stmt"/>
      <line num="115" count="24" type="stmt"/>
    </file>
    <file name="effect.ts" path="/home/runner/work/slimlib/slimlib/store/src/effect.ts">
      <metrics statements="43" coveredstatements="43" conditionals="19" coveredconditionals="19" methods="5" coveredmethods="5"/>
      <line num="10" count="24" type="cond" truecount="2" falsecount="0"/>
      <line num="11" count="24" type="stmt"/>
      <line num="12" count="24" type="stmt"/>
      <line num="49" count="24" type="stmt"/>
      <line num="64" count="24" type="stmt"/>
      <line num="81" count="24" type="cond" truecount="1" falsecount="0"/>
      <line num="82" count="636" type="stmt"/>
      <line num="85" count="636" type="stmt"/>
      <line num="88" count="636" type="stmt"/>
      <line num="94" count="636" type="stmt"/>
      <line num="99" count="636" type="stmt"/>
      <line num="101" count="1181" type="cond" truecount="2" falsecount="0"/>
      <line num="102" count="40" type="stmt"/>
      <line num="106" count="1141" type="stmt"/>
      <line num="107" count="1141" type="cond" truecount="2" falsecount="0"/>
      <line num="108" count="1" type="stmt"/>
      <line num="116" count="1140" type="cond" truecount="2" falsecount="0"/>
      <line num="120" count="234" type="cond" truecount="2" falsecount="0"/>
      <line num="121" count="13" type="stmt"/>
      <line num="122" count="13" type="stmt"/>
      <line num="126" count="1127" type="stmt"/>
      <line num="127" count="1127" type="stmt"/>
      <line num="132" count="1127" type="stmt"/>
      <line num="133" count="1127" type="stmt"/>
      <line num="135" count="1127" type="cond" truecount="2" falsecount="0"/>
      <line num="136" count="13" type="stmt"/>
      <line num="140" count="1127" type="stmt"/>
      <line num="143" count="1127" type="stmt"/>
      <line num="155" count="636" type="stmt"/>
      <line num="167" count="636" type="stmt"/>
      <line num="169" count="636" type="stmt"/>
      <line num="171" count="792" type="stmt"/>
      <line num="173" count="792" type="stmt"/>
      <line num="175" count="792" type="cond" truecount="2" falsecount="0"/>
      <line num="176" count="26" type="stmt"/>
      <line num="178" count="788" type="stmt"/>
      <line num="182" count="636" type="cond" truecount="2" falsecount="0"/>
      <line num="183" count="622" type="stmt"/>
      <line num="192" count="636" type="cond" truecount="2" falsecount="0"/>
      <line num="193" count="620" type="stmt"/>
      <line num="194" count="620" type="stmt"/>
      <line num="204" count="16" type="stmt"/>
      <line num="207" count="634" type="stmt"/>
    </file>
    <file name="flags.ts" path="/home/runner/work/slimlib/slimlib/store/src/flags.ts">
      <metrics statements="10" coveredstatements="10" conditionals="2" coveredconditionals="2" methods="1" coveredmethods="1"/>
      <line num="11" count="24" type="cond" truecount="2" falsecount="0"/>
      <line num="13" count="24" type="stmt"/>
      <line num="16" count="24" type="stmt"/>
      <line num="19" count="24" type="stmt"/>
      <line num="22" count="24" type="stmt"/>
      <line num="25" count="24" type="stmt"/>
      <line num="28" count="24" type="stmt"/>
      <line num="31" count="24" type="stmt"/>
      <line num="34" count="24" type="stmt"/>
      <line num="37" count="24" type="stmt"/>
    </file>
    <file name="globals.ts" path="/home/runner/work/slimlib/slimlib/store/src/globals.ts">
      <metrics statements="5" coveredstatements="5" conditionals="0" coveredconditionals="0" methods="2" coveredmethods="2"/>
      <line num="15" count="24" type="stmt"/>
      <line num="16" count="3853" type="stmt"/>
      <line num="23" count="24" type="stmt"/>
      <line num="28" count="24" type="stmt"/>
      <line num="29" count="53" type="stmt"/>
    </file>
    <file name="index.ts" path="/home/runner/work/slimlib/slimlib/store/src/index.ts">
      <metrics statements="0" coveredstatements="0" conditionals="0" coveredconditionals="0" methods="0" coveredmethods="0"/>
    </file>
    <file name="scope.ts" path="/home/runner/work/slimlib/slimlib/store/src/scope.ts">
      <metrics statements="39" coveredstatements="39" conditionals="15" coveredconditionals="15" methods="5" coveredmethods="5"/>
      <line num="10" count="24" type="cond" truecount="1" falsecount="0"/>
      <line num="11" count="794" type="stmt"/>
      <line num="12" count="794" type="stmt"/>
      <line num="13" count="794" type="stmt"/>
      <line num="14" count="794" type="stmt"/>
      <line num="15" count="794" type="stmt"/>
      <line num="20" count="794" type="stmt"/>
      <line num="21" count="32" type="cond" truecount="2" falsecount="0"/>
      <line num="22" count="1" type="stmt"/>
      <line num="24" count="31" type="stmt"/>
      <line num="27" count="794" type="stmt"/>
      <line num="28" count="959" type="cond" truecount="2" falsecount="0"/>
      <line num="30" count="792" type="cond" truecount="2" falsecount="0"/>
      <line num="31" count="7" type="stmt"/>
      <line num="34" count="785" type="stmt"/>
      <line num="37" count="785" type="stmt"/>
      <line num="40" count="785" type="stmt"/>
      <line num="41" count="785" type="stmt"/>
      <line num="44" count="785" type="stmt"/>
      <line num="47" count="785" type="cond" truecount="2" falsecount="0"/>
      <line num="48" count="58" type="stmt"/>
      <line num="51" count="785" type="stmt"/>
      <line num="55" count="167" type="cond" truecount="2" falsecount="0"/>
      <line num="56" count="3" type="stmt"/>
      <line num="60" count="164" type="stmt"/>
      <line num="61" count="164" type="stmt"/>
      <line num="62" count="164" type="stmt"/>
      <line num="63" count="164" type="stmt"/>
      <line num="65" count="164" type="stmt"/>
      <line num="67" count="164" type="stmt"/>
      <line num="71" count="794" type="stmt"/>
      <line num="72" count="794" type="stmt"/>
      <line num="73" count="794" type="stmt"/>
      <line num="76" count="794" type="cond" truecount="2" falsecount="0"/>
      <line num="77" count="60" type="stmt"/>
      <line num="81" count="794" type="cond" truecount="2" falsecount="0"/>
      <line num="82" count="143" type="stmt"/>
      <line num="85" count="794" type="stmt"/>
      <line num="88" count="24" type="stmt"/>
    </file>
    <file name="signal.ts" path="/home/runner/work/slimlib/slimlib/store/src/signal.ts">
      <metrics statements="12" coveredstatements="12" conditionals="8" coveredconditionals="8" methods="3" coveredmethods="3"/>
      <line num="18" count="277" type="stmt"/>
      <line num="24" count="277" type="stmt"/>
      <line num="28" count="988" type="cond" truecount="4" falsecount="0"/>
      <line num="30" count="876" type="stmt"/>
      <line num="32" count="988" type="stmt"/>
      <line num="39" count="277" type="stmt"/>
      <line num="43" count="321" type="stmt"/>
      <line num="44" count="321" type="cond" truecount="2" falsecount="0"/>
      <line num="45" count="309" type="stmt"/>
      <line num="46" count="309" type="cond" truecount="2" falsecount="0"/>
      <line num="47" count="263" type="stmt"/>
      <line num="53" count="277" type="stmt"/>
    </file>
    <file name="state.ts" path="/home/runner/work/slimlib/slimlib/store/src/state.ts">
      <metrics statements="67" coveredstatements="67" conditionals="38" coveredconditionals="38" methods="9" coveredmethods="9"/>
      <line num="21" count="398" type="stmt"/>
      <line num="27" count="398" type="stmt"/>
      <line num="28" count="424" type="stmt"/>
      <line num="29" count="424" type="cond" truecount="2" falsecount="0"/>
      <line num="30" count="401" type="stmt"/>
      <line num="31" count="401" type="cond" truecount="2" falsecount="0"/>
      <line num="32" count="389" type="stmt"/>
      <line num="36" count="398" type="stmt"/>
      <line num="37" count="655" type="stmt"/>
      <line num="38" count="655" type="cond" truecount="2" falsecount="0"/>
      <line num="39" count="164" type="stmt"/>
      <line num="44" count="491" type="stmt"/>
      <line num="47" count="428" type="stmt"/>
      <line num="48" count="428" type="stmt"/>
      <line num="50" count="428" type="cond" truecount="2" falsecount="0"/>
      <line num="51" count="417" type="stmt"/>
      <line num="53" count="417" type="stmt"/>
      <line num="55" count="417" type="stmt"/>
      <line num="57" count="428" type="stmt"/>
      <line num="61" count="1677" type="cond" truecount="2" falsecount="0"/>
      <line num="63" count="1660" type="stmt"/>
      <line num="66" count="1660" type="cond" truecount="4" falsecount="0"/>
      <line num="68" count="1361" type="stmt"/>
      <line num="71" count="1361" type="cond" truecount="2" falsecount="0"/>
      <line num="72" count="394" type="stmt"/>
      <line num="73" count="394" type="stmt"/>
      <line num="77" count="1361" type="stmt"/>
      <line num="79" count="1361" type="cond" truecount="2" falsecount="0"/>
      <line num="81" count="461" type="stmt"/>
      <line num="83" count="461" type="stmt"/>
      <line num="87" count="1361" type="stmt"/>
      <line num="91" count="1660" type="stmt"/>
      <line num="92" count="1660" type="cond" truecount="5" falsecount="0"/>
      <line num="93" count="1251" type="stmt"/>
      <line num="99" count="409" type="cond" truecount="2" falsecount="0"/>
      <line num="101" count="152" type="cond" truecount="2" falsecount="0"/>
      <line num="102" count="85" type="stmt"/>
      <line num="104" count="152" type="stmt"/>
      <line num="105" count="152" type="cond" truecount="2" falsecount="0"/>
      <line num="107" count="115" type="stmt"/>
      <line num="108" count="115" type="stmt"/>
      <line num="110" count="152" type="stmt"/>
      <line num="111" count="148" type="stmt"/>
      <line num="113" count="152" type="stmt"/>
      <line num="117" count="152" type="cond" truecount="2" falsecount="0"/>
      <line num="118" count="102" type="stmt"/>
      <line num="121" count="102" type="cond" truecount="2" falsecount="0"/>
      <line num="122" count="49" type="stmt"/>
      <line num="124" count="50" type="stmt"/>
      <line num="127" count="99" type="stmt"/>
      <line num="129" count="115" type="stmt"/>
      <line num="131" count="152" type="stmt"/>
      <line num="135" count="257" type="stmt"/>
      <line num="139" count="4" type="stmt"/>
      <line num="140" count="4" type="stmt"/>
      <line num="141" count="4" type="cond" truecount="2" falsecount="0"/>
      <line num="143" count="3" type="stmt"/>
      <line num="145" count="4" type="stmt"/>
      <line num="149" count="5" type="stmt"/>
      <line num="150" count="5" type="stmt"/>
      <line num="151" count="5" type="cond" truecount="2" falsecount="0"/>
      <line num="153" count="4" type="stmt"/>
      <line num="155" count="4" type="stmt"/>
      <line num="157" count="5" type="stmt"/>
      <line num="160" count="491" type="stmt"/>
      <line num="161" count="491" type="stmt"/>
      <line num="164" count="398" type="stmt"/>
    </file>
    <file name="symbols.ts" path="/home/runner/work/slimlib/slimlib/store/src/symbols.ts">
      <metrics statements="1" coveredstatements="1" conditionals="0" coveredconditionals="0" methods="0" coveredmethods="0"/>
      <line num="10" count="24" type="stmt"/>
    </file>
  </project>
</coverage>
