<?xml version="1.0" encoding="UTF-8"?>
<coverage generated="1780570719710" clover="3.2.0">
  <project timestamp="1780570719710" name="All files">
    <metrics statements="452" coveredstatements="452" conditionals="219" coveredconditionals="219" methods="56" coveredmethods="56" elements="727" coveredelements="727" complexity="0" loc="452" ncloc="452" packages="1" files="11" classes="11"/>
    <file name="computed.ts" path="/home/runner/work/slimlib/slimlib/store/src/computed.ts">
      <metrics statements="95" coveredstatements="95" conditionals="64" coveredconditionals="64" methods="4" coveredmethods="4"/>
      <line num="25" count="2443" type="cond" truecount="4" falsecount="0"/>
      <line num="27" count="1119" type="stmt"/>
      <line num="28" count="1119" type="stmt"/>
      <line num="29" count="1119" type="stmt"/>
      <line num="30" count="1119" type="stmt"/>
      <line num="31" count="1119" type="stmt"/>
      <line num="33" count="1119" type="cond" truecount="4" falsecount="0"/>
      <line num="35" count="655" type="cond" truecount="2" falsecount="0"/>
      <line num="36" count="8" type="stmt"/>
      <line num="41" count="655" type="stmt"/>
      <line num="44" count="655" type="cond" truecount="2" falsecount="0"/>
      <line num="45" count="317" type="stmt"/>
      <line num="47" count="317" type="cond" truecount="2" falsecount="0"/>
      <line num="48" count="304" type="stmt"/>
      <line num="53" count="1119" type="stmt"/>
      <line num="54" count="1119" type="stmt"/>
      <line num="57" count="2443" type="stmt"/>
      <line num="58" count="2443" type="stmt"/>
      <line num="62" count="2443" type="cond" truecount="2" falsecount="0"/>
      <line num="63" count="5" type="stmt"/>
      <line num="68" count="2438" type="stmt"/>
      <line num="71" count="2438" type="cond" truecount="4" falsecount="0"/>
      <line num="73" count="1047" type="cond" truecount="2" falsecount="0"/>
      <line num="74" count="713" type="cond" truecount="2" falsecount="0"/>
      <line num="75" count="24" type="stmt"/>
      <line num="77" count="689" type="stmt"/>
      <line num="82" count="334" type="cond" truecount="2" falsecount="0"/>
      <line num="83" count="333" type="stmt"/>
      <line num="86" count="333" type="stmt"/>
      <line num="88" count="333" type="stmt"/>
      <line num="89" count="333" type="stmt"/>
      <line num="90" count="372" type="stmt"/>
      <line num="91" count="372" type="stmt"/>
      <line num="92" count="372" type="cond" truecount="2" falsecount="0"/>
      <line num="94" count="260" type="stmt"/>
      <line num="95" count="260" type="cond" truecount="2" falsecount="0"/>
      <line num="97" count="214" type="stmt"/>
      <line num="98" count="214" type="stmt"/>
      <line num="99" count="214" type="cond" truecount="5" falsecount="0"/>
      <line num="100" count="200" type="stmt"/>
      <line num="101" count="200" type="cond" truecount="2" falsecount="0"/>
      <line num="103" count="7" type="stmt"/>
      <line num="104" count="7" type="stmt"/>
      <line num="108" count="207" type="stmt"/>
      <line num="109" count="207" type="stmt"/>
      <line num="113" count="112" type="stmt"/>
      <line num="114" count="112" type="stmt"/>
      <line num="117" count="9" type="stmt"/>
      <line num="118" count="9" type="stmt"/>
      <line num="120" count="103" type="cond" truecount="2" falsecount="0"/>
      <line num="121" count="71" type="stmt"/>
      <line num="122" count="71" type="stmt"/>
      <line num="126" count="333" type="stmt"/>
      <line num="128" count="333" type="cond" truecount="2" falsecount="0"/>
      <line num="130" count="287" type="stmt"/>
      <line num="131" count="287" type="stmt"/>
      <line num="135" count="46" type="stmt"/>
      <line num="136" count="46" type="cond" truecount="2" falsecount="0"/>
      <line num="137" count="2" type="stmt"/>
      <line num="139" count="44" type="stmt"/>
      <line num="147" count="1679" type="cond" truecount="4" falsecount="0"/>
      <line num="148" count="90" type="cond" truecount="2" falsecount="0"/>
      <line num="150" count="86" type="stmt"/>
      <line num="153" count="4" type="stmt"/>
      <line num="155" count="4" type="stmt"/>
      <line num="156" count="4" type="cond" truecount="2" falsecount="0"/>
      <line num="157" count="1" type="stmt"/>
      <line num="159" count="3" type="stmt"/>
      <line num="165" count="1675" type="cond" truecount="2" falsecount="0"/>
      <line num="166" count="1674" type="stmt"/>
      <line num="168" count="1674" type="stmt"/>
      <line num="169" count="1674" type="stmt"/>
      <line num="170" count="1674" type="stmt"/>
      <line num="173" count="1674" type="cond" truecount="2" falsecount="0"/>
      <line num="175" count="1674" type="cond" truecount="2" falsecount="0"/>
      <line num="176" count="1571" type="stmt"/>
      <line num="178" count="1571" type="stmt"/>
      <line num="179" count="1571" type="stmt"/>
      <line num="182" count="1571" type="stmt"/>
      <line num="183" count="651" type="stmt"/>
      <line num="184" count="651" type="cond" truecount="2" falsecount="0"/>
      <line num="185" count="312" type="stmt"/>
      <line num="188" count="44" type="cond" truecount="2" falsecount="0"/>
      <line num="189" count="30" type="stmt"/>
      <line num="193" count="1615" type="stmt"/>
      <line num="199" count="59" type="stmt"/>
      <line num="200" count="59" type="stmt"/>
      <line num="201" count="59" type="stmt"/>
      <line num="202" count="59" type="stmt"/>
      <line num="208" count="1675" type="cond" truecount="2" falsecount="0"/>
      <line num="209" count="59" type="stmt"/>
      <line num="212" count="1616" type="stmt"/>
      <line num="218" count="24" type="cond" truecount="1" falsecount="0"/>
      <line num="219" count="1026" type="stmt"/>
      <line num="231" count="2006" type="stmt"/>
    </file>
    <file name="core.ts" path="/home/runner/work/slimlib/slimlib/store/src/core.ts">
      <metrics statements="153" coveredstatements="153" conditionals="53" coveredconditionals="53" methods="18" coveredmethods="18"/>
      <line num="40" count="2360" type="stmt"/>
      <line num="43" count="2360" type="stmt"/>
      <line num="44" count="2360" type="stmt"/>
      <line num="63" count="24" type="stmt"/>
      <line num="69" count="1949" type="stmt"/>
      <line num="77" count="24" type="stmt"/>
      <line num="83" count="24" type="stmt"/>
      <line num="85" count="24" type="stmt"/>
      <line num="87" count="24" type="stmt"/>
      <line num="89" count="24" type="stmt"/>
      <line num="93" count="24" type="stmt"/>
      <line num="98" count="24" type="stmt"/>
      <line num="99" count="666" type="stmt"/>
      <line num="107" count="24" type="stmt"/>
      <line num="108" count="545" type="stmt"/>
      <line num="110" count="545" type="cond" truecount="2" falsecount="0"/>
      <line num="111" count="7" type="stmt"/>
      <line num="113" count="545" type="stmt"/>
      <line num="114" count="545" type="stmt"/>
      <line num="122" count="24" type="stmt"/>
      <line num="123" count="619" type="stmt"/>
      <line num="124" count="619" type="stmt"/>
      <line num="131" count="24" type="stmt"/>
      <line num="132" count="587" type="cond" truecount="5" falsecount="0"/>
      <line num="142" count="24" type="stmt"/>
      <line num="143" count="307" type="stmt"/>
      <line num="144" count="307" type="stmt"/>
      <line num="145" count="307" type="stmt"/>
      <line num="146" count="13" type="stmt"/>
      <line num="147" count="13" type="stmt"/>
      <line num="148" count="13" type="cond" truecount="4" falsecount="0"/>
      <line num="149" count="3" type="stmt"/>
      <line num="159" count="24" type="stmt"/>
      <line num="160" count="307" type="stmt"/>
      <line num="161" count="307" type="stmt"/>
      <line num="162" count="307" type="stmt"/>
      <line num="163" count="338" type="stmt"/>
      <line num="164" count="338" type="stmt"/>
      <line num="166" count="338" type="cond" truecount="2" falsecount="0"/>
      <line num="171" count="94" type="stmt"/>
      <line num="180" count="24" type="cond" truecount="1" falsecount="0"/>
      <line num="181" count="855" type="stmt"/>
      <line num="182" count="855" type="stmt"/>
      <line num="184" count="855" type="stmt"/>
      <line num="185" count="790" type="stmt"/>
      <line num="188" count="790" type="stmt"/>
      <line num="189" count="790" type="cond" truecount="2" falsecount="0"/>
      <line num="190" count="84" type="stmt"/>
      <line num="193" count="790" type="cond" truecount="2" falsecount="0"/>
      <line num="195" count="757" type="stmt"/>
      <line num="197" count="757" type="cond" truecount="2" falsecount="0"/>
      <line num="203" count="213" type="stmt"/>
      <line num="207" count="855" type="stmt"/>
      <line num="216" count="24" type="stmt"/>
      <line num="217" count="1836" type="stmt"/>
      <line num="220" count="1836" type="stmt"/>
      <line num="221" count="1836" type="stmt"/>
      <line num="223" count="1836" type="cond" truecount="2" falsecount="0"/>
      <line num="224" count="20" type="stmt"/>
      <line num="227" count="1836" type="stmt"/>
      <line num="228" count="1836" type="stmt"/>
      <line num="232" count="1836" type="stmt"/>
      <line num="233" count="1164" type="stmt"/>
      <line num="234" count="1164" type="stmt"/>
      <line num="235" count="1164" type="stmt"/>
      <line num="237" count="12" type="stmt"/>
      <line num="246" count="24" type="stmt"/>
      <line num="247" count="1164" type="cond" truecount="2" falsecount="0"/>
      <line num="248" count="865" type="stmt"/>
      <line num="249" count="865" type="stmt"/>
      <line num="258" count="24" type="stmt"/>
      <line num="261" count="2231" type="stmt"/>
      <line num="262" count="2231" type="stmt"/>
      <line num="263" count="2231" type="stmt"/>
      <line num="264" count="2231" type="stmt"/>
      <line num="266" count="2231" type="cond" truecount="4" falsecount="0"/>
      <line num="268" count="1294" type="cond" truecount="2" falsecount="0"/>
      <line num="269" count="23" type="stmt"/>
      <line num="274" count="1294" type="stmt"/>
      <line num="279" count="1294" type="stmt"/>
      <line num="282" count="1294" type="cond" truecount="2" falsecount="0"/>
      <line num="283" count="759" type="stmt"/>
      <line num="287" count="937" type="stmt"/>
      <line num="288" count="937" type="stmt"/>
      <line num="289" count="937" type="stmt"/>
      <line num="290" count="937" type="stmt"/>
      <line num="292" count="937" type="stmt"/>
      <line num="294" count="2231" type="stmt"/>
      <line num="301" count="24" type="stmt"/>
      <line num="302" count="1013" type="stmt"/>
      <line num="305" count="1013" type="cond" truecount="2" falsecount="0"/>
      <line num="308" count="104" type="cond" truecount="2" falsecount="0"/>
      <line num="309" count="20" type="stmt"/>
      <line num="310" count="20" type="stmt"/>
      <line num="311" count="20" type="stmt"/>
      <line num="313" count="104" type="stmt"/>
      <line num="316" count="909" type="stmt"/>
      <line num="317" count="909" type="cond" truecount="2" falsecount="0"/>
      <line num="318" count="525" type="stmt"/>
      <line num="319" count="525" type="stmt"/>
      <line num="321" count="909" type="stmt"/>
      <line num="322" count="396" type="stmt"/>
      <line num="330" count="24" type="stmt"/>
      <line num="331" count="699" type="stmt"/>
      <line num="333" count="699" type="stmt"/>
      <line num="334" count="699" type="stmt"/>
      <line num="335" count="617" type="stmt"/>
      <line num="344" count="24" type="stmt"/>
      <line num="348" count="2800" type="stmt"/>
      <line num="349" count="2800" type="stmt"/>
      <line num="351" count="2800" type="stmt"/>
      <line num="352" count="2800" type="stmt"/>
      <line num="353" count="2800" type="stmt"/>
      <line num="354" count="2800" type="stmt"/>
      <line num="356" count="2800" type="stmt"/>
      <line num="357" count="2800" type="stmt"/>
      <line num="359" count="2800" type="stmt"/>
      <line num="360" count="2800" type="stmt"/>
      <line num="362" count="2800" type="stmt"/>
      <line num="363" count="2800" type="stmt"/>
      <line num="364" count="2800" type="stmt"/>
      <line num="365" count="2800" type="stmt"/>
      <line num="367" count="2800" type="cond" truecount="2" falsecount="0"/>
      <line num="368" count="1010" type="stmt"/>
      <line num="369" count="1010" type="stmt"/>
      <line num="370" count="1164" type="stmt"/>
      <line num="371" count="1164" type="stmt"/>
      <line num="372" count="1164" type="cond" truecount="2" falsecount="0"/>
      <line num="373" count="1117" type="stmt"/>
      <line num="378" count="2800" type="cond" truecount="2" falsecount="0"/>
      <line num="379" count="38" type="stmt"/>
      <line num="389" count="24" type="stmt"/>
      <line num="390" count="137" type="stmt"/>
      <line num="391" count="137" type="stmt"/>
      <line num="392" count="137" type="stmt"/>
      <line num="393" count="137" type="stmt"/>
      <line num="395" count="137" type="stmt"/>
      <line num="410" count="24" type="stmt"/>
      <line num="411" count="324" type="stmt"/>
      <line num="412" count="324" type="stmt"/>
      <line num="413" count="324" type="stmt"/>
      <line num="414" count="324" type="stmt"/>
      <line num="415" count="325" type="stmt"/>
      <line num="416" count="325" type="stmt"/>
      <line num="418" count="325" type="stmt"/>
      <line num="419" count="325" type="stmt"/>
      <line num="422" count="5" type="stmt"/>
      <line num="423" count="5" type="stmt"/>
      <line num="427" count="320" type="cond" truecount="2" falsecount="0"/>
      <line num="428" count="302" type="stmt"/>
      <line num="429" count="302" type="stmt"/>
      <line num="432" count="17" type="stmt"/>
      <line num="433" count="17" type="stmt"/>
    </file>
    <file name="debug.ts" path="/home/runner/work/slimlib/slimlib/store/src/debug.ts">
      <metrics statements="30" coveredstatements="30" conditionals="20" coveredconditionals="20" methods="10" coveredmethods="10"/>
      <line num="10" count="24" type="stmt"/>
      <line num="15" count="24" type="stmt"/>
      <line num="21" count="24" type="stmt"/>
      <line num="26" count="24" type="stmt"/>
      <line num="31" count="24" type="stmt"/>
      <line num="32" count="71" type="stmt"/>
      <line num="38" count="24" type="stmt"/>
      <line num="39" count="2337" type="stmt"/>
      <line num="40" count="710" type="stmt"/>
      <line num="41" count="710" type="stmt"/>
      <line num="42" count="710" type="stmt"/>
      <line num="44" count="15" type="stmt"/>
      <line num="53" count="24" type="stmt"/>
      <line num="54" count="755" type="cond" truecount="6" falsecount="0"/>
      <line num="55" count="8" type="stmt"/>
      <line num="65" count="24" type="cond" truecount="2" falsecount="0"/>
      <line num="67" count="3" type="cond" truecount="2" falsecount="0"/>
      <line num="68" count="2" type="stmt"/>
      <line num="80" count="24" type="cond" truecount="2" falsecount="0"/>
      <line num="82" count="630" type="stmt"/>
      <line num="85" count="630" type="stmt"/>
      <line num="86" count="630" type="stmt"/>
      <line num="87" count="630" type="stmt"/>
      <line num="89" count="5" type="stmt"/>
      <line num="95" count="24" type="cond" truecount="2" falsecount="0"/>
      <line num="97" count="785" type="stmt"/>
      <line num="105" count="24" type="cond" truecount="2" falsecount="0"/>
      <line num="107" count="630" type="cond" truecount="4" falsecount="0"/>
      <line num="108" count="2" type="stmt"/>
      <line num="115" count="24" type="stmt"/>
    </file>
    <file name="effect.ts" path="/home/runner/work/slimlib/slimlib/store/src/effect.ts">
      <metrics statements="43" coveredstatements="43" conditionals="19" coveredconditionals="19" methods="5" coveredmethods="5"/>
      <line num="10" count="24" type="cond" truecount="2" falsecount="0"/>
      <line num="11" count="24" type="stmt"/>
      <line num="12" count="24" type="stmt"/>
      <line num="49" count="24" type="stmt"/>
      <line num="64" count="24" type="stmt"/>
      <line num="81" count="24" type="cond" truecount="1" falsecount="0"/>
      <line num="82" count="635" type="stmt"/>
      <line num="85" count="635" type="stmt"/>
      <line num="88" count="635" type="stmt"/>
      <line num="94" count="635" type="stmt"/>
      <line num="99" count="635" type="stmt"/>
      <line num="101" count="1180" type="cond" truecount="2" falsecount="0"/>
      <line num="102" count="40" type="stmt"/>
      <line num="106" count="1140" type="stmt"/>
      <line num="107" count="1140" type="cond" truecount="2" falsecount="0"/>
      <line num="108" count="1" type="stmt"/>
      <line num="116" count="1139" type="cond" truecount="2" falsecount="0"/>
      <line num="120" count="234" type="cond" truecount="2" falsecount="0"/>
      <line num="121" count="13" type="stmt"/>
      <line num="122" count="13" type="stmt"/>
      <line num="126" count="1126" type="stmt"/>
      <line num="127" count="1126" type="stmt"/>
      <line num="132" count="1126" type="stmt"/>
      <line num="133" count="1126" type="stmt"/>
      <line num="135" count="1126" type="cond" truecount="2" falsecount="0"/>
      <line num="136" count="13" type="stmt"/>
      <line num="140" count="1126" type="stmt"/>
      <line num="143" count="1126" type="stmt"/>
      <line num="155" count="635" type="stmt"/>
      <line num="167" count="635" type="stmt"/>
      <line num="169" count="635" type="stmt"/>
      <line num="171" count="790" type="stmt"/>
      <line num="173" count="790" type="stmt"/>
      <line num="175" count="790" type="cond" truecount="2" falsecount="0"/>
      <line num="176" count="26" type="stmt"/>
      <line num="178" count="786" type="stmt"/>
      <line num="182" count="635" type="cond" truecount="2" falsecount="0"/>
      <line num="183" count="621" type="stmt"/>
      <line num="192" count="635" type="cond" truecount="2" falsecount="0"/>
      <line num="193" count="619" type="stmt"/>
      <line num="194" count="619" type="stmt"/>
      <line num="204" count="16" type="stmt"/>
      <line num="207" count="633" type="stmt"/>
    </file>
    <file name="flags.ts" path="/home/runner/work/slimlib/slimlib/store/src/flags.ts">
      <metrics statements="10" coveredstatements="10" conditionals="2" coveredconditionals="2" methods="1" coveredmethods="1"/>
      <line num="11" count="24" type="cond" truecount="2" falsecount="0"/>
      <line num="13" count="24" type="stmt"/>
      <line num="16" count="24" type="stmt"/>
      <line num="19" count="24" type="stmt"/>
      <line num="22" count="24" type="stmt"/>
      <line num="25" count="24" type="stmt"/>
      <line num="28" count="24" type="stmt"/>
      <line num="31" count="24" type="stmt"/>
      <line num="34" count="24" type="stmt"/>
      <line num="37" count="24" type="stmt"/>
    </file>
    <file name="globals.ts" path="/home/runner/work/slimlib/slimlib/store/src/globals.ts">
      <metrics statements="5" coveredstatements="5" conditionals="0" coveredconditionals="0" methods="2" coveredmethods="2"/>
      <line num="15" count="24" type="stmt"/>
      <line num="16" count="3847" type="stmt"/>
      <line num="23" count="24" type="stmt"/>
      <line num="28" count="24" type="stmt"/>
      <line num="29" count="53" type="stmt"/>
    </file>
    <file name="index.ts" path="/home/runner/work/slimlib/slimlib/store/src/index.ts">
      <metrics statements="0" coveredstatements="0" conditionals="0" coveredconditionals="0" methods="0" coveredmethods="0"/>
    </file>
    <file name="scope.ts" path="/home/runner/work/slimlib/slimlib/store/src/scope.ts">
      <metrics statements="37" coveredstatements="37" conditionals="15" coveredconditionals="15" methods="4" coveredmethods="4"/>
      <line num="10" count="24" type="cond" truecount="1" falsecount="0"/>
      <line num="11" count="788" type="stmt"/>
      <line num="12" count="788" type="stmt"/>
      <line num="13" count="788" type="stmt"/>
      <line num="14" count="788" type="stmt"/>
      <line num="15" count="788" type="stmt"/>
      <line num="20" count="788" type="stmt"/>
      <line num="21" count="32" type="cond" truecount="2" falsecount="0"/>
      <line num="22" count="1" type="stmt"/>
      <line num="24" count="31" type="stmt"/>
      <line num="27" count="788" type="stmt"/>
      <line num="28" count="952" type="cond" truecount="2" falsecount="0"/>
      <line num="30" count="786" type="cond" truecount="2" falsecount="0"/>
      <line num="31" count="7" type="stmt"/>
      <line num="34" count="779" type="stmt"/>
      <line num="37" count="779" type="stmt"/>
      <line num="40" count="779" type="stmt"/>
      <line num="41" count="779" type="stmt"/>
      <line num="44" count="779" type="stmt"/>
      <line num="47" count="779" type="cond" truecount="2" falsecount="0"/>
      <line num="48" count="56" type="stmt"/>
      <line num="51" count="779" type="stmt"/>
      <line num="55" count="166" type="cond" truecount="2" falsecount="0"/>
      <line num="56" count="3" type="stmt"/>
      <line num="60" count="163" type="stmt"/>
      <line num="61" count="163" type="stmt"/>
      <line num="62" count="163" type="stmt"/>
      <line num="63" count="163" type="stmt"/>
      <line num="65" count="163" type="stmt"/>
      <line num="67" count="163" type="stmt"/>
      <line num="71" count="788" type="stmt"/>
      <line num="72" count="788" type="stmt"/>
      <line num="75" count="788" type="cond" truecount="2" falsecount="0"/>
      <line num="76" count="58" type="stmt"/>
      <line num="80" count="788" type="cond" truecount="2" falsecount="0"/>
      <line num="81" count="143" type="stmt"/>
      <line num="84" count="788" type="stmt"/>
    </file>
    <file name="signal.ts" path="/home/runner/work/slimlib/slimlib/store/src/signal.ts">
      <metrics statements="12" coveredstatements="12" conditionals="8" coveredconditionals="8" methods="3" coveredmethods="3"/>
      <line num="18" count="277" type="stmt"/>
      <line num="24" count="277" type="stmt"/>
      <line num="28" count="988" type="cond" truecount="4" falsecount="0"/>
      <line num="31" count="876" type="stmt"/>
      <line num="33" count="988" type="stmt"/>
      <line num="40" count="277" type="stmt"/>
      <line num="44" count="321" type="stmt"/>
      <line num="45" count="321" type="cond" truecount="2" falsecount="0"/>
      <line num="46" count="309" type="stmt"/>
      <line num="47" count="309" type="cond" truecount="2" falsecount="0"/>
      <line num="48" count="263" type="stmt"/>
      <line num="54" count="277" type="stmt"/>
    </file>
    <file name="state.ts" path="/home/runner/work/slimlib/slimlib/store/src/state.ts">
      <metrics statements="66" coveredstatements="66" conditionals="38" coveredconditionals="38" methods="9" coveredmethods="9"/>
      <line num="21" count="397" type="stmt"/>
      <line num="27" count="397" type="stmt"/>
      <line num="28" count="421" type="stmt"/>
      <line num="29" count="421" type="cond" truecount="2" falsecount="0"/>
      <line num="30" count="398" type="stmt"/>
      <line num="31" count="398" type="cond" truecount="2" falsecount="0"/>
      <line num="32" count="386" type="stmt"/>
      <line num="36" count="397" type="stmt"/>
      <line num="37" count="654" type="cond" truecount="2" falsecount="0"/>
      <line num="38" count="164" type="stmt"/>
      <line num="43" count="490" type="stmt"/>
      <line num="46" count="425" type="stmt"/>
      <line num="47" count="425" type="stmt"/>
      <line num="49" count="425" type="cond" truecount="2" falsecount="0"/>
      <line num="50" count="414" type="stmt"/>
      <line num="52" count="414" type="stmt"/>
      <line num="54" count="414" type="stmt"/>
      <line num="56" count="425" type="stmt"/>
      <line num="60" count="1671" type="cond" truecount="2" falsecount="0"/>
      <line num="62" count="1654" type="stmt"/>
      <line num="65" count="1654" type="cond" truecount="4" falsecount="0"/>
      <line num="67" count="1355" type="stmt"/>
      <line num="70" count="1355" type="cond" truecount="2" falsecount="0"/>
      <line num="71" count="393" type="stmt"/>
      <line num="72" count="393" type="stmt"/>
      <line num="76" count="1355" type="stmt"/>
      <line num="78" count="1355" type="cond" truecount="2" falsecount="0"/>
      <line num="80" count="458" type="stmt"/>
      <line num="82" count="458" type="stmt"/>
      <line num="88" count="1355" type="stmt"/>
      <line num="96" count="1654" type="stmt"/>
      <line num="97" count="1654" type="cond" truecount="5" falsecount="0"/>
      <line num="98" count="1245" type="stmt"/>
      <line num="104" count="409" type="cond" truecount="2" falsecount="0"/>
      <line num="106" count="152" type="cond" truecount="2" falsecount="0"/>
      <line num="107" count="85" type="stmt"/>
      <line num="109" count="152" type="stmt"/>
      <line num="110" count="152" type="cond" truecount="2" falsecount="0"/>
      <line num="112" count="115" type="stmt"/>
      <line num="113" count="115" type="stmt"/>
      <line num="115" count="152" type="stmt"/>
      <line num="116" count="148" type="stmt"/>
      <line num="118" count="152" type="stmt"/>
      <line num="122" count="152" type="cond" truecount="2" falsecount="0"/>
      <line num="123" count="102" type="stmt"/>
      <line num="126" count="102" type="cond" truecount="2" falsecount="0"/>
      <line num="127" count="49" type="stmt"/>
      <line num="129" count="50" type="stmt"/>
      <line num="132" count="99" type="stmt"/>
      <line num="134" count="115" type="stmt"/>
      <line num="136" count="152" type="stmt"/>
      <line num="140" count="257" type="stmt"/>
      <line num="144" count="4" type="stmt"/>
      <line num="145" count="4" type="stmt"/>
      <line num="146" count="4" type="cond" truecount="2" falsecount="0"/>
      <line num="148" count="3" type="stmt"/>
      <line num="150" count="4" type="stmt"/>
      <line num="154" count="5" type="stmt"/>
      <line num="155" count="5" type="stmt"/>
      <line num="156" count="5" type="cond" truecount="2" falsecount="0"/>
      <line num="158" count="4" type="stmt"/>
      <line num="160" count="4" type="stmt"/>
      <line num="162" count="5" type="stmt"/>
      <line num="165" count="490" type="stmt"/>
      <line num="166" count="490" type="stmt"/>
      <line num="169" count="397" type="stmt"/>
    </file>
    <file name="symbols.ts" path="/home/runner/work/slimlib/slimlib/store/src/symbols.ts">
      <metrics statements="1" coveredstatements="1" conditionals="0" coveredconditionals="0" methods="0" coveredmethods="0"/>
      <line num="9" count="24" type="stmt"/>
    </file>
  </project>
</coverage>
