{"/home/runner/work/slimlib/slimlib/store/src/computed.ts": {"path":"/home/runner/work/slimlib/slimlib/store/src/computed.ts","statementMap":{"0":{"start":{"line":25,"column":4},"end":{"line":55,"column":null}},"1":{"start":{"line":27,"column":32},"end":{"line":27,"column":null}},"2":{"start":{"line":28,"column":26},"end":{"line":28,"column":null}},"3":{"start":{"line":29,"column":21},"end":{"line":29,"column":null}},"4":{"start":{"line":30,"column":25},"end":{"line":30,"column":null}},"5":{"start":{"line":31,"column":25},"end":{"line":31,"column":null}},"6":{"start":{"line":33,"column":8},"end":{"line":51,"column":null}},"7":{"start":{"line":35,"column":12},"end":{"line":37,"column":null}},"8":{"start":{"line":36,"column":16},"end":{"line":36,"column":null}},"9":{"start":{"line":41,"column":12},"end":{"line":41,"column":null}},"10":{"start":{"line":44,"column":12},"end":{"line":50,"column":null}},"11":{"start":{"line":45,"column":17},"end":{"line":45,"column":null}},"12":{"start":{"line":47,"column":16},"end":{"line":49,"column":null}},"13":{"start":{"line":48,"column":20},"end":{"line":48,"column":null}},"14":{"start":{"line":53,"column":8},"end":{"line":53,"column":null}},"15":{"start":{"line":54,"column":8},"end":{"line":54,"column":null}},"16":{"start":{"line":57,"column":16},"end":{"line":57,"column":null}},"17":{"start":{"line":58,"column":25},"end":{"line":58,"column":null}},"18":{"start":{"line":62,"column":4},"end":{"line":64,"column":null}},"19":{"start":{"line":63,"column":8},"end":{"line":63,"column":null}},"20":{"start":{"line":68,"column":10},"end":{"line":68,"column":null}},"21":{"start":{"line":71,"column":4},"end":{"line":141,"column":null}},"22":{"start":{"line":71,"column":16},"end":{"line":141,"column":null}},"23":{"start":{"line":73,"column":8},"end":{"line":78,"column":null}},"24":{"start":{"line":74,"column":12},"end":{"line":76,"column":null}},"25":{"start":{"line":75,"column":16},"end":{"line":75,"column":null}},"26":{"start":{"line":77,"column":12},"end":{"line":77,"column":null}},"27":{"start":{"line":82,"column":8},"end":{"line":140,"column":null}},"28":{"start":{"line":83,"column":32},"end":{"line":83,"column":null}},"29":{"start":{"line":86,"column":32},"end":{"line":86,"column":null}},"30":{"start":{"line":88,"column":12},"end":{"line":88,"column":null}},"31":{"start":{"line":89,"column":12},"end":{"line":125,"column":null}},"32":{"start":{"line":89,"column":25},"end":{"line":89,"column":28}},"33":{"start":{"line":89,"column":34},"end":{"line":89,"column":55}},"34":{"start":{"line":90,"column":31},"end":{"line":90,"column":null}},"35":{"start":{"line":91,"column":35},"end":{"line":91,"column":null}},"36":{"start":{"line":92,"column":16},"end":{"line":124,"column":null}},"37":{"start":{"line":94,"column":48},"end":{"line":94,"column":null}},"38":{"start":{"line":95,"column":20},"end":{"line":110,"column":null}},"39":{"start":{"line":97,"column":44},"end":{"line":97,"column":null}},"40":{"start":{"line":98,"column":43},"end":{"line":98,"column":null}},"41":{"start":{"line":99,"column":24},"end":{"line":106,"column":null}},"42":{"start":{"line":100,"column":50},"end":{"line":100,"column":null}},"43":{"start":{"line":101,"column":28},"end":{"line":105,"column":null}},"44":{"start":{"line":103,"column":32},"end":{"line":103,"column":null}},"45":{"start":{"line":104,"column":32},"end":{"line":104,"column":null}},"46":{"start":{"line":108,"column":24},"end":{"line":108,"column":null}},"47":{"start":{"line":109,"column":24},"end":{"line":109,"column":null}},"48":{"start":{"line":113,"column":20},"end":{"line":119,"column":null}},"49":{"start":{"line":114,"column":24},"end":{"line":114,"column":null}},"50":{"start":{"line":117,"column":24},"end":{"line":117,"column":null}},"51":{"start":{"line":118,"column":24},"end":{"line":118,"column":null}},"52":{"start":{"line":120,"column":20},"end":{"line":123,"column":null}},"53":{"start":{"line":121,"column":24},"end":{"line":121,"column":null}},"54":{"start":{"line":122,"column":24},"end":{"line":122,"column":null}},"55":{"start":{"line":126,"column":12},"end":{"line":126,"column":null}},"56":{"start":{"line":128,"column":12},"end":{"line":132,"column":null}},"57":{"start":{"line":130,"column":16},"end":{"line":130,"column":null}},"58":{"start":{"line":131,"column":16},"end":{"line":131,"column":null}},"59":{"start":{"line":135,"column":12},"end":{"line":135,"column":null}},"60":{"start":{"line":136,"column":12},"end":{"line":138,"column":null}},"61":{"start":{"line":137,"column":16},"end":{"line":137,"column":null}},"62":{"start":{"line":139,"column":12},"end":{"line":139,"column":null}},"63":{"start":{"line":147,"column":4},"end":{"line":161,"column":null}},"64":{"start":{"line":148,"column":8},"end":{"line":160,"column":null}},"65":{"start":{"line":150,"column":12},"end":{"line":150,"column":null}},"66":{"start":{"line":153,"column":12},"end":{"line":153,"column":null}},"67":{"start":{"line":155,"column":12},"end":{"line":155,"column":null}},"68":{"start":{"line":156,"column":12},"end":{"line":158,"column":null}},"69":{"start":{"line":157,"column":16},"end":{"line":157,"column":null}},"70":{"start":{"line":159,"column":12},"end":{"line":159,"column":null}},"71":{"start":{"line":165,"column":4},"end":{"line":205,"column":null}},"72":{"start":{"line":166,"column":14},"end":{"line":166,"column":null}},"73":{"start":{"line":168,"column":8},"end":{"line":204,"column":null}},"74":{"start":{"line":169,"column":12},"end":{"line":203,"column":null}},"75":{"start":{"line":170,"column":34},"end":{"line":170,"column":null}},"76":{"start":{"line":173,"column":22},"end":{"line":173,"column":null}},"77":{"start":{"line":175,"column":16},"end":{"line":190,"column":null}},"78":{"start":{"line":176,"column":20},"end":{"line":176,"column":null}},"79":{"start":{"line":178,"column":20},"end":{"line":178,"column":null}},"80":{"start":{"line":179,"column":20},"end":{"line":179,"column":null}},"81":{"start":{"line":182,"column":20},"end":{"line":187,"column":null}},"82":{"start":{"line":183,"column":41},"end":{"line":183,"column":null}},"83":{"start":{"line":184,"column":24},"end":{"line":186,"column":null}},"84":{"start":{"line":185,"column":28},"end":{"line":185,"column":null}},"85":{"start":{"line":188,"column":16},"end":{"line":190,"column":null}},"86":{"start":{"line":189,"column":20},"end":{"line":189,"column":null}},"87":{"start":{"line":193,"column":16},"end":{"line":193,"column":null}},"88":{"start":{"line":199,"column":16},"end":{"line":199,"column":null}},"89":{"start":{"line":200,"column":16},"end":{"line":200,"column":null}},"90":{"start":{"line":201,"column":16},"end":{"line":201,"column":null}},"91":{"start":{"line":202,"column":16},"end":{"line":202,"column":null}},"92":{"start":{"line":208,"column":4},"end":{"line":210,"column":null}},"93":{"start":{"line":209,"column":8},"end":{"line":209,"column":null}},"94":{"start":{"line":212,"column":4},"end":{"line":212,"column":null}},"95":{"start":{"line":218,"column":24},"end":{"line":232,"column":null}},"96":{"start":{"line":219,"column":17},"end":{"line":229,"column":null}},"97":{"start":{"line":231,"column":4},"end":{"line":231,"column":null}},"98":{"start":{"line":231,"column":17},"end":{"line":231,"column":null}}},"fnMap":{"0":{"name":"computedRead","decl":{"start":{"line":22,"column":16},"end":{"line":22,"column":32}},"loc":{"start":{"line":22,"column":55},"end":{"line":213,"column":null}},"line":22},"1":{"name":"(anonymous_1)","decl":{"start":{"line":168,"column":30},"end":{"line":168,"column":36}},"loc":{"start":{"line":168,"column":36},"end":{"line":204,"column":9}},"line":168},"2":{"name":"(anonymous_2)","decl":{"start":{"line":218,"column":24},"end":{"line":218,"column":28}},"loc":{"start":{"line":218,"column":106},"end":{"line":232,"column":null}},"line":218},"3":{"name":"(anonymous_3)","decl":{"start":{"line":231,"column":11},"end":{"line":231,"column":17}},"loc":{"start":{"line":231,"column":17},"end":{"line":231,"column":null}},"line":231}},"branchMap":{"0":{"loc":{"start":{"line":25,"column":4},"end":{"line":55,"column":null}},"type":"if","locations":[{"start":{"line":25,"column":4},"end":{"line":55,"column":null}},{"start":{},"end":{}}],"line":25},"1":{"loc":{"start":{"line":25,"column":8},"end":{"line":25,"column":51}},"type":"binary-expr","locations":[{"start":{"line":25,"column":8},"end":{"line":25,"column":19}},{"start":{"line":25,"column":19},"end":{"line":25,"column":51}}],"line":25},"2":{"loc":{"start":{"line":33,"column":8},"end":{"line":51,"column":null}},"type":"if","locations":[{"start":{"line":33,"column":8},"end":{"line":51,"column":null}},{"start":{},"end":{}}],"line":33},"3":{"loc":{"start":{"line":33,"column":12},"end":{"line":33,"column":56}},"type":"binary-expr","locations":[{"start":{"line":33,"column":12},"end":{"line":33,"column":24}},{"start":{"line":33,"column":24},"end":{"line":33,"column":56}}],"line":33},"4":{"loc":{"start":{"line":35,"column":12},"end":{"line":37,"column":null}},"type":"if","locations":[{"start":{"line":35,"column":12},"end":{"line":37,"column":null}},{"start":{},"end":{}}],"line":35},"5":{"loc":{"start":{"line":44,"column":12},"end":{"line":50,"column":null}},"type":"if","locations":[{"start":{"line":44,"column":12},"end":{"line":50,"column":null}},{"start":{},"end":{}}],"line":44},"6":{"loc":{"start":{"line":47,"column":16},"end":{"line":49,"column":null}},"type":"if","locations":[{"start":{"line":47,"column":16},"end":{"line":49,"column":null}},{"start":{},"end":{}}],"line":47},"7":{"loc":{"start":{"line":62,"column":4},"end":{"line":64,"column":null}},"type":"if","locations":[{"start":{"line":62,"column":4},"end":{"line":64,"column":null}},{"start":{},"end":{}}],"line":62},"8":{"loc":{"start":{"line":71,"column":16},"end":{"line":141,"column":null}},"type":"if","locations":[{"start":{"line":71,"column":16},"end":{"line":141,"column":null}},{"start":{},"end":{}}],"line":71},"9":{"loc":{"start":{"line":71,"column":16},"end":{"line":71,"column":76}},"type":"binary-expr","locations":[{"start":{"line":71,"column":16},"end":{"line":71,"column":65}},{"start":{"line":71,"column":65},"end":{"line":71,"column":76}}],"line":71},"10":{"loc":{"start":{"line":73,"column":8},"end":{"line":78,"column":null}},"type":"if","locations":[{"start":{"line":73,"column":8},"end":{"line":78,"column":null}},{"start":{},"end":{}}],"line":73},"11":{"loc":{"start":{"line":74,"column":12},"end":{"line":76,"column":null}},"type":"if","locations":[{"start":{"line":74,"column":12},"end":{"line":76,"column":null}},{"start":{},"end":{}}],"line":74},"12":{"loc":{"start":{"line":82,"column":8},"end":{"line":140,"column":null}},"type":"if","locations":[{"start":{"line":82,"column":8},"end":{"line":140,"column":null}},{"start":{},"end":{}}],"line":82},"13":{"loc":{"start":{"line":92,"column":16},"end":{"line":124,"column":null}},"type":"if","locations":[{"start":{"line":92,"column":16},"end":{"line":124,"column":null}},{"start":{"line":111,"column":23},"end":{"line":124,"column":null}}],"line":92},"14":{"loc":{"start":{"line":95,"column":20},"end":{"line":110,"column":null}},"type":"if","locations":[{"start":{"line":95,"column":20},"end":{"line":110,"column":null}},{"start":{},"end":{}}],"line":95},"15":{"loc":{"start":{"line":99,"column":24},"end":{"line":106,"column":null}},"type":"if","locations":[{"start":{"line":99,"column":24},"end":{"line":106,"column":null}},{"start":{},"end":{}}],"line":99},"16":{"loc":{"start":{"line":99,"column":28},"end":{"line":99,"column":108}},"type":"binary-expr","locations":[{"start":{"line":99,"column":28},"end":{"line":99,"column":53}},{"start":{"line":99,"column":53},"end":{"line":99,"column":80}},{"start":{"line":99,"column":80},"end":{"line":99,"column":108}}],"line":99},"17":{"loc":{"start":{"line":101,"column":28},"end":{"line":105,"column":null}},"type":"if","locations":[{"start":{"line":101,"column":28},"end":{"line":105,"column":null}},{"start":{},"end":{}}],"line":101},"18":{"loc":{"start":{"line":120,"column":20},"end":{"line":123,"column":null}},"type":"if","locations":[{"start":{"line":120,"column":20},"end":{"line":123,"column":null}},{"start":{},"end":{}}],"line":120},"19":{"loc":{"start":{"line":128,"column":12},"end":{"line":132,"column":null}},"type":"if","locations":[{"start":{"line":128,"column":12},"end":{"line":132,"column":null}},{"start":{},"end":{}}],"line":128},"20":{"loc":{"start":{"line":136,"column":12},"end":{"line":138,"column":null}},"type":"if","locations":[{"start":{"line":136,"column":12},"end":{"line":138,"column":null}},{"start":{},"end":{}}],"line":136},"21":{"loc":{"start":{"line":147,"column":4},"end":{"line":161,"column":null}},"type":"if","locations":[{"start":{"line":147,"column":4},"end":{"line":161,"column":null}},{"start":{},"end":{}}],"line":147},"22":{"loc":{"start":{"line":147,"column":4},"end":{"line":147,"column":97}},"type":"binary-expr","locations":[{"start":{"line":147,"column":4},"end":{"line":147,"column":86}},{"start":{"line":147,"column":86},"end":{"line":147,"column":97}}],"line":147},"23":{"loc":{"start":{"line":148,"column":8},"end":{"line":160,"column":null}},"type":"if","locations":[{"start":{"line":148,"column":8},"end":{"line":160,"column":null}},{"start":{"line":151,"column":15},"end":{"line":160,"column":null}}],"line":148},"24":{"loc":{"start":{"line":156,"column":12},"end":{"line":158,"column":null}},"type":"if","locations":[{"start":{"line":156,"column":12},"end":{"line":158,"column":null}},{"start":{},"end":{}}],"line":156},"25":{"loc":{"start":{"line":165,"column":4},"end":{"line":205,"column":null}},"type":"if","locations":[{"start":{"line":165,"column":4},"end":{"line":205,"column":null}},{"start":{},"end":{}}],"line":165},"26":{"loc":{"start":{"line":173,"column":22},"end":{"line":173,"column":null}},"type":"binary-expr","locations":[{"start":{"line":173,"column":22},"end":{"line":173,"column":66}},{"start":{"line":173,"column":66},"end":{"line":173,"column":null}}],"line":173},"27":{"loc":{"start":{"line":175,"column":16},"end":{"line":190,"column":null}},"type":"if","locations":[{"start":{"line":175,"column":16},"end":{"line":190,"column":null}},{"start":{"line":188,"column":16},"end":{"line":190,"column":null}}],"line":175},"28":{"loc":{"start":{"line":184,"column":24},"end":{"line":186,"column":null}},"type":"if","locations":[{"start":{"line":184,"column":24},"end":{"line":186,"column":null}},{"start":{},"end":{}}],"line":184},"29":{"loc":{"start":{"line":188,"column":16},"end":{"line":190,"column":null}},"type":"if","locations":[{"start":{"line":188,"column":16},"end":{"line":190,"column":null}},{"start":{},"end":{}}],"line":188},"30":{"loc":{"start":{"line":208,"column":4},"end":{"line":210,"column":null}},"type":"if","locations":[{"start":{"line":208,"column":4},"end":{"line":210,"column":null}},{"start":{},"end":{}}],"line":208},"31":{"loc":{"start":{"line":218,"column":45},"end":{"line":218,"column":106}},"type":"default-arg","locations":[{"start":{"line":218,"column":79},"end":{"line":218,"column":106}}],"line":218}},"s":{"0":2443,"1":1119,"2":1119,"3":1119,"4":1119,"5":1119,"6":1119,"7":655,"8":8,"9":655,"10":655,"11":317,"12":317,"13":304,"14":1119,"15":1119,"16":2443,"17":2443,"18":2443,"19":5,"20":2438,"21":2438,"22":2438,"23":1047,"24":713,"25":24,"26":689,"27":334,"28":333,"29":333,"30":333,"31":333,"32":333,"33":333,"34":372,"35":372,"36":372,"37":260,"38":260,"39":214,"40":214,"41":214,"42":200,"43":200,"44":7,"45":7,"46":207,"47":207,"48":112,"49":112,"50":9,"51":9,"52":103,"53":71,"54":71,"55":333,"56":333,"57":287,"58":287,"59":46,"60":46,"61":2,"62":44,"63":1679,"64":90,"65":86,"66":4,"67":4,"68":4,"69":1,"70":3,"71":1675,"72":1674,"73":1674,"74":1674,"75":1674,"76":1674,"77":1674,"78":1571,"79":1571,"80":1571,"81":1571,"82":651,"83":651,"84":312,"85":44,"86":30,"87":1615,"88":59,"89":59,"90":59,"91":59,"92":1675,"93":59,"94":1616,"95":24,"96":1026,"97":1026,"98":2006},"f":{"0":2443,"1":1674,"2":1026,"3":2006},"b":{"0":[1119,1324],"1":[2443,2004],"2":[655,464],"3":[1119,472],"4":[8,647],"5":[317,338],"6":[304,13],"7":[5,2438],"8":[1047,1391],"9":[2438,1047],"10":[713,334],"11":[24,689],"12":[333,1],"13":[260,112],"14":[214,46],"15":[200,14],"16":[214,213,209],"17":[7,193],"18":[71,32],"19":[287,46],"20":[2,44],"21":[90,1589],"22":[1679,90],"23":[86,4],"24":[1,3],"25":[1674,1],"26":[1674,569],"27":[1571,44],"28":[312,339],"29":[30,14],"30":[59,1616],"31":[1026]},"meta":{"lastBranch":32,"lastFunction":4,"lastStatement":99,"seen":{"f:22:16:22:32":0,"b:25:4:55:Infinity:undefined:undefined:undefined:undefined":0,"s:25:4:55:Infinity":0,"b:25:8:25:19:25:19:25:51":1,"s:27:32:27:Infinity":1,"s:28:26:28:Infinity":2,"s:29:21:29:Infinity":3,"s:30:25:30:Infinity":4,"s:31:25:31:Infinity":5,"b:33:8:51:Infinity:undefined:undefined:undefined:undefined":2,"s:33:8:51:Infinity":6,"b:33:12:33:24:33:24:33:56":3,"b:35:12:37:Infinity:undefined:undefined:undefined:undefined":4,"s:35:12:37:Infinity":7,"s:36:16:36:Infinity":8,"s:41:12:41:Infinity":9,"b:44:12:50:Infinity:undefined:undefined:undefined:undefined":5,"s:44:12:50:Infinity":10,"s:45:17:45:Infinity":11,"b:47:16:49:Infinity:undefined:undefined:undefined:undefined":6,"s:47:16:49:Infinity":12,"s:48:20:48:Infinity":13,"s:53:8:53:Infinity":14,"s:54:8:54:Infinity":15,"s:57:16:57:Infinity":16,"s:58:25:58:Infinity":17,"b:62:4:64:Infinity:undefined:undefined:undefined:undefined":7,"s:62:4:64:Infinity":18,"s:63:8:63:Infinity":19,"s:68:10:68:Infinity":20,"s:71:4:141:Infinity":21,"b:71:16:141:Infinity:undefined:undefined:undefined:undefined":8,"s:71:16:141:Infinity":22,"b:71:16:71:65:71:65:71:76":9,"b:73:8:78:Infinity:undefined:undefined:undefined:undefined":10,"s:73:8:78:Infinity":23,"b:74:12:76:Infinity:undefined:undefined:undefined:undefined":11,"s:74:12:76:Infinity":24,"s:75:16:75:Infinity":25,"s:77:12:77:Infinity":26,"b:82:8:140:Infinity:undefined:undefined:undefined:undefined":12,"s:82:8:140:Infinity":27,"s:83:32:83:Infinity":28,"s:86:32:86:Infinity":29,"s:88:12:88:Infinity":30,"s:89:12:125:Infinity":31,"s:89:25:89:28":32,"s:89:34:89:55":33,"s:90:31:90:Infinity":34,"s:91:35:91:Infinity":35,"b:92:16:124:Infinity:111:23:124:Infinity":13,"s:92:16:124:Infinity":36,"s:94:48:94:Infinity":37,"b:95:20:110:Infinity:undefined:undefined:undefined:undefined":14,"s:95:20:110:Infinity":38,"s:97:44:97:Infinity":39,"s:98:43:98:Infinity":40,"b:99:24:106:Infinity:undefined:undefined:undefined:undefined":15,"s:99:24:106:Infinity":41,"b:99:28:99:53:99:53:99:80:99:80:99:108":16,"s:100:50:100:Infinity":42,"b:101:28:105:Infinity:undefined:undefined:undefined:undefined":17,"s:101:28:105:Infinity":43,"s:103:32:103:Infinity":44,"s:104:32:104:Infinity":45,"s:108:24:108:Infinity":46,"s:109:24:109:Infinity":47,"s:113:20:119:Infinity":48,"s:114:24:114:Infinity":49,"s:117:24:117:Infinity":50,"s:118:24:118:Infinity":51,"b:120:20:123:Infinity:undefined:undefined:undefined:undefined":18,"s:120:20:123:Infinity":52,"s:121:24:121:Infinity":53,"s:122:24:122:Infinity":54,"s:126:12:126:Infinity":55,"b:128:12:132:Infinity:undefined:undefined:undefined:undefined":19,"s:128:12:132:Infinity":56,"s:130:16:130:Infinity":57,"s:131:16:131:Infinity":58,"s:135:12:135:Infinity":59,"b:136:12:138:Infinity:undefined:undefined:undefined:undefined":20,"s:136:12:138:Infinity":60,"s:137:16:137:Infinity":61,"s:139:12:139:Infinity":62,"b:147:4:161:Infinity:undefined:undefined:undefined:undefined":21,"s:147:4:161:Infinity":63,"b:147:4:147:86:147:86:147:97":22,"b:148:8:160:Infinity:151:15:160:Infinity":23,"s:148:8:160:Infinity":64,"s:150:12:150:Infinity":65,"s:153:12:153:Infinity":66,"s:155:12:155:Infinity":67,"b:156:12:158:Infinity:undefined:undefined:undefined:undefined":24,"s:156:12:158:Infinity":68,"s:157:16:157:Infinity":69,"s:159:12:159:Infinity":70,"b:165:4:205:Infinity:undefined:undefined:undefined:undefined":25,"s:165:4:205:Infinity":71,"s:166:14:166:Infinity":72,"s:168:8:204:Infinity":73,"f:168:30:168:36":1,"s:169:12:203:Infinity":74,"s:170:34:170:Infinity":75,"s:173:22:173:Infinity":76,"b:173:22:173:66:173:66:173:Infinity":26,"b:175:16:190:Infinity:188:16:190:Infinity":27,"s:175:16:190:Infinity":77,"s:176:20:176:Infinity":78,"s:178:20:178:Infinity":79,"s:179:20:179:Infinity":80,"s:182:20:187:Infinity":81,"s:183:41:183:Infinity":82,"b:184:24:186:Infinity:undefined:undefined:undefined:undefined":28,"s:184:24:186:Infinity":83,"s:185:28:185:Infinity":84,"b:188:16:190:Infinity:undefined:undefined:undefined:undefined":29,"s:188:16:190:Infinity":85,"s:189:20:189:Infinity":86,"s:193:16:193:Infinity":87,"s:199:16:199:Infinity":88,"s:200:16:200:Infinity":89,"s:201:16:201:Infinity":90,"s:202:16:202:Infinity":91,"b:208:4:210:Infinity:undefined:undefined:undefined:undefined":30,"s:208:4:210:Infinity":92,"s:209:8:209:Infinity":93,"s:212:4:212:Infinity":94,"s:218:24:232:Infinity":95,"f:218:24:218:28":2,"b:218:79:218:106":31,"s:219:17:229:Infinity":96,"s:231:4:231:Infinity":97,"f:231:11:231:17":3,"s:231:17:231:Infinity":98}}}
,"/home/runner/work/slimlib/slimlib/store/src/core.ts": {"path":"/home/runner/work/slimlib/slimlib/store/src/core.ts","statementMap":{"0":{"start":{"line":40,"column":16},"end":{"line":40,"column":null}},"1":{"start":{"line":43,"column":8},"end":{"line":43,"column":null}},"2":{"start":{"line":44,"column":8},"end":{"line":44,"column":null}},"3":{"start":{"line":63,"column":33},"end":{"line":75,"column":null}},"4":{"start":{"line":69,"column":19},"end":{"line":75,"column":null}},"5":{"start":{"line":77,"column":21},"end":{"line":77,"column":null}},"6":{"start":{"line":83,"column":27},"end":{"line":83,"column":null}},"7":{"start":{"line":85,"column":39},"end":{"line":85,"column":null}},"8":{"start":{"line":87,"column":18},"end":{"line":87,"column":null}},"9":{"start":{"line":89,"column":16},"end":{"line":89,"column":null}},"10":{"start":{"line":93,"column":21},"end":{"line":93,"column":null}},"11":{"start":{"line":98,"column":26},"end":{"line":100,"column":null}},"12":{"start":{"line":99,"column":4},"end":{"line":99,"column":null}},"13":{"start":{"line":107,"column":26},"end":{"line":115,"column":null}},"14":{"start":{"line":108,"column":19},"end":{"line":108,"column":null}},"15":{"start":{"line":110,"column":4},"end":{"line":112,"column":null}},"16":{"start":{"line":111,"column":8},"end":{"line":111,"column":null}},"17":{"start":{"line":113,"column":4},"end":{"line":113,"column":null}},"18":{"start":{"line":114,"column":4},"end":{"line":114,"column":null}},"19":{"start":{"line":122,"column":29},"end":{"line":125,"column":null}},"20":{"start":{"line":123,"column":4},"end":{"line":123,"column":null}},"21":{"start":{"line":124,"column":4},"end":{"line":124,"column":null}},"22":{"start":{"line":131,"column":27},"end":{"line":135,"column":null}},"23":{"start":{"line":132,"column":5},"end":{"line":135,"column":null}},"24":{"start":{"line":142,"column":24},"end":{"line":152,"column":null}},"25":{"start":{"line":143,"column":4},"end":{"line":143,"column":null}},"26":{"start":{"line":144,"column":24},"end":{"line":144,"column":null}},"27":{"start":{"line":145,"column":4},"end":{"line":151,"column":null}},"28":{"start":{"line":145,"column":17},"end":{"line":145,"column":20}},"29":{"start":{"line":145,"column":26},"end":{"line":145,"column":46}},"30":{"start":{"line":146,"column":53},"end":{"line":146,"column":null}},"31":{"start":{"line":147,"column":8},"end":{"line":147,"column":null}},"32":{"start":{"line":148,"column":8},"end":{"line":150,"column":null}},"33":{"start":{"line":149,"column":12},"end":{"line":149,"column":null}},"34":{"start":{"line":159,"column":27},"end":{"line":174,"column":null}},"35":{"start":{"line":160,"column":4},"end":{"line":160,"column":null}},"36":{"start":{"line":161,"column":24},"end":{"line":161,"column":null}},"37":{"start":{"line":162,"column":4},"end":{"line":173,"column":null}},"38":{"start":{"line":162,"column":17},"end":{"line":162,"column":20}},"39":{"start":{"line":162,"column":26},"end":{"line":162,"column":46}},"40":{"start":{"line":163,"column":53},"end":{"line":163,"column":null}},"41":{"start":{"line":164,"column":8},"end":{"line":164,"column":null}},"42":{"start":{"line":166,"column":8},"end":{"line":172,"column":null}},"43":{"start":{"line":171,"column":12},"end":{"line":171,"column":null}},"44":{"start":{"line":180,"column":28},"end":{"line":208,"column":null}},"45":{"start":{"line":181,"column":10},"end":{"line":181,"column":null}},"46":{"start":{"line":182,"column":24},"end":{"line":182,"column":null}},"47":{"start":{"line":184,"column":4},"end":{"line":206,"column":null}},"48":{"start":{"line":184,"column":17},"end":{"line":184,"column":28}},"49":{"start":{"line":184,"column":34},"end":{"line":184,"column":54}},"50":{"start":{"line":185,"column":53},"end":{"line":185,"column":null}},"51":{"start":{"line":188,"column":23},"end":{"line":188,"column":null}},"52":{"start":{"line":189,"column":8},"end":{"line":191,"column":null}},"53":{"start":{"line":189,"column":21},"end":{"line":189,"column":24}},"54":{"start":{"line":190,"column":12},"end":{"line":190,"column":null}},"55":{"start":{"line":193,"column":8},"end":{"line":205,"column":null}},"56":{"start":{"line":195,"column":12},"end":{"line":195,"column":null}},"57":{"start":{"line":197,"column":12},"end":{"line":204,"column":null}},"58":{"start":{"line":203,"column":16},"end":{"line":203,"column":null}},"59":{"start":{"line":207,"column":4},"end":{"line":207,"column":null}},"60":{"start":{"line":216,"column":28},"end":{"line":240,"column":null}},"61":{"start":{"line":217,"column":4},"end":{"line":217,"column":null}},"62":{"start":{"line":220,"column":18},"end":{"line":220,"column":null}},"63":{"start":{"line":221,"column":4},"end":{"line":221,"column":null}},"64":{"start":{"line":223,"column":4},"end":{"line":225,"column":null}},"65":{"start":{"line":224,"column":8},"end":{"line":224,"column":null}},"66":{"start":{"line":224,"column":29},"end":{"line":224,"column":50}},"67":{"start":{"line":227,"column":4},"end":{"line":227,"column":null}},"68":{"start":{"line":228,"column":4},"end":{"line":228,"column":null}},"69":{"start":{"line":232,"column":4},"end":{"line":239,"column":null}},"70":{"start":{"line":232,"column":17},"end":{"line":232,"column":20}},"71":{"start":{"line":232,"column":26},"end":{"line":232,"column":40}},"72":{"start":{"line":233,"column":21},"end":{"line":233,"column":null}},"73":{"start":{"line":234,"column":8},"end":{"line":238,"column":null}},"74":{"start":{"line":235,"column":12},"end":{"line":235,"column":null}},"75":{"start":{"line":237,"column":12},"end":{"line":237,"column":null}},"76":{"start":{"line":246,"column":29},"end":{"line":251,"column":null}},"77":{"start":{"line":247,"column":4},"end":{"line":250,"column":null}},"78":{"start":{"line":248,"column":8},"end":{"line":248,"column":null}},"79":{"start":{"line":249,"column":8},"end":{"line":249,"column":null}},"80":{"start":{"line":258,"column":36},"end":{"line":295,"column":null}},"81":{"start":{"line":261,"column":26},"end":{"line":261,"column":null}},"82":{"start":{"line":262,"column":23},"end":{"line":262,"column":null}},"83":{"start":{"line":263,"column":21},"end":{"line":263,"column":null}},"84":{"start":{"line":264,"column":21},"end":{"line":264,"column":null}},"85":{"start":{"line":266,"column":4},"end":{"line":293,"column":null}},"86":{"start":{"line":268,"column":8},"end":{"line":270,"column":null}},"87":{"start":{"line":269,"column":12},"end":{"line":269,"column":null}},"88":{"start":{"line":274,"column":8},"end":{"line":276,"column":null}},"89":{"start":{"line":279,"column":9},"end":{"line":279,"column":null}},"90":{"start":{"line":282,"column":8},"end":{"line":284,"column":null}},"91":{"start":{"line":283,"column":12},"end":{"line":283,"column":null}},"92":{"start":{"line":287,"column":22},"end":{"line":287,"column":null}},"93":{"start":{"line":288,"column":8},"end":{"line":288,"column":null}},"94":{"start":{"line":289,"column":8},"end":{"line":289,"column":null}},"95":{"start":{"line":290,"column":8},"end":{"line":290,"column":null}},"96":{"start":{"line":292,"column":9},"end":{"line":292,"column":null}},"97":{"start":{"line":294,"column":4},"end":{"line":294,"column":null}},"98":{"start":{"line":301,"column":30},"end":{"line":324,"column":null}},"99":{"start":{"line":302,"column":18},"end":{"line":302,"column":null}},"100":{"start":{"line":305,"column":4},"end":{"line":314,"column":null}},"101":{"start":{"line":308,"column":8},"end":{"line":312,"column":null}},"102":{"start":{"line":309,"column":12},"end":{"line":309,"column":null}},"103":{"start":{"line":310,"column":12},"end":{"line":310,"column":null}},"104":{"start":{"line":311,"column":12},"end":{"line":311,"column":null}},"105":{"start":{"line":313,"column":8},"end":{"line":313,"column":null}},"106":{"start":{"line":316,"column":4},"end":{"line":316,"column":null}},"107":{"start":{"line":317,"column":4},"end":{"line":320,"column":null}},"108":{"start":{"line":318,"column":8},"end":{"line":318,"column":null}},"109":{"start":{"line":319,"column":8},"end":{"line":319,"column":null}},"110":{"start":{"line":321,"column":4},"end":{"line":323,"column":null}},"111":{"start":{"line":322,"column":8},"end":{"line":322,"column":null}},"112":{"start":{"line":330,"column":30},"end":{"line":337,"column":null}},"113":{"start":{"line":331,"column":4},"end":{"line":331,"column":null}},"114":{"start":{"line":333,"column":4},"end":{"line":333,"column":null}},"115":{"start":{"line":334,"column":4},"end":{"line":336,"column":null}},"116":{"start":{"line":335,"column":8},"end":{"line":335,"column":null}},"117":{"start":{"line":344,"column":31},"end":{"line":382,"column":null}},"118":{"start":{"line":348,"column":4},"end":{"line":348,"column":null}},"119":{"start":{"line":349,"column":4},"end":{"line":349,"column":null}},"120":{"start":{"line":351,"column":17},"end":{"line":351,"column":null}},"121":{"start":{"line":352,"column":24},"end":{"line":352,"column":null}},"122":{"start":{"line":353,"column":4},"end":{"line":353,"column":null}},"123":{"start":{"line":354,"column":4},"end":{"line":354,"column":null}},"124":{"start":{"line":356,"column":4},"end":{"line":381,"column":null}},"125":{"start":{"line":357,"column":8},"end":{"line":357,"column":null}},"126":{"start":{"line":359,"column":8},"end":{"line":359,"column":null}},"127":{"start":{"line":360,"column":8},"end":{"line":360,"column":null}},"128":{"start":{"line":362,"column":23},"end":{"line":362,"column":null}},"129":{"start":{"line":363,"column":28},"end":{"line":363,"column":null}},"130":{"start":{"line":364,"column":24},"end":{"line":364,"column":null}},"131":{"start":{"line":365,"column":34},"end":{"line":365,"column":null}},"132":{"start":{"line":367,"column":8},"end":{"line":376,"column":null}},"133":{"start":{"line":368,"column":30},"end":{"line":368,"column":null}},"134":{"start":{"line":369,"column":12},"end":{"line":375,"column":null}},"135":{"start":{"line":369,"column":25},"end":{"line":369,"column":28}},"136":{"start":{"line":370,"column":30},"end":{"line":370,"column":null}},"137":{"start":{"line":371,"column":34},"end":{"line":371,"column":null}},"138":{"start":{"line":372,"column":16},"end":{"line":374,"column":null}},"139":{"start":{"line":373,"column":20},"end":{"line":373,"column":null}},"140":{"start":{"line":378,"column":8},"end":{"line":380,"column":null}},"141":{"start":{"line":379,"column":12},"end":{"line":379,"column":null}},"142":{"start":{"line":389,"column":25},"end":{"line":397,"column":null}},"143":{"start":{"line":390,"column":24},"end":{"line":390,"column":null}},"144":{"start":{"line":391,"column":4},"end":{"line":391,"column":null}},"145":{"start":{"line":392,"column":4},"end":{"line":396,"column":null}},"146":{"start":{"line":393,"column":8},"end":{"line":393,"column":null}},"147":{"start":{"line":395,"column":8},"end":{"line":395,"column":null}},"148":{"start":{"line":410,"column":36},"end":{"line":434,"column":null}},"149":{"start":{"line":411,"column":24},"end":{"line":411,"column":null}},"150":{"start":{"line":412,"column":4},"end":{"line":412,"column":null}},"151":{"start":{"line":413,"column":16},"end":{"line":413,"column":null}},"152":{"start":{"line":414,"column":4},"end":{"line":431,"column":null}},"153":{"start":{"line":414,"column":17},"end":{"line":414,"column":20}},"154":{"start":{"line":415,"column":28},"end":{"line":415,"column":null}},"155":{"start":{"line":416,"column":27},"end":{"line":416,"column":null}},"156":{"start":{"line":418,"column":8},"end":{"line":424,"column":null}},"157":{"start":{"line":419,"column":12},"end":{"line":419,"column":null}},"158":{"start":{"line":422,"column":12},"end":{"line":422,"column":null}},"159":{"start":{"line":423,"column":12},"end":{"line":423,"column":null}},"160":{"start":{"line":427,"column":8},"end":{"line":430,"column":null}},"161":{"start":{"line":428,"column":12},"end":{"line":428,"column":null}},"162":{"start":{"line":429,"column":12},"end":{"line":429,"column":null}},"163":{"start":{"line":432,"column":4},"end":{"line":432,"column":null}},"164":{"start":{"line":433,"column":4},"end":{"line":433,"column":null}}},"fnMap":{"0":{"name":"(anonymous_0)","decl":{"start":{"line":42,"column":4},"end":{"line":42,"column":16}},"loc":{"start":{"line":42,"column":39},"end":{"line":45,"column":null}},"line":42},"1":{"name":"(anonymous_1)","decl":{"start":{"line":63,"column":33},"end":{"line":63,"column":null}},"loc":{"start":{"line":69,"column":19},"end":{"line":75,"column":null}},"line":69},"2":{"name":"(anonymous_2)","decl":{"start":{"line":98,"column":26},"end":{"line":98,"column":27}},"loc":{"start":{"line":98,"column":46},"end":{"line":100,"column":null}},"line":98},"3":{"name":"(anonymous_3)","decl":{"start":{"line":107,"column":26},"end":{"line":107,"column":27}},"loc":{"start":{"line":107,"column":56},"end":{"line":115,"column":null}},"line":107},"4":{"name":"(anonymous_4)","decl":{"start":{"line":122,"column":29},"end":{"line":122,"column":30}},"loc":{"start":{"line":122,"column":77},"end":{"line":125,"column":null}},"line":122},"5":{"name":"(anonymous_5)","decl":{"start":{"line":131,"column":27},"end":{"line":131,"column":31}},"loc":{"start":{"line":132,"column":5},"end":{"line":135,"column":null}},"line":132},"6":{"name":"(anonymous_6)","decl":{"start":{"line":142,"column":24},"end":{"line":142,"column":25}},"loc":{"start":{"line":142,"column":54},"end":{"line":152,"column":null}},"line":142},"7":{"name":"(anonymous_7)","decl":{"start":{"line":159,"column":27},"end":{"line":159,"column":28}},"loc":{"start":{"line":159,"column":57},"end":{"line":174,"column":null}},"line":159},"8":{"name":"(anonymous_8)","decl":{"start":{"line":180,"column":28},"end":{"line":180,"column":29}},"loc":{"start":{"line":180,"column":73},"end":{"line":208,"column":null}},"line":180},"9":{"name":"(anonymous_9)","decl":{"start":{"line":216,"column":28},"end":{"line":216,"column":40}},"loc":{"start":{"line":216,"column":40},"end":{"line":240,"column":null}},"line":216},"10":{"name":"(anonymous_10)","decl":{"start":{"line":224,"column":19},"end":{"line":224,"column":20}},"loc":{"start":{"line":224,"column":29},"end":{"line":224,"column":50}},"line":224},"11":{"name":"(anonymous_11)","decl":{"start":{"line":246,"column":29},"end":{"line":246,"column":41}},"loc":{"start":{"line":246,"column":41},"end":{"line":251,"column":null}},"line":246},"12":{"name":"(anonymous_12)","decl":{"start":{"line":258,"column":36},"end":{"line":258,"column":40}},"loc":{"start":{"line":258,"column":116},"end":{"line":295,"column":null}},"line":258},"13":{"name":"(anonymous_13)","decl":{"start":{"line":301,"column":30},"end":{"line":301,"column":31}},"loc":{"start":{"line":301,"column":60},"end":{"line":324,"column":null}},"line":301},"14":{"name":"(anonymous_14)","decl":{"start":{"line":330,"column":30},"end":{"line":330,"column":31}},"loc":{"start":{"line":330,"column":69},"end":{"line":337,"column":null}},"line":330},"15":{"name":"(anonymous_15)","decl":{"start":{"line":344,"column":31},"end":{"line":344,"column":35}},"loc":{"start":{"line":344,"column":78},"end":{"line":382,"column":null}},"line":344},"16":{"name":"(anonymous_16)","decl":{"start":{"line":389,"column":25},"end":{"line":389,"column":29}},"loc":{"start":{"line":389,"column":54},"end":{"line":397,"column":null}},"line":389},"17":{"name":"(anonymous_17)","decl":{"start":{"line":410,"column":36},"end":{"line":410,"column":37}},"loc":{"start":{"line":410,"column":78},"end":{"line":434,"column":null}},"line":410}},"branchMap":{"0":{"loc":{"start":{"line":110,"column":4},"end":{"line":112,"column":null}},"type":"if","locations":[{"start":{"line":110,"column":4},"end":{"line":112,"column":null}},{"start":{},"end":{}}],"line":110},"1":{"loc":{"start":{"line":132,"column":5},"end":{"line":135,"column":null}},"type":"binary-expr","locations":[{"start":{"line":132,"column":5},"end":{"line":132,"column":null}},{"start":{"line":133,"column":9},"end":{"line":133,"column":38}},{"start":{"line":133,"column":38},"end":{"line":133,"column":null}},{"start":{"line":134,"column":10},"end":{"line":134,"column":null}},{"start":{"line":135,"column":4},"end":{"line":135,"column":null}}],"line":132},"2":{"loc":{"start":{"line":148,"column":8},"end":{"line":150,"column":null}},"type":"if","locations":[{"start":{"line":148,"column":8},"end":{"line":150,"column":null}},{"start":{},"end":{}}],"line":148},"3":{"loc":{"start":{"line":148,"column":12},"end":{"line":148,"column":96}},"type":"binary-expr","locations":[{"start":{"line":148,"column":12},"end":{"line":148,"column":41}},{"start":{"line":148,"column":27},"end":{"line":148,"column":96}}],"line":148},"4":{"loc":{"start":{"line":166,"column":8},"end":{"line":172,"column":null}},"type":"if","locations":[{"start":{"line":166,"column":8},"end":{"line":172,"column":null}},{"start":{},"end":{}}],"line":166},"5":{"loc":{"start":{"line":167,"column":12},"end":{"line":169,"column":null}},"type":"binary-expr","locations":[{"start":{"line":167,"column":12},"end":{"line":167,"column":null}},{"start":{"line":167,"column":27},"end":{"line":168,"column":null}},{"start":{"line":169,"column":13},"end":{"line":169,"column":null}}],"line":167},"6":{"loc":{"start":{"line":180,"column":49},"end":{"line":180,"column":73}},"type":"default-arg","locations":[{"start":{"line":180,"column":61},"end":{"line":180,"column":73}}],"line":180},"7":{"loc":{"start":{"line":189,"column":24},"end":{"line":189,"column":52}},"type":"binary-expr","locations":[{"start":{"line":189,"column":24},"end":{"line":189,"column":41}},{"start":{"line":189,"column":41},"end":{"line":189,"column":52}}],"line":189},"8":{"loc":{"start":{"line":193,"column":8},"end":{"line":205,"column":null}},"type":"if","locations":[{"start":{"line":193,"column":8},"end":{"line":205,"column":null}},{"start":{},"end":{}}],"line":193},"9":{"loc":{"start":{"line":197,"column":12},"end":{"line":204,"column":null}},"type":"if","locations":[{"start":{"line":197,"column":12},"end":{"line":204,"column":null}},{"start":{},"end":{}}],"line":197},"10":{"loc":{"start":{"line":198,"column":16},"end":{"line":201,"column":null}},"type":"binary-expr","locations":[{"start":{"line":198,"column":16},"end":{"line":198,"column":null}},{"start":{"line":199,"column":16},"end":{"line":199,"column":null}},{"start":{"line":199,"column":31},"end":{"line":200,"column":null}},{"start":{"line":201,"column":17},"end":{"line":201,"column":null}}],"line":198},"11":{"loc":{"start":{"line":223,"column":4},"end":{"line":225,"column":null}},"type":"if","locations":[{"start":{"line":223,"column":4},"end":{"line":225,"column":null}},{"start":{},"end":{}}],"line":223},"12":{"loc":{"start":{"line":247,"column":4},"end":{"line":250,"column":null}},"type":"if","locations":[{"start":{"line":247,"column":4},"end":{"line":250,"column":null}},{"start":{},"end":{}}],"line":247},"13":{"loc":{"start":{"line":266,"column":4},"end":{"line":293,"column":null}},"type":"if","locations":[{"start":{"line":266,"column":4},"end":{"line":293,"column":null}},{"start":{"line":285,"column":11},"end":{"line":293,"column":null}}],"line":266},"14":{"loc":{"start":{"line":266,"column":8},"end":{"line":266,"column":52}},"type":"binary-expr","locations":[{"start":{"line":266,"column":8},"end":{"line":266,"column":20}},{"start":{"line":266,"column":20},"end":{"line":266,"column":52}}],"line":266},"15":{"loc":{"start":{"line":268,"column":8},"end":{"line":270,"column":null}},"type":"if","locations":[{"start":{"line":268,"column":8},"end":{"line":270,"column":null}},{"start":{},"end":{}}],"line":268},"16":{"loc":{"start":{"line":282,"column":8},"end":{"line":284,"column":null}},"type":"if","locations":[{"start":{"line":282,"column":8},"end":{"line":284,"column":null}},{"start":{},"end":{}}],"line":282},"17":{"loc":{"start":{"line":305,"column":4},"end":{"line":314,"column":null}},"type":"if","locations":[{"start":{"line":305,"column":4},"end":{"line":314,"column":null}},{"start":{},"end":{}}],"line":305},"18":{"loc":{"start":{"line":308,"column":8},"end":{"line":312,"column":null}},"type":"if","locations":[{"start":{"line":308,"column":8},"end":{"line":312,"column":null}},{"start":{},"end":{}}],"line":308},"19":{"loc":{"start":{"line":317,"column":4},"end":{"line":320,"column":null}},"type":"if","locations":[{"start":{"line":317,"column":4},"end":{"line":320,"column":null}},{"start":{},"end":{}}],"line":317},"20":{"loc":{"start":{"line":367,"column":8},"end":{"line":376,"column":null}},"type":"if","locations":[{"start":{"line":367,"column":8},"end":{"line":376,"column":null}},{"start":{},"end":{}}],"line":367},"21":{"loc":{"start":{"line":372,"column":16},"end":{"line":374,"column":null}},"type":"if","locations":[{"start":{"line":372,"column":16},"end":{"line":374,"column":null}},{"start":{},"end":{}}],"line":372},"22":{"loc":{"start":{"line":378,"column":8},"end":{"line":380,"column":null}},"type":"if","locations":[{"start":{"line":378,"column":8},"end":{"line":380,"column":null}},{"start":{},"end":{}}],"line":378},"23":{"loc":{"start":{"line":427,"column":8},"end":{"line":430,"column":null}},"type":"if","locations":[{"start":{"line":427,"column":8},"end":{"line":430,"column":null}},{"start":{},"end":{}}],"line":427}},"s":{"0":2360,"1":2360,"2":2360,"3":24,"4":1949,"5":24,"6":24,"7":24,"8":24,"9":24,"10":24,"11":24,"12":666,"13":24,"14":545,"15":545,"16":7,"17":545,"18":545,"19":24,"20":619,"21":619,"22":24,"23":587,"24":24,"25":307,"26":307,"27":307,"28":307,"29":307,"30":13,"31":13,"32":13,"33":3,"34":24,"35":307,"36":307,"37":307,"38":307,"39":307,"40":338,"41":338,"42":338,"43":94,"44":24,"45":855,"46":855,"47":855,"48":855,"49":855,"50":790,"51":790,"52":790,"53":790,"54":84,"55":790,"56":757,"57":757,"58":213,"59":855,"60":24,"61":1836,"62":1836,"63":1836,"64":1836,"65":7,"66":20,"67":1836,"68":1836,"69":1836,"70":1836,"71":1836,"72":1164,"73":1164,"74":1164,"75":12,"76":24,"77":1164,"78":865,"79":865,"80":24,"81":2231,"82":2231,"83":2231,"84":2231,"85":2231,"86":1294,"87":23,"88":1294,"89":1294,"90":1294,"91":759,"92":937,"93":937,"94":937,"95":937,"96":937,"97":2231,"98":24,"99":1013,"100":1013,"101":104,"102":20,"103":20,"104":20,"105":104,"106":909,"107":909,"108":525,"109":525,"110":909,"111":396,"112":24,"113":699,"114":699,"115":699,"116":617,"117":24,"118":2800,"119":2800,"120":2800,"121":2800,"122":2800,"123":2800,"124":2800,"125":2800,"126":2800,"127":2800,"128":2800,"129":2800,"130":2800,"131":2800,"132":2800,"133":1010,"134":1010,"135":1010,"136":1164,"137":1164,"138":1164,"139":1117,"140":2800,"141":38,"142":24,"143":137,"144":137,"145":137,"146":137,"147":137,"148":24,"149":324,"150":324,"151":324,"152":324,"153":324,"154":325,"155":325,"156":325,"157":325,"158":5,"159":5,"160":320,"161":302,"162":302,"163":17,"164":17},"f":{"0":2360,"1":1949,"2":666,"3":545,"4":619,"5":587,"6":307,"7":307,"8":855,"9":1836,"10":20,"11":1164,"12":2231,"13":1013,"14":699,"15":2800,"16":137,"17":324},"b":{"0":[7,538],"1":[587,584,559,60,573],"2":[3,10],"3":[13,3],"4":[94,244],"5":[338,97,97],"6":[855],"7":[790,85],"8":[757,33],"9":[213,544],"10":[757,736,223,223],"11":[7,1829],"12":[865,299],"13":[1294,937],"14":[2231,960],"15":[23,1271],"16":[759,535],"17":[104,909],"18":[20,84],"19":[525,384],"20":[1010,1790],"21":[1117,47],"22":[38,2762],"23":[302,18]},"meta":{"lastBranch":24,"lastFunction":18,"lastStatement":165,"seen":{"s:40:16:40:Infinity":0,"f:42:4:42:16":0,"s:43:8:43:Infinity":1,"s:44:8:44:Infinity":2,"s:63:33:75:Infinity":3,"f:63:33:63:Infinity":1,"s:69:19:75:Infinity":4,"s:77:21:77:Infinity":5,"s:83:27:83:Infinity":6,"s:85:39:85:Infinity":7,"s:87:18:87:Infinity":8,"s:89:16:89:Infinity":9,"s:93:21:93:Infinity":10,"s:98:26:100:Infinity":11,"f:98:26:98:27":2,"s:99:4:99:Infinity":12,"s:107:26:115:Infinity":13,"f:107:26:107:27":3,"s:108:19:108:Infinity":14,"b:110:4:112:Infinity:undefined:undefined:undefined:undefined":0,"s:110:4:112:Infinity":15,"s:111:8:111:Infinity":16,"s:113:4:113:Infinity":17,"s:114:4:114:Infinity":18,"s:122:29:125:Infinity":19,"f:122:29:122:30":4,"s:123:4:123:Infinity":20,"s:124:4:124:Infinity":21,"s:131:27:135:Infinity":22,"f:131:27:131:31":5,"s:132:5:135:Infinity":23,"b:132:5:132:Infinity:133:9:133:38:133:38:133:Infinity:134:10:134:Infinity:135:4:135:Infinity":1,"s:142:24:152:Infinity":24,"f:142:24:142:25":6,"s:143:4:143:Infinity":25,"s:144:24:144:Infinity":26,"s:145:4:151:Infinity":27,"s:145:17:145:20":28,"s:145:26:145:46":29,"s:146:53:146:Infinity":30,"s:147:8:147:Infinity":31,"b:148:8:150:Infinity:undefined:undefined:undefined:undefined":2,"s:148:8:150:Infinity":32,"b:148:12:148:41:148:27:148:96":3,"s:149:12:149:Infinity":33,"s:159:27:174:Infinity":34,"f:159:27:159:28":7,"s:160:4:160:Infinity":35,"s:161:24:161:Infinity":36,"s:162:4:173:Infinity":37,"s:162:17:162:20":38,"s:162:26:162:46":39,"s:163:53:163:Infinity":40,"s:164:8:164:Infinity":41,"b:166:8:172:Infinity:undefined:undefined:undefined:undefined":4,"s:166:8:172:Infinity":42,"b:167:12:167:Infinity:167:27:168:Infinity:169:13:169:Infinity":5,"s:171:12:171:Infinity":43,"s:180:28:208:Infinity":44,"f:180:28:180:29":8,"b:180:61:180:73":6,"s:181:10:181:Infinity":45,"s:182:24:182:Infinity":46,"s:184:4:206:Infinity":47,"s:184:17:184:28":48,"s:184:34:184:54":49,"s:185:53:185:Infinity":50,"s:188:23:188:Infinity":51,"s:189:8:191:Infinity":52,"s:189:21:189:24":53,"b:189:24:189:41:189:41:189:52":7,"s:190:12:190:Infinity":54,"b:193:8:205:Infinity:undefined:undefined:undefined:undefined":8,"s:193:8:205:Infinity":55,"s:195:12:195:Infinity":56,"b:197:12:204:Infinity:undefined:undefined:undefined:undefined":9,"s:197:12:204:Infinity":57,"b:198:16:198:Infinity:199:16:199:Infinity:199:31:200:Infinity:201:17:201:Infinity":10,"s:203:16:203:Infinity":58,"s:207:4:207:Infinity":59,"s:216:28:240:Infinity":60,"f:216:28:216:40":9,"s:217:4:217:Infinity":61,"s:220:18:220:Infinity":62,"s:221:4:221:Infinity":63,"b:223:4:225:Infinity:undefined:undefined:undefined:undefined":11,"s:223:4:225:Infinity":64,"s:224:8:224:Infinity":65,"f:224:19:224:20":10,"s:224:29:224:50":66,"s:227:4:227:Infinity":67,"s:228:4:228:Infinity":68,"s:232:4:239:Infinity":69,"s:232:17:232:20":70,"s:232:26:232:40":71,"s:233:21:233:Infinity":72,"s:234:8:238:Infinity":73,"s:235:12:235:Infinity":74,"s:237:12:237:Infinity":75,"s:246:29:251:Infinity":76,"f:246:29:246:41":11,"b:247:4:250:Infinity:undefined:undefined:undefined:undefined":12,"s:247:4:250:Infinity":77,"s:248:8:248:Infinity":78,"s:249:8:249:Infinity":79,"s:258:36:295:Infinity":80,"f:258:36:258:40":12,"s:261:26:261:Infinity":81,"s:262:23:262:Infinity":82,"s:263:21:263:Infinity":83,"s:264:21:264:Infinity":84,"b:266:4:293:Infinity:285:11:293:Infinity":13,"s:266:4:293:Infinity":85,"b:266:8:266:20:266:20:266:52":14,"b:268:8:270:Infinity:undefined:undefined:undefined:undefined":15,"s:268:8:270:Infinity":86,"s:269:12:269:Infinity":87,"s:274:8:276:Infinity":88,"s:279:9:279:Infinity":89,"b:282:8:284:Infinity:undefined:undefined:undefined:undefined":16,"s:282:8:284:Infinity":90,"s:283:12:283:Infinity":91,"s:287:22:287:Infinity":92,"s:288:8:288:Infinity":93,"s:289:8:289:Infinity":94,"s:290:8:290:Infinity":95,"s:292:9:292:Infinity":96,"s:294:4:294:Infinity":97,"s:301:30:324:Infinity":98,"f:301:30:301:31":13,"s:302:18:302:Infinity":99,"b:305:4:314:Infinity:undefined:undefined:undefined:undefined":17,"s:305:4:314:Infinity":100,"b:308:8:312:Infinity:undefined:undefined:undefined:undefined":18,"s:308:8:312:Infinity":101,"s:309:12:309:Infinity":102,"s:310:12:310:Infinity":103,"s:311:12:311:Infinity":104,"s:313:8:313:Infinity":105,"s:316:4:316:Infinity":106,"b:317:4:320:Infinity:undefined:undefined:undefined:undefined":19,"s:317:4:320:Infinity":107,"s:318:8:318:Infinity":108,"s:319:8:319:Infinity":109,"s:321:4:323:Infinity":110,"s:322:8:322:Infinity":111,"s:330:30:337:Infinity":112,"f:330:30:330:31":14,"s:331:4:331:Infinity":113,"s:333:4:333:Infinity":114,"s:334:4:336:Infinity":115,"s:335:8:335:Infinity":116,"s:344:31:382:Infinity":117,"f:344:31:344:35":15,"s:348:4:348:Infinity":118,"s:349:4:349:Infinity":119,"s:351:17:351:Infinity":120,"s:352:24:352:Infinity":121,"s:353:4:353:Infinity":122,"s:354:4:354:Infinity":123,"s:356:4:381:Infinity":124,"s:357:8:357:Infinity":125,"s:359:8:359:Infinity":126,"s:360:8:360:Infinity":127,"s:362:23:362:Infinity":128,"s:363:28:363:Infinity":129,"s:364:24:364:Infinity":130,"s:365:34:365:Infinity":131,"b:367:8:376:Infinity:undefined:undefined:undefined:undefined":20,"s:367:8:376:Infinity":132,"s:368:30:368:Infinity":133,"s:369:12:375:Infinity":134,"s:369:25:369:28":135,"s:370:30:370:Infinity":136,"s:371:34:371:Infinity":137,"b:372:16:374:Infinity:undefined:undefined:undefined:undefined":21,"s:372:16:374:Infinity":138,"s:373:20:373:Infinity":139,"b:378:8:380:Infinity:undefined:undefined:undefined:undefined":22,"s:378:8:380:Infinity":140,"s:379:12:379:Infinity":141,"s:389:25:397:Infinity":142,"f:389:25:389:29":16,"s:390:24:390:Infinity":143,"s:391:4:391:Infinity":144,"s:392:4:396:Infinity":145,"s:393:8:393:Infinity":146,"s:395:8:395:Infinity":147,"s:410:36:434:Infinity":148,"f:410:36:410:37":17,"s:411:24:411:Infinity":149,"s:412:4:412:Infinity":150,"s:413:16:413:Infinity":151,"s:414:4:431:Infinity":152,"s:414:17:414:20":153,"s:415:28:415:Infinity":154,"s:416:27:416:Infinity":155,"s:418:8:424:Infinity":156,"s:419:12:419:Infinity":157,"s:422:12:422:Infinity":158,"s:423:12:423:Infinity":159,"b:427:8:430:Infinity:undefined:undefined:undefined:undefined":23,"s:427:8:430:Infinity":160,"s:428:12:428:Infinity":161,"s:429:12:429:Infinity":162,"s:432:4:432:Infinity":163,"s:433:4:433:Infinity":164}}}
,"/home/runner/work/slimlib/slimlib/store/src/debug.ts": {"path":"/home/runner/work/slimlib/slimlib/store/src/debug.ts","statementMap":{"0":{"start":{"line":10,"column":41},"end":{"line":10,"column":null}},"1":{"start":{"line":15,"column":42},"end":{"line":15,"column":null}},"2":{"start":{"line":21,"column":40},"end":{"line":21,"column":null}},"3":{"start":{"line":26,"column":23},"end":{"line":26,"column":null}},"4":{"start":{"line":31,"column":27},"end":{"line":33,"column":null}},"5":{"start":{"line":32,"column":4},"end":{"line":32,"column":null}},"6":{"start":{"line":38,"column":27},"end":{"line":47,"column":null}},"7":{"start":{"line":39,"column":4},"end":{"line":46,"column":null}},"8":{"start":{"line":39,"column":17},"end":{"line":39,"column":20}},"9":{"start":{"line":39,"column":26},"end":{"line":39,"column":38}},"10":{"start":{"line":40,"column":19},"end":{"line":40,"column":null}},"11":{"start":{"line":41,"column":8},"end":{"line":45,"column":null}},"12":{"start":{"line":42,"column":12},"end":{"line":42,"column":null}},"13":{"start":{"line":44,"column":12},"end":{"line":44,"column":null}},"14":{"start":{"line":53,"column":37},"end":{"line":59,"column":null}},"15":{"start":{"line":54,"column":4},"end":{"line":58,"column":null}},"16":{"start":{"line":55,"column":8},"end":{"line":57,"column":null}},"17":{"start":{"line":65,"column":60},"end":{"line":73,"column":null}},"18":{"start":{"line":67,"column":10},"end":{"line":71,"column":null}},"19":{"start":{"line":68,"column":14},"end":{"line":70,"column":null}},"20":{"start":{"line":80,"column":56},"end":{"line":89,"column":null}},"21":{"start":{"line":82,"column":24},"end":{"line":82,"column":null}},"22":{"start":{"line":85,"column":32},"end":{"line":85,"column":null}},"23":{"start":{"line":86,"column":11},"end":{"line":86,"column":null}},"24":{"start":{"line":87,"column":10},"end":{"line":87,"column":null}},"25":{"start":{"line":89,"column":12},"end":{"line":89,"column":null}},"26":{"start":{"line":95,"column":69},"end":{"line":99,"column":null}},"27":{"start":{"line":97,"column":10},"end":{"line":97,"column":null}},"28":{"start":{"line":105,"column":77},"end":{"line":113,"column":null}},"29":{"start":{"line":107,"column":10},"end":{"line":111,"column":null}},"30":{"start":{"line":108,"column":14},"end":{"line":110,"column":null}},"31":{"start":{"line":115,"column":28},"end":{"line":115,"column":null}}},"fnMap":{"0":{"name":"(anonymous_0)","decl":{"start":{"line":31,"column":27},"end":{"line":31,"column":28}},"loc":{"start":{"line":31,"column":52},"end":{"line":33,"column":null}},"line":31},"1":{"name":"(anonymous_1)","decl":{"start":{"line":38,"column":27},"end":{"line":38,"column":28}},"loc":{"start":{"line":38,"column":61},"end":{"line":47,"column":null}},"line":38},"2":{"name":"(anonymous_2)","decl":{"start":{"line":53,"column":37},"end":{"line":53,"column":38}},"loc":{"start":{"line":53,"column":64},"end":{"line":59,"column":null}},"line":53},"3":{"name":"(anonymous_3)","decl":{"start":{"line":66,"column":31},"end":{"line":66,"column":32}},"loc":{"start":{"line":66,"column":55},"end":{"line":72,"column":7}},"line":66},"4":{"name":"(anonymous_4)","decl":{"start":{"line":81,"column":6},"end":{"line":81,"column":12}},"loc":{"start":{"line":81,"column":12},"end":{"line":88,"column":null}},"line":81},"5":{"name":"(anonymous_5)","decl":{"start":{"line":89,"column":6},"end":{"line":89,"column":12}},"loc":{"start":{"line":89,"column":12},"end":{"line":89,"column":null}},"line":89},"6":{"name":"(anonymous_6)","decl":{"start":{"line":96,"column":6},"end":{"line":96,"column":7}},"loc":{"start":{"line":96,"column":37},"end":{"line":98,"column":null}},"line":96},"7":{"name":"(anonymous_7)","decl":{"start":{"line":99,"column":6},"end":{"line":99,"column":12}},"loc":{"start":{"line":99,"column":12},"end":{"line":99,"column":null}},"line":99},"8":{"name":"(anonymous_8)","decl":{"start":{"line":106,"column":6},"end":{"line":106,"column":7}},"loc":{"start":{"line":106,"column":42},"end":{"line":112,"column":null}},"line":106},"9":{"name":"(anonymous_9)","decl":{"start":{"line":113,"column":6},"end":{"line":113,"column":12}},"loc":{"start":{"line":113,"column":12},"end":{"line":113,"column":null}},"line":113}},"branchMap":{"0":{"loc":{"start":{"line":54,"column":4},"end":{"line":58,"column":null}},"type":"if","locations":[{"start":{"line":54,"column":4},"end":{"line":58,"column":null}},{"start":{},"end":{}}],"line":54},"1":{"loc":{"start":{"line":54,"column":8},"end":{"line":54,"column":139}},"type":"binary-expr","locations":[{"start":{"line":54,"column":8},"end":{"line":54,"column":16}},{"start":{"line":54,"column":8},"end":{"line":54,"column":71}},{"start":{"line":54,"column":71},"end":{"line":54,"column":92}},{"start":{"line":54,"column":71},"end":{"line":54,"column":139}}],"line":54},"2":{"loc":{"start":{"line":65,"column":60},"end":{"line":73,"column":null}},"type":"cond-expr","locations":[{"start":{"line":66,"column":6},"end":{"line":72,"column":null}},{"start":{"line":73,"column":6},"end":{"line":73,"column":null}}],"line":65},"3":{"loc":{"start":{"line":67,"column":10},"end":{"line":71,"column":null}},"type":"if","locations":[{"start":{"line":67,"column":10},"end":{"line":71,"column":null}},{"start":{},"end":{}}],"line":67},"4":{"loc":{"start":{"line":80,"column":56},"end":{"line":89,"column":null}},"type":"cond-expr","locations":[{"start":{"line":81,"column":6},"end":{"line":88,"column":null}},{"start":{"line":89,"column":6},"end":{"line":89,"column":null}}],"line":80},"5":{"loc":{"start":{"line":95,"column":69},"end":{"line":99,"column":null}},"type":"cond-expr","locations":[{"start":{"line":96,"column":6},"end":{"line":98,"column":null}},{"start":{"line":99,"column":6},"end":{"line":99,"column":null}}],"line":95},"6":{"loc":{"start":{"line":105,"column":77},"end":{"line":113,"column":null}},"type":"cond-expr","locations":[{"start":{"line":106,"column":6},"end":{"line":112,"column":null}},{"start":{"line":113,"column":6},"end":{"line":113,"column":null}}],"line":105},"7":{"loc":{"start":{"line":107,"column":10},"end":{"line":111,"column":null}},"type":"if","locations":[{"start":{"line":107,"column":10},"end":{"line":111,"column":null}},{"start":{},"end":{}}],"line":107},"8":{"loc":{"start":{"line":107,"column":10},"end":{"line":107,"column":83}},"type":"binary-expr","locations":[{"start":{"line":107,"column":10},"end":{"line":107,"column":69}},{"start":{"line":107,"column":69},"end":{"line":107,"column":83}}],"line":107}},"s":{"0":24,"1":24,"2":24,"3":24,"4":24,"5":71,"6":24,"7":2352,"8":2352,"9":2352,"10":712,"11":712,"12":712,"13":15,"14":24,"15":755,"16":8,"17":24,"18":3,"19":2,"20":24,"21":630,"22":630,"23":630,"24":630,"25":5,"26":24,"27":785,"28":24,"29":630,"30":2,"31":24},"f":{"0":71,"1":2352,"2":755,"3":3,"4":630,"5":5,"6":785,"7":5,"8":630,"9":5},"b":{"0":[8,747],"1":[755,751,9,8],"2":[23,1],"3":[2,1],"4":[630,5],"5":[785,5],"6":[630,5],"7":[2,628],"8":[630,3]},"meta":{"lastBranch":9,"lastFunction":10,"lastStatement":32,"seen":{"s:10:41:10:Infinity":0,"s:15:42:15:Infinity":1,"s:21:40:21:Infinity":2,"s:26:23:26:Infinity":3,"s:31:27:33:Infinity":4,"f:31:27:31:28":0,"s:32:4:32:Infinity":5,"s:38:27:47:Infinity":6,"f:38:27:38:28":1,"s:39:4:46:Infinity":7,"s:39:17:39:20":8,"s:39:26:39:38":9,"s:40:19:40:Infinity":10,"s:41:8:45:Infinity":11,"s:42:12:42:Infinity":12,"s:44:12:44:Infinity":13,"s:53:37:59:Infinity":14,"f:53:37:53:38":2,"b:54:4:58:Infinity:undefined:undefined:undefined:undefined":0,"s:54:4:58:Infinity":15,"b:54:8:54:16:54:8:54:71:54:71:54:92:54:71:54:139":1,"s:55:8:57:Infinity":16,"s:65:60:73:Infinity":17,"b:66:6:72:Infinity:73:6:73:Infinity":2,"f:66:31:66:32":3,"b:67:10:71:Infinity:undefined:undefined:undefined:undefined":3,"s:67:10:71:Infinity":18,"s:68:14:70:Infinity":19,"s:80:56:89:Infinity":20,"b:81:6:88:Infinity:89:6:89:Infinity":4,"f:81:6:81:12":4,"s:82:24:82:Infinity":21,"s:85:32:85:Infinity":22,"s:86:11:86:Infinity":23,"s:87:10:87:Infinity":24,"f:89:6:89:12":5,"s:89:12:89:Infinity":25,"s:95:69:99:Infinity":26,"b:96:6:98:Infinity:99:6:99:Infinity":5,"f:96:6:96:7":6,"s:97:10:97:Infinity":27,"f:99:6:99:12":7,"s:105:77:113:Infinity":28,"b:106:6:112:Infinity:113:6:113:Infinity":6,"f:106:6:106:7":8,"b:107:10:111:Infinity:undefined:undefined:undefined:undefined":7,"s:107:10:111:Infinity":29,"b:107:10:107:69:107:69:107:83":8,"s:108:14:110:Infinity":30,"f:113:6:113:12":9,"s:115:28:115:Infinity":31}}}
,"/home/runner/work/slimlib/slimlib/store/src/effect.ts": {"path":"/home/runner/work/slimlib/slimlib/store/src/effect.ts","statementMap":{"0":{"start":{"line":10,"column":0},"end":{"line":10,"column":null}},"1":{"start":{"line":11,"column":4},"end":{"line":11,"column":15}},"2":{"start":{"line":12,"column":4},"end":{"line":12,"column":12}},"3":{"start":{"line":10,"column":11},"end":{"line":10,"column":null}},"4":{"start":{"line":49,"column":29},"end":{"line":52,"column":null}},"5":{"start":{"line":64,"column":28},"end":{"line":64,"column":null}},"6":{"start":{"line":81,"column":22},"end":{"line":208,"column":null}},"7":{"start":{"line":82,"column":19},"end":{"line":82,"column":null}},"8":{"start":{"line":85,"column":10},"end":{"line":85,"column":null}},"9":{"start":{"line":88,"column":4},"end":{"line":88,"column":null}},"10":{"start":{"line":94,"column":24},"end":{"line":94,"column":null}},"11":{"start":{"line":99,"column":19},"end":{"line":145,"column":null}},"12":{"start":{"line":101,"column":8},"end":{"line":103,"column":null}},"13":{"start":{"line":102,"column":12},"end":{"line":102,"column":null}},"14":{"start":{"line":106,"column":22},"end":{"line":106,"column":null}},"15":{"start":{"line":107,"column":8},"end":{"line":109,"column":null}},"16":{"start":{"line":108,"column":12},"end":{"line":108,"column":null}},"17":{"start":{"line":116,"column":8},"end":{"line":124,"column":null}},"18":{"start":{"line":120,"column":12},"end":{"line":123,"column":null}},"19":{"start":{"line":121,"column":16},"end":{"line":121,"column":null}},"20":{"start":{"line":122,"column":16},"end":{"line":122,"column":null}},"21":{"start":{"line":126,"column":30},"end":{"line":126,"column":null}},"22":{"start":{"line":127,"column":8},"end":{"line":127,"column":null}},"23":{"start":{"line":132,"column":8},"end":{"line":144,"column":null}},"24":{"start":{"line":133,"column":12},"end":{"line":141,"column":null}},"25":{"start":{"line":135,"column":16},"end":{"line":137,"column":null}},"26":{"start":{"line":136,"column":21},"end":{"line":136,"column":null}},"27":{"start":{"line":140,"column":16},"end":{"line":140,"column":null}},"28":{"start":{"line":143,"column":12},"end":{"line":143,"column":null}},"29":{"start":{"line":155,"column":4},"end":{"line":165,"column":null}},"30":{"start":{"line":167,"column":21},"end":{"line":167,"column":null}},"31":{"start":{"line":169,"column":20},"end":{"line":179,"column":null}},"32":{"start":{"line":171,"column":8},"end":{"line":171,"column":null}},"33":{"start":{"line":173,"column":8},"end":{"line":173,"column":null}},"34":{"start":{"line":175,"column":8},"end":{"line":177,"column":null}},"35":{"start":{"line":176,"column":13},"end":{"line":176,"column":null}},"36":{"start":{"line":178,"column":8},"end":{"line":178,"column":null}},"37":{"start":{"line":182,"column":4},"end":{"line":184,"column":null}},"38":{"start":{"line":183,"column":9},"end":{"line":183,"column":null}},"39":{"start":{"line":192,"column":4},"end":{"line":205,"column":null}},"40":{"start":{"line":193,"column":8},"end":{"line":193,"column":null}},"41":{"start":{"line":194,"column":8},"end":{"line":194,"column":null}},"42":{"start":{"line":204,"column":8},"end":{"line":204,"column":null}},"43":{"start":{"line":207,"column":4},"end":{"line":207,"column":null}}},"fnMap":{"0":{"name":"(anonymous_0)","decl":{"start":{"line":10,"column":0},"end":{"line":10,"column":11}},"loc":{"start":{"line":10,"column":0},"end":{"line":10,"column":null}},"line":10},"1":{"name":"(anonymous_1)","decl":{"start":{"line":81,"column":22},"end":{"line":81,"column":23}},"loc":{"start":{"line":81,"column":131},"end":{"line":208,"column":null}},"line":81},"2":{"name":"(anonymous_2)","decl":{"start":{"line":99,"column":19},"end":{"line":99,"column":25}},"loc":{"start":{"line":99,"column":25},"end":{"line":145,"column":null}},"line":99},"3":{"name":"(anonymous_3)","decl":{"start":{"line":133,"column":34},"end":{"line":133,"column":40}},"loc":{"start":{"line":133,"column":40},"end":{"line":141,"column":13}},"line":133},"4":{"name":"(anonymous_4)","decl":{"start":{"line":169,"column":20},"end":{"line":169,"column":32}},"loc":{"start":{"line":169,"column":32},"end":{"line":179,"column":null}},"line":169}},"branchMap":{"0":{"loc":{"start":{"line":10,"column":11},"end":{"line":10,"column":null}},"type":"binary-expr","locations":[{"start":{"line":10,"column":11},"end":{"line":10,"column":null}},{"start":{"line":10,"column":11},"end":{"line":10,"column":null}}],"line":10},"1":{"loc":{"start":{"line":81,"column":61},"end":{"line":81,"column":131}},"type":"default-arg","locations":[{"start":{"line":81,"column":84},"end":{"line":81,"column":131}}],"line":81},"2":{"loc":{"start":{"line":101,"column":8},"end":{"line":103,"column":null}},"type":"if","locations":[{"start":{"line":101,"column":8},"end":{"line":103,"column":null}},{"start":{},"end":{}}],"line":101},"3":{"loc":{"start":{"line":107,"column":8},"end":{"line":109,"column":null}},"type":"if","locations":[{"start":{"line":107,"column":8},"end":{"line":109,"column":null}},{"start":{},"end":{}}],"line":107},"4":{"loc":{"start":{"line":116,"column":8},"end":{"line":124,"column":null}},"type":"if","locations":[{"start":{"line":116,"column":8},"end":{"line":124,"column":null}},{"start":{},"end":{}}],"line":116},"5":{"loc":{"start":{"line":120,"column":12},"end":{"line":123,"column":null}},"type":"if","locations":[{"start":{"line":120,"column":12},"end":{"line":123,"column":null}},{"start":{},"end":{}}],"line":120},"6":{"loc":{"start":{"line":135,"column":16},"end":{"line":137,"column":null}},"type":"if","locations":[{"start":{"line":135,"column":16},"end":{"line":137,"column":null}},{"start":{},"end":{}}],"line":135},"7":{"loc":{"start":{"line":175,"column":8},"end":{"line":177,"column":null}},"type":"if","locations":[{"start":{"line":175,"column":8},"end":{"line":177,"column":null}},{"start":{},"end":{}}],"line":175},"8":{"loc":{"start":{"line":182,"column":4},"end":{"line":184,"column":null}},"type":"if","locations":[{"start":{"line":182,"column":4},"end":{"line":184,"column":null}},{"start":{},"end":{}}],"line":182},"9":{"loc":{"start":{"line":192,"column":4},"end":{"line":205,"column":null}},"type":"if","locations":[{"start":{"line":192,"column":4},"end":{"line":205,"column":null}},{"start":{"line":195,"column":11},"end":{"line":205,"column":null}}],"line":192}},"s":{"0":24,"1":24,"2":24,"3":24,"4":24,"5":24,"6":24,"7":635,"8":635,"9":635,"10":635,"11":635,"12":1180,"13":40,"14":1140,"15":1140,"16":1,"17":1139,"18":234,"19":13,"20":13,"21":1126,"22":1126,"23":1126,"24":1126,"25":1126,"26":13,"27":1126,"28":1126,"29":635,"30":635,"31":635,"32":790,"33":790,"34":790,"35":26,"36":786,"37":635,"38":621,"39":635,"40":619,"41":619,"42":16,"43":633},"f":{"0":24,"1":635,"2":1180,"3":1126,"4":790},"b":{"0":[24,24],"1":[635],"2":[40,1140],"3":[1,1139],"4":[234,905],"5":[13,221],"6":[13,1113],"7":[26,764],"8":[621,14],"9":[619,16]},"meta":{"lastBranch":10,"lastFunction":5,"lastStatement":44,"seen":{"s:10:0:10:Infinity":0,"f:10:0:10:11":0,"s:11:4:11:15":1,"s:12:4:12:12":2,"s:10:11:10:Infinity":3,"b:10:11:10:Infinity:10:11:10:Infinity":0,"s:49:29:52:Infinity":4,"s:64:28:64:Infinity":5,"s:81:22:208:Infinity":6,"f:81:22:81:23":1,"b:81:84:81:131":1,"s:82:19:82:Infinity":7,"s:85:10:85:Infinity":8,"s:88:4:88:Infinity":9,"s:94:24:94:Infinity":10,"s:99:19:145:Infinity":11,"f:99:19:99:25":2,"b:101:8:103:Infinity:undefined:undefined:undefined:undefined":2,"s:101:8:103:Infinity":12,"s:102:12:102:Infinity":13,"s:106:22:106:Infinity":14,"b:107:8:109:Infinity:undefined:undefined:undefined:undefined":3,"s:107:8:109:Infinity":15,"s:108:12:108:Infinity":16,"b:116:8:124:Infinity:undefined:undefined:undefined:undefined":4,"s:116:8:124:Infinity":17,"b:120:12:123:Infinity:undefined:undefined:undefined:undefined":5,"s:120:12:123:Infinity":18,"s:121:16:121:Infinity":19,"s:122:16:122:Infinity":20,"s:126:30:126:Infinity":21,"s:127:8:127:Infinity":22,"s:132:8:144:Infinity":23,"s:133:12:141:Infinity":24,"f:133:34:133:40":3,"b:135:16:137:Infinity:undefined:undefined:undefined:undefined":6,"s:135:16:137:Infinity":25,"s:136:21:136:Infinity":26,"s:140:16:140:Infinity":27,"s:143:12:143:Infinity":28,"s:155:4:165:Infinity":29,"s:167:21:167:Infinity":30,"s:169:20:179:Infinity":31,"f:169:20:169:32":4,"s:171:8:171:Infinity":32,"s:173:8:173:Infinity":33,"b:175:8:177:Infinity:undefined:undefined:undefined:undefined":7,"s:175:8:177:Infinity":34,"s:176:13:176:Infinity":35,"s:178:8:178:Infinity":36,"b:182:4:184:Infinity:undefined:undefined:undefined:undefined":8,"s:182:4:184:Infinity":37,"s:183:9:183:Infinity":38,"b:192:4:205:Infinity:195:11:205:Infinity":9,"s:192:4:205:Infinity":39,"s:193:8:193:Infinity":40,"s:194:8:194:Infinity":41,"s:204:8:204:Infinity":42,"s:207:4:207:Infinity":43}}}
,"/home/runner/work/slimlib/slimlib/store/src/flags.ts": {"path":"/home/runner/work/slimlib/slimlib/store/src/flags.ts","statementMap":{"0":{"start":{"line":11,"column":7},"end":{"line":11,"column":null}},"1":{"start":{"line":13,"column":4},"end":{"line":13,"column":12}},"2":{"start":{"line":16,"column":4},"end":{"line":16,"column":12}},"3":{"start":{"line":19,"column":4},"end":{"line":19,"column":16}},"4":{"start":{"line":22,"column":4},"end":{"line":22,"column":13}},"5":{"start":{"line":25,"column":4},"end":{"line":25,"column":16}},"6":{"start":{"line":28,"column":4},"end":{"line":28,"column":16}},"7":{"start":{"line":31,"column":4},"end":{"line":31,"column":11}},"8":{"start":{"line":34,"column":4},"end":{"line":34,"column":23}},"9":{"start":{"line":37,"column":4},"end":{"line":37,"column":26}},"10":{"start":{"line":11,"column":18},"end":{"line":11,"column":null}}},"fnMap":{"0":{"name":"(anonymous_0)","decl":{"start":{"line":11,"column":7},"end":{"line":11,"column":18}},"loc":{"start":{"line":11,"column":7},"end":{"line":11,"column":null}},"line":11}},"branchMap":{"0":{"loc":{"start":{"line":11,"column":18},"end":{"line":11,"column":null}},"type":"binary-expr","locations":[{"start":{"line":11,"column":18},"end":{"line":11,"column":null}},{"start":{"line":11,"column":18},"end":{"line":11,"column":null}}],"line":11}},"s":{"0":24,"1":24,"2":24,"3":24,"4":24,"5":24,"6":24,"7":24,"8":24,"9":24,"10":24},"f":{"0":24},"b":{"0":[24,24]},"meta":{"lastBranch":1,"lastFunction":1,"lastStatement":11,"seen":{"s:11:7:11:Infinity":0,"f:11:7:11:18":0,"s:13:4:13:12":1,"s:16:4:16:12":2,"s:19:4:19:16":3,"s:22:4:22:13":4,"s:25:4:25:16":5,"s:28:4:28:16":6,"s:31:4:31:11":7,"s:34:4:34:23":8,"s:37:4:37:26":9,"s:11:18:11:Infinity":10,"b:11:18:11:Infinity:11:18:11:Infinity":0}}}
,"/home/runner/work/slimlib/slimlib/store/src/globals.ts": {"path":"/home/runner/work/slimlib/slimlib/store/src/globals.ts","statementMap":{"0":{"start":{"line":15,"column":30},"end":{"line":17,"column":null}},"1":{"start":{"line":16,"column":4},"end":{"line":16,"column":null}},"2":{"start":{"line":23,"column":55},"end":{"line":23,"column":null}},"3":{"start":{"line":28,"column":28},"end":{"line":30,"column":null}},"4":{"start":{"line":29,"column":4},"end":{"line":29,"column":null}}},"fnMap":{"0":{"name":"(anonymous_0)","decl":{"start":{"line":15,"column":30},"end":{"line":15,"column":31}},"loc":{"start":{"line":15,"column":66},"end":{"line":17,"column":null}},"line":15},"1":{"name":"(anonymous_1)","decl":{"start":{"line":28,"column":28},"end":{"line":28,"column":29}},"loc":{"start":{"line":28,"column":84},"end":{"line":30,"column":null}},"line":28}},"branchMap":{},"s":{"0":24,"1":3849,"2":24,"3":24,"4":53},"f":{"0":3849,"1":53},"b":{},"meta":{"lastBranch":0,"lastFunction":2,"lastStatement":5,"seen":{"s:15:30:17:Infinity":0,"f:15:30:15:31":0,"s:16:4:16:Infinity":1,"s:23:55:23:Infinity":2,"s:28:28:30:Infinity":3,"f:28:28:28:29":1,"s:29:4:29:Infinity":4}}}
,"/home/runner/work/slimlib/slimlib/store/src/index.ts": {"path":"/home/runner/work/slimlib/slimlib/store/src/index.ts","statementMap":{},"fnMap":{},"branchMap":{},"s":{},"f":{},"b":{},"meta":{"lastBranch":0,"lastFunction":0,"lastStatement":0,"seen":{}}}
,"/home/runner/work/slimlib/slimlib/store/src/scope.ts": {"path":"/home/runner/work/slimlib/slimlib/store/src/scope.ts","statementMap":{"0":{"start":{"line":10,"column":21},"end":{"line":86,"column":null}},"1":{"start":{"line":11,"column":36},"end":{"line":11,"column":null}},"2":{"start":{"line":12,"column":30},"end":{"line":12,"column":null}},"3":{"start":{"line":13,"column":40},"end":{"line":13,"column":null}},"4":{"start":{"line":14,"column":19},"end":{"line":14,"column":null}},"5":{"start":{"line":15,"column":18},"end":{"line":15,"column":null}},"6":{"start":{"line":20,"column":41},"end":{"line":25,"column":null}},"7":{"start":{"line":21,"column":8},"end":{"line":23,"column":null}},"8":{"start":{"line":22,"column":12},"end":{"line":22,"column":null}},"9":{"start":{"line":24,"column":8},"end":{"line":24,"column":null}},"10":{"start":{"line":27,"column":17},"end":{"line":68,"column":null}},"11":{"start":{"line":28,"column":8},"end":{"line":52,"column":null}},"12":{"start":{"line":30,"column":12},"end":{"line":32,"column":null}},"13":{"start":{"line":31,"column":16},"end":{"line":31,"column":null}},"14":{"start":{"line":34,"column":12},"end":{"line":34,"column":null}},"15":{"start":{"line":37,"column":12},"end":{"line":37,"column":null}},"16":{"start":{"line":40,"column":12},"end":{"line":40,"column":null}},"17":{"start":{"line":41,"column":12},"end":{"line":41,"column":null}},"18":{"start":{"line":44,"column":12},"end":{"line":44,"column":null}},"19":{"start":{"line":47,"column":12},"end":{"line":49,"column":null}},"20":{"start":{"line":48,"column":17},"end":{"line":48,"column":null}},"21":{"start":{"line":51,"column":12},"end":{"line":51,"column":null}},"22":{"start":{"line":55,"column":8},"end":{"line":57,"column":null}},"23":{"start":{"line":56,"column":12},"end":{"line":56,"column":null}},"24":{"start":{"line":60,"column":21},"end":{"line":60,"column":null}},"25":{"start":{"line":61,"column":8},"end":{"line":61,"column":null}},"26":{"start":{"line":62,"column":8},"end":{"line":66,"column":null}},"27":{"start":{"line":63,"column":12},"end":{"line":63,"column":null}},"28":{"start":{"line":65,"column":12},"end":{"line":65,"column":null}},"29":{"start":{"line":67,"column":8},"end":{"line":67,"column":null}},"30":{"start":{"line":71,"column":4},"end":{"line":71,"column":null}},"31":{"start":{"line":71,"column":48},"end":{"line":71,"column":null}},"32":{"start":{"line":72,"column":4},"end":{"line":72,"column":null}},"33":{"start":{"line":73,"column":4},"end":{"line":73,"column":null}},"34":{"start":{"line":76,"column":4},"end":{"line":78,"column":null}},"35":{"start":{"line":77,"column":8},"end":{"line":77,"column":null}},"36":{"start":{"line":81,"column":4},"end":{"line":83,"column":null}},"37":{"start":{"line":82,"column":8},"end":{"line":82,"column":null}},"38":{"start":{"line":85,"column":4},"end":{"line":85,"column":null}},"39":{"start":{"line":88,"column":30},"end":{"line":88,"column":null}},"40":{"start":{"line":88,"column":79},"end":{"line":88,"column":null}}},"fnMap":{"0":{"name":"(anonymous_0)","decl":{"start":{"line":10,"column":21},"end":{"line":10,"column":22}},"loc":{"start":{"line":10,"column":99},"end":{"line":86,"column":null}},"line":10},"1":{"name":"(anonymous_1)","decl":{"start":{"line":20,"column":41},"end":{"line":20,"column":52}},"loc":{"start":{"line":20,"column":52},"end":{"line":25,"column":null}},"line":20},"2":{"name":"(anonymous_2)","decl":{"start":{"line":27,"column":17},"end":{"line":27,"column":18}},"loc":{"start":{"line":27,"column":41},"end":{"line":68,"column":null}},"line":27},"3":{"name":"(anonymous_3)","decl":{"start":{"line":71,"column":23},"end":{"line":71,"column":24}},"loc":{"start":{"line":71,"column":48},"end":{"line":71,"column":null}},"line":71},"4":{"name":"(anonymous_4)","decl":{"start":{"line":88,"column":30},"end":{"line":88,"column":31}},"loc":{"start":{"line":88,"column":79},"end":{"line":88,"column":null}},"line":88}},"branchMap":{"0":{"loc":{"start":{"line":10,"column":48},"end":{"line":10,"column":99}},"type":"default-arg","locations":[{"start":{"line":10,"column":76},"end":{"line":10,"column":99}}],"line":10},"1":{"loc":{"start":{"line":21,"column":8},"end":{"line":23,"column":null}},"type":"if","locations":[{"start":{"line":21,"column":8},"end":{"line":23,"column":null}},{"start":{},"end":{}}],"line":21},"2":{"loc":{"start":{"line":28,"column":8},"end":{"line":52,"column":null}},"type":"if","locations":[{"start":{"line":28,"column":8},"end":{"line":52,"column":null}},{"start":{},"end":{}}],"line":28},"3":{"loc":{"start":{"line":30,"column":12},"end":{"line":32,"column":null}},"type":"if","locations":[{"start":{"line":30,"column":12},"end":{"line":32,"column":null}},{"start":{},"end":{}}],"line":30},"4":{"loc":{"start":{"line":47,"column":12},"end":{"line":49,"column":null}},"type":"if","locations":[{"start":{"line":47,"column":12},"end":{"line":49,"column":null}},{"start":{},"end":{}}],"line":47},"5":{"loc":{"start":{"line":55,"column":8},"end":{"line":57,"column":null}},"type":"if","locations":[{"start":{"line":55,"column":8},"end":{"line":57,"column":null}},{"start":{},"end":{}}],"line":55},"6":{"loc":{"start":{"line":76,"column":4},"end":{"line":78,"column":null}},"type":"if","locations":[{"start":{"line":76,"column":4},"end":{"line":78,"column":null}},{"start":{},"end":{}}],"line":76},"7":{"loc":{"start":{"line":81,"column":4},"end":{"line":83,"column":null}},"type":"if","locations":[{"start":{"line":81,"column":4},"end":{"line":83,"column":null}},{"start":{},"end":{}}],"line":81}},"s":{"0":24,"1":793,"2":793,"3":793,"4":793,"5":793,"6":793,"7":32,"8":1,"9":31,"10":793,"11":958,"12":791,"13":7,"14":784,"15":784,"16":784,"17":784,"18":784,"19":784,"20":58,"21":784,"22":167,"23":3,"24":164,"25":164,"26":164,"27":164,"28":164,"29":164,"30":793,"31":621,"32":793,"33":793,"34":793,"35":60,"36":793,"37":143,"38":793,"39":24,"40":4},"f":{"0":793,"1":32,"2":958,"3":621,"4":4},"b":{"0":[793],"1":[1,31],"2":[791,167],"3":[7,784],"4":[58,726],"5":[3,164],"6":[60,733],"7":[143,650]},"meta":{"lastBranch":8,"lastFunction":5,"lastStatement":41,"seen":{"s:10:21:86:Infinity":0,"f:10:21:10:22":0,"b:10:76:10:99":0,"s:11:36:11:Infinity":1,"s:12:30:12:Infinity":2,"s:13:40:13:Infinity":3,"s:14:19:14:Infinity":4,"s:15:18:15:Infinity":5,"s:20:41:25:Infinity":6,"f:20:41:20:52":1,"b:21:8:23:Infinity:undefined:undefined:undefined:undefined":1,"s:21:8:23:Infinity":7,"s:22:12:22:Infinity":8,"s:24:8:24:Infinity":9,"s:27:17:68:Infinity":10,"f:27:17:27:18":2,"b:28:8:52:Infinity:undefined:undefined:undefined:undefined":2,"s:28:8:52:Infinity":11,"b:30:12:32:Infinity:undefined:undefined:undefined:undefined":3,"s:30:12:32:Infinity":12,"s:31:16:31:Infinity":13,"s:34:12:34:Infinity":14,"s:37:12:37:Infinity":15,"s:40:12:40:Infinity":16,"s:41:12:41:Infinity":17,"s:44:12:44:Infinity":18,"b:47:12:49:Infinity:undefined:undefined:undefined:undefined":4,"s:47:12:49:Infinity":19,"s:48:17:48:Infinity":20,"s:51:12:51:Infinity":21,"b:55:8:57:Infinity:undefined:undefined:undefined:undefined":5,"s:55:8:57:Infinity":22,"s:56:12:56:Infinity":23,"s:60:21:60:Infinity":24,"s:61:8:61:Infinity":25,"s:62:8:66:Infinity":26,"s:63:12:63:Infinity":27,"s:65:12:65:Infinity":28,"s:67:8:67:Infinity":29,"s:71:4:71:Infinity":30,"f:71:23:71:24":3,"s:71:48:71:Infinity":31,"s:72:4:72:Infinity":32,"s:73:4:73:Infinity":33,"b:76:4:78:Infinity:undefined:undefined:undefined:undefined":6,"s:76:4:78:Infinity":34,"s:77:8:77:Infinity":35,"b:81:4:83:Infinity:undefined:undefined:undefined:undefined":7,"s:81:4:83:Infinity":36,"s:82:8:82:Infinity":37,"s:85:4:85:Infinity":38,"s:88:30:88:Infinity":39,"f:88:30:88:31":4,"s:88:79:88:Infinity":40}}}
,"/home/runner/work/slimlib/slimlib/store/src/signal.ts": {"path":"/home/runner/work/slimlib/slimlib/store/src/signal.ts","statementMap":{"0":{"start":{"line":18,"column":16},"end":{"line":18,"column":null}},"1":{"start":{"line":24,"column":17},"end":{"line":35,"column":null}},"2":{"start":{"line":28,"column":8},"end":{"line":32,"column":null}},"3":{"start":{"line":31,"column":12},"end":{"line":31,"column":null}},"4":{"start":{"line":33,"column":8},"end":{"line":33,"column":null}},"5":{"start":{"line":40,"column":4},"end":{"line":52,"column":null}},"6":{"start":{"line":44,"column":8},"end":{"line":44,"column":null}},"7":{"start":{"line":45,"column":8},"end":{"line":50,"column":null}},"8":{"start":{"line":46,"column":12},"end":{"line":46,"column":null}},"9":{"start":{"line":47,"column":12},"end":{"line":49,"column":null}},"10":{"start":{"line":48,"column":16},"end":{"line":48,"column":null}},"11":{"start":{"line":54,"column":4},"end":{"line":54,"column":null}}},"fnMap":{"0":{"name":"signal","decl":{"start":{"line":17,"column":16},"end":{"line":17,"column":26}},"loc":{"start":{"line":17,"column":55},"end":{"line":55,"column":null}},"line":17},"1":{"name":"(anonymous_1)","decl":{"start":{"line":24,"column":17},"end":{"line":24,"column":26}},"loc":{"start":{"line":24,"column":26},"end":{"line":35,"column":null}},"line":24},"2":{"name":"(anonymous_2)","decl":{"start":{"line":40,"column":15},"end":{"line":40,"column":16}},"loc":{"start":{"line":40,"column":38},"end":{"line":52,"column":null}},"line":40}},"branchMap":{"0":{"loc":{"start":{"line":28,"column":8},"end":{"line":32,"column":null}},"type":"if","locations":[{"start":{"line":28,"column":8},"end":{"line":32,"column":null}},{"start":{},"end":{}}],"line":28},"1":{"loc":{"start":{"line":28,"column":12},"end":{"line":28,"column":55}},"type":"binary-expr","locations":[{"start":{"line":28,"column":12},"end":{"line":28,"column":23}},{"start":{"line":28,"column":23},"end":{"line":28,"column":55}}],"line":28},"2":{"loc":{"start":{"line":45,"column":8},"end":{"line":50,"column":null}},"type":"if","locations":[{"start":{"line":45,"column":8},"end":{"line":50,"column":null}},{"start":{},"end":{}}],"line":45},"3":{"loc":{"start":{"line":47,"column":12},"end":{"line":49,"column":null}},"type":"if","locations":[{"start":{"line":47,"column":12},"end":{"line":49,"column":null}},{"start":{},"end":{}}],"line":47}},"s":{"0":277,"1":277,"2":988,"3":876,"4":988,"5":277,"6":321,"7":321,"8":309,"9":309,"10":263,"11":277},"f":{"0":277,"1":988,"2":321},"b":{"0":[876,112],"1":[988,893],"2":[309,12],"3":[263,46]},"meta":{"lastBranch":4,"lastFunction":3,"lastStatement":12,"seen":{"f:17:16:17:26":0,"s:18:16:18:Infinity":0,"s:24:17:35:Infinity":1,"f:24:17:24:26":1,"b:28:8:32:Infinity:undefined:undefined:undefined:undefined":0,"s:28:8:32:Infinity":2,"b:28:12:28:23:28:23:28:55":1,"s:31:12:31:Infinity":3,"s:33:8:33:Infinity":4,"s:40:4:52:Infinity":5,"f:40:15:40:16":2,"s:44:8:44:Infinity":6,"b:45:8:50:Infinity:undefined:undefined:undefined:undefined":2,"s:45:8:50:Infinity":7,"s:46:12:46:Infinity":8,"b:47:12:49:Infinity:undefined:undefined:undefined:undefined":3,"s:47:12:49:Infinity":9,"s:48:16:48:Infinity":10,"s:54:4:54:Infinity":11}}}
,"/home/runner/work/slimlib/slimlib/store/src/state.ts": {"path":"/home/runner/work/slimlib/slimlib/store/src/state.ts","statementMap":{"0":{"start":{"line":21,"column":25},"end":{"line":21,"column":null}},"1":{"start":{"line":27,"column":37},"end":{"line":34,"column":null}},"2":{"start":{"line":28,"column":26},"end":{"line":28,"column":null}},"3":{"start":{"line":29,"column":8},"end":{"line":29,"column":null}},"4":{"start":{"line":29,"column":23},"end":{"line":29,"column":null}},"5":{"start":{"line":30,"column":21},"end":{"line":30,"column":null}},"6":{"start":{"line":31,"column":8},"end":{"line":33,"column":null}},"7":{"start":{"line":32,"column":12},"end":{"line":32,"column":null}},"8":{"start":{"line":36,"column":24},"end":{"line":167,"column":null}},"9":{"start":{"line":37,"column":8},"end":{"line":39,"column":null}},"10":{"start":{"line":38,"column":12},"end":{"line":38,"column":null}},"11":{"start":{"line":43,"column":22},"end":{"line":164,"column":null}},"12":{"start":{"line":46,"column":16},"end":{"line":46,"column":null}},"13":{"start":{"line":47,"column":22},"end":{"line":47,"column":null}},"14":{"start":{"line":49,"column":16},"end":{"line":55,"column":null}},"15":{"start":{"line":50,"column":21},"end":{"line":50,"column":null}},"16":{"start":{"line":52,"column":20},"end":{"line":52,"column":null}},"17":{"start":{"line":54,"column":20},"end":{"line":54,"column":null}},"18":{"start":{"line":56,"column":16},"end":{"line":56,"column":null}},"19":{"start":{"line":60,"column":16},"end":{"line":60,"column":null}},"20":{"start":{"line":60,"column":34},"end":{"line":60,"column":null}},"21":{"start":{"line":62,"column":35},"end":{"line":62,"column":null}},"22":{"start":{"line":65,"column":16},"end":{"line":93,"column":null}},"23":{"start":{"line":67,"column":36},"end":{"line":67,"column":null}},"24":{"start":{"line":70,"column":20},"end":{"line":73,"column":null}},"25":{"start":{"line":71,"column":24},"end":{"line":71,"column":null}},"26":{"start":{"line":72,"column":24},"end":{"line":72,"column":null}},"27":{"start":{"line":76,"column":31},"end":{"line":76,"column":null}},"28":{"start":{"line":78,"column":20},"end":{"line":83,"column":null}},"29":{"start":{"line":80,"column":47},"end":{"line":80,"column":null}},"30":{"start":{"line":80,"column":54},"end":{"line":80,"column":null}},"31":{"start":{"line":82,"column":24},"end":{"line":82,"column":null}},"32":{"start":{"line":88,"column":20},"end":{"line":92,"column":null}},"33":{"start":{"line":96,"column":37},"end":{"line":96,"column":null}},"34":{"start":{"line":97,"column":16},"end":{"line":99,"column":null}},"35":{"start":{"line":98,"column":20},"end":{"line":98,"column":null}},"36":{"start":{"line":104,"column":16},"end":{"line":137,"column":null}},"37":{"start":{"line":106,"column":20},"end":{"line":108,"column":null}},"38":{"start":{"line":107,"column":24},"end":{"line":107,"column":null}},"39":{"start":{"line":109,"column":33},"end":{"line":109,"column":null}},"40":{"start":{"line":110,"column":20},"end":{"line":135,"column":null}},"41":{"start":{"line":112,"column":39},"end":{"line":112,"column":null}},"42":{"start":{"line":113,"column":24},"end":{"line":133,"column":null}},"43":{"start":{"line":115,"column":28},"end":{"line":117,"column":null}},"44":{"start":{"line":115,"column":41},"end":{"line":115,"column":44}},"45":{"start":{"line":115,"column":50},"end":{"line":115,"column":63}},"46":{"start":{"line":116,"column":32},"end":{"line":116,"column":null}},"47":{"start":{"line":118,"column":43},"end":{"line":118,"column":null}},"48":{"start":{"line":122,"column":28},"end":{"line":131,"column":null}},"49":{"start":{"line":123,"column":50},"end":{"line":123,"column":null}},"50":{"start":{"line":126,"column":32},"end":{"line":126,"column":null}},"51":{"start":{"line":126,"column":60},"end":{"line":126,"column":null}},"52":{"start":{"line":127,"column":32},"end":{"line":130,"column":null}},"53":{"start":{"line":129,"column":36},"end":{"line":129,"column":null}},"54":{"start":{"line":132,"column":28},"end":{"line":132,"column":null}},"55":{"start":{"line":134,"column":24},"end":{"line":134,"column":null}},"56":{"start":{"line":136,"column":20},"end":{"line":136,"column":null}},"57":{"start":{"line":140,"column":16},"end":{"line":140,"column":null}},"58":{"start":{"line":144,"column":16},"end":{"line":144,"column":null}},"59":{"start":{"line":145,"column":31},"end":{"line":145,"column":null}},"60":{"start":{"line":146,"column":16},"end":{"line":149,"column":null}},"61":{"start":{"line":148,"column":20},"end":{"line":148,"column":null}},"62":{"start":{"line":150,"column":16},"end":{"line":150,"column":null}},"63":{"start":{"line":154,"column":16},"end":{"line":154,"column":null}},"64":{"start":{"line":155,"column":31},"end":{"line":155,"column":null}},"65":{"start":{"line":156,"column":16},"end":{"line":161,"column":null}},"66":{"start":{"line":158,"column":20},"end":{"line":158,"column":null}},"67":{"start":{"line":160,"column":20},"end":{"line":160,"column":null}},"68":{"start":{"line":162,"column":16},"end":{"line":162,"column":null}},"69":{"start":{"line":165,"column":8},"end":{"line":165,"column":null}},"70":{"start":{"line":166,"column":8},"end":{"line":166,"column":null}},"71":{"start":{"line":169,"column":4},"end":{"line":169,"column":null}}},"fnMap":{"0":{"name":"state","decl":{"start":{"line":17,"column":16},"end":{"line":17,"column":40}},"loc":{"start":{"line":17,"column":64},"end":{"line":170,"column":null}},"line":17},"1":{"name":"(anonymous_1)","decl":{"start":{"line":27,"column":37},"end":{"line":27,"column":38}},"loc":{"start":{"line":27,"column":90},"end":{"line":34,"column":null}},"line":27},"2":{"name":"(anonymous_2)","decl":{"start":{"line":36,"column":24},"end":{"line":36,"column":43}},"loc":{"start":{"line":36,"column":60},"end":{"line":167,"column":null}},"line":36},"3":{"name":"(anonymous_3)","decl":{"start":{"line":45,"column":12},"end":{"line":45,"column":16}},"loc":{"start":{"line":45,"column":37},"end":{"line":57,"column":null}},"line":45},"4":{"name":"(anonymous_4)","decl":{"start":{"line":59,"column":12},"end":{"line":59,"column":16}},"loc":{"start":{"line":59,"column":27},"end":{"line":141,"column":null}},"line":59},"5":{"name":"(anonymous_5)","decl":{"start":{"line":80,"column":47},"end":{"line":80,"column":54}},"loc":{"start":{"line":80,"column":54},"end":{"line":80,"column":null}},"line":80},"6":{"name":"(anonymous_6)","decl":{"start":{"line":113,"column":33},"end":{"line":113,"column":37}},"loc":{"start":{"line":113,"column":57},"end":{"line":133,"column":null}},"line":113},"7":{"name":"(anonymous_7)","decl":{"start":{"line":143,"column":12},"end":{"line":143,"column":27}},"loc":{"start":{"line":143,"column":57},"end":{"line":151,"column":null}},"line":143},"8":{"name":"(anonymous_8)","decl":{"start":{"line":153,"column":12},"end":{"line":153,"column":27}},"loc":{"start":{"line":153,"column":38},"end":{"line":163,"column":null}},"line":153}},"branchMap":{"0":{"loc":{"start":{"line":17,"column":40},"end":{"line":17,"column":64}},"type":"default-arg","locations":[{"start":{"line":17,"column":52},"end":{"line":17,"column":64}}],"line":17},"1":{"loc":{"start":{"line":29,"column":8},"end":{"line":29,"column":null}},"type":"if","locations":[{"start":{"line":29,"column":8},"end":{"line":29,"column":null}},{"start":{},"end":{}}],"line":29},"2":{"loc":{"start":{"line":31,"column":8},"end":{"line":33,"column":null}},"type":"if","locations":[{"start":{"line":31,"column":8},"end":{"line":33,"column":null}},{"start":{},"end":{}}],"line":31},"3":{"loc":{"start":{"line":37,"column":8},"end":{"line":39,"column":null}},"type":"if","locations":[{"start":{"line":37,"column":8},"end":{"line":39,"column":null}},{"start":{},"end":{}}],"line":37},"4":{"loc":{"start":{"line":49,"column":16},"end":{"line":55,"column":null}},"type":"if","locations":[{"start":{"line":49,"column":16},"end":{"line":55,"column":null}},{"start":{},"end":{}}],"line":49},"5":{"loc":{"start":{"line":60,"column":16},"end":{"line":60,"column":null}},"type":"if","locations":[{"start":{"line":60,"column":16},"end":{"line":60,"column":null}},{"start":{},"end":{}}],"line":60},"6":{"loc":{"start":{"line":65,"column":16},"end":{"line":93,"column":null}},"type":"if","locations":[{"start":{"line":65,"column":16},"end":{"line":93,"column":null}},{"start":{},"end":{}}],"line":65},"7":{"loc":{"start":{"line":65,"column":20},"end":{"line":65,"column":63}},"type":"binary-expr","locations":[{"start":{"line":65,"column":20},"end":{"line":65,"column":31}},{"start":{"line":65,"column":31},"end":{"line":65,"column":63}}],"line":65},"8":{"loc":{"start":{"line":70,"column":20},"end":{"line":73,"column":null}},"type":"if","locations":[{"start":{"line":70,"column":20},"end":{"line":73,"column":null}},{"start":{},"end":{}}],"line":70},"9":{"loc":{"start":{"line":78,"column":20},"end":{"line":83,"column":null}},"type":"if","locations":[{"start":{"line":78,"column":20},"end":{"line":83,"column":null}},{"start":{},"end":{}}],"line":78},"10":{"loc":{"start":{"line":97,"column":16},"end":{"line":99,"column":null}},"type":"if","locations":[{"start":{"line":97,"column":16},"end":{"line":99,"column":null}},{"start":{},"end":{}}],"line":97},"11":{"loc":{"start":{"line":97,"column":20},"end":{"line":97,"column":102}},"type":"binary-expr","locations":[{"start":{"line":97,"column":20},"end":{"line":97,"column":43}},{"start":{"line":97,"column":43},"end":{"line":97,"column":72}},{"start":{"line":97,"column":72},"end":{"line":97,"column":102}}],"line":97},"12":{"loc":{"start":{"line":104,"column":16},"end":{"line":137,"column":null}},"type":"if","locations":[{"start":{"line":104,"column":16},"end":{"line":137,"column":null}},{"start":{},"end":{}}],"line":104},"13":{"loc":{"start":{"line":106,"column":20},"end":{"line":108,"column":null}},"type":"if","locations":[{"start":{"line":106,"column":20},"end":{"line":108,"column":null}},{"start":{},"end":{}}],"line":106},"14":{"loc":{"start":{"line":110,"column":20},"end":{"line":135,"column":null}},"type":"if","locations":[{"start":{"line":110,"column":20},"end":{"line":135,"column":null}},{"start":{},"end":{}}],"line":110},"15":{"loc":{"start":{"line":122,"column":28},"end":{"line":131,"column":null}},"type":"if","locations":[{"start":{"line":122,"column":28},"end":{"line":131,"column":null}},{"start":{},"end":{}}],"line":122},"16":{"loc":{"start":{"line":126,"column":32},"end":{"line":126,"column":null}},"type":"if","locations":[{"start":{"line":126,"column":32},"end":{"line":126,"column":null}},{"start":{},"end":{}}],"line":126},"17":{"loc":{"start":{"line":146,"column":16},"end":{"line":149,"column":null}},"type":"if","locations":[{"start":{"line":146,"column":16},"end":{"line":149,"column":null}},{"start":{},"end":{}}],"line":146},"18":{"loc":{"start":{"line":156,"column":16},"end":{"line":161,"column":null}},"type":"if","locations":[{"start":{"line":156,"column":16},"end":{"line":161,"column":null}},{"start":{},"end":{}}],"line":156}},"s":{"0":397,"1":397,"2":421,"3":421,"4":23,"5":398,"6":398,"7":386,"8":397,"9":654,"10":164,"11":490,"12":425,"13":425,"14":425,"15":414,"16":414,"17":414,"18":425,"19":1671,"20":17,"21":1654,"22":1654,"23":1355,"24":1355,"25":393,"26":393,"27":1355,"28":1355,"29":458,"30":122,"31":458,"32":1355,"33":1654,"34":1654,"35":1245,"36":409,"37":152,"38":85,"39":152,"40":152,"41":115,"42":115,"43":152,"44":152,"45":152,"46":148,"47":152,"48":152,"49":102,"50":102,"51":53,"52":49,"53":50,"54":99,"55":115,"56":152,"57":257,"58":4,"59":4,"60":4,"61":3,"62":4,"63":5,"64":5,"65":5,"66":4,"67":4,"68":5,"69":490,"70":490,"71":397},"f":{"0":397,"1":421,"2":654,"3":425,"4":1671,"5":122,"6":152,"7":4,"8":5},"b":{"0":[397],"1":[23,398],"2":[386,12],"3":[164,490],"4":[414,11],"5":[17,1654],"6":[1355,299],"7":[1654,1631],"8":[393,962],"9":[458,897],"10":[1245,409],"11":[1654,1650,1393],"12":[152,257],"13":[85,67],"14":[115,37],"15":[102,50],"16":[53,49],"17":[3,1],"18":[4,1]},"meta":{"lastBranch":19,"lastFunction":9,"lastStatement":72,"seen":{"f:17:16:17:40":0,"b:17:52:17:64":0,"s:21:25:21:Infinity":0,"s:27:37:34:Infinity":1,"f:27:37:27:38":1,"s:28:26:28:Infinity":2,"b:29:8:29:Infinity:undefined:undefined:undefined:undefined":1,"s:29:8:29:Infinity":3,"s:29:23:29:Infinity":4,"s:30:21:30:Infinity":5,"b:31:8:33:Infinity:undefined:undefined:undefined:undefined":2,"s:31:8:33:Infinity":6,"s:32:12:32:Infinity":7,"s:36:24:167:Infinity":8,"f:36:24:36:43":2,"b:37:8:39:Infinity:undefined:undefined:undefined:undefined":3,"s:37:8:39:Infinity":9,"s:38:12:38:Infinity":10,"s:43:22:164:Infinity":11,"f:45:12:45:16":3,"s:46:16:46:Infinity":12,"s:47:22:47:Infinity":13,"b:49:16:55:Infinity:undefined:undefined:undefined:undefined":4,"s:49:16:55:Infinity":14,"s:50:21:50:Infinity":15,"s:52:20:52:Infinity":16,"s:54:20:54:Infinity":17,"s:56:16:56:Infinity":18,"f:59:12:59:16":4,"b:60:16:60:Infinity:undefined:undefined:undefined:undefined":5,"s:60:16:60:Infinity":19,"s:60:34:60:Infinity":20,"s:62:35:62:Infinity":21,"b:65:16:93:Infinity:undefined:undefined:undefined:undefined":6,"s:65:16:93:Infinity":22,"b:65:20:65:31:65:31:65:63":7,"s:67:36:67:Infinity":23,"b:70:20:73:Infinity:undefined:undefined:undefined:undefined":8,"s:70:20:73:Infinity":24,"s:71:24:71:Infinity":25,"s:72:24:72:Infinity":26,"s:76:31:76:Infinity":27,"b:78:20:83:Infinity:undefined:undefined:undefined:undefined":9,"s:78:20:83:Infinity":28,"s:80:47:80:Infinity":29,"f:80:47:80:54":5,"s:80:54:80:Infinity":30,"s:82:24:82:Infinity":31,"s:88:20:92:Infinity":32,"s:96:37:96:Infinity":33,"b:97:16:99:Infinity:undefined:undefined:undefined:undefined":10,"s:97:16:99:Infinity":34,"b:97:20:97:43:97:43:97:72:97:72:97:102":11,"s:98:20:98:Infinity":35,"b:104:16:137:Infinity:undefined:undefined:undefined:undefined":12,"s:104:16:137:Infinity":36,"b:106:20:108:Infinity:undefined:undefined:undefined:undefined":13,"s:106:20:108:Infinity":37,"s:107:24:107:Infinity":38,"s:109:33:109:Infinity":39,"b:110:20:135:Infinity:undefined:undefined:undefined:undefined":14,"s:110:20:135:Infinity":40,"s:112:39:112:Infinity":41,"s:113:24:133:Infinity":42,"f:113:33:113:37":6,"s:115:28:117:Infinity":43,"s:115:41:115:44":44,"s:115:50:115:63":45,"s:116:32:116:Infinity":46,"s:118:43:118:Infinity":47,"b:122:28:131:Infinity:undefined:undefined:undefined:undefined":15,"s:122:28:131:Infinity":48,"s:123:50:123:Infinity":49,"b:126:32:126:Infinity:undefined:undefined:undefined:undefined":16,"s:126:32:126:Infinity":50,"s:126:60:126:Infinity":51,"s:127:32:130:Infinity":52,"s:129:36:129:Infinity":53,"s:132:28:132:Infinity":54,"s:134:24:134:Infinity":55,"s:136:20:136:Infinity":56,"s:140:16:140:Infinity":57,"f:143:12:143:27":7,"s:144:16:144:Infinity":58,"s:145:31:145:Infinity":59,"b:146:16:149:Infinity:undefined:undefined:undefined:undefined":17,"s:146:16:149:Infinity":60,"s:148:20:148:Infinity":61,"s:150:16:150:Infinity":62,"f:153:12:153:27":8,"s:154:16:154:Infinity":63,"s:155:31:155:Infinity":64,"b:156:16:161:Infinity:undefined:undefined:undefined:undefined":18,"s:156:16:161:Infinity":65,"s:158:20:158:Infinity":66,"s:160:20:160:Infinity":67,"s:162:16:162:Infinity":68,"s:165:8:165:Infinity":69,"s:166:8:166:Infinity":70,"s:169:4:169:Infinity":71}}}
,"/home/runner/work/slimlib/slimlib/store/src/symbols.ts": {"path":"/home/runner/work/slimlib/slimlib/store/src/symbols.ts","statementMap":{"0":{"start":{"line":10,"column":4},"end":{"line":10,"column":null}}},"fnMap":{},"branchMap":{},"s":{"0":24},"f":{},"b":{},"meta":{"lastBranch":0,"lastFunction":0,"lastStatement":1,"seen":{"s:10:4:10:Infinity":0}}}
}
