<?xml version="1.0" encoding="UTF-8"?>
<coverage generated="1780570713353" clover="3.2.0">
  <project timestamp="1780570713353" name="All files">
    <metrics statements="145" coveredstatements="143" conditionals="100" coveredconditionals="92" methods="26" coveredmethods="26" elements="271" coveredelements="261" complexity="0" loc="145" ncloc="145" packages="1" files="1" classes="1"/>
    <file name="index.js" path="/home/runner/work/slimlib/slimlib/smart-mock/src/index.js">
      <metrics statements="145" coveredstatements="143" conditionals="100" coveredconditionals="92" methods="26" coveredmethods="26"/>
      <line num="4" count="1" type="stmt"/>
      <line num="39" count="1" type="stmt"/>
      <line num="40" count="1" type="stmt"/>
      <line num="54" count="56" type="cond" truecount="3" falsecount="0"/>
      <line num="61" count="100" type="cond" truecount="3" falsecount="0"/>
      <line num="68" count="29" type="stmt"/>
      <line num="70" count="29" type="stmt"/>
      <line num="72" count="29" type="stmt"/>
      <line num="85" count="24" type="stmt"/>
      <line num="98" count="12" type="stmt"/>
      <line num="99" count="12" type="stmt"/>
      <line num="100" count="37" type="cond" truecount="2" falsecount="0"/>
      <line num="101" count="26" type="cond" truecount="4" falsecount="0"/>
      <line num="102" count="2" type="stmt"/>
      <line num="104" count="26" type="cond" truecount="2" falsecount="0"/>
      <line num="105" count="37" type="cond" truecount="2" falsecount="0"/>
      <line num="106" count="12" type="stmt"/>
      <line num="108" count="26" type="cond" truecount="2" falsecount="0"/>
      <line num="109" count="10" type="cond" truecount="5" falsecount="0"/>
      <line num="111" count="5" type="stmt"/>
      <line num="118" count="5" type="stmt"/>
      <line num="123" count="1" type="stmt"/>
      <line num="124" count="1" type="stmt"/>
      <line num="126" count="2" type="stmt"/>
      <line num="133" count="2" type="stmt"/>
      <line num="135" count="1" type="stmt"/>
      <line num="136" count="1" type="stmt"/>
      <line num="138" count="1" type="stmt"/>
      <line num="142" count="1" type="stmt"/>
      <line num="146" count="12" type="stmt"/>
      <line num="154" count="12" type="cond" truecount="2" falsecount="0"/>
      <line num="155" count="12" type="cond" truecount="3" falsecount="0"/>
      <line num="157" count="8" type="stmt"/>
      <line num="161" count="2" type="stmt"/>
      <line num="163" count="2" type="stmt"/>
      <line num="164" count="2" type="cond" truecount="2" falsecount="0"/>
      <line num="177" count="0" type="stmt"/>
      <line num="186" count="28" type="stmt"/>
      <line num="187" count="28" type="stmt"/>
      <line num="195" count="43" type="stmt"/>
      <line num="196" count="43" type="cond" truecount="2" falsecount="0"/>
      <line num="197" count="25" type="stmt"/>
      <line num="198" count="25" type="stmt"/>
      <line num="200" count="18" type="stmt"/>
      <line num="208" count="57" type="stmt"/>
      <line num="209" count="57" type="cond" truecount="2" falsecount="0"/>
      <line num="210" count="28" type="stmt"/>
      <line num="212" count="29" type="stmt"/>
      <line num="222" count="95" type="cond" truecount="4" falsecount="0"/>
      <line num="223" count="33" type="cond" truecount="2" falsecount="0"/>
      <line num="224" count="7" type="stmt"/>
      <line num="226" count="26" type="cond" truecount="2" falsecount="0"/>
      <line num="227" count="10" type="stmt"/>
      <line num="229" count="26" type="stmt"/>
      <line num="231" count="62" type="stmt"/>
      <line num="232" count="62" type="cond" truecount="4" falsecount="0"/>
      <line num="234" count="18" type="stmt"/>
      <line num="236" count="20" type="stmt"/>
      <line num="238" count="20" type="stmt"/>
      <line num="240" count="4" type="stmt"/>
      <line num="241" count="4" type="stmt"/>
      <line num="242" count="4" type="cond" truecount="2" falsecount="0"/>
      <line num="255" count="0" type="stmt"/>
      <line num="262" count="42" type="cond" truecount="1" falsecount="1"/>
      <line num="273" count="57" type="stmt"/>
      <line num="274" count="57" type="stmt"/>
      <line num="275" count="57" type="stmt"/>
      <line num="285" count="5" type="stmt"/>
      <line num="286" count="5" type="cond" truecount="1" falsecount="1"/>
      <line num="287" count="5" type="stmt"/>
      <line num="289" count="5" type="stmt"/>
      <line num="297" count="5" type="stmt"/>
      <line num="298" count="5" type="stmt"/>
      <line num="299" count="5" type="stmt"/>
      <line num="307" count="72" type="cond" truecount="2" falsecount="0"/>
      <line num="308" count="59" type="cond" truecount="2" falsecount="0"/>
      <line num="309" count="13" type="stmt"/>
      <line num="310" count="13" type="cond" truecount="5" falsecount="0"/>
      <line num="311" count="1" type="stmt"/>
      <line num="313" count="12" type="cond" truecount="1" falsecount="1"/>
      <line num="314" count="12" type="stmt"/>
      <line num="316" count="12" type="cond" truecount="1" falsecount="1"/>
      <line num="317" count="12" type="stmt"/>
      <line num="325" count="12" type="stmt"/>
      <line num="326" count="12" type="stmt"/>
      <line num="327" count="12" type="stmt"/>
      <line num="336" count="4" type="stmt"/>
      <line num="337" count="4" type="stmt"/>
      <line num="338" count="4" type="stmt"/>
      <line num="339" count="4" type="stmt"/>
      <line num="344" count="4" type="stmt"/>
      <line num="361" count="5" type="stmt"/>
      <line num="374" count="5" type="stmt"/>
      <line num="382" count="1" type="cond" truecount="1" falsecount="1"/>
      <line num="383" count="1" type="stmt"/>
      <line num="385" count="1" type="stmt"/>
      <line num="393" count="1" type="stmt"/>
      <line num="394" count="1" type="stmt"/>
      <line num="395" count="1" type="stmt"/>
      <line num="403" count="2" type="stmt"/>
      <line num="404" count="2" type="cond" truecount="1" falsecount="1"/>
      <line num="405" count="2" type="stmt"/>
      <line num="407" count="2" type="stmt"/>
      <line num="415" count="2" type="stmt"/>
      <line num="416" count="2" type="stmt"/>
      <line num="423" count="1" type="cond" truecount="1" falsecount="1"/>
      <line num="424" count="1" type="stmt"/>
      <line num="426" count="1" type="stmt"/>
      <line num="434" count="1" type="stmt"/>
      <line num="435" count="1" type="stmt"/>
      <line num="444" count="18" type="stmt"/>
      <line num="445" count="18" type="stmt"/>
      <line num="446" count="18" type="stmt"/>
      <line num="447" count="18" type="stmt"/>
      <line num="448" count="18" type="cond" truecount="5" falsecount="0"/>
      <line num="449" count="1" type="cond" truecount="1" falsecount="1"/>
      <line num="450" count="1" type="stmt"/>
      <line num="452" count="1" type="stmt"/>
      <line num="460" count="1" type="stmt"/>
      <line num="461" count="1" type="stmt"/>
      <line num="463" count="17" type="stmt"/>
      <line num="480" count="12" type="stmt"/>
      <line num="490" count="30" type="cond" truecount="2" falsecount="0"/>
      <line num="500" count="100" type="stmt"/>
      <line num="501" count="100" type="stmt"/>
      <line num="502" count="100" type="cond" truecount="4" falsecount="0"/>
      <line num="503" count="53" type="stmt"/>
      <line num="505" count="47" type="cond" truecount="2" falsecount="0"/>
      <line num="506" count="2" type="stmt"/>
      <line num="508" count="45" type="cond" truecount="2" falsecount="0"/>
      <line num="509" count="2" type="stmt"/>
      <line num="511" count="43" type="cond" truecount="2" falsecount="0"/>
      <line num="512" count="4" type="stmt"/>
      <line num="514" count="39" type="cond" truecount="2" falsecount="0"/>
      <line num="515" count="15" type="stmt"/>
      <line num="517" count="30" type="cond" truecount="2" falsecount="0"/>
      <line num="518" count="6" type="stmt"/>
      <line num="520" count="24" type="cond" truecount="2" falsecount="0"/>
      <line num="521" count="4" type="stmt"/>
      <line num="523" count="20" type="cond" truecount="2" falsecount="0"/>
      <line num="524" count="2" type="stmt"/>
      <line num="526" count="18" type="cond" truecount="2" falsecount="0"/>
      <line num="527" count="4" type="stmt"/>
      <line num="528" count="3" type="stmt"/>
      <line num="531" count="14" type="stmt"/>
    </file>
  </project>
</coverage>
