<?xml version="1.0" encoding="UTF-8"?>
<coverage generated="1781558929190" clover="3.2.0">
  <project timestamp="1781558929190" name="All files">
    <metrics statements="262" coveredstatements="249" conditionals="134" coveredconditionals="126" methods="81" coveredmethods="81" elements="477" coveredelements="456" complexity="0" loc="262" ncloc="262" packages="3" files="13" classes="13"/>
    <package name="src">
      <metrics statements="116" coveredstatements="116" conditionals="66" coveredconditionals="66" methods="28" coveredmethods="28"/>
      <file name="index.js" path="/home/runner/work/slimlib/slimlib/element/src/index.js">
        <metrics statements="115" coveredstatements="115" conditionals="66" coveredconditionals="66" methods="28" coveredmethods="28"/>
        <line num="63" count="2" type="stmt"/>
        <line num="78" count="12" type="stmt"/>
        <line num="109" count="2" type="cond" truecount="1" falsecount="0"/>
        <line num="110" count="92" type="cond" truecount="2" falsecount="0"/>
        <line num="111" count="92" type="cond" truecount="5" falsecount="0"/>
        <line num="112" count="1" type="stmt"/>
        <line num="114" count="91" type="cond" truecount="2" falsecount="0"/>
        <line num="115" count="92" type="cond" truecount="2" falsecount="0"/>
        <line num="117" count="92" type="stmt"/>
        <line num="118" count="92" type="stmt"/>
        <line num="142" count="2" type="stmt"/>
        <line num="143" count="87" type="stmt"/>
        <line num="147" count="87" type="cond" truecount="2" falsecount="0"/>
        <line num="148" count="80" type="stmt"/>
        <line num="151" count="86" type="stmt"/>
        <line num="178" count="2" type="stmt"/>
        <line num="180" count="3" type="stmt"/>
        <line num="182" count="3" type="stmt"/>
        <line num="187" count="3" type="cond" truecount="2" falsecount="0"/>
        <line num="188" count="2" type="stmt"/>
        <line num="191" count="3" type="stmt"/>
        <line num="199" count="2" type="stmt"/>
        <line num="200" count="390" type="stmt"/>
        <line num="201" count="82" type="stmt"/>
        <line num="209" count="2" type="stmt"/>
        <line num="210" count="91" type="stmt"/>
        <line num="211" count="89" type="stmt"/>
        <line num="213" count="89" type="stmt"/>
        <line num="216" count="89" type="stmt"/>
        <line num="218" count="89" type="stmt"/>
        <line num="220" count="89" type="stmt"/>
        <line num="222" count="89" type="stmt"/>
        <line num="223" count="89" type="stmt"/>
        <line num="226" count="102" type="cond" truecount="2" falsecount="0"/>
        <line num="227" count="95" type="stmt"/>
        <line num="228" count="95" type="stmt"/>
        <line num="229" count="95" type="stmt"/>
        <line num="230" count="95" type="stmt"/>
        <line num="231" count="95" type="stmt"/>
        <line num="234" count="95" type="stmt"/>
        <line num="235" count="95" type="stmt"/>
        <line num="237" count="102" type="stmt"/>
        <line num="241" count="102" type="stmt"/>
        <line num="242" count="102" type="stmt"/>
        <line num="243" count="102" type="cond" truecount="4" falsecount="0"/>
        <line num="244" count="95" type="stmt"/>
        <line num="245" count="95" type="stmt"/>
        <line num="246" count="95" type="stmt"/>
        <line num="247" count="95" type="stmt"/>
        <line num="248" count="95" type="stmt"/>
        <line num="266" count="2" type="stmt"/>
        <line num="267" count="19" type="cond" truecount="4" falsecount="0"/>
        <line num="268" count="1" type="stmt"/>
        <line num="270" count="18" type="stmt"/>
        <line num="271" count="18" type="stmt"/>
        <line num="272" count="18" type="cond" truecount="2" falsecount="0"/>
        <line num="273" count="3" type="stmt"/>
        <line num="274" count="3" type="stmt"/>
        <line num="276" count="17" type="stmt"/>
        <line num="280" count="35" type="stmt"/>
        <line num="283" count="32" type="stmt"/>
        <line num="287" count="17" type="stmt"/>
        <line num="297" count="2" type="stmt"/>
        <line num="298" count="4" type="cond" truecount="4" falsecount="0"/>
        <line num="299" count="1" type="stmt"/>
        <line num="301" count="3" type="cond" truecount="2" falsecount="0"/>
        <line num="306" count="1" type="stmt"/>
        <line num="308" count="2" type="stmt"/>
        <line num="324" count="2" type="stmt"/>
        <line num="325" count="11" type="cond" truecount="4" falsecount="0"/>
        <line num="326" count="1" type="stmt"/>
        <line num="330" count="10" type="stmt"/>
        <line num="332" count="9" type="stmt"/>
        <line num="335" count="10" type="stmt"/>
        <line num="352" count="2" type="stmt"/>
        <line num="353" count="48" type="cond" truecount="4" falsecount="0"/>
        <line num="354" count="1" type="stmt"/>
        <line num="356" count="47" type="cond" truecount="4" falsecount="0"/>
        <line num="357" count="1" type="stmt"/>
        <line num="360" count="1" type="stmt"/>
        <line num="362" count="46" type="stmt"/>
        <line num="363" count="46" type="stmt"/>
        <line num="364" count="46" type="cond" truecount="2" falsecount="0"/>
        <line num="365" count="44" type="stmt"/>
        <line num="366" count="44" type="stmt"/>
        <line num="367" count="44" type="cond" truecount="4" falsecount="0"/>
        <line num="368" count="1" type="stmt"/>
        <line num="372" count="44" type="stmt"/>
        <line num="380" count="46" type="cond" truecount="2" falsecount="0"/>
        <line num="381" count="38" type="stmt"/>
        <line num="383" count="46" type="stmt"/>
        <line num="394" count="2" type="stmt"/>
        <line num="395" count="10" type="stmt"/>
        <line num="396" count="10" type="stmt"/>
        <line num="397" count="10" type="stmt"/>
        <line num="398" count="10" type="cond" truecount="2" falsecount="0"/>
        <line num="399" count="9" type="stmt"/>
        <line num="400" count="9" type="stmt"/>
        <line num="401" count="9" type="cond" truecount="2" falsecount="0"/>
        <line num="402" count="8" type="stmt"/>
        <line num="403" count="8" type="stmt"/>
        <line num="404" count="8" type="cond" truecount="4" falsecount="0"/>
        <line num="405" count="1" type="stmt"/>
        <line num="409" count="8" type="stmt"/>
        <line num="411" count="9" type="cond" truecount="2" falsecount="0"/>
        <line num="412" count="6" type="stmt"/>
        <line num="414" count="9" type="stmt"/>
        <line num="425" count="24" type="stmt"/>
        <line num="433" count="4" type="stmt"/>
        <line num="441" count="2" type="stmt"/>
        <line num="449" count="2" type="stmt"/>
        <line num="457" count="2" type="stmt"/>
        <line num="465" count="2" type="stmt"/>
        <line num="473" count="2" type="stmt"/>
        <line num="481" count="3" type="stmt"/>
      </file>
      <file name="symbols.js" path="/home/runner/work/slimlib/slimlib/element/src/symbols.js">
        <metrics statements="1" coveredstatements="1" conditionals="0" coveredconditionals="0" methods="0" coveredmethods="0"/>
        <line num="23" count="2" type="stmt"/>
      </file>
    </package>
    <package name="src.middleware">
      <metrics statements="127" coveredstatements="114" conditionals="64" coveredconditionals="56" methods="51" coveredmethods="51"/>
      <file name="attributes.js" path="/home/runner/work/slimlib/slimlib/element/src/middleware/attributes.js">
        <metrics statements="40" coveredstatements="40" conditionals="26" coveredconditionals="26" methods="16" coveredmethods="16"/>
        <line num="33" count="2" type="stmt"/>
        <line num="34" count="22" type="stmt"/>
        <line num="35" count="22" type="stmt"/>
        <line num="36" count="22" type="stmt"/>
        <line num="38" count="22" type="stmt"/>
        <line num="39" count="22" type="stmt"/>
        <line num="42" count="22" type="stmt"/>
        <line num="43" count="21" type="stmt"/>
        <line num="45" count="20" type="stmt"/>
        <line num="49" count="21" type="stmt"/>
        <line num="51" count="21" type="cond" truecount="2" falsecount="0"/>
        <line num="52" count="12" type="stmt"/>
        <line num="53" count="13" type="cond" truecount="2" falsecount="0"/>
        <line num="54" count="11" type="stmt"/>
        <line num="55" count="11" type="cond" truecount="2" falsecount="0"/>
        <line num="56" count="1" type="stmt"/>
        <line num="63" count="13" type="stmt"/>
        <line num="65" count="13" type="stmt"/>
        <line num="66" count="13" type="stmt"/>
        <line num="67" count="13" type="stmt"/>
        <line num="68" count="13" type="stmt"/>
        <line num="69" count="13" type="stmt"/>
        <line num="70" count="13" type="stmt"/>
        <line num="71" count="13" type="stmt"/>
        <line num="72" count="24" type="stmt"/>
        <line num="75" count="24" type="cond" truecount="4" falsecount="0"/>
        <line num="76" count="19" type="stmt"/>
        <line num="77" count="19" type="cond" truecount="2" falsecount="0"/>
        <line num="78" count="1" type="stmt"/>
        <line num="83" count="23" type="cond" truecount="2" falsecount="0"/>
        <line num="84" count="5" type="cond" truecount="2" falsecount="0"/>
        <line num="85" count="2" type="stmt"/>
        <line num="87" count="18" type="cond" truecount="2" falsecount="0"/>
        <line num="91" count="17" type="stmt"/>
        <line num="109" count="28" type="stmt"/>
        <line num="116" count="2" type="stmt"/>
        <line num="117" count="27" type="cond" truecount="2" falsecount="0"/>
        <line num="118" count="26" type="cond" truecount="2" falsecount="0"/>
        <line num="122" count="7" type="cond" truecount="2" falsecount="0"/>
        <line num="125" count="11" type="cond" truecount="2" falsecount="0"/>
      </file>
      <file name="context-provider.js" path="/home/runner/work/slimlib/slimlib/element/src/middleware/context-provider.js">
        <metrics statements="10" coveredstatements="9" conditionals="2" coveredconditionals="1" methods="4" coveredmethods="4"/>
        <line num="29" count="9" type="stmt"/>
        <line num="30" count="9" type="stmt"/>
        <line num="35" count="10" type="stmt"/>
        <line num="36" count="10" type="stmt"/>
        <line num="37" count="10" type="stmt"/>
        <line num="38" count="9" type="stmt"/>
        <line num="39" count="9" type="cond" truecount="1" falsecount="1"/>
        <line num="40" count="0" type="stmt"/>
        <line num="42" count="9" type="stmt"/>
        <line num="43" count="9" type="stmt"/>
      </file>
      <file name="disabled-features.js" path="/home/runner/work/slimlib/slimlib/element/src/middleware/disabled-features.js">
        <metrics statements="3" coveredstatements="3" conditionals="0" coveredconditionals="0" methods="2" coveredmethods="2"/>
        <line num="7" count="2" type="stmt"/>
        <line num="8" count="1" type="stmt"/>
        <line num="9" count="1" type="stmt"/>
      </file>
      <file name="form-associated.js" path="/home/runner/work/slimlib/slimlib/element/src/middleware/form-associated.js">
        <metrics statements="11" coveredstatements="11" conditionals="0" coveredconditionals="0" methods="6" coveredmethods="6"/>
        <line num="10" count="8" type="stmt"/>
        <line num="12" count="8" type="stmt"/>
        <line num="15" count="6" type="stmt"/>
        <line num="17" count="6" type="stmt"/>
        <line num="19" count="6" type="stmt"/>
        <line num="21" count="6" type="stmt"/>
        <line num="24" count="6" type="stmt"/>
        <line num="28" count="2" type="stmt"/>
        <line num="32" count="1" type="stmt"/>
        <line num="36" count="2" type="stmt"/>
        <line num="40" count="8" type="stmt"/>
      </file>
      <file name="on-adopted.js" path="/home/runner/work/slimlib/slimlib/element/src/middleware/on-adopted.js">
        <metrics statements="4" coveredstatements="4" conditionals="0" coveredconditionals="0" methods="3" coveredmethods="3"/>
        <line num="10" count="3" type="stmt"/>
        <line num="11" count="3" type="stmt"/>
        <line num="13" count="2" type="stmt"/>
        <line num="16" count="2" type="stmt"/>
      </file>
      <file name="on-move.js" path="/home/runner/work/slimlib/slimlib/element/src/middleware/on-move.js">
        <metrics statements="4" coveredstatements="4" conditionals="0" coveredconditionals="0" methods="3" coveredmethods="3"/>
        <line num="10" count="3" type="stmt"/>
        <line num="11" count="3" type="stmt"/>
        <line num="13" count="2" type="stmt"/>
        <line num="16" count="2" type="stmt"/>
      </file>
      <file name="root-context-provider.js" path="/home/runner/work/slimlib/slimlib/element/src/middleware/root-context-provider.js">
        <metrics statements="22" coveredstatements="22" conditionals="8" coveredconditionals="7" methods="6" coveredmethods="6"/>
        <line num="21" count="2" type="stmt"/>
        <line num="22" count="2" type="stmt"/>
        <line num="40" count="5" type="stmt"/>
        <line num="41" count="5" type="stmt"/>
        <line num="42" count="5" type="stmt"/>
        <line num="45" count="6" type="stmt"/>
        <line num="48" count="6" type="stmt"/>
        <line num="49" count="6" type="stmt"/>
        <line num="50" count="13" type="stmt"/>
        <line num="53" count="13" type="cond" truecount="4" falsecount="0"/>
        <line num="54" count="8" type="stmt"/>
        <line num="56" count="5" type="stmt"/>
        <line num="57" count="5" type="stmt"/>
        <line num="62" count="6" type="cond" truecount="1" falsecount="1"/>
        <line num="63" count="6" type="stmt"/>
        <line num="64" count="6" type="stmt"/>
        <line num="67" count="6" type="stmt"/>
        <line num="69" count="2" type="stmt"/>
        <line num="72" count="6" type="cond" truecount="2" falsecount="0"/>
        <line num="73" count="4" type="stmt"/>
        <line num="74" count="4" type="stmt"/>
        <line num="77" count="6" type="stmt"/>
      </file>
      <file name="with-internals.js" path="/home/runner/work/slimlib/slimlib/element/src/middleware/with-internals.js">
        <metrics statements="3" coveredstatements="3" conditionals="0" coveredconditionals="0" methods="2" coveredmethods="2"/>
        <line num="7" count="7" type="stmt"/>
        <line num="8" count="7" type="stmt"/>
        <line num="9" count="7" type="stmt"/>
      </file>
      <file name="with-validation.js" path="/home/runner/work/slimlib/slimlib/element/src/middleware/with-validation.js">
        <metrics statements="30" coveredstatements="18" conditionals="28" coveredconditionals="22" methods="9" coveredmethods="9"/>
        <line num="21" count="2" type="stmt"/>
        <line num="22" count="2" type="stmt"/>
        <line num="24" count="1" type="cond" truecount="1" falsecount="1"/>
        <line num="28" count="0" type="stmt"/>
        <line num="29" count="0" type="stmt"/>
        <line num="31" count="1" type="stmt"/>
        <line num="37" count="1" type="cond" truecount="1" falsecount="1"/>
        <line num="41" count="0" type="stmt"/>
        <line num="42" count="0" type="stmt"/>
        <line num="44" count="1" type="stmt"/>
        <line num="50" count="1" type="cond" truecount="1" falsecount="1"/>
        <line num="54" count="0" type="stmt"/>
        <line num="55" count="0" type="stmt"/>
        <line num="57" count="1" type="stmt"/>
        <line num="63" count="2" type="cond" truecount="1" falsecount="1"/>
        <line num="67" count="0" type="stmt"/>
        <line num="68" count="0" type="stmt"/>
        <line num="70" count="2" type="stmt"/>
        <line num="76" count="1" type="cond" truecount="1" falsecount="1"/>
        <line num="80" count="0" type="stmt"/>
        <line num="81" count="0" type="stmt"/>
        <line num="83" count="1" type="stmt"/>
        <line num="89" count="2" type="cond" truecount="2" falsecount="0"/>
        <line num="93" count="1" type="stmt"/>
        <line num="94" count="1" type="stmt"/>
        <line num="96" count="1" type="stmt"/>
        <line num="102" count="1" type="cond" truecount="1" falsecount="1"/>
        <line num="106" count="0" type="stmt"/>
        <line num="107" count="0" type="stmt"/>
        <line num="109" count="1" type="stmt"/>
      </file>
    </package>
    <package name="src.utils">
      <metrics statements="19" coveredstatements="19" conditionals="4" coveredconditionals="4" methods="2" coveredmethods="2"/>
      <file name="context-request-event.js" path="/home/runner/work/slimlib/slimlib/element/src/utils/context-request-event.js">
        <metrics statements="4" coveredstatements="4" conditionals="0" coveredconditionals="0" methods="1" coveredmethods="1"/>
        <line num="24" count="19" type="stmt"/>
        <line num="25" count="19" type="stmt"/>
        <line num="26" count="19" type="stmt"/>
        <line num="27" count="19" type="stmt"/>
      </file>
      <file name="pubsub.js" path="/home/runner/work/slimlib/slimlib/element/src/utils/pubsub.js">
        <metrics statements="15" coveredstatements="15" conditionals="4" coveredconditionals="4" methods="1" coveredmethods="1"/>
        <line num="38" count="2" type="stmt"/>
        <line num="39" count="410" type="stmt"/>
        <line num="40" count="410" type="stmt"/>
        <line num="41" count="410" type="stmt"/>
        <line num="42" count="410" type="stmt"/>
        <line num="43" count="410" type="stmt"/>
        <line num="44" count="90" type="stmt"/>
        <line num="45" count="90" type="stmt"/>
        <line num="46" count="90" type="cond" truecount="4" falsecount="0"/>
        <line num="47" count="85" type="stmt"/>
        <line num="48" count="85" type="stmt"/>
        <line num="49" count="85" type="stmt"/>
        <line num="51" count="2" type="stmt"/>
        <line num="54" count="5" type="stmt"/>
        <line num="57" count="410" type="stmt"/>
      </file>
    </package>
  </project>
</coverage>
