<?xml version="1.0" encoding="UTF-8"?>
<coverage generated="1780570720083" clover="3.2.0">
  <project timestamp="1780570720083" name="All files">
    <metrics statements="219" coveredstatements="207" conditionals="120" coveredconditionals="114" methods="67" coveredmethods="67" elements="406" coveredelements="388" complexity="0" loc="219" ncloc="219" packages="3" files="10" classes="10"/>
    <package name="src">
      <metrics statements="109" coveredstatements="109" conditionals="62" coveredconditionals="62" methods="25" coveredmethods="25"/>
      <file name="index.js" path="/home/runner/work/slimlib/slimlib/element/src/index.js">
        <metrics statements="108" coveredstatements="108" conditionals="62" coveredconditionals="62" methods="25" coveredmethods="25"/>
        <line num="47" count="2" type="stmt"/>
        <line num="75" count="2" type="cond" truecount="1" falsecount="0"/>
        <line num="76" count="70" type="cond" truecount="2" falsecount="0"/>
        <line num="77" count="70" type="cond" truecount="5" falsecount="0"/>
        <line num="78" count="1" type="stmt"/>
        <line num="80" count="69" type="cond" truecount="2" falsecount="0"/>
        <line num="81" count="70" type="cond" truecount="2" falsecount="0"/>
        <line num="83" count="70" type="stmt"/>
        <line num="84" count="70" type="stmt"/>
        <line num="108" count="2" type="stmt"/>
        <line num="109" count="65" type="stmt"/>
        <line num="113" count="65" type="cond" truecount="2" falsecount="0"/>
        <line num="114" count="58" type="stmt"/>
        <line num="117" count="64" type="stmt"/>
        <line num="144" count="2" type="stmt"/>
        <line num="146" count="3" type="stmt"/>
        <line num="148" count="3" type="stmt"/>
        <line num="153" count="3" type="cond" truecount="2" falsecount="0"/>
        <line num="154" count="2" type="stmt"/>
        <line num="157" count="3" type="stmt"/>
        <line num="165" count="2" type="stmt"/>
        <line num="166" count="283" type="stmt"/>
        <line num="167" count="60" type="stmt"/>
        <line num="175" count="2" type="stmt"/>
        <line num="176" count="69" type="stmt"/>
        <line num="177" count="63" type="stmt"/>
        <line num="179" count="63" type="stmt"/>
        <line num="182" count="63" type="stmt"/>
        <line num="184" count="63" type="stmt"/>
        <line num="186" count="63" type="stmt"/>
        <line num="188" count="63" type="stmt"/>
        <line num="189" count="63" type="stmt"/>
        <line num="192" count="76" type="cond" truecount="2" falsecount="0"/>
        <line num="193" count="69" type="stmt"/>
        <line num="194" count="69" type="stmt"/>
        <line num="195" count="69" type="stmt"/>
        <line num="196" count="69" type="stmt"/>
        <line num="197" count="69" type="stmt"/>
        <line num="200" count="69" type="stmt"/>
        <line num="201" count="69" type="stmt"/>
        <line num="203" count="76" type="stmt"/>
        <line num="207" count="76" type="stmt"/>
        <line num="208" count="76" type="stmt"/>
        <line num="209" count="76" type="cond" truecount="4" falsecount="0"/>
        <line num="210" count="69" type="stmt"/>
        <line num="211" count="69" type="stmt"/>
        <line num="212" count="69" type="stmt"/>
        <line num="213" count="69" type="stmt"/>
        <line num="214" count="69" type="stmt"/>
        <line num="232" count="2" type="stmt"/>
        <line num="233" count="19" type="cond" truecount="4" falsecount="0"/>
        <line num="234" count="1" type="stmt"/>
        <line num="236" count="18" type="stmt"/>
        <line num="237" count="18" type="stmt"/>
        <line num="238" count="18" type="cond" truecount="2" falsecount="0"/>
        <line num="239" count="3" type="stmt"/>
        <line num="240" count="3" type="stmt"/>
        <line num="242" count="17" type="stmt"/>
        <line num="246" count="35" type="stmt"/>
        <line num="249" count="32" type="stmt"/>
        <line num="253" count="17" type="stmt"/>
        <line num="263" count="2" type="stmt"/>
        <line num="264" count="4" type="cond" truecount="4" falsecount="0"/>
        <line num="265" count="1" type="stmt"/>
        <line num="267" count="3" type="cond" truecount="2" falsecount="0"/>
        <line num="272" count="1" type="stmt"/>
        <line num="274" count="2" type="stmt"/>
        <line num="293" count="2" type="stmt"/>
        <line num="294" count="48" type="cond" truecount="4" falsecount="0"/>
        <line num="295" count="1" type="stmt"/>
        <line num="297" count="47" type="cond" truecount="4" falsecount="0"/>
        <line num="298" count="1" type="stmt"/>
        <line num="301" count="1" type="stmt"/>
        <line num="303" count="46" type="stmt"/>
        <line num="304" count="46" type="stmt"/>
        <line num="305" count="46" type="cond" truecount="2" falsecount="0"/>
        <line num="306" count="44" type="stmt"/>
        <line num="307" count="44" type="stmt"/>
        <line num="308" count="44" type="cond" truecount="4" falsecount="0"/>
        <line num="309" count="1" type="stmt"/>
        <line num="313" count="44" type="stmt"/>
        <line num="321" count="46" type="cond" truecount="2" falsecount="0"/>
        <line num="322" count="38" type="stmt"/>
        <line num="324" count="46" type="stmt"/>
        <line num="335" count="2" type="stmt"/>
        <line num="336" count="10" type="stmt"/>
        <line num="337" count="10" type="stmt"/>
        <line num="338" count="10" type="stmt"/>
        <line num="339" count="10" type="cond" truecount="2" falsecount="0"/>
        <line num="340" count="9" type="stmt"/>
        <line num="341" count="9" type="stmt"/>
        <line num="342" count="9" type="cond" truecount="2" falsecount="0"/>
        <line num="343" count="8" type="stmt"/>
        <line num="344" count="8" type="stmt"/>
        <line num="345" count="8" type="cond" truecount="4" falsecount="0"/>
        <line num="346" count="1" type="stmt"/>
        <line num="350" count="8" type="stmt"/>
        <line num="352" count="9" type="cond" truecount="2" falsecount="0"/>
        <line num="353" count="6" type="stmt"/>
        <line num="355" count="9" type="stmt"/>
        <line num="366" count="24" type="stmt"/>
        <line num="374" count="4" type="stmt"/>
        <line num="382" count="2" type="stmt"/>
        <line num="390" count="2" type="stmt"/>
        <line num="398" count="2" type="stmt"/>
        <line num="406" count="2" type="stmt"/>
        <line num="414" count="2" type="stmt"/>
        <line num="422" count="3" type="stmt"/>
      </file>
      <file name="symbols.js" path="/home/runner/work/slimlib/slimlib/element/src/symbols.js">
        <metrics statements="1" coveredstatements="1" conditionals="0" coveredconditionals="0" methods="0" coveredmethods="0"/>
        <line num="23" count="2" type="stmt"/>
      </file>
    </package>
    <package name="src.middleware">
      <metrics statements="95" coveredstatements="83" conditionals="54" coveredconditionals="48" methods="41" coveredmethods="41"/>
      <file name="attributes.js" path="/home/runner/work/slimlib/slimlib/element/src/middleware/attributes.js">
        <metrics statements="40" coveredstatements="40" conditionals="26" coveredconditionals="26" methods="16" coveredmethods="16"/>
        <line num="33" count="2" type="stmt"/>
        <line num="34" count="22" type="stmt"/>
        <line num="35" count="22" type="stmt"/>
        <line num="36" count="22" type="stmt"/>
        <line num="38" count="22" type="stmt"/>
        <line num="39" count="22" type="stmt"/>
        <line num="42" count="22" type="stmt"/>
        <line num="43" count="21" type="stmt"/>
        <line num="45" count="20" type="stmt"/>
        <line num="49" count="21" type="stmt"/>
        <line num="51" count="21" type="cond" truecount="2" falsecount="0"/>
        <line num="52" count="12" type="stmt"/>
        <line num="53" count="13" type="cond" truecount="2" falsecount="0"/>
        <line num="54" count="11" type="stmt"/>
        <line num="55" count="11" type="cond" truecount="2" falsecount="0"/>
        <line num="56" count="1" type="stmt"/>
        <line num="63" count="13" type="stmt"/>
        <line num="65" count="13" type="stmt"/>
        <line num="66" count="13" type="stmt"/>
        <line num="67" count="13" type="stmt"/>
        <line num="68" count="13" type="stmt"/>
        <line num="69" count="13" type="stmt"/>
        <line num="70" count="13" type="stmt"/>
        <line num="71" count="13" type="stmt"/>
        <line num="72" count="24" type="stmt"/>
        <line num="75" count="24" type="cond" truecount="4" falsecount="0"/>
        <line num="76" count="19" type="stmt"/>
        <line num="77" count="19" type="cond" truecount="2" falsecount="0"/>
        <line num="78" count="1" type="stmt"/>
        <line num="83" count="23" type="cond" truecount="2" falsecount="0"/>
        <line num="84" count="5" type="cond" truecount="2" falsecount="0"/>
        <line num="85" count="2" type="stmt"/>
        <line num="87" count="18" type="cond" truecount="2" falsecount="0"/>
        <line num="91" count="17" type="stmt"/>
        <line num="109" count="28" type="stmt"/>
        <line num="116" count="2" type="stmt"/>
        <line num="117" count="27" type="cond" truecount="2" falsecount="0"/>
        <line num="118" count="26" type="cond" truecount="2" falsecount="0"/>
        <line num="122" count="7" type="cond" truecount="2" falsecount="0"/>
        <line num="125" count="11" type="cond" truecount="2" falsecount="0"/>
      </file>
      <file name="disabled-features.js" path="/home/runner/work/slimlib/slimlib/element/src/middleware/disabled-features.js">
        <metrics statements="3" coveredstatements="3" conditionals="0" coveredconditionals="0" methods="2" coveredmethods="2"/>
        <line num="7" count="2" type="stmt"/>
        <line num="8" count="1" type="stmt"/>
        <line num="9" count="1" type="stmt"/>
      </file>
      <file name="form-associated.js" path="/home/runner/work/slimlib/slimlib/element/src/middleware/form-associated.js">
        <metrics statements="11" coveredstatements="11" conditionals="0" coveredconditionals="0" methods="6" coveredmethods="6"/>
        <line num="10" count="8" type="stmt"/>
        <line num="12" count="8" type="stmt"/>
        <line num="15" count="6" type="stmt"/>
        <line num="17" count="6" type="stmt"/>
        <line num="19" count="6" type="stmt"/>
        <line num="21" count="6" type="stmt"/>
        <line num="24" count="6" type="stmt"/>
        <line num="28" count="2" type="stmt"/>
        <line num="32" count="1" type="stmt"/>
        <line num="36" count="2" type="stmt"/>
        <line num="40" count="8" type="stmt"/>
      </file>
      <file name="on-adopted.js" path="/home/runner/work/slimlib/slimlib/element/src/middleware/on-adopted.js">
        <metrics statements="4" coveredstatements="4" conditionals="0" coveredconditionals="0" methods="3" coveredmethods="3"/>
        <line num="10" count="3" type="stmt"/>
        <line num="11" count="3" type="stmt"/>
        <line num="13" count="2" type="stmt"/>
        <line num="16" count="2" type="stmt"/>
      </file>
      <file name="on-move.js" path="/home/runner/work/slimlib/slimlib/element/src/middleware/on-move.js">
        <metrics statements="4" coveredstatements="4" conditionals="0" coveredconditionals="0" methods="3" coveredmethods="3"/>
        <line num="10" count="3" type="stmt"/>
        <line num="11" count="3" type="stmt"/>
        <line num="13" count="2" type="stmt"/>
        <line num="16" count="2" type="stmt"/>
      </file>
      <file name="with-internals.js" path="/home/runner/work/slimlib/slimlib/element/src/middleware/with-internals.js">
        <metrics statements="3" coveredstatements="3" conditionals="0" coveredconditionals="0" methods="2" coveredmethods="2"/>
        <line num="7" count="7" type="stmt"/>
        <line num="8" count="7" type="stmt"/>
        <line num="9" count="7" type="stmt"/>
      </file>
      <file name="with-validation.js" path="/home/runner/work/slimlib/slimlib/element/src/middleware/with-validation.js">
        <metrics statements="30" coveredstatements="18" conditionals="28" coveredconditionals="22" methods="9" coveredmethods="9"/>
        <line num="21" count="2" type="stmt"/>
        <line num="22" count="2" type="stmt"/>
        <line num="24" count="1" type="cond" truecount="1" falsecount="1"/>
        <line num="28" count="0" type="stmt"/>
        <line num="29" count="0" type="stmt"/>
        <line num="31" count="1" type="stmt"/>
        <line num="37" count="1" type="cond" truecount="1" falsecount="1"/>
        <line num="41" count="0" type="stmt"/>
        <line num="42" count="0" type="stmt"/>
        <line num="44" count="1" type="stmt"/>
        <line num="50" count="1" type="cond" truecount="1" falsecount="1"/>
        <line num="54" count="0" type="stmt"/>
        <line num="55" count="0" type="stmt"/>
        <line num="57" count="1" type="stmt"/>
        <line num="63" count="2" type="cond" truecount="1" falsecount="1"/>
        <line num="67" count="0" type="stmt"/>
        <line num="68" count="0" type="stmt"/>
        <line num="70" count="2" type="stmt"/>
        <line num="76" count="1" type="cond" truecount="1" falsecount="1"/>
        <line num="80" count="0" type="stmt"/>
        <line num="81" count="0" type="stmt"/>
        <line num="83" count="1" type="stmt"/>
        <line num="89" count="2" type="cond" truecount="2" falsecount="0"/>
        <line num="93" count="1" type="stmt"/>
        <line num="94" count="1" type="stmt"/>
        <line num="96" count="1" type="stmt"/>
        <line num="102" count="1" type="cond" truecount="1" falsecount="1"/>
        <line num="106" count="0" type="stmt"/>
        <line num="107" count="0" type="stmt"/>
        <line num="109" count="1" type="stmt"/>
      </file>
    </package>
    <package name="src.utils">
      <metrics statements="15" coveredstatements="15" conditionals="4" coveredconditionals="4" methods="1" coveredmethods="1"/>
      <file name="pubsub.js" path="/home/runner/work/slimlib/slimlib/element/src/utils/pubsub.js">
        <metrics statements="15" coveredstatements="15" conditionals="4" coveredconditionals="4" methods="1" coveredmethods="1"/>
        <line num="38" count="2" type="stmt"/>
        <line num="39" count="306" type="stmt"/>
        <line num="40" count="306" type="stmt"/>
        <line num="41" count="306" type="stmt"/>
        <line num="42" count="306" type="stmt"/>
        <line num="43" count="306" type="stmt"/>
        <line num="44" count="90" type="stmt"/>
        <line num="45" count="90" type="stmt"/>
        <line num="46" count="90" type="cond" truecount="4" falsecount="0"/>
        <line num="47" count="85" type="stmt"/>
        <line num="48" count="85" type="stmt"/>
        <line num="49" count="85" type="stmt"/>
        <line num="51" count="2" type="stmt"/>
        <line num="54" count="5" type="stmt"/>
        <line num="57" count="306" type="stmt"/>
      </file>
    </package>
  </project>
</coverage>
