{"/home/runner/work/slimlib/slimlib/element/src/index.js": {"path":"/home/runner/work/slimlib/slimlib/element/src/index.js","statementMap":{"0":{"start":{"line":63,"column":14},"end":{"line":63,"column":22}},"1":{"start":{"line":78,"column":29},"end":{"line":78,"column":84}},"2":{"start":{"line":78,"column":80},"end":{"line":78,"column":83}},"3":{"start":{"line":109,"column":35},"end":{"line":119,"column":1}},"4":{"start":{"line":110,"column":26},"end":{"line":110,"column":95}},"5":{"start":{"line":111,"column":4},"end":{"line":113,"column":null}},"6":{"start":{"line":112,"column":8},"end":{"line":112,"column":null}},"7":{"start":{"line":114,"column":54},"end":{"line":114,"column":102}},"8":{"start":{"line":115,"column":48},"end":{"line":115,"column":87}},"9":{"start":{"line":117,"column":31},"end":{"line":117,"column":78}},"10":{"start":{"line":118,"column":4},"end":{"line":118,"column":null}},"11":{"start":{"line":118,"column":68},"end":{"line":118,"column":100}},"12":{"start":{"line":142,"column":29},"end":{"line":152,"column":1}},"13":{"start":{"line":143,"column":29},"end":{"line":146,"column":5}},"14":{"start":{"line":147,"column":4},"end":{"line":149,"column":null}},"15":{"start":{"line":148,"column":8},"end":{"line":148,"column":null}},"16":{"start":{"line":151,"column":4},"end":{"line":151,"column":null}},"17":{"start":{"line":178,"column":36},"end":{"line":192,"column":1}},"18":{"start":{"line":180,"column":32},"end":{"line":180,"column":81}},"19":{"start":{"line":182,"column":29},"end":{"line":186,"column":5}},"20":{"start":{"line":187,"column":4},"end":{"line":189,"column":null}},"21":{"start":{"line":188,"column":8},"end":{"line":188,"column":null}},"22":{"start":{"line":191,"column":4},"end":{"line":191,"column":null}},"23":{"start":{"line":199,"column":32},"end":{"line":202,"column":1}},"24":{"start":{"line":200,"column":22},"end":{"line":200,"column":107}},"25":{"start":{"line":200,"column":83},"end":{"line":200,"column":106}},"26":{"start":{"line":201,"column":4},"end":{"line":201,"column":null}},"27":{"start":{"line":209,"column":31},"end":{"line":251,"column":5}},"28":{"start":{"line":210,"column":4},"end":{"line":251,"column":5}},"29":{"start":{"line":211,"column":19},"end":{"line":211,"column":24}},"30":{"start":{"line":213,"column":25},"end":{"line":213,"column":29}},"31":{"start":{"line":216,"column":18},"end":{"line":216,"column":20}},"32":{"start":{"line":218,"column":20},"end":{"line":218,"column":22}},"33":{"start":{"line":220,"column":20},"end":{"line":220,"column":22}},"34":{"start":{"line":222,"column":23},"end":{"line":222,"column":25}},"35":{"start":{"line":223,"column":30},"end":{"line":223,"column":31}},"36":{"start":{"line":226,"column":12},"end":{"line":236,"column":null}},"37":{"start":{"line":227,"column":16},"end":{"line":227,"column":null}},"38":{"start":{"line":228,"column":37},"end":{"line":228,"column":48}},"39":{"start":{"line":229,"column":16},"end":{"line":229,"column":null}},"40":{"start":{"line":230,"column":16},"end":{"line":233,"column":null}},"41":{"start":{"line":231,"column":51},"end":{"line":231,"column":121}},"42":{"start":{"line":234,"column":16},"end":{"line":234,"column":null}},"43":{"start":{"line":235,"column":16},"end":{"line":235,"column":null}},"44":{"start":{"line":237,"column":12},"end":{"line":237,"column":null}},"45":{"start":{"line":241,"column":12},"end":{"line":241,"column":null}},"46":{"start":{"line":242,"column":12},"end":{"line":242,"column":null}},"47":{"start":{"line":243,"column":12},"end":{"line":249,"column":null}},"48":{"start":{"line":244,"column":16},"end":{"line":244,"column":null}},"49":{"start":{"line":245,"column":16},"end":{"line":245,"column":null}},"50":{"start":{"line":246,"column":16},"end":{"line":246,"column":null}},"51":{"start":{"line":247,"column":16},"end":{"line":247,"column":null}},"52":{"start":{"line":248,"column":38},"end":{"line":248,"column":null}},"53":{"start":{"line":266,"column":21},"end":{"line":288,"column":1}},"54":{"start":{"line":267,"column":4},"end":{"line":269,"column":null}},"55":{"start":{"line":268,"column":8},"end":{"line":268,"column":null}},"56":{"start":{"line":270,"column":48},"end":{"line":270,"column":67}},"57":{"start":{"line":271,"column":4},"end":{"line":286,"column":null}},"58":{"start":{"line":272,"column":8},"end":{"line":275,"column":null}},"59":{"start":{"line":273,"column":51},"end":{"line":273,"column":null}},"60":{"start":{"line":274,"column":12},"end":{"line":274,"column":null}},"61":{"start":{"line":276,"column":8},"end":{"line":285,"column":null}},"62":{"start":{"line":280,"column":16},"end":{"line":280,"column":null}},"63":{"start":{"line":283,"column":55},"end":{"line":283,"column":null}},"64":{"start":{"line":287,"column":4},"end":{"line":287,"column":null}},"65":{"start":{"line":297,"column":25},"end":{"line":311,"column":1}},"66":{"start":{"line":298,"column":4},"end":{"line":300,"column":null}},"67":{"start":{"line":299,"column":8},"end":{"line":299,"column":null}},"68":{"start":{"line":301,"column":4},"end":{"line":307,"column":null}},"69":{"start":{"line":306,"column":8},"end":{"line":306,"column":null}},"70":{"start":{"line":308,"column":4},"end":{"line":310,"column":null}},"71":{"start":{"line":324,"column":30},"end":{"line":336,"column":1}},"72":{"start":{"line":325,"column":4},"end":{"line":327,"column":null}},"73":{"start":{"line":326,"column":8},"end":{"line":326,"column":null}},"74":{"start":{"line":330,"column":31},"end":{"line":334,"column":null}},"75":{"start":{"line":332,"column":12},"end":{"line":332,"column":null}},"76":{"start":{"line":335,"column":4},"end":{"line":335,"column":null}},"77":{"start":{"line":352,"column":29},"end":{"line":384,"column":1}},"78":{"start":{"line":353,"column":4},"end":{"line":355,"column":null}},"79":{"start":{"line":354,"column":8},"end":{"line":354,"column":null}},"80":{"start":{"line":356,"column":4},"end":{"line":361,"column":null}},"81":{"start":{"line":357,"column":8},"end":{"line":359,"column":null}},"82":{"start":{"line":360,"column":8},"end":{"line":360,"column":null}},"83":{"start":{"line":362,"column":82},"end":{"line":362,"column":100}},"84":{"start":{"line":363,"column":102},"end":{"line":363,"column":110}},"85":{"start":{"line":364,"column":4},"end":{"line":373,"column":null}},"86":{"start":{"line":365,"column":115},"end":{"line":365,"column":123}},"87":{"start":{"line":366,"column":25},"end":{"line":366,"column":41}},"88":{"start":{"line":367,"column":8},"end":{"line":371,"column":null}},"89":{"start":{"line":368,"column":12},"end":{"line":370,"column":null}},"90":{"start":{"line":372,"column":8},"end":{"line":372,"column":null}},"91":{"start":{"line":380,"column":4},"end":{"line":382,"column":null}},"92":{"start":{"line":381,"column":8},"end":{"line":381,"column":null}},"93":{"start":{"line":383,"column":4},"end":{"line":383,"column":null}},"94":{"start":{"line":394,"column":23},"end":{"line":417,"column":1}},"95":{"start":{"line":395,"column":17},"end":{"line":395,"column":28}},"96":{"start":{"line":396,"column":4},"end":{"line":416,"column":null}},"97":{"start":{"line":397,"column":24},"end":{"line":397,"column":34}},"98":{"start":{"line":398,"column":8},"end":{"line":415,"column":null}},"99":{"start":{"line":399,"column":90},"end":{"line":399,"column":105}},"100":{"start":{"line":400,"column":109},"end":{"line":400,"column":116}},"101":{"start":{"line":401,"column":12},"end":{"line":410,"column":null}},"102":{"start":{"line":402,"column":123},"end":{"line":402,"column":130}},"103":{"start":{"line":403,"column":33},"end":{"line":403,"column":49}},"104":{"start":{"line":404,"column":16},"end":{"line":408,"column":null}},"105":{"start":{"line":405,"column":20},"end":{"line":407,"column":null}},"106":{"start":{"line":409,"column":16},"end":{"line":409,"column":null}},"107":{"start":{"line":411,"column":12},"end":{"line":413,"column":null}},"108":{"start":{"line":412,"column":16},"end":{"line":412,"column":null}},"109":{"start":{"line":414,"column":12},"end":{"line":414,"column":null}},"110":{"start":{"line":425,"column":25},"end":{"line":425,"column":76}},"111":{"start":{"line":425,"column":37},"end":{"line":425,"column":76}},"112":{"start":{"line":433,"column":28},"end":{"line":433,"column":82}},"113":{"start":{"line":433,"column":40},"end":{"line":433,"column":82}},"114":{"start":{"line":441,"column":33},"end":{"line":441,"column":84}},"115":{"start":{"line":441,"column":45},"end":{"line":441,"column":84}},"116":{"start":{"line":449,"column":31},"end":{"line":449,"column":79}},"117":{"start":{"line":449,"column":43},"end":{"line":449,"column":79}},"118":{"start":{"line":457,"column":32},"end":{"line":457,"column":91}},"119":{"start":{"line":457,"column":44},"end":{"line":457,"column":91}},"120":{"start":{"line":465,"column":30},"end":{"line":465,"column":87}},"121":{"start":{"line":465,"column":42},"end":{"line":465,"column":87}},"122":{"start":{"line":473,"column":27},"end":{"line":473,"column":81}},"123":{"start":{"line":473,"column":39},"end":{"line":473,"column":81}},"124":{"start":{"line":481,"column":34},"end":{"line":481,"column":96}},"125":{"start":{"line":481,"column":46},"end":{"line":481,"column":96}}},"fnMap":{"0":{"name":"(anonymous_0)","decl":{"start":{"line":78,"column":29},"end":{"line":78,"column":32}},"loc":{"start":{"line":78,"column":80},"end":{"line":78,"column":83}},"line":78},"1":{"name":"(anonymous_1)","decl":{"start":{"line":109,"column":35},"end":{"line":109,"column":36}},"loc":{"start":{"line":109,"column":99},"end":{"line":119,"column":1}},"line":109},"2":{"name":"(anonymous_2)","decl":{"start":{"line":118,"column":30},"end":{"line":118,"column":31}},"loc":{"start":{"line":118,"column":68},"end":{"line":118,"column":100}},"line":118},"3":{"name":"(anonymous_3)","decl":{"start":{"line":142,"column":29},"end":{"line":142,"column":30}},"loc":{"start":{"line":142,"column":71},"end":{"line":152,"column":1}},"line":142},"4":{"name":"(anonymous_4)","decl":{"start":{"line":178,"column":36},"end":{"line":178,"column":37}},"loc":{"start":{"line":178,"column":93},"end":{"line":192,"column":1}},"line":178},"5":{"name":"(anonymous_5)","decl":{"start":{"line":199,"column":32},"end":{"line":199,"column":33}},"loc":{"start":{"line":199,"column":54},"end":{"line":202,"column":1}},"line":199},"6":{"name":"(anonymous_6)","decl":{"start":{"line":200,"column":48},"end":{"line":200,"column":49}},"loc":{"start":{"line":200,"column":83},"end":{"line":200,"column":106}},"line":200},"7":{"name":"(anonymous_7)","decl":{"start":{"line":209,"column":31},"end":{"line":209,"column":32}},"loc":{"start":{"line":210,"column":4},"end":{"line":251,"column":5}},"line":210},"8":{"name":"(anonymous_8)","decl":{"start":{"line":225,"column":8},"end":{"line":225,"column":25}},"loc":{"start":{"line":225,"column":28},"end":{"line":238,"column":null}},"line":225},"9":{"name":"(anonymous_9)","decl":{"start":{"line":231,"column":20},"end":{"line":231,"column":21}},"loc":{"start":{"line":231,"column":51},"end":{"line":231,"column":121}},"line":231},"10":{"name":"(anonymous_10)","decl":{"start":{"line":240,"column":14},"end":{"line":240,"column":34}},"loc":{"start":{"line":240,"column":37},"end":{"line":250,"column":null}},"line":240},"11":{"name":"(anonymous_11)","decl":{"start":{"line":266,"column":21},"end":{"line":266,"column":33}},"loc":{"start":{"line":266,"column":37},"end":{"line":288,"column":1}},"line":266},"12":{"name":"(anonymous_12)","decl":{"start":{"line":279,"column":12},"end":{"line":279,"column":15}},"loc":{"start":{"line":279,"column":18},"end":{"line":281,"column":13}},"line":279},"13":{"name":"(anonymous_13)","decl":{"start":{"line":282,"column":12},"end":{"line":282,"column":15}},"loc":{"start":{"line":282,"column":31},"end":{"line":284,"column":13}},"line":282},"14":{"name":"(anonymous_14)","decl":{"start":{"line":297,"column":25},"end":{"line":297,"column":26}},"loc":{"start":{"line":297,"column":31},"end":{"line":311,"column":1}},"line":297},"15":{"name":"(anonymous_15)","decl":{"start":{"line":324,"column":30},"end":{"line":324,"column":37}},"loc":{"start":{"line":324,"column":41},"end":{"line":336,"column":1}},"line":324},"16":{"name":"(anonymous_16)","decl":{"start":{"line":331,"column":41},"end":{"line":331,"column":54}},"loc":{"start":{"line":331,"column":58},"end":{"line":333,"column":9}},"line":331},"17":{"name":"(anonymous_17)","decl":{"start":{"line":352,"column":29},"end":{"line":352,"column":30}},"loc":{"start":{"line":352,"column":48},"end":{"line":384,"column":1}},"line":352},"18":{"name":"(anonymous_18)","decl":{"start":{"line":394,"column":23},"end":{"line":394,"column":31}},"loc":{"start":{"line":394,"column":35},"end":{"line":417,"column":1}},"line":394},"19":{"name":"(anonymous_19)","decl":{"start":{"line":396,"column":32},"end":{"line":396,"column":33}},"loc":{"start":{"line":396,"column":38},"end":{"line":416,"column":5}},"line":396},"20":{"name":"(anonymous_20)","decl":{"start":{"line":425,"column":25},"end":{"line":425,"column":33}},"loc":{"start":{"line":425,"column":37},"end":{"line":425,"column":76}},"line":425},"21":{"name":"(anonymous_21)","decl":{"start":{"line":433,"column":28},"end":{"line":433,"column":36}},"loc":{"start":{"line":433,"column":40},"end":{"line":433,"column":82}},"line":433},"22":{"name":"(anonymous_22)","decl":{"start":{"line":441,"column":33},"end":{"line":441,"column":41}},"loc":{"start":{"line":441,"column":45},"end":{"line":441,"column":84}},"line":441},"23":{"name":"(anonymous_23)","decl":{"start":{"line":449,"column":31},"end":{"line":449,"column":39}},"loc":{"start":{"line":449,"column":43},"end":{"line":449,"column":79}},"line":449},"24":{"name":"(anonymous_24)","decl":{"start":{"line":457,"column":32},"end":{"line":457,"column":40}},"loc":{"start":{"line":457,"column":44},"end":{"line":457,"column":91}},"line":457},"25":{"name":"(anonymous_25)","decl":{"start":{"line":465,"column":30},"end":{"line":465,"column":38}},"loc":{"start":{"line":465,"column":42},"end":{"line":465,"column":87}},"line":465},"26":{"name":"(anonymous_26)","decl":{"start":{"line":473,"column":27},"end":{"line":473,"column":35}},"loc":{"start":{"line":473,"column":39},"end":{"line":473,"column":81}},"line":473},"27":{"name":"(anonymous_27)","decl":{"start":{"line":481,"column":34},"end":{"line":481,"column":42}},"loc":{"start":{"line":481,"column":46},"end":{"line":481,"column":96}},"line":481}},"branchMap":{"0":{"loc":{"start":{"line":109,"column":69},"end":{"line":109,"column":94}},"type":"default-arg","locations":[{"start":{"line":109,"column":83},"end":{"line":109,"column":94}}],"line":109},"1":{"loc":{"start":{"line":110,"column":26},"end":{"line":110,"column":95}},"type":"binary-expr","locations":[{"start":{"line":110,"column":26},"end":{"line":110,"column":66}},{"start":{"line":110,"column":70},"end":{"line":110,"column":95}}],"line":110},"2":{"loc":{"start":{"line":111,"column":4},"end":{"line":113,"column":null}},"type":"if","locations":[{"start":{"line":111,"column":4},"end":{"line":113,"column":null}},{"start":{},"end":{}}],"line":111},"3":{"loc":{"start":{"line":111,"column":8},"end":{"line":111,"column":67}},"type":"binary-expr","locations":[{"start":{"line":111,"column":8},"end":{"line":111,"column":11}},{"start":{"line":111,"column":15},"end":{"line":111,"column":29}},{"start":{"line":111,"column":33},"end":{"line":111,"column":67}}],"line":111},"4":{"loc":{"start":{"line":114,"column":54},"end":{"line":114,"column":102}},"type":"cond-expr","locations":[{"start":{"line":114,"column":70},"end":{"line":114,"column":88}},{"start":{"line":114,"column":91},"end":{"line":114,"column":102}}],"line":114},"5":{"loc":{"start":{"line":115,"column":48},"end":{"line":115,"column":87}},"type":"cond-expr","locations":[{"start":{"line":115,"column":64},"end":{"line":115,"column":66}},{"start":{"line":115,"column":69},"end":{"line":115,"column":87}}],"line":115},"6":{"loc":{"start":{"line":147,"column":4},"end":{"line":149,"column":null}},"type":"if","locations":[{"start":{"line":147,"column":4},"end":{"line":149,"column":null}},{"start":{},"end":{}}],"line":147},"7":{"loc":{"start":{"line":187,"column":4},"end":{"line":189,"column":null}},"type":"if","locations":[{"start":{"line":187,"column":4},"end":{"line":189,"column":null}},{"start":{},"end":{}}],"line":187},"8":{"loc":{"start":{"line":226,"column":12},"end":{"line":236,"column":null}},"type":"if","locations":[{"start":{"line":226,"column":12},"end":{"line":236,"column":null}},{"start":{},"end":{}}],"line":226},"9":{"loc":{"start":{"line":243,"column":12},"end":{"line":249,"column":null}},"type":"if","locations":[{"start":{"line":243,"column":12},"end":{"line":249,"column":null}},{"start":{},"end":{}}],"line":243},"10":{"loc":{"start":{"line":243,"column":16},"end":{"line":243,"column":50}},"type":"binary-expr","locations":[{"start":{"line":243,"column":16},"end":{"line":243,"column":33}},{"start":{"line":243,"column":37},"end":{"line":243,"column":50}}],"line":243},"11":{"loc":{"start":{"line":267,"column":4},"end":{"line":269,"column":null}},"type":"if","locations":[{"start":{"line":267,"column":4},"end":{"line":269,"column":null}},{"start":{},"end":{}}],"line":267},"12":{"loc":{"start":{"line":267,"column":8},"end":{"line":267,"column":40}},"type":"binary-expr","locations":[{"start":{"line":267,"column":8},"end":{"line":267,"column":11}},{"start":{"line":267,"column":15},"end":{"line":267,"column":40}}],"line":267},"13":{"loc":{"start":{"line":272,"column":8},"end":{"line":275,"column":null}},"type":"if","locations":[{"start":{"line":272,"column":8},"end":{"line":275,"column":null}},{"start":{},"end":{}}],"line":272},"14":{"loc":{"start":{"line":298,"column":4},"end":{"line":300,"column":null}},"type":"if","locations":[{"start":{"line":298,"column":4},"end":{"line":300,"column":null}},{"start":{},"end":{}}],"line":298},"15":{"loc":{"start":{"line":298,"column":8},"end":{"line":298,"column":40}},"type":"binary-expr","locations":[{"start":{"line":298,"column":8},"end":{"line":298,"column":11}},{"start":{"line":298,"column":15},"end":{"line":298,"column":40}}],"line":298},"16":{"loc":{"start":{"line":301,"column":4},"end":{"line":307,"column":null}},"type":"if","locations":[{"start":{"line":301,"column":4},"end":{"line":307,"column":null}},{"start":{},"end":{}}],"line":301},"17":{"loc":{"start":{"line":302,"column":8},"end":{"line":304,"column":null}},"type":"binary-expr","locations":[{"start":{"line":302,"column":8},"end":{"line":302,"column":11}},{"start":{"line":303,"column":78},"end":{"line":304,"column":null}}],"line":302},"18":{"loc":{"start":{"line":325,"column":4},"end":{"line":327,"column":null}},"type":"if","locations":[{"start":{"line":325,"column":4},"end":{"line":327,"column":null}},{"start":{},"end":{}}],"line":325},"19":{"loc":{"start":{"line":325,"column":8},"end":{"line":325,"column":40}},"type":"binary-expr","locations":[{"start":{"line":325,"column":8},"end":{"line":325,"column":11}},{"start":{"line":325,"column":15},"end":{"line":325,"column":40}}],"line":325},"20":{"loc":{"start":{"line":353,"column":4},"end":{"line":355,"column":null}},"type":"if","locations":[{"start":{"line":353,"column":4},"end":{"line":355,"column":null}},{"start":{},"end":{}}],"line":353},"21":{"loc":{"start":{"line":353,"column":8},"end":{"line":353,"column":40}},"type":"binary-expr","locations":[{"start":{"line":353,"column":8},"end":{"line":353,"column":11}},{"start":{"line":353,"column":15},"end":{"line":353,"column":40}}],"line":353},"22":{"loc":{"start":{"line":356,"column":4},"end":{"line":361,"column":null}},"type":"if","locations":[{"start":{"line":356,"column":4},"end":{"line":361,"column":null}},{"start":{},"end":{}}],"line":356},"23":{"loc":{"start":{"line":356,"column":8},"end":{"line":356,"column":67}},"type":"binary-expr","locations":[{"start":{"line":356,"column":8},"end":{"line":356,"column":11}},{"start":{"line":356,"column":15},"end":{"line":356,"column":67}}],"line":356},"24":{"loc":{"start":{"line":364,"column":4},"end":{"line":373,"column":null}},"type":"if","locations":[{"start":{"line":364,"column":4},"end":{"line":373,"column":null}},{"start":{},"end":{}}],"line":364},"25":{"loc":{"start":{"line":367,"column":8},"end":{"line":371,"column":null}},"type":"if","locations":[{"start":{"line":367,"column":8},"end":{"line":371,"column":null}},{"start":{},"end":{}}],"line":367},"26":{"loc":{"start":{"line":367,"column":12},"end":{"line":367,"column":70}},"type":"binary-expr","locations":[{"start":{"line":367,"column":12},"end":{"line":367,"column":34}},{"start":{"line":367,"column":38},"end":{"line":367,"column":70}}],"line":367},"27":{"loc":{"start":{"line":380,"column":4},"end":{"line":382,"column":null}},"type":"if","locations":[{"start":{"line":380,"column":4},"end":{"line":382,"column":null}},{"start":{},"end":{}}],"line":380},"28":{"loc":{"start":{"line":398,"column":8},"end":{"line":415,"column":null}},"type":"if","locations":[{"start":{"line":398,"column":8},"end":{"line":415,"column":null}},{"start":{},"end":{}}],"line":398},"29":{"loc":{"start":{"line":401,"column":12},"end":{"line":410,"column":null}},"type":"if","locations":[{"start":{"line":401,"column":12},"end":{"line":410,"column":null}},{"start":{},"end":{}}],"line":401},"30":{"loc":{"start":{"line":404,"column":16},"end":{"line":408,"column":null}},"type":"if","locations":[{"start":{"line":404,"column":16},"end":{"line":408,"column":null}},{"start":{},"end":{}}],"line":404},"31":{"loc":{"start":{"line":404,"column":20},"end":{"line":404,"column":71}},"type":"binary-expr","locations":[{"start":{"line":404,"column":20},"end":{"line":404,"column":42}},{"start":{"line":404,"column":46},"end":{"line":404,"column":71}}],"line":404},"32":{"loc":{"start":{"line":411,"column":12},"end":{"line":413,"column":null}},"type":"if","locations":[{"start":{"line":411,"column":12},"end":{"line":413,"column":null}},{"start":{},"end":{}}],"line":411}},"s":{"0":2,"1":2,"2":12,"3":2,"4":92,"5":92,"6":1,"7":91,"8":92,"9":92,"10":92,"11":62,"12":2,"13":87,"14":87,"15":80,"16":86,"17":2,"18":3,"19":3,"20":3,"21":2,"22":3,"23":2,"24":82,"25":390,"26":82,"27":2,"28":91,"29":89,"30":89,"31":89,"32":89,"33":89,"34":89,"35":89,"36":102,"37":95,"38":95,"39":95,"40":95,"41":95,"42":95,"43":95,"44":102,"45":102,"46":102,"47":102,"48":95,"49":95,"50":95,"51":95,"52":95,"53":2,"54":19,"55":1,"56":18,"57":18,"58":18,"59":3,"60":3,"61":17,"62":35,"63":32,"64":17,"65":2,"66":4,"67":1,"68":3,"69":1,"70":2,"71":2,"72":11,"73":1,"74":10,"75":9,"76":10,"77":2,"78":48,"79":1,"80":47,"81":1,"82":1,"83":46,"84":46,"85":46,"86":44,"87":44,"88":44,"89":1,"90":44,"91":46,"92":38,"93":46,"94":2,"95":10,"96":10,"97":10,"98":10,"99":9,"100":9,"101":9,"102":8,"103":8,"104":8,"105":1,"106":8,"107":9,"108":6,"109":9,"110":2,"111":24,"112":2,"113":4,"114":2,"115":2,"116":2,"117":2,"118":2,"119":1,"120":2,"121":1,"122":2,"123":1,"124":2,"125":3},"f":{"0":12,"1":92,"2":62,"3":87,"4":3,"5":82,"6":390,"7":91,"8":102,"9":95,"10":102,"11":19,"12":35,"13":32,"14":4,"15":11,"16":9,"17":48,"18":10,"19":10,"20":24,"21":4,"22":2,"23":2,"24":1,"25":1,"26":1,"27":3},"b":{"0":[92],"1":[92,39],"2":[1,91],"3":[92,85,52],"4":[38,53],"5":[38,53],"6":[80,7],"7":[2,1],"8":[95,7],"9":[95,7],"10":[102,95],"11":[1,18],"12":[19,16],"13":[3,15],"14":[1,3],"15":[4,4],"16":[1,2],"17":[3,3],"18":[1,10],"19":[11,11],"20":[1,47],"21":[48,46],"22":[1,46],"23":[47,45],"24":[44,2],"25":[1,43],"26":[44,9],"27":[38,8],"28":[9,1],"29":[8,1],"30":[1,7],"31":[8,3],"32":[6,3]},"meta":{"lastBranch":33,"lastFunction":28,"lastStatement":126,"seen":{"s:63:14:63:22":0,"s:78:29:78:84":1,"f:78:29:78:32":0,"s:78:80:78:83":2,"s:109:35:119:1":3,"f:109:35:109:36":1,"b:109:83:109:94":0,"s:110:26:110:95":4,"b:110:26:110:66:110:70:110:95":1,"b:111:4:113:Infinity:undefined:undefined:undefined:undefined":2,"s:111:4:113:Infinity":5,"b:111:8:111:11:111:15:111:29:111:33:111:67":3,"s:112:8:112:Infinity":6,"s:114:54:114:102":7,"b:114:70:114:88:114:91:114:102":4,"s:115:48:115:87":8,"b:115:64:115:66:115:69:115:87":5,"s:117:31:117:78":9,"s:118:4:118:Infinity":10,"f:118:30:118:31":2,"s:118:68:118:100":11,"s:142:29:152:1":12,"f:142:29:142:30":3,"s:143:29:146:5":13,"b:147:4:149:Infinity:undefined:undefined:undefined:undefined":6,"s:147:4:149:Infinity":14,"s:148:8:148:Infinity":15,"s:151:4:151:Infinity":16,"s:178:36:192:1":17,"f:178:36:178:37":4,"s:180:32:180:81":18,"s:182:29:186:5":19,"b:187:4:189:Infinity:undefined:undefined:undefined:undefined":7,"s:187:4:189:Infinity":20,"s:188:8:188:Infinity":21,"s:191:4:191:Infinity":22,"s:199:32:202:1":23,"f:199:32:199:33":5,"s:200:22:200:107":24,"f:200:48:200:49":6,"s:200:83:200:106":25,"s:201:4:201:Infinity":26,"s:209:31:251:5":27,"f:209:31:209:32":7,"s:210:4:251:5":28,"s:211:19:211:24":29,"s:213:25:213:29":30,"s:216:18:216:20":31,"s:218:20:218:22":32,"s:220:20:220:22":33,"s:222:23:222:25":34,"s:223:30:223:31":35,"f:225:8:225:25":8,"b:226:12:236:Infinity:undefined:undefined:undefined:undefined":8,"s:226:12:236:Infinity":36,"s:227:16:227:Infinity":37,"s:228:37:228:48":38,"s:229:16:229:Infinity":39,"s:230:16:233:Infinity":40,"f:231:20:231:21":9,"s:231:51:231:121":41,"s:234:16:234:Infinity":42,"s:235:16:235:Infinity":43,"s:237:12:237:Infinity":44,"f:240:14:240:34":10,"s:241:12:241:Infinity":45,"s:242:12:242:Infinity":46,"b:243:12:249:Infinity:undefined:undefined:undefined:undefined":9,"s:243:12:249:Infinity":47,"b:243:16:243:33:243:37:243:50":10,"s:244:16:244:Infinity":48,"s:245:16:245:Infinity":49,"s:246:16:246:Infinity":50,"s:247:16:247:Infinity":51,"s:248:38:248:Infinity":52,"s:266:21:288:1":53,"f:266:21:266:33":11,"b:267:4:269:Infinity:undefined:undefined:undefined:undefined":11,"s:267:4:269:Infinity":54,"b:267:8:267:11:267:15:267:40":12,"s:268:8:268:Infinity":55,"s:270:48:270:67":56,"s:271:4:286:Infinity":57,"b:272:8:275:Infinity:undefined:undefined:undefined:undefined":13,"s:272:8:275:Infinity":58,"s:273:51:273:Infinity":59,"s:274:12:274:Infinity":60,"s:276:8:285:Infinity":61,"f:279:12:279:15":12,"s:280:16:280:Infinity":62,"f:282:12:282:15":13,"s:283:55:283:Infinity":63,"s:287:4:287:Infinity":64,"s:297:25:311:1":65,"f:297:25:297:26":14,"b:298:4:300:Infinity:undefined:undefined:undefined:undefined":14,"s:298:4:300:Infinity":66,"b:298:8:298:11:298:15:298:40":15,"s:299:8:299:Infinity":67,"b:301:4:307:Infinity:undefined:undefined:undefined:undefined":16,"s:301:4:307:Infinity":68,"b:302:8:302:11:303:78:304:Infinity":17,"s:306:8:306:Infinity":69,"s:308:4:310:Infinity":70,"s:324:30:336:1":71,"f:324:30:324:37":15,"b:325:4:327:Infinity:undefined:undefined:undefined:undefined":18,"s:325:4:327:Infinity":72,"b:325:8:325:11:325:15:325:40":19,"s:326:8:326:Infinity":73,"s:330:31:334:Infinity":74,"f:331:41:331:54":16,"s:332:12:332:Infinity":75,"s:335:4:335:Infinity":76,"s:352:29:384:1":77,"f:352:29:352:30":17,"b:353:4:355:Infinity:undefined:undefined:undefined:undefined":20,"s:353:4:355:Infinity":78,"b:353:8:353:11:353:15:353:40":21,"s:354:8:354:Infinity":79,"b:356:4:361:Infinity:undefined:undefined:undefined:undefined":22,"s:356:4:361:Infinity":80,"b:356:8:356:11:356:15:356:67":23,"s:357:8:359:Infinity":81,"s:360:8:360:Infinity":82,"s:362:82:362:100":83,"s:363:102:363:110":84,"b:364:4:373:Infinity:undefined:undefined:undefined:undefined":24,"s:364:4:373:Infinity":85,"s:365:115:365:123":86,"s:366:25:366:41":87,"b:367:8:371:Infinity:undefined:undefined:undefined:undefined":25,"s:367:8:371:Infinity":88,"b:367:12:367:34:367:38:367:70":26,"s:368:12:370:Infinity":89,"s:372:8:372:Infinity":90,"b:380:4:382:Infinity:undefined:undefined:undefined:undefined":27,"s:380:4:382:Infinity":91,"s:381:8:381:Infinity":92,"s:383:4:383:Infinity":93,"s:394:23:417:1":94,"f:394:23:394:31":18,"s:395:17:395:28":95,"s:396:4:416:Infinity":96,"f:396:32:396:33":19,"s:397:24:397:34":97,"b:398:8:415:Infinity:undefined:undefined:undefined:undefined":28,"s:398:8:415:Infinity":98,"s:399:90:399:105":99,"s:400:109:400:116":100,"b:401:12:410:Infinity:undefined:undefined:undefined:undefined":29,"s:401:12:410:Infinity":101,"s:402:123:402:130":102,"s:403:33:403:49":103,"b:404:16:408:Infinity:undefined:undefined:undefined:undefined":30,"s:404:16:408:Infinity":104,"b:404:20:404:42:404:46:404:71":31,"s:405:20:407:Infinity":105,"s:409:16:409:Infinity":106,"b:411:12:413:Infinity:undefined:undefined:undefined:undefined":32,"s:411:12:413:Infinity":107,"s:412:16:412:Infinity":108,"s:414:12:414:Infinity":109,"s:425:25:425:76":110,"f:425:25:425:33":20,"s:425:37:425:76":111,"s:433:28:433:82":112,"f:433:28:433:36":21,"s:433:40:433:82":113,"s:441:33:441:84":114,"f:441:33:441:41":22,"s:441:45:441:84":115,"s:449:31:449:79":116,"f:449:31:449:39":23,"s:449:43:449:79":117,"s:457:32:457:91":118,"f:457:32:457:40":24,"s:457:44:457:91":119,"s:465:30:465:87":120,"f:465:30:465:38":25,"s:465:42:465:87":121,"s:473:27:473:81":122,"f:473:27:473:35":26,"s:473:39:473:81":123,"s:481:34:481:96":124,"f:481:34:481:42":27,"s:481:46:481:96":125}}}
,"/home/runner/work/slimlib/slimlib/element/src/symbols.js": {"path":"/home/runner/work/slimlib/slimlib/element/src/symbols.js","statementMap":{"0":{"start":{"line":23,"column":4},"end":{"line":23,"column":null}}},"fnMap":{},"branchMap":{},"s":{"0":2},"f":{},"b":{},"meta":{"lastBranch":0,"lastFunction":0,"lastStatement":1,"seen":{"s:23:4:23:Infinity":0}}}
,"/home/runner/work/slimlib/slimlib/element/src/middleware/attributes.js": {"path":"/home/runner/work/slimlib/slimlib/element/src/middleware/attributes.js","statementMap":{"0":{"start":{"line":33,"column":26},"end":{"line":113,"column":1}},"1":{"start":{"line":34,"column":27},"end":{"line":34,"column":55}},"2":{"start":{"line":35,"column":35},"end":{"line":37,"column":5}},"3":{"start":{"line":36,"column":60},"end":{"line":36,"column":null}},"4":{"start":{"line":38,"column":36},"end":{"line":40,"column":5}},"5":{"start":{"line":39,"column":60},"end":{"line":39,"column":null}},"6":{"start":{"line":42,"column":4},"end":{"line":112,"column":null}},"7":{"start":{"line":43,"column":8},"end":{"line":112,"column":9}},"8":{"start":{"line":45,"column":16},"end":{"line":45,"column":null}},"9":{"start":{"line":49,"column":16},"end":{"line":49,"column":null}},"10":{"start":{"line":51,"column":16},"end":{"line":101,"column":null}},"11":{"start":{"line":52,"column":50},"end":{"line":100,"column":null}},"12":{"start":{"line":53,"column":24},"end":{"line":61,"column":null}},"13":{"start":{"line":54,"column":28},"end":{"line":60,"column":null}},"14":{"start":{"line":55,"column":32},"end":{"line":59,"column":null}},"15":{"start":{"line":56,"column":36},"end":{"line":58,"column":null}},"16":{"start":{"line":63,"column":54},"end":{"line":99,"column":null}},"17":{"start":{"line":65,"column":47},"end":{"line":65,"column":77}},"18":{"start":{"line":66,"column":32},"end":{"line":97,"column":null}},"19":{"start":{"line":66,"column":49},"end":{"line":66,"column":50}},"20":{"start":{"line":67,"column":81},"end":{"line":67,"column":111}},"21":{"start":{"line":68,"column":100},"end":{"line":68,"column":130}},"22":{"start":{"line":69,"column":98},"end":{"line":69,"column":120}},"23":{"start":{"line":70,"column":115},"end":{"line":70,"column":137}},"24":{"start":{"line":71,"column":36},"end":{"line":96,"column":null}},"25":{"start":{"line":72,"column":64},"end":{"line":74,"column":41}},"26":{"start":{"line":75,"column":40},"end":{"line":82,"column":null}},"27":{"start":{"line":76,"column":67},"end":{"line":76,"column":118}},"28":{"start":{"line":77,"column":44},"end":{"line":81,"column":null}},"29":{"start":{"line":78,"column":48},"end":{"line":80,"column":null}},"30":{"start":{"line":83,"column":40},"end":{"line":95,"column":null}},"31":{"start":{"line":84,"column":44},"end":{"line":86,"column":null}},"32":{"start":{"line":85,"column":75},"end":{"line":85,"column":null}},"33":{"start":{"line":87,"column":47},"end":{"line":95,"column":null}},"34":{"start":{"line":91,"column":71},"end":{"line":94,"column":null}},"35":{"start":{"line":109,"column":43},"end":{"line":110,"column":null}},"36":{"start":{"line":116,"column":31},"end":{"line":119,"column":1}},"37":{"start":{"line":117,"column":17},"end":{"line":117,"column":60}},"38":{"start":{"line":118,"column":22},"end":{"line":118,"column":74}},"39":{"start":{"line":122,"column":32},"end":{"line":122,"column":109}},"40":{"start":{"line":122,"column":45},"end":{"line":122,"column":62}},"41":{"start":{"line":122,"column":82},"end":{"line":122,"column":107}},"42":{"start":{"line":125,"column":31},"end":{"line":125,"column":126}},"43":{"start":{"line":125,"column":44},"end":{"line":125,"column":52}},"44":{"start":{"line":125,"column":72},"end":{"line":125,"column":124}}},"fnMap":{"0":{"name":"(anonymous_0)","decl":{"start":{"line":33,"column":26},"end":{"line":33,"column":41}},"loc":{"start":{"line":33,"column":45},"end":{"line":113,"column":1}},"line":33},"1":{"name":"(anonymous_1)","decl":{"start":{"line":36,"column":8},"end":{"line":36,"column":21}},"loc":{"start":{"line":36,"column":60},"end":{"line":36,"column":null}},"line":36},"2":{"name":"(anonymous_2)","decl":{"start":{"line":39,"column":8},"end":{"line":39,"column":21}},"loc":{"start":{"line":39,"column":60},"end":{"line":39,"column":null}},"line":39},"3":{"name":"(anonymous_3)","decl":{"start":{"line":42,"column":11},"end":{"line":42,"column":22}},"loc":{"start":{"line":43,"column":8},"end":{"line":112,"column":9}},"line":43},"4":{"name":"(anonymous_4)","decl":{"start":{"line":44,"column":23},"end":{"line":44,"column":41}},"loc":{"start":{"line":44,"column":44},"end":{"line":46,"column":null}},"line":44},"5":{"name":"(anonymous_5)","decl":{"start":{"line":48,"column":12},"end":{"line":48,"column":23}},"loc":{"start":{"line":48,"column":26},"end":{"line":102,"column":null}},"line":48},"6":{"name":"(anonymous_6)","decl":{"start":{"line":52,"column":100},"end":{"line":52,"column":101}},"loc":{"start":{"line":52,"column":106},"end":{"line":100,"column":21}},"line":52},"7":{"name":"(anonymous_7)","decl":{"start":{"line":64,"column":34},"end":{"line":64,"column":35}},"loc":{"start":{"line":64,"column":40},"end":{"line":98,"column":29}},"line":64},"8":{"name":"(anonymous_8)","decl":{"start":{"line":71,"column":43},"end":{"line":71,"column":44}},"loc":{"start":{"line":71,"column":49},"end":{"line":96,"column":37}},"line":71},"9":{"name":"(anonymous_9)","decl":{"start":{"line":104,"column":12},"end":{"line":104,"column":36}},"loc":{"start":{"line":108,"column":14},"end":{"line":111,"column":null}},"line":108},"10":{"name":"(anonymous_10)","decl":{"start":{"line":117,"column":4},"end":{"line":117,"column":12}},"loc":{"start":{"line":117,"column":17},"end":{"line":117,"column":60}},"line":117},"11":{"name":"(anonymous_11)","decl":{"start":{"line":118,"column":4},"end":{"line":118,"column":17}},"loc":{"start":{"line":118,"column":22},"end":{"line":118,"column":74}},"line":118},"12":{"name":"(anonymous_12)","decl":{"start":{"line":122,"column":33},"end":{"line":122,"column":41}},"loc":{"start":{"line":122,"column":45},"end":{"line":122,"column":62}},"line":122},"13":{"name":"(anonymous_13)","decl":{"start":{"line":122,"column":64},"end":{"line":122,"column":77}},"loc":{"start":{"line":122,"column":82},"end":{"line":122,"column":107}},"line":122},"14":{"name":"(anonymous_14)","decl":{"start":{"line":125,"column":32},"end":{"line":125,"column":40}},"loc":{"start":{"line":125,"column":44},"end":{"line":125,"column":52}},"line":125},"15":{"name":"(anonymous_15)","decl":{"start":{"line":125,"column":54},"end":{"line":125,"column":67}},"loc":{"start":{"line":125,"column":72},"end":{"line":125,"column":124}},"line":125}},"branchMap":{"0":{"loc":{"start":{"line":51,"column":16},"end":{"line":101,"column":null}},"type":"if","locations":[{"start":{"line":51,"column":16},"end":{"line":101,"column":null}},{"start":{},"end":{}}],"line":51},"1":{"loc":{"start":{"line":53,"column":24},"end":{"line":61,"column":null}},"type":"if","locations":[{"start":{"line":53,"column":24},"end":{"line":61,"column":null}},{"start":{},"end":{}}],"line":53},"2":{"loc":{"start":{"line":55,"column":32},"end":{"line":59,"column":null}},"type":"if","locations":[{"start":{"line":55,"column":32},"end":{"line":59,"column":null}},{"start":{},"end":{}}],"line":55},"3":{"loc":{"start":{"line":75,"column":40},"end":{"line":82,"column":null}},"type":"if","locations":[{"start":{"line":75,"column":40},"end":{"line":82,"column":null}},{"start":{},"end":{}}],"line":75},"4":{"loc":{"start":{"line":75,"column":44},"end":{"line":75,"column":65}},"type":"binary-expr","locations":[{"start":{"line":75,"column":44},"end":{"line":75,"column":47}},{"start":{"line":75,"column":51},"end":{"line":75,"column":65}}],"line":75},"5":{"loc":{"start":{"line":77,"column":44},"end":{"line":81,"column":null}},"type":"if","locations":[{"start":{"line":77,"column":44},"end":{"line":81,"column":null}},{"start":{},"end":{}}],"line":77},"6":{"loc":{"start":{"line":83,"column":40},"end":{"line":95,"column":null}},"type":"if","locations":[{"start":{"line":83,"column":40},"end":{"line":95,"column":null}},{"start":{"line":87,"column":47},"end":{"line":95,"column":null}}],"line":83},"7":{"loc":{"start":{"line":84,"column":44},"end":{"line":86,"column":null}},"type":"if","locations":[{"start":{"line":84,"column":44},"end":{"line":86,"column":null}},{"start":{},"end":{}}],"line":84},"8":{"loc":{"start":{"line":87,"column":47},"end":{"line":95,"column":null}},"type":"if","locations":[{"start":{"line":87,"column":47},"end":{"line":95,"column":null}},{"start":{},"end":{}}],"line":87},"9":{"loc":{"start":{"line":117,"column":17},"end":{"line":117,"column":60}},"type":"cond-expr","locations":[{"start":{"line":117,"column":37},"end":{"line":117,"column":41}},{"start":{"line":117,"column":44},"end":{"line":117,"column":60}}],"line":117},"10":{"loc":{"start":{"line":118,"column":22},"end":{"line":118,"column":74}},"type":"cond-expr","locations":[{"start":{"line":118,"column":46},"end":{"line":118,"column":50}},{"start":{"line":118,"column":53},"end":{"line":118,"column":74}}],"line":118},"11":{"loc":{"start":{"line":122,"column":82},"end":{"line":122,"column":107}},"type":"cond-expr","locations":[{"start":{"line":122,"column":98},"end":{"line":122,"column":100}},{"start":{"line":122,"column":103},"end":{"line":122,"column":107}}],"line":122},"12":{"loc":{"start":{"line":125,"column":72},"end":{"line":125,"column":124}},"type":"cond-expr","locations":[{"start":{"line":125,"column":96},"end":{"line":125,"column":100}},{"start":{"line":125,"column":103},"end":{"line":125,"column":124}}],"line":125}},"s":{"0":2,"1":22,"2":22,"3":22,"4":22,"5":22,"6":22,"7":21,"8":20,"9":21,"10":21,"11":12,"12":13,"13":11,"14":11,"15":1,"16":13,"17":13,"18":13,"19":13,"20":13,"21":13,"22":13,"23":13,"24":13,"25":24,"26":24,"27":19,"28":19,"29":1,"30":23,"31":5,"32":2,"33":18,"34":17,"35":28,"36":2,"37":27,"38":26,"39":2,"40":7,"41":6,"42":2,"43":11,"44":7},"f":{"0":22,"1":22,"2":22,"3":21,"4":21,"5":21,"6":13,"7":13,"8":24,"9":28,"10":27,"11":26,"12":7,"13":6,"14":11,"15":7},"b":{"0":[12,9],"1":[11,2],"2":[1,10],"3":[19,5],"4":[24,21],"5":[1,18],"6":[5,18],"7":[2,3],"8":[17,1],"9":[2,25],"10":[2,24],"11":[2,4],"12":[3,4]},"meta":{"lastBranch":13,"lastFunction":16,"lastStatement":45,"seen":{"s:33:26:113:1":0,"f:33:26:33:41":0,"s:34:27:34:55":1,"s:35:35:37:5":2,"f:36:8:36:21":1,"s:36:60:36:Infinity":3,"s:38:36:40:5":4,"f:39:8:39:21":2,"s:39:60:39:Infinity":5,"s:42:4:112:Infinity":6,"f:42:11:42:22":3,"s:43:8:112:9":7,"f:44:23:44:41":4,"s:45:16:45:Infinity":8,"f:48:12:48:23":5,"s:49:16:49:Infinity":9,"b:51:16:101:Infinity:undefined:undefined:undefined:undefined":0,"s:51:16:101:Infinity":10,"s:52:50:100:Infinity":11,"f:52:100:52:101":6,"b:53:24:61:Infinity:undefined:undefined:undefined:undefined":1,"s:53:24:61:Infinity":12,"s:54:28:60:Infinity":13,"b:55:32:59:Infinity:undefined:undefined:undefined:undefined":2,"s:55:32:59:Infinity":14,"s:56:36:58:Infinity":15,"s:63:54:99:Infinity":16,"f:64:34:64:35":7,"s:65:47:65:77":17,"s:66:32:97:Infinity":18,"s:66:49:66:50":19,"s:67:81:67:111":20,"s:68:100:68:130":21,"s:69:98:69:120":22,"s:70:115:70:137":23,"s:71:36:96:Infinity":24,"f:71:43:71:44":8,"s:72:64:74:41":25,"b:75:40:82:Infinity:undefined:undefined:undefined:undefined":3,"s:75:40:82:Infinity":26,"b:75:44:75:47:75:51:75:65":4,"s:76:67:76:118":27,"b:77:44:81:Infinity:undefined:undefined:undefined:undefined":5,"s:77:44:81:Infinity":28,"s:78:48:80:Infinity":29,"b:83:40:95:Infinity:87:47:95:Infinity":6,"s:83:40:95:Infinity":30,"b:84:44:86:Infinity:undefined:undefined:undefined:undefined":7,"s:84:44:86:Infinity":31,"s:85:75:85:Infinity":32,"b:87:47:95:Infinity:undefined:undefined:undefined:undefined":8,"s:87:47:95:Infinity":33,"s:91:71:94:Infinity":34,"f:104:12:104:36":9,"s:109:43:110:Infinity":35,"s:116:31:119:1":36,"f:117:4:117:12":10,"s:117:17:117:60":37,"b:117:37:117:41:117:44:117:60":9,"f:118:4:118:17":11,"s:118:22:118:74":38,"b:118:46:118:50:118:53:118:74":10,"s:122:32:122:109":39,"f:122:33:122:41":12,"s:122:45:122:62":40,"f:122:64:122:77":13,"s:122:82:122:107":41,"b:122:98:122:100:122:103:122:107":11,"s:125:31:125:126":42,"f:125:32:125:40":14,"s:125:44:125:52":43,"f:125:54:125:67":15,"s:125:72:125:124":44,"b:125:96:125:100:125:103:125:124":12}}}
,"/home/runner/work/slimlib/slimlib/element/src/middleware/context-provider.js": {"path":"/home/runner/work/slimlib/slimlib/element/src/middleware/context-provider.js","statementMap":{"0":{"start":{"line":29,"column":31},"end":{"line":46,"column":5}},"1":{"start":{"line":29,"column":53},"end":{"line":46,"column":5}},"2":{"start":{"line":30,"column":4},"end":{"line":46,"column":5}},"3":{"start":{"line":35,"column":12},"end":{"line":35,"column":null}},"4":{"start":{"line":36,"column":12},"end":{"line":36,"column":null}},"5":{"start":{"line":37,"column":12},"end":{"line":44,"column":null}},"6":{"start":{"line":38,"column":82},"end":{"line":38,"column":87}},"7":{"start":{"line":39,"column":16},"end":{"line":41,"column":null}},"8":{"start":{"line":40,"column":20},"end":{"line":40,"column":null}},"9":{"start":{"line":42,"column":16},"end":{"line":42,"column":null}},"10":{"start":{"line":43,"column":16},"end":{"line":43,"column":null}}},"fnMap":{"0":{"name":"(anonymous_0)","decl":{"start":{"line":29,"column":31},"end":{"line":29,"column":32}},"loc":{"start":{"line":29,"column":53},"end":{"line":46,"column":5}},"line":29},"1":{"name":"(anonymous_1)","decl":{"start":{"line":29,"column":53},"end":{"line":29,"column":64}},"loc":{"start":{"line":30,"column":4},"end":{"line":46,"column":5}},"line":30},"2":{"name":"(anonymous_2)","decl":{"start":{"line":34,"column":8},"end":{"line":34,"column":19}},"loc":{"start":{"line":34,"column":22},"end":{"line":45,"column":null}},"line":34},"3":{"name":"(anonymous_3)","decl":{"start":{"line":37,"column":53},"end":{"line":37,"column":58}},"loc":{"start":{"line":37,"column":62},"end":{"line":44,"column":13}},"line":37}},"branchMap":{"0":{"loc":{"start":{"line":39,"column":16},"end":{"line":41,"column":null}},"type":"if","locations":[{"start":{"line":39,"column":16},"end":{"line":41,"column":null}},{"start":{},"end":{}}],"line":39}},"s":{"0":2,"1":9,"2":9,"3":10,"4":10,"5":10,"6":9,"7":9,"8":0,"9":9,"10":9},"f":{"0":9,"1":9,"2":10,"3":9},"b":{"0":[0,9]},"meta":{"lastBranch":1,"lastFunction":4,"lastStatement":11,"seen":{"s:29:31:46:5":0,"f:29:31:29:32":0,"s:29:53:46:5":1,"f:29:53:29:64":1,"s:30:4:46:5":2,"f:34:8:34:19":2,"s:35:12:35:Infinity":3,"s:36:12:36:Infinity":4,"s:37:12:44:Infinity":5,"f:37:53:37:58":3,"s:38:82:38:87":6,"b:39:16:41:Infinity:undefined:undefined:undefined:undefined":0,"s:39:16:41:Infinity":7,"s:40:20:40:Infinity":8,"s:42:16:42:Infinity":9,"s:43:16:43:Infinity":10}}}
,"/home/runner/work/slimlib/slimlib/element/src/middleware/disabled-features.js": {"path":"/home/runner/work/slimlib/slimlib/element/src/middleware/disabled-features.js","statementMap":{"0":{"start":{"line":7,"column":32},"end":{"line":10,"column":5}},"1":{"start":{"line":7,"column":44},"end":{"line":10,"column":5}},"2":{"start":{"line":8,"column":4},"end":{"line":10,"column":5}},"3":{"start":{"line":9,"column":34},"end":{"line":9,"column":42}}},"fnMap":{"0":{"name":"(anonymous_0)","decl":{"start":{"line":7,"column":32},"end":{"line":7,"column":40}},"loc":{"start":{"line":7,"column":44},"end":{"line":10,"column":5}},"line":7},"1":{"name":"(anonymous_1)","decl":{"start":{"line":7,"column":44},"end":{"line":7,"column":55}},"loc":{"start":{"line":8,"column":4},"end":{"line":10,"column":5}},"line":8}},"branchMap":{},"s":{"0":2,"1":1,"2":1,"3":1},"f":{"0":1,"1":1},"b":{},"meta":{"lastBranch":0,"lastFunction":2,"lastStatement":4,"seen":{"s:7:32:10:5":0,"f:7:32:7:40":0,"s:7:44:10:5":1,"f:7:44:7:55":1,"s:8:4:10:5":2,"s:9:34:9:42":3}}}
,"/home/runner/work/slimlib/slimlib/element/src/middleware/form-associated.js": {"path":"/home/runner/work/slimlib/slimlib/element/src/middleware/form-associated.js","statementMap":{"0":{"start":{"line":10,"column":30},"end":{"line":41,"column":1}},"1":{"start":{"line":10,"column":36},"end":{"line":41,"column":1}},"2":{"start":{"line":12,"column":32},"end":{"line":12,"column":36}},"3":{"start":{"line":15,"column":28},"end":{"line":15,"column":30}},"4":{"start":{"line":17,"column":26},"end":{"line":17,"column":28}},"5":{"start":{"line":19,"column":23},"end":{"line":19,"column":25}},"6":{"start":{"line":21,"column":31},"end":{"line":21,"column":33}},"7":{"start":{"line":24,"column":12},"end":{"line":24,"column":null}},"8":{"start":{"line":28,"column":12},"end":{"line":28,"column":null}},"9":{"start":{"line":32,"column":12},"end":{"line":32,"column":null}},"10":{"start":{"line":36,"column":12},"end":{"line":36,"column":null}},"11":{"start":{"line":40,"column":4},"end":{"line":40,"column":null}}},"fnMap":{"0":{"name":"(anonymous_0)","decl":{"start":{"line":10,"column":30},"end":{"line":10,"column":31}},"loc":{"start":{"line":10,"column":36},"end":{"line":41,"column":1}},"line":10},"1":{"name":"(anonymous_1)","decl":{"start":{"line":10,"column":36},"end":{"line":10,"column":47}},"loc":{"start":{"line":10,"column":51},"end":{"line":41,"column":1}},"line":10},"2":{"name":"(anonymous_2)","decl":{"start":{"line":23,"column":8},"end":{"line":23,"column":30}},"loc":{"start":{"line":23,"column":75},"end":{"line":25,"column":null}},"line":23},"3":{"name":"(anonymous_3)","decl":{"start":{"line":27,"column":8},"end":{"line":27,"column":28}},"loc":{"start":{"line":27,"column":64},"end":{"line":29,"column":null}},"line":27},"4":{"name":"(anonymous_4)","decl":{"start":{"line":31,"column":8},"end":{"line":31,"column":25}},"loc":{"start":{"line":31,"column":28},"end":{"line":33,"column":null}},"line":31},"5":{"name":"(anonymous_5)","decl":{"start":{"line":35,"column":8},"end":{"line":35,"column":32}},"loc":{"start":{"line":35,"column":91},"end":{"line":37,"column":null}},"line":35}},"branchMap":{},"s":{"0":2,"1":8,"2":8,"3":6,"4":6,"5":6,"6":6,"7":6,"8":2,"9":1,"10":2,"11":8},"f":{"0":8,"1":8,"2":6,"3":2,"4":1,"5":2},"b":{},"meta":{"lastBranch":0,"lastFunction":6,"lastStatement":12,"seen":{"s:10:30:41:1":0,"f:10:30:10:31":0,"s:10:36:41:1":1,"f:10:36:10:47":1,"s:12:32:12:36":2,"s:15:28:15:30":3,"s:17:26:17:28":4,"s:19:23:19:25":5,"s:21:31:21:33":6,"f:23:8:23:30":2,"s:24:12:24:Infinity":7,"f:27:8:27:28":3,"s:28:12:28:Infinity":8,"f:31:8:31:25":4,"s:32:12:32:Infinity":9,"f:35:8:35:32":5,"s:36:12:36:Infinity":10,"s:40:4:40:Infinity":11}}}
,"/home/runner/work/slimlib/slimlib/element/src/middleware/on-adopted.js": {"path":"/home/runner/work/slimlib/slimlib/element/src/middleware/on-adopted.js","statementMap":{"0":{"start":{"line":10,"column":25},"end":{"line":18,"column":5}},"1":{"start":{"line":10,"column":31},"end":{"line":18,"column":5}},"2":{"start":{"line":11,"column":4},"end":{"line":18,"column":5}},"3":{"start":{"line":13,"column":20},"end":{"line":13,"column":22}},"4":{"start":{"line":16,"column":12},"end":{"line":16,"column":null}}},"fnMap":{"0":{"name":"(anonymous_0)","decl":{"start":{"line":10,"column":25},"end":{"line":10,"column":26}},"loc":{"start":{"line":10,"column":31},"end":{"line":18,"column":5}},"line":10},"1":{"name":"(anonymous_1)","decl":{"start":{"line":10,"column":31},"end":{"line":10,"column":42}},"loc":{"start":{"line":11,"column":4},"end":{"line":18,"column":5}},"line":11},"2":{"name":"(anonymous_2)","decl":{"start":{"line":15,"column":8},"end":{"line":15,"column":23}},"loc":{"start":{"line":15,"column":98},"end":{"line":17,"column":null}},"line":15}},"branchMap":{},"s":{"0":2,"1":3,"2":3,"3":2,"4":2},"f":{"0":3,"1":3,"2":2},"b":{},"meta":{"lastBranch":0,"lastFunction":3,"lastStatement":5,"seen":{"s:10:25:18:5":0,"f:10:25:10:26":0,"s:10:31:18:5":1,"f:10:31:10:42":1,"s:11:4:18:5":2,"s:13:20:13:22":3,"f:15:8:15:23":2,"s:16:12:16:Infinity":4}}}
,"/home/runner/work/slimlib/slimlib/element/src/middleware/on-move.js": {"path":"/home/runner/work/slimlib/slimlib/element/src/middleware/on-move.js","statementMap":{"0":{"start":{"line":10,"column":22},"end":{"line":18,"column":5}},"1":{"start":{"line":10,"column":28},"end":{"line":18,"column":5}},"2":{"start":{"line":11,"column":4},"end":{"line":18,"column":5}},"3":{"start":{"line":13,"column":17},"end":{"line":13,"column":19}},"4":{"start":{"line":16,"column":12},"end":{"line":16,"column":null}}},"fnMap":{"0":{"name":"(anonymous_0)","decl":{"start":{"line":10,"column":22},"end":{"line":10,"column":23}},"loc":{"start":{"line":10,"column":28},"end":{"line":18,"column":5}},"line":10},"1":{"name":"(anonymous_1)","decl":{"start":{"line":10,"column":28},"end":{"line":10,"column":39}},"loc":{"start":{"line":11,"column":4},"end":{"line":18,"column":5}},"line":11},"2":{"name":"(anonymous_2)","decl":{"start":{"line":15,"column":8},"end":{"line":15,"column":29}},"loc":{"start":{"line":15,"column":32},"end":{"line":17,"column":null}},"line":15}},"branchMap":{},"s":{"0":2,"1":3,"2":3,"3":2,"4":2},"f":{"0":3,"1":3,"2":2},"b":{},"meta":{"lastBranch":0,"lastFunction":3,"lastStatement":5,"seen":{"s:10:22:18:5":0,"f:10:22:10:23":0,"s:10:28:18:5":1,"f:10:28:10:39":1,"s:11:4:18:5":2,"s:13:17:13:19":3,"f:15:8:15:29":2,"s:16:12:16:Infinity":4}}}
,"/home/runner/work/slimlib/slimlib/element/src/middleware/root-context-provider.js": {"path":"/home/runner/work/slimlib/slimlib/element/src/middleware/root-context-provider.js","statementMap":{"0":{"start":{"line":21,"column":16},"end":{"line":21,"column":17}},"1":{"start":{"line":22,"column":18},"end":{"line":22,"column":19}},"2":{"start":{"line":40,"column":35},"end":{"line":80,"column":1}},"3":{"start":{"line":40,"column":57},"end":{"line":80,"column":1}},"4":{"start":{"line":41,"column":102},"end":{"line":41,"column":113}},"5":{"start":{"line":42,"column":4},"end":{"line":79,"column":null}},"6":{"start":{"line":45,"column":17},"end":{"line":45,"column":18}},"7":{"start":{"line":48,"column":12},"end":{"line":48,"column":null}},"8":{"start":{"line":49,"column":12},"end":{"line":58,"column":null}},"9":{"start":{"line":50,"column":82},"end":{"line":50,"column":87}},"10":{"start":{"line":53,"column":16},"end":{"line":55,"column":null}},"11":{"start":{"line":54,"column":20},"end":{"line":54,"column":null}},"12":{"start":{"line":56,"column":16},"end":{"line":56,"column":null}},"13":{"start":{"line":57,"column":16},"end":{"line":57,"column":null}},"14":{"start":{"line":62,"column":12},"end":{"line":76,"column":null}},"15":{"start":{"line":63,"column":16},"end":{"line":63,"column":null}},"16":{"start":{"line":64,"column":31},"end":{"line":64,"column":36}},"17":{"start":{"line":67,"column":16},"end":{"line":71,"column":null}},"18":{"start":{"line":69,"column":24},"end":{"line":69,"column":null}},"19":{"start":{"line":72,"column":16},"end":{"line":75,"column":null}},"20":{"start":{"line":73,"column":20},"end":{"line":73,"column":null}},"21":{"start":{"line":74,"column":20},"end":{"line":74,"column":null}},"22":{"start":{"line":77,"column":12},"end":{"line":77,"column":null}}},"fnMap":{"0":{"name":"(anonymous_0)","decl":{"start":{"line":40,"column":35},"end":{"line":40,"column":36}},"loc":{"start":{"line":40,"column":57},"end":{"line":80,"column":1}},"line":40},"1":{"name":"(anonymous_1)","decl":{"start":{"line":40,"column":57},"end":{"line":40,"column":68}},"loc":{"start":{"line":40,"column":72},"end":{"line":80,"column":1}},"line":40},"2":{"name":"(anonymous_2)","decl":{"start":{"line":47,"column":8},"end":{"line":47,"column":19}},"loc":{"start":{"line":47,"column":22},"end":{"line":59,"column":null}},"line":47},"3":{"name":"(anonymous_3)","decl":{"start":{"line":49,"column":53},"end":{"line":49,"column":58}},"loc":{"start":{"line":49,"column":62},"end":{"line":58,"column":13}},"line":49},"4":{"name":"(anonymous_4)","decl":{"start":{"line":61,"column":8},"end":{"line":61,"column":25}},"loc":{"start":{"line":61,"column":28},"end":{"line":78,"column":null}},"line":61},"5":{"name":"(anonymous_5)","decl":{"start":{"line":68,"column":53},"end":{"line":68,"column":54}},"loc":{"start":{"line":68,"column":59},"end":{"line":70,"column":21}},"line":68}},"branchMap":{"0":{"loc":{"start":{"line":53,"column":16},"end":{"line":55,"column":null}},"type":"if","locations":[{"start":{"line":53,"column":16},"end":{"line":55,"column":null}},{"start":{},"end":{}}],"line":53},"1":{"loc":{"start":{"line":53,"column":20},"end":{"line":53,"column":84}},"type":"binary-expr","locations":[{"start":{"line":53,"column":20},"end":{"line":53,"column":54}},{"start":{"line":53,"column":58},"end":{"line":53,"column":84}}],"line":53},"2":{"loc":{"start":{"line":62,"column":12},"end":{"line":76,"column":null}},"type":"if","locations":[{"start":{"line":62,"column":12},"end":{"line":76,"column":null}},{"start":{},"end":{}}],"line":62},"3":{"loc":{"start":{"line":72,"column":16},"end":{"line":75,"column":null}},"type":"if","locations":[{"start":{"line":72,"column":16},"end":{"line":75,"column":null}},{"start":{},"end":{}}],"line":72}},"s":{"0":2,"1":2,"2":2,"3":5,"4":5,"5":5,"6":6,"7":6,"8":6,"9":13,"10":13,"11":8,"12":5,"13":5,"14":6,"15":6,"16":6,"17":6,"18":2,"19":6,"20":4,"21":4,"22":6},"f":{"0":5,"1":5,"2":6,"3":13,"4":6,"5":2},"b":{"0":[8,5],"1":[13,13],"2":[6,0],"3":[4,2]},"meta":{"lastBranch":4,"lastFunction":6,"lastStatement":23,"seen":{"s:21:16:21:17":0,"s:22:18:22:19":1,"s:40:35:80:1":2,"f:40:35:40:36":0,"s:40:57:80:1":3,"f:40:57:40:68":1,"s:41:102:41:113":4,"s:42:4:79:Infinity":5,"s:45:17:45:18":6,"f:47:8:47:19":2,"s:48:12:48:Infinity":7,"s:49:12:58:Infinity":8,"f:49:53:49:58":3,"s:50:82:50:87":9,"b:53:16:55:Infinity:undefined:undefined:undefined:undefined":0,"s:53:16:55:Infinity":10,"b:53:20:53:54:53:58:53:84":1,"s:54:20:54:Infinity":11,"s:56:16:56:Infinity":12,"s:57:16:57:Infinity":13,"f:61:8:61:25":4,"b:62:12:76:Infinity:undefined:undefined:undefined:undefined":2,"s:62:12:76:Infinity":14,"s:63:16:63:Infinity":15,"s:64:31:64:36":16,"s:67:16:71:Infinity":17,"f:68:53:68:54":5,"s:69:24:69:Infinity":18,"b:72:16:75:Infinity:undefined:undefined:undefined:undefined":3,"s:72:16:75:Infinity":19,"s:73:20:73:Infinity":20,"s:74:20:74:Infinity":21,"s:77:12:77:Infinity":22}}}
,"/home/runner/work/slimlib/slimlib/element/src/middleware/with-internals.js": {"path":"/home/runner/work/slimlib/slimlib/element/src/middleware/with-internals.js","statementMap":{"0":{"start":{"line":7,"column":29},"end":{"line":10,"column":5}},"1":{"start":{"line":7,"column":35},"end":{"line":10,"column":5}},"2":{"start":{"line":8,"column":4},"end":{"line":10,"column":5}},"3":{"start":{"line":9,"column":22},"end":{"line":9,"column":44}}},"fnMap":{"0":{"name":"(anonymous_0)","decl":{"start":{"line":7,"column":29},"end":{"line":7,"column":30}},"loc":{"start":{"line":7,"column":35},"end":{"line":10,"column":5}},"line":7},"1":{"name":"(anonymous_1)","decl":{"start":{"line":7,"column":35},"end":{"line":7,"column":46}},"loc":{"start":{"line":8,"column":4},"end":{"line":10,"column":5}},"line":8}},"branchMap":{},"s":{"0":2,"1":7,"2":7,"3":7},"f":{"0":7,"1":7},"b":{},"meta":{"lastBranch":0,"lastFunction":2,"lastStatement":4,"seen":{"s:7:29:10:5":0,"f:7:29:7:30":0,"s:7:35:10:5":1,"f:7:35:7:46":1,"s:8:4:10:5":2,"s:9:22:9:44":3}}}
,"/home/runner/work/slimlib/slimlib/element/src/middleware/with-validation.js": {"path":"/home/runner/work/slimlib/slimlib/element/src/middleware/with-validation.js","statementMap":{"0":{"start":{"line":21,"column":30},"end":{"line":113,"column":5}},"1":{"start":{"line":21,"column":36},"end":{"line":113,"column":5}},"2":{"start":{"line":22,"column":4},"end":{"line":113,"column":5}},"3":{"start":{"line":24,"column":12},"end":{"line":30,"column":null}},"4":{"start":{"line":28,"column":16},"end":{"line":28,"column":null}},"5":{"start":{"line":29,"column":16},"end":{"line":29,"column":null}},"6":{"start":{"line":31,"column":12},"end":{"line":33,"column":null}},"7":{"start":{"line":37,"column":12},"end":{"line":43,"column":null}},"8":{"start":{"line":41,"column":16},"end":{"line":41,"column":null}},"9":{"start":{"line":42,"column":16},"end":{"line":42,"column":null}},"10":{"start":{"line":44,"column":12},"end":{"line":46,"column":null}},"11":{"start":{"line":50,"column":12},"end":{"line":56,"column":null}},"12":{"start":{"line":54,"column":16},"end":{"line":54,"column":null}},"13":{"start":{"line":55,"column":16},"end":{"line":55,"column":null}},"14":{"start":{"line":57,"column":12},"end":{"line":59,"column":null}},"15":{"start":{"line":63,"column":12},"end":{"line":69,"column":null}},"16":{"start":{"line":67,"column":16},"end":{"line":67,"column":null}},"17":{"start":{"line":68,"column":16},"end":{"line":68,"column":null}},"18":{"start":{"line":70,"column":12},"end":{"line":72,"column":null}},"19":{"start":{"line":76,"column":12},"end":{"line":82,"column":null}},"20":{"start":{"line":80,"column":16},"end":{"line":80,"column":null}},"21":{"start":{"line":81,"column":16},"end":{"line":81,"column":null}},"22":{"start":{"line":83,"column":12},"end":{"line":85,"column":null}},"23":{"start":{"line":89,"column":12},"end":{"line":95,"column":null}},"24":{"start":{"line":93,"column":16},"end":{"line":93,"column":null}},"25":{"start":{"line":94,"column":16},"end":{"line":94,"column":null}},"26":{"start":{"line":96,"column":12},"end":{"line":98,"column":null}},"27":{"start":{"line":102,"column":12},"end":{"line":108,"column":null}},"28":{"start":{"line":106,"column":16},"end":{"line":106,"column":null}},"29":{"start":{"line":107,"column":16},"end":{"line":107,"column":null}},"30":{"start":{"line":109,"column":12},"end":{"line":111,"column":null}}},"fnMap":{"0":{"name":"(anonymous_0)","decl":{"start":{"line":21,"column":30},"end":{"line":21,"column":31}},"loc":{"start":{"line":21,"column":36},"end":{"line":113,"column":5}},"line":21},"1":{"name":"(anonymous_1)","decl":{"start":{"line":21,"column":36},"end":{"line":21,"column":47}},"loc":{"start":{"line":22,"column":4},"end":{"line":113,"column":5}},"line":22},"2":{"name":"(anonymous_2)","decl":{"start":{"line":23,"column":12},"end":{"line":23,"column":20}},"loc":{"start":{"line":23,"column":23},"end":{"line":34,"column":null}},"line":23},"3":{"name":"(anonymous_3)","decl":{"start":{"line":36,"column":12},"end":{"line":36,"column":29}},"loc":{"start":{"line":36,"column":32},"end":{"line":47,"column":null}},"line":36},"4":{"name":"(anonymous_4)","decl":{"start":{"line":49,"column":12},"end":{"line":49,"column":24}},"loc":{"start":{"line":49,"column":27},"end":{"line":60,"column":null}},"line":49},"5":{"name":"(anonymous_5)","decl":{"start":{"line":62,"column":12},"end":{"line":62,"column":16}},"loc":{"start":{"line":62,"column":19},"end":{"line":73,"column":null}},"line":62},"6":{"name":"(anonymous_6)","decl":{"start":{"line":75,"column":12},"end":{"line":75,"column":18}},"loc":{"start":{"line":75,"column":21},"end":{"line":86,"column":null}},"line":75},"7":{"name":"(anonymous_7)","decl":{"start":{"line":88,"column":8},"end":{"line":88,"column":21}},"loc":{"start":{"line":88,"column":24},"end":{"line":99,"column":null}},"line":88},"8":{"name":"(anonymous_8)","decl":{"start":{"line":101,"column":8},"end":{"line":101,"column":22}},"loc":{"start":{"line":101,"column":25},"end":{"line":112,"column":null}},"line":101}},"branchMap":{"0":{"loc":{"start":{"line":24,"column":12},"end":{"line":30,"column":null}},"type":"if","locations":[{"start":{"line":24,"column":12},"end":{"line":30,"column":null}},{"start":{},"end":{}}],"line":24},"1":{"loc":{"start":{"line":25,"column":16},"end":{"line":26,"column":null}},"type":"binary-expr","locations":[{"start":{"line":25,"column":16},"end":{"line":25,"column":19}},{"start":{"line":26,"column":16},"end":{"line":26,"column":null}}],"line":25},"2":{"loc":{"start":{"line":37,"column":12},"end":{"line":43,"column":null}},"type":"if","locations":[{"start":{"line":37,"column":12},"end":{"line":43,"column":null}},{"start":{},"end":{}}],"line":37},"3":{"loc":{"start":{"line":38,"column":16},"end":{"line":39,"column":null}},"type":"binary-expr","locations":[{"start":{"line":38,"column":16},"end":{"line":38,"column":19}},{"start":{"line":39,"column":16},"end":{"line":39,"column":null}}],"line":38},"4":{"loc":{"start":{"line":50,"column":12},"end":{"line":56,"column":null}},"type":"if","locations":[{"start":{"line":50,"column":12},"end":{"line":56,"column":null}},{"start":{},"end":{}}],"line":50},"5":{"loc":{"start":{"line":51,"column":16},"end":{"line":52,"column":null}},"type":"binary-expr","locations":[{"start":{"line":51,"column":16},"end":{"line":51,"column":19}},{"start":{"line":52,"column":16},"end":{"line":52,"column":null}}],"line":51},"6":{"loc":{"start":{"line":63,"column":12},"end":{"line":69,"column":null}},"type":"if","locations":[{"start":{"line":63,"column":12},"end":{"line":69,"column":null}},{"start":{},"end":{}}],"line":63},"7":{"loc":{"start":{"line":64,"column":16},"end":{"line":65,"column":null}},"type":"binary-expr","locations":[{"start":{"line":64,"column":16},"end":{"line":64,"column":19}},{"start":{"line":65,"column":16},"end":{"line":65,"column":null}}],"line":64},"8":{"loc":{"start":{"line":76,"column":12},"end":{"line":82,"column":null}},"type":"if","locations":[{"start":{"line":76,"column":12},"end":{"line":82,"column":null}},{"start":{},"end":{}}],"line":76},"9":{"loc":{"start":{"line":77,"column":16},"end":{"line":78,"column":null}},"type":"binary-expr","locations":[{"start":{"line":77,"column":16},"end":{"line":77,"column":19}},{"start":{"line":78,"column":16},"end":{"line":78,"column":null}}],"line":77},"10":{"loc":{"start":{"line":89,"column":12},"end":{"line":95,"column":null}},"type":"if","locations":[{"start":{"line":89,"column":12},"end":{"line":95,"column":null}},{"start":{},"end":{}}],"line":89},"11":{"loc":{"start":{"line":90,"column":16},"end":{"line":91,"column":null}},"type":"binary-expr","locations":[{"start":{"line":90,"column":16},"end":{"line":90,"column":19}},{"start":{"line":91,"column":16},"end":{"line":91,"column":null}}],"line":90},"12":{"loc":{"start":{"line":102,"column":12},"end":{"line":108,"column":null}},"type":"if","locations":[{"start":{"line":102,"column":12},"end":{"line":108,"column":null}},{"start":{},"end":{}}],"line":102},"13":{"loc":{"start":{"line":103,"column":16},"end":{"line":104,"column":null}},"type":"binary-expr","locations":[{"start":{"line":103,"column":16},"end":{"line":103,"column":19}},{"start":{"line":104,"column":16},"end":{"line":104,"column":null}}],"line":103}},"s":{"0":2,"1":2,"2":2,"3":1,"4":0,"5":0,"6":1,"7":1,"8":0,"9":0,"10":1,"11":1,"12":0,"13":0,"14":1,"15":2,"16":0,"17":0,"18":2,"19":1,"20":0,"21":0,"22":1,"23":2,"24":1,"25":1,"26":1,"27":1,"28":0,"29":0,"30":1},"f":{"0":2,"1":2,"2":1,"3":1,"4":1,"5":2,"6":1,"7":2,"8":1},"b":{"0":[0,1],"1":[1,1],"2":[0,1],"3":[1,1],"4":[0,1],"5":[1,1],"6":[0,2],"7":[2,2],"8":[0,1],"9":[1,1],"10":[1,1],"11":[2,2],"12":[0,1],"13":[1,1]},"meta":{"lastBranch":14,"lastFunction":9,"lastStatement":31,"seen":{"s:21:30:113:5":0,"f:21:30:21:31":0,"s:21:36:113:5":1,"f:21:36:21:47":1,"s:22:4:113:5":2,"f:23:12:23:20":2,"b:24:12:30:Infinity:undefined:undefined:undefined:undefined":0,"s:24:12:30:Infinity":3,"b:25:16:25:19:26:16:26:Infinity":1,"s:28:16:28:Infinity":4,"s:29:16:29:Infinity":5,"s:31:12:33:Infinity":6,"f:36:12:36:29":3,"b:37:12:43:Infinity:undefined:undefined:undefined:undefined":2,"s:37:12:43:Infinity":7,"b:38:16:38:19:39:16:39:Infinity":3,"s:41:16:41:Infinity":8,"s:42:16:42:Infinity":9,"s:44:12:46:Infinity":10,"f:49:12:49:24":4,"b:50:12:56:Infinity:undefined:undefined:undefined:undefined":4,"s:50:12:56:Infinity":11,"b:51:16:51:19:52:16:52:Infinity":5,"s:54:16:54:Infinity":12,"s:55:16:55:Infinity":13,"s:57:12:59:Infinity":14,"f:62:12:62:16":5,"b:63:12:69:Infinity:undefined:undefined:undefined:undefined":6,"s:63:12:69:Infinity":15,"b:64:16:64:19:65:16:65:Infinity":7,"s:67:16:67:Infinity":16,"s:68:16:68:Infinity":17,"s:70:12:72:Infinity":18,"f:75:12:75:18":6,"b:76:12:82:Infinity:undefined:undefined:undefined:undefined":8,"s:76:12:82:Infinity":19,"b:77:16:77:19:78:16:78:Infinity":9,"s:80:16:80:Infinity":20,"s:81:16:81:Infinity":21,"s:83:12:85:Infinity":22,"f:88:8:88:21":7,"b:89:12:95:Infinity:undefined:undefined:undefined:undefined":10,"s:89:12:95:Infinity":23,"b:90:16:90:19:91:16:91:Infinity":11,"s:93:16:93:Infinity":24,"s:94:16:94:Infinity":25,"s:96:12:98:Infinity":26,"f:101:8:101:22":8,"b:102:12:108:Infinity:undefined:undefined:undefined:undefined":12,"s:102:12:108:Infinity":27,"b:103:16:103:19:104:16:104:Infinity":13,"s:106:16:106:Infinity":28,"s:107:16:107:Infinity":29,"s:109:12:111:Infinity":30}}}
,"/home/runner/work/slimlib/slimlib/element/src/utils/context-request-event.js": {"path":"/home/runner/work/slimlib/slimlib/element/src/utils/context-request-event.js","statementMap":{"0":{"start":{"line":24,"column":8},"end":{"line":24,"column":null}},"1":{"start":{"line":25,"column":8},"end":{"line":25,"column":null}},"2":{"start":{"line":26,"column":8},"end":{"line":26,"column":null}},"3":{"start":{"line":27,"column":8},"end":{"line":27,"column":null}}},"fnMap":{"0":{"name":"(anonymous_0)","decl":{"start":{"line":23,"column":4},"end":{"line":23,"column":15}},"loc":{"start":{"line":23,"column":46},"end":{"line":28,"column":null}},"line":23}},"branchMap":{},"s":{"0":19,"1":19,"2":19,"3":19},"f":{"0":19},"b":{},"meta":{"lastBranch":0,"lastFunction":1,"lastStatement":4,"seen":{"f:23:4:23:15":0,"s:24:8:24:Infinity":0,"s:25:8:25:Infinity":1,"s:26:8:26:Infinity":2,"s:27:8:27:Infinity":3}}}
,"/home/runner/work/slimlib/slimlib/element/src/utils/pubsub.js": {"path":"/home/runner/work/slimlib/slimlib/element/src/utils/pubsub.js","statementMap":{"0":{"start":{"line":38,"column":20},"end":{"line":58,"column":1}},"1":{"start":{"line":39,"column":44},"end":{"line":39,"column":53}},"2":{"start":{"line":40,"column":28},"end":{"line":40,"column":51}},"3":{"start":{"line":41,"column":19},"end":{"line":41,"column":30}},"4":{"start":{"line":42,"column":21},"end":{"line":42,"column":22}},"5":{"start":{"line":43,"column":4},"end":{"line":56,"column":null}},"6":{"start":{"line":43,"column":21},"end":{"line":43,"column":22}},"7":{"start":{"line":44,"column":56},"end":{"line":44,"column":67}},"8":{"start":{"line":45,"column":20},"end":{"line":45,"column":33}},"9":{"start":{"line":46,"column":8},"end":{"line":55,"column":null}},"10":{"start":{"line":47,"column":12},"end":{"line":47,"column":null}},"11":{"start":{"line":48,"column":12},"end":{"line":52,"column":null}},"12":{"start":{"line":49,"column":16},"end":{"line":49,"column":null}},"13":{"start":{"line":51,"column":16},"end":{"line":51,"column":null}},"14":{"start":{"line":54,"column":12},"end":{"line":54,"column":null}},"15":{"start":{"line":57,"column":4},"end":{"line":57,"column":null}}},"fnMap":{"0":{"name":"(anonymous_0)","decl":{"start":{"line":38,"column":20},"end":{"line":38,"column":21}},"loc":{"start":{"line":38,"column":44},"end":{"line":58,"column":1}},"line":38}},"branchMap":{"0":{"loc":{"start":{"line":46,"column":8},"end":{"line":55,"column":null}},"type":"if","locations":[{"start":{"line":46,"column":8},"end":{"line":55,"column":null}},{"start":{"line":53,"column":15},"end":{"line":55,"column":null}}],"line":46},"1":{"loc":{"start":{"line":46,"column":12},"end":{"line":46,"column":56}},"type":"binary-expr","locations":[{"start":{"line":46,"column":12},"end":{"line":46,"column":29}},{"start":{"line":46,"column":33},"end":{"line":46,"column":56}}],"line":46}},"s":{"0":2,"1":410,"2":410,"3":410,"4":410,"5":410,"6":410,"7":90,"8":90,"9":90,"10":85,"11":85,"12":85,"13":2,"14":5,"15":410},"f":{"0":410},"b":{"0":[85,5],"1":[90,62]},"meta":{"lastBranch":2,"lastFunction":1,"lastStatement":16,"seen":{"s:38:20:58:1":0,"f:38:20:38:21":0,"s:39:44:39:53":1,"s:40:28:40:51":2,"s:41:19:41:30":3,"s:42:21:42:22":4,"s:43:4:56:Infinity":5,"s:43:21:43:22":6,"s:44:56:44:67":7,"s:45:20:45:33":8,"b:46:8:55:Infinity:53:15:55:Infinity":0,"s:46:8:55:Infinity":9,"b:46:12:46:29:46:33:46:56":1,"s:47:12:47:Infinity":10,"s:48:12:52:Infinity":11,"s:49:16:49:Infinity":12,"s:51:16:51:Infinity":13,"s:54:12:54:Infinity":14,"s:57:4:57:Infinity":15}}}
}
