{"/home/runner/work/slimlib/slimlib/element/src/index.js": {"path":"/home/runner/work/slimlib/slimlib/element/src/index.js","statementMap":{"0":{"start":{"line":47,"column":14},"end":{"line":47,"column":22}},"1":{"start":{"line":75,"column":35},"end":{"line":85,"column":1}},"2":{"start":{"line":76,"column":26},"end":{"line":76,"column":95}},"3":{"start":{"line":77,"column":4},"end":{"line":79,"column":null}},"4":{"start":{"line":78,"column":8},"end":{"line":78,"column":null}},"5":{"start":{"line":80,"column":54},"end":{"line":80,"column":102}},"6":{"start":{"line":81,"column":48},"end":{"line":81,"column":87}},"7":{"start":{"line":83,"column":31},"end":{"line":83,"column":78}},"8":{"start":{"line":84,"column":4},"end":{"line":84,"column":null}},"9":{"start":{"line":84,"column":68},"end":{"line":84,"column":100}},"10":{"start":{"line":108,"column":29},"end":{"line":118,"column":1}},"11":{"start":{"line":109,"column":29},"end":{"line":112,"column":5}},"12":{"start":{"line":113,"column":4},"end":{"line":115,"column":null}},"13":{"start":{"line":114,"column":8},"end":{"line":114,"column":null}},"14":{"start":{"line":117,"column":4},"end":{"line":117,"column":null}},"15":{"start":{"line":144,"column":36},"end":{"line":158,"column":1}},"16":{"start":{"line":146,"column":32},"end":{"line":146,"column":81}},"17":{"start":{"line":148,"column":29},"end":{"line":152,"column":5}},"18":{"start":{"line":153,"column":4},"end":{"line":155,"column":null}},"19":{"start":{"line":154,"column":8},"end":{"line":154,"column":null}},"20":{"start":{"line":157,"column":4},"end":{"line":157,"column":null}},"21":{"start":{"line":165,"column":32},"end":{"line":168,"column":1}},"22":{"start":{"line":166,"column":22},"end":{"line":166,"column":107}},"23":{"start":{"line":166,"column":83},"end":{"line":166,"column":106}},"24":{"start":{"line":167,"column":4},"end":{"line":167,"column":null}},"25":{"start":{"line":175,"column":31},"end":{"line":217,"column":5}},"26":{"start":{"line":176,"column":4},"end":{"line":217,"column":5}},"27":{"start":{"line":177,"column":19},"end":{"line":177,"column":24}},"28":{"start":{"line":179,"column":25},"end":{"line":179,"column":29}},"29":{"start":{"line":182,"column":18},"end":{"line":182,"column":20}},"30":{"start":{"line":184,"column":20},"end":{"line":184,"column":22}},"31":{"start":{"line":186,"column":20},"end":{"line":186,"column":22}},"32":{"start":{"line":188,"column":23},"end":{"line":188,"column":25}},"33":{"start":{"line":189,"column":30},"end":{"line":189,"column":31}},"34":{"start":{"line":192,"column":12},"end":{"line":202,"column":null}},"35":{"start":{"line":193,"column":16},"end":{"line":193,"column":null}},"36":{"start":{"line":194,"column":37},"end":{"line":194,"column":48}},"37":{"start":{"line":195,"column":16},"end":{"line":195,"column":null}},"38":{"start":{"line":196,"column":16},"end":{"line":199,"column":null}},"39":{"start":{"line":197,"column":51},"end":{"line":197,"column":121}},"40":{"start":{"line":200,"column":16},"end":{"line":200,"column":null}},"41":{"start":{"line":201,"column":16},"end":{"line":201,"column":null}},"42":{"start":{"line":203,"column":12},"end":{"line":203,"column":null}},"43":{"start":{"line":207,"column":12},"end":{"line":207,"column":null}},"44":{"start":{"line":208,"column":12},"end":{"line":208,"column":null}},"45":{"start":{"line":209,"column":12},"end":{"line":215,"column":null}},"46":{"start":{"line":210,"column":16},"end":{"line":210,"column":null}},"47":{"start":{"line":211,"column":16},"end":{"line":211,"column":null}},"48":{"start":{"line":212,"column":16},"end":{"line":212,"column":null}},"49":{"start":{"line":213,"column":16},"end":{"line":213,"column":null}},"50":{"start":{"line":214,"column":38},"end":{"line":214,"column":null}},"51":{"start":{"line":232,"column":21},"end":{"line":254,"column":1}},"52":{"start":{"line":233,"column":4},"end":{"line":235,"column":null}},"53":{"start":{"line":234,"column":8},"end":{"line":234,"column":null}},"54":{"start":{"line":236,"column":48},"end":{"line":236,"column":67}},"55":{"start":{"line":237,"column":4},"end":{"line":252,"column":null}},"56":{"start":{"line":238,"column":8},"end":{"line":241,"column":null}},"57":{"start":{"line":239,"column":51},"end":{"line":239,"column":null}},"58":{"start":{"line":240,"column":12},"end":{"line":240,"column":null}},"59":{"start":{"line":242,"column":8},"end":{"line":251,"column":null}},"60":{"start":{"line":246,"column":16},"end":{"line":246,"column":null}},"61":{"start":{"line":249,"column":55},"end":{"line":249,"column":null}},"62":{"start":{"line":253,"column":4},"end":{"line":253,"column":null}},"63":{"start":{"line":263,"column":25},"end":{"line":277,"column":1}},"64":{"start":{"line":264,"column":4},"end":{"line":266,"column":null}},"65":{"start":{"line":265,"column":8},"end":{"line":265,"column":null}},"66":{"start":{"line":267,"column":4},"end":{"line":273,"column":null}},"67":{"start":{"line":272,"column":8},"end":{"line":272,"column":null}},"68":{"start":{"line":274,"column":4},"end":{"line":276,"column":null}},"69":{"start":{"line":293,"column":29},"end":{"line":325,"column":1}},"70":{"start":{"line":294,"column":4},"end":{"line":296,"column":null}},"71":{"start":{"line":295,"column":8},"end":{"line":295,"column":null}},"72":{"start":{"line":297,"column":4},"end":{"line":302,"column":null}},"73":{"start":{"line":298,"column":8},"end":{"line":300,"column":null}},"74":{"start":{"line":301,"column":8},"end":{"line":301,"column":null}},"75":{"start":{"line":303,"column":82},"end":{"line":303,"column":100}},"76":{"start":{"line":304,"column":102},"end":{"line":304,"column":110}},"77":{"start":{"line":305,"column":4},"end":{"line":314,"column":null}},"78":{"start":{"line":306,"column":115},"end":{"line":306,"column":123}},"79":{"start":{"line":307,"column":25},"end":{"line":307,"column":41}},"80":{"start":{"line":308,"column":8},"end":{"line":312,"column":null}},"81":{"start":{"line":309,"column":12},"end":{"line":311,"column":null}},"82":{"start":{"line":313,"column":8},"end":{"line":313,"column":null}},"83":{"start":{"line":321,"column":4},"end":{"line":323,"column":null}},"84":{"start":{"line":322,"column":8},"end":{"line":322,"column":null}},"85":{"start":{"line":324,"column":4},"end":{"line":324,"column":null}},"86":{"start":{"line":335,"column":23},"end":{"line":358,"column":1}},"87":{"start":{"line":336,"column":17},"end":{"line":336,"column":28}},"88":{"start":{"line":337,"column":4},"end":{"line":357,"column":null}},"89":{"start":{"line":338,"column":24},"end":{"line":338,"column":34}},"90":{"start":{"line":339,"column":8},"end":{"line":356,"column":null}},"91":{"start":{"line":340,"column":90},"end":{"line":340,"column":105}},"92":{"start":{"line":341,"column":109},"end":{"line":341,"column":116}},"93":{"start":{"line":342,"column":12},"end":{"line":351,"column":null}},"94":{"start":{"line":343,"column":123},"end":{"line":343,"column":130}},"95":{"start":{"line":344,"column":33},"end":{"line":344,"column":49}},"96":{"start":{"line":345,"column":16},"end":{"line":349,"column":null}},"97":{"start":{"line":346,"column":20},"end":{"line":348,"column":null}},"98":{"start":{"line":350,"column":16},"end":{"line":350,"column":null}},"99":{"start":{"line":352,"column":12},"end":{"line":354,"column":null}},"100":{"start":{"line":353,"column":16},"end":{"line":353,"column":null}},"101":{"start":{"line":355,"column":12},"end":{"line":355,"column":null}},"102":{"start":{"line":366,"column":25},"end":{"line":366,"column":76}},"103":{"start":{"line":366,"column":37},"end":{"line":366,"column":76}},"104":{"start":{"line":374,"column":28},"end":{"line":374,"column":82}},"105":{"start":{"line":374,"column":40},"end":{"line":374,"column":82}},"106":{"start":{"line":382,"column":33},"end":{"line":382,"column":84}},"107":{"start":{"line":382,"column":45},"end":{"line":382,"column":84}},"108":{"start":{"line":390,"column":31},"end":{"line":390,"column":79}},"109":{"start":{"line":390,"column":43},"end":{"line":390,"column":79}},"110":{"start":{"line":398,"column":32},"end":{"line":398,"column":91}},"111":{"start":{"line":398,"column":44},"end":{"line":398,"column":91}},"112":{"start":{"line":406,"column":30},"end":{"line":406,"column":87}},"113":{"start":{"line":406,"column":42},"end":{"line":406,"column":87}},"114":{"start":{"line":414,"column":27},"end":{"line":414,"column":81}},"115":{"start":{"line":414,"column":39},"end":{"line":414,"column":81}},"116":{"start":{"line":422,"column":34},"end":{"line":422,"column":96}},"117":{"start":{"line":422,"column":46},"end":{"line":422,"column":96}}},"fnMap":{"0":{"name":"(anonymous_0)","decl":{"start":{"line":75,"column":35},"end":{"line":75,"column":36}},"loc":{"start":{"line":75,"column":99},"end":{"line":85,"column":1}},"line":75},"1":{"name":"(anonymous_1)","decl":{"start":{"line":84,"column":30},"end":{"line":84,"column":31}},"loc":{"start":{"line":84,"column":68},"end":{"line":84,"column":100}},"line":84},"2":{"name":"(anonymous_2)","decl":{"start":{"line":108,"column":29},"end":{"line":108,"column":30}},"loc":{"start":{"line":108,"column":71},"end":{"line":118,"column":1}},"line":108},"3":{"name":"(anonymous_3)","decl":{"start":{"line":144,"column":36},"end":{"line":144,"column":37}},"loc":{"start":{"line":144,"column":93},"end":{"line":158,"column":1}},"line":144},"4":{"name":"(anonymous_4)","decl":{"start":{"line":165,"column":32},"end":{"line":165,"column":33}},"loc":{"start":{"line":165,"column":54},"end":{"line":168,"column":1}},"line":165},"5":{"name":"(anonymous_5)","decl":{"start":{"line":166,"column":48},"end":{"line":166,"column":49}},"loc":{"start":{"line":166,"column":83},"end":{"line":166,"column":106}},"line":166},"6":{"name":"(anonymous_6)","decl":{"start":{"line":175,"column":31},"end":{"line":175,"column":32}},"loc":{"start":{"line":176,"column":4},"end":{"line":217,"column":5}},"line":176},"7":{"name":"(anonymous_7)","decl":{"start":{"line":191,"column":8},"end":{"line":191,"column":25}},"loc":{"start":{"line":191,"column":28},"end":{"line":204,"column":null}},"line":191},"8":{"name":"(anonymous_8)","decl":{"start":{"line":197,"column":20},"end":{"line":197,"column":21}},"loc":{"start":{"line":197,"column":51},"end":{"line":197,"column":121}},"line":197},"9":{"name":"(anonymous_9)","decl":{"start":{"line":206,"column":14},"end":{"line":206,"column":34}},"loc":{"start":{"line":206,"column":37},"end":{"line":216,"column":null}},"line":206},"10":{"name":"(anonymous_10)","decl":{"start":{"line":232,"column":21},"end":{"line":232,"column":33}},"loc":{"start":{"line":232,"column":37},"end":{"line":254,"column":1}},"line":232},"11":{"name":"(anonymous_11)","decl":{"start":{"line":245,"column":12},"end":{"line":245,"column":15}},"loc":{"start":{"line":245,"column":18},"end":{"line":247,"column":13}},"line":245},"12":{"name":"(anonymous_12)","decl":{"start":{"line":248,"column":12},"end":{"line":248,"column":15}},"loc":{"start":{"line":248,"column":31},"end":{"line":250,"column":13}},"line":248},"13":{"name":"(anonymous_13)","decl":{"start":{"line":263,"column":25},"end":{"line":263,"column":26}},"loc":{"start":{"line":263,"column":31},"end":{"line":277,"column":1}},"line":263},"14":{"name":"(anonymous_14)","decl":{"start":{"line":293,"column":29},"end":{"line":293,"column":30}},"loc":{"start":{"line":293,"column":48},"end":{"line":325,"column":1}},"line":293},"15":{"name":"(anonymous_15)","decl":{"start":{"line":335,"column":23},"end":{"line":335,"column":31}},"loc":{"start":{"line":335,"column":35},"end":{"line":358,"column":1}},"line":335},"16":{"name":"(anonymous_16)","decl":{"start":{"line":337,"column":32},"end":{"line":337,"column":33}},"loc":{"start":{"line":337,"column":38},"end":{"line":357,"column":5}},"line":337},"17":{"name":"(anonymous_17)","decl":{"start":{"line":366,"column":25},"end":{"line":366,"column":33}},"loc":{"start":{"line":366,"column":37},"end":{"line":366,"column":76}},"line":366},"18":{"name":"(anonymous_18)","decl":{"start":{"line":374,"column":28},"end":{"line":374,"column":36}},"loc":{"start":{"line":374,"column":40},"end":{"line":374,"column":82}},"line":374},"19":{"name":"(anonymous_19)","decl":{"start":{"line":382,"column":33},"end":{"line":382,"column":41}},"loc":{"start":{"line":382,"column":45},"end":{"line":382,"column":84}},"line":382},"20":{"name":"(anonymous_20)","decl":{"start":{"line":390,"column":31},"end":{"line":390,"column":39}},"loc":{"start":{"line":390,"column":43},"end":{"line":390,"column":79}},"line":390},"21":{"name":"(anonymous_21)","decl":{"start":{"line":398,"column":32},"end":{"line":398,"column":40}},"loc":{"start":{"line":398,"column":44},"end":{"line":398,"column":91}},"line":398},"22":{"name":"(anonymous_22)","decl":{"start":{"line":406,"column":30},"end":{"line":406,"column":38}},"loc":{"start":{"line":406,"column":42},"end":{"line":406,"column":87}},"line":406},"23":{"name":"(anonymous_23)","decl":{"start":{"line":414,"column":27},"end":{"line":414,"column":35}},"loc":{"start":{"line":414,"column":39},"end":{"line":414,"column":81}},"line":414},"24":{"name":"(anonymous_24)","decl":{"start":{"line":422,"column":34},"end":{"line":422,"column":42}},"loc":{"start":{"line":422,"column":46},"end":{"line":422,"column":96}},"line":422}},"branchMap":{"0":{"loc":{"start":{"line":75,"column":69},"end":{"line":75,"column":94}},"type":"default-arg","locations":[{"start":{"line":75,"column":83},"end":{"line":75,"column":94}}],"line":75},"1":{"loc":{"start":{"line":76,"column":26},"end":{"line":76,"column":95}},"type":"binary-expr","locations":[{"start":{"line":76,"column":26},"end":{"line":76,"column":66}},{"start":{"line":76,"column":70},"end":{"line":76,"column":95}}],"line":76},"2":{"loc":{"start":{"line":77,"column":4},"end":{"line":79,"column":null}},"type":"if","locations":[{"start":{"line":77,"column":4},"end":{"line":79,"column":null}},{"start":{},"end":{}}],"line":77},"3":{"loc":{"start":{"line":77,"column":8},"end":{"line":77,"column":67}},"type":"binary-expr","locations":[{"start":{"line":77,"column":8},"end":{"line":77,"column":11}},{"start":{"line":77,"column":15},"end":{"line":77,"column":29}},{"start":{"line":77,"column":33},"end":{"line":77,"column":67}}],"line":77},"4":{"loc":{"start":{"line":80,"column":54},"end":{"line":80,"column":102}},"type":"cond-expr","locations":[{"start":{"line":80,"column":70},"end":{"line":80,"column":88}},{"start":{"line":80,"column":91},"end":{"line":80,"column":102}}],"line":80},"5":{"loc":{"start":{"line":81,"column":48},"end":{"line":81,"column":87}},"type":"cond-expr","locations":[{"start":{"line":81,"column":64},"end":{"line":81,"column":66}},{"start":{"line":81,"column":69},"end":{"line":81,"column":87}}],"line":81},"6":{"loc":{"start":{"line":113,"column":4},"end":{"line":115,"column":null}},"type":"if","locations":[{"start":{"line":113,"column":4},"end":{"line":115,"column":null}},{"start":{},"end":{}}],"line":113},"7":{"loc":{"start":{"line":153,"column":4},"end":{"line":155,"column":null}},"type":"if","locations":[{"start":{"line":153,"column":4},"end":{"line":155,"column":null}},{"start":{},"end":{}}],"line":153},"8":{"loc":{"start":{"line":192,"column":12},"end":{"line":202,"column":null}},"type":"if","locations":[{"start":{"line":192,"column":12},"end":{"line":202,"column":null}},{"start":{},"end":{}}],"line":192},"9":{"loc":{"start":{"line":209,"column":12},"end":{"line":215,"column":null}},"type":"if","locations":[{"start":{"line":209,"column":12},"end":{"line":215,"column":null}},{"start":{},"end":{}}],"line":209},"10":{"loc":{"start":{"line":209,"column":16},"end":{"line":209,"column":50}},"type":"binary-expr","locations":[{"start":{"line":209,"column":16},"end":{"line":209,"column":33}},{"start":{"line":209,"column":37},"end":{"line":209,"column":50}}],"line":209},"11":{"loc":{"start":{"line":233,"column":4},"end":{"line":235,"column":null}},"type":"if","locations":[{"start":{"line":233,"column":4},"end":{"line":235,"column":null}},{"start":{},"end":{}}],"line":233},"12":{"loc":{"start":{"line":233,"column":8},"end":{"line":233,"column":40}},"type":"binary-expr","locations":[{"start":{"line":233,"column":8},"end":{"line":233,"column":11}},{"start":{"line":233,"column":15},"end":{"line":233,"column":40}}],"line":233},"13":{"loc":{"start":{"line":238,"column":8},"end":{"line":241,"column":null}},"type":"if","locations":[{"start":{"line":238,"column":8},"end":{"line":241,"column":null}},{"start":{},"end":{}}],"line":238},"14":{"loc":{"start":{"line":264,"column":4},"end":{"line":266,"column":null}},"type":"if","locations":[{"start":{"line":264,"column":4},"end":{"line":266,"column":null}},{"start":{},"end":{}}],"line":264},"15":{"loc":{"start":{"line":264,"column":8},"end":{"line":264,"column":40}},"type":"binary-expr","locations":[{"start":{"line":264,"column":8},"end":{"line":264,"column":11}},{"start":{"line":264,"column":15},"end":{"line":264,"column":40}}],"line":264},"16":{"loc":{"start":{"line":267,"column":4},"end":{"line":273,"column":null}},"type":"if","locations":[{"start":{"line":267,"column":4},"end":{"line":273,"column":null}},{"start":{},"end":{}}],"line":267},"17":{"loc":{"start":{"line":268,"column":8},"end":{"line":270,"column":null}},"type":"binary-expr","locations":[{"start":{"line":268,"column":8},"end":{"line":268,"column":11}},{"start":{"line":269,"column":78},"end":{"line":270,"column":null}}],"line":268},"18":{"loc":{"start":{"line":294,"column":4},"end":{"line":296,"column":null}},"type":"if","locations":[{"start":{"line":294,"column":4},"end":{"line":296,"column":null}},{"start":{},"end":{}}],"line":294},"19":{"loc":{"start":{"line":294,"column":8},"end":{"line":294,"column":40}},"type":"binary-expr","locations":[{"start":{"line":294,"column":8},"end":{"line":294,"column":11}},{"start":{"line":294,"column":15},"end":{"line":294,"column":40}}],"line":294},"20":{"loc":{"start":{"line":297,"column":4},"end":{"line":302,"column":null}},"type":"if","locations":[{"start":{"line":297,"column":4},"end":{"line":302,"column":null}},{"start":{},"end":{}}],"line":297},"21":{"loc":{"start":{"line":297,"column":8},"end":{"line":297,"column":67}},"type":"binary-expr","locations":[{"start":{"line":297,"column":8},"end":{"line":297,"column":11}},{"start":{"line":297,"column":15},"end":{"line":297,"column":67}}],"line":297},"22":{"loc":{"start":{"line":305,"column":4},"end":{"line":314,"column":null}},"type":"if","locations":[{"start":{"line":305,"column":4},"end":{"line":314,"column":null}},{"start":{},"end":{}}],"line":305},"23":{"loc":{"start":{"line":308,"column":8},"end":{"line":312,"column":null}},"type":"if","locations":[{"start":{"line":308,"column":8},"end":{"line":312,"column":null}},{"start":{},"end":{}}],"line":308},"24":{"loc":{"start":{"line":308,"column":12},"end":{"line":308,"column":70}},"type":"binary-expr","locations":[{"start":{"line":308,"column":12},"end":{"line":308,"column":34}},{"start":{"line":308,"column":38},"end":{"line":308,"column":70}}],"line":308},"25":{"loc":{"start":{"line":321,"column":4},"end":{"line":323,"column":null}},"type":"if","locations":[{"start":{"line":321,"column":4},"end":{"line":323,"column":null}},{"start":{},"end":{}}],"line":321},"26":{"loc":{"start":{"line":339,"column":8},"end":{"line":356,"column":null}},"type":"if","locations":[{"start":{"line":339,"column":8},"end":{"line":356,"column":null}},{"start":{},"end":{}}],"line":339},"27":{"loc":{"start":{"line":342,"column":12},"end":{"line":351,"column":null}},"type":"if","locations":[{"start":{"line":342,"column":12},"end":{"line":351,"column":null}},{"start":{},"end":{}}],"line":342},"28":{"loc":{"start":{"line":345,"column":16},"end":{"line":349,"column":null}},"type":"if","locations":[{"start":{"line":345,"column":16},"end":{"line":349,"column":null}},{"start":{},"end":{}}],"line":345},"29":{"loc":{"start":{"line":345,"column":20},"end":{"line":345,"column":71}},"type":"binary-expr","locations":[{"start":{"line":345,"column":20},"end":{"line":345,"column":42}},{"start":{"line":345,"column":46},"end":{"line":345,"column":71}}],"line":345},"30":{"loc":{"start":{"line":352,"column":12},"end":{"line":354,"column":null}},"type":"if","locations":[{"start":{"line":352,"column":12},"end":{"line":354,"column":null}},{"start":{},"end":{}}],"line":352}},"s":{"0":2,"1":2,"2":70,"3":70,"4":1,"5":69,"6":70,"7":70,"8":70,"9":48,"10":2,"11":65,"12":65,"13":58,"14":64,"15":2,"16":3,"17":3,"18":3,"19":2,"20":3,"21":2,"22":60,"23":283,"24":60,"25":2,"26":69,"27":63,"28":63,"29":63,"30":63,"31":63,"32":63,"33":63,"34":76,"35":69,"36":69,"37":69,"38":69,"39":69,"40":69,"41":69,"42":76,"43":76,"44":76,"45":76,"46":69,"47":69,"48":69,"49":69,"50":69,"51":2,"52":19,"53":1,"54":18,"55":18,"56":18,"57":3,"58":3,"59":17,"60":35,"61":32,"62":17,"63":2,"64":4,"65":1,"66":3,"67":1,"68":2,"69":2,"70":48,"71":1,"72":47,"73":1,"74":1,"75":46,"76":46,"77":46,"78":44,"79":44,"80":44,"81":1,"82":44,"83":46,"84":38,"85":46,"86":2,"87":10,"88":10,"89":10,"90":10,"91":9,"92":9,"93":9,"94":8,"95":8,"96":8,"97":1,"98":8,"99":9,"100":6,"101":9,"102":2,"103":24,"104":2,"105":4,"106":2,"107":2,"108":2,"109":2,"110":2,"111":1,"112":2,"113":1,"114":2,"115":1,"116":2,"117":3},"f":{"0":70,"1":48,"2":65,"3":3,"4":60,"5":283,"6":69,"7":76,"8":69,"9":76,"10":19,"11":35,"12":32,"13":4,"14":48,"15":10,"16":10,"17":24,"18":4,"19":2,"20":2,"21":1,"22":1,"23":1,"24":3},"b":{"0":[70],"1":[70,31],"2":[1,69],"3":[70,63,38],"4":[30,39],"5":[30,39],"6":[58,7],"7":[2,1],"8":[69,7],"9":[69,7],"10":[76,69],"11":[1,18],"12":[19,16],"13":[3,15],"14":[1,3],"15":[4,4],"16":[1,2],"17":[3,3],"18":[1,47],"19":[48,46],"20":[1,46],"21":[47,45],"22":[44,2],"23":[1,43],"24":[44,9],"25":[38,8],"26":[9,1],"27":[8,1],"28":[1,7],"29":[8,3],"30":[6,3]},"meta":{"lastBranch":31,"lastFunction":25,"lastStatement":118,"seen":{"s:47:14:47:22":0,"s:75:35:85:1":1,"f:75:35:75:36":0,"b:75:83:75:94":0,"s:76:26:76:95":2,"b:76:26:76:66:76:70:76:95":1,"b:77:4:79:Infinity:undefined:undefined:undefined:undefined":2,"s:77:4:79:Infinity":3,"b:77:8:77:11:77:15:77:29:77:33:77:67":3,"s:78:8:78:Infinity":4,"s:80:54:80:102":5,"b:80:70:80:88:80:91:80:102":4,"s:81:48:81:87":6,"b:81:64:81:66:81:69:81:87":5,"s:83:31:83:78":7,"s:84:4:84:Infinity":8,"f:84:30:84:31":1,"s:84:68:84:100":9,"s:108:29:118:1":10,"f:108:29:108:30":2,"s:109:29:112:5":11,"b:113:4:115:Infinity:undefined:undefined:undefined:undefined":6,"s:113:4:115:Infinity":12,"s:114:8:114:Infinity":13,"s:117:4:117:Infinity":14,"s:144:36:158:1":15,"f:144:36:144:37":3,"s:146:32:146:81":16,"s:148:29:152:5":17,"b:153:4:155:Infinity:undefined:undefined:undefined:undefined":7,"s:153:4:155:Infinity":18,"s:154:8:154:Infinity":19,"s:157:4:157:Infinity":20,"s:165:32:168:1":21,"f:165:32:165:33":4,"s:166:22:166:107":22,"f:166:48:166:49":5,"s:166:83:166:106":23,"s:167:4:167:Infinity":24,"s:175:31:217:5":25,"f:175:31:175:32":6,"s:176:4:217:5":26,"s:177:19:177:24":27,"s:179:25:179:29":28,"s:182:18:182:20":29,"s:184:20:184:22":30,"s:186:20:186:22":31,"s:188:23:188:25":32,"s:189:30:189:31":33,"f:191:8:191:25":7,"b:192:12:202:Infinity:undefined:undefined:undefined:undefined":8,"s:192:12:202:Infinity":34,"s:193:16:193:Infinity":35,"s:194:37:194:48":36,"s:195:16:195:Infinity":37,"s:196:16:199:Infinity":38,"f:197:20:197:21":8,"s:197:51:197:121":39,"s:200:16:200:Infinity":40,"s:201:16:201:Infinity":41,"s:203:12:203:Infinity":42,"f:206:14:206:34":9,"s:207:12:207:Infinity":43,"s:208:12:208:Infinity":44,"b:209:12:215:Infinity:undefined:undefined:undefined:undefined":9,"s:209:12:215:Infinity":45,"b:209:16:209:33:209:37:209:50":10,"s:210:16:210:Infinity":46,"s:211:16:211:Infinity":47,"s:212:16:212:Infinity":48,"s:213:16:213:Infinity":49,"s:214:38:214:Infinity":50,"s:232:21:254:1":51,"f:232:21:232:33":10,"b:233:4:235:Infinity:undefined:undefined:undefined:undefined":11,"s:233:4:235:Infinity":52,"b:233:8:233:11:233:15:233:40":12,"s:234:8:234:Infinity":53,"s:236:48:236:67":54,"s:237:4:252:Infinity":55,"b:238:8:241:Infinity:undefined:undefined:undefined:undefined":13,"s:238:8:241:Infinity":56,"s:239:51:239:Infinity":57,"s:240:12:240:Infinity":58,"s:242:8:251:Infinity":59,"f:245:12:245:15":11,"s:246:16:246:Infinity":60,"f:248:12:248:15":12,"s:249:55:249:Infinity":61,"s:253:4:253:Infinity":62,"s:263:25:277:1":63,"f:263:25:263:26":13,"b:264:4:266:Infinity:undefined:undefined:undefined:undefined":14,"s:264:4:266:Infinity":64,"b:264:8:264:11:264:15:264:40":15,"s:265:8:265:Infinity":65,"b:267:4:273:Infinity:undefined:undefined:undefined:undefined":16,"s:267:4:273:Infinity":66,"b:268:8:268:11:269:78:270:Infinity":17,"s:272:8:272:Infinity":67,"s:274:4:276:Infinity":68,"s:293:29:325:1":69,"f:293:29:293:30":14,"b:294:4:296:Infinity:undefined:undefined:undefined:undefined":18,"s:294:4:296:Infinity":70,"b:294:8:294:11:294:15:294:40":19,"s:295:8:295:Infinity":71,"b:297:4:302:Infinity:undefined:undefined:undefined:undefined":20,"s:297:4:302:Infinity":72,"b:297:8:297:11:297:15:297:67":21,"s:298:8:300:Infinity":73,"s:301:8:301:Infinity":74,"s:303:82:303:100":75,"s:304:102:304:110":76,"b:305:4:314:Infinity:undefined:undefined:undefined:undefined":22,"s:305:4:314:Infinity":77,"s:306:115:306:123":78,"s:307:25:307:41":79,"b:308:8:312:Infinity:undefined:undefined:undefined:undefined":23,"s:308:8:312:Infinity":80,"b:308:12:308:34:308:38:308:70":24,"s:309:12:311:Infinity":81,"s:313:8:313:Infinity":82,"b:321:4:323:Infinity:undefined:undefined:undefined:undefined":25,"s:321:4:323:Infinity":83,"s:322:8:322:Infinity":84,"s:324:4:324:Infinity":85,"s:335:23:358:1":86,"f:335:23:335:31":15,"s:336:17:336:28":87,"s:337:4:357:Infinity":88,"f:337:32:337:33":16,"s:338:24:338:34":89,"b:339:8:356:Infinity:undefined:undefined:undefined:undefined":26,"s:339:8:356:Infinity":90,"s:340:90:340:105":91,"s:341:109:341:116":92,"b:342:12:351:Infinity:undefined:undefined:undefined:undefined":27,"s:342:12:351:Infinity":93,"s:343:123:343:130":94,"s:344:33:344:49":95,"b:345:16:349:Infinity:undefined:undefined:undefined:undefined":28,"s:345:16:349:Infinity":96,"b:345:20:345:42:345:46:345:71":29,"s:346:20:348:Infinity":97,"s:350:16:350:Infinity":98,"b:352:12:354:Infinity:undefined:undefined:undefined:undefined":30,"s:352:12:354:Infinity":99,"s:353:16:353:Infinity":100,"s:355:12:355:Infinity":101,"s:366:25:366:76":102,"f:366:25:366:33":17,"s:366:37:366:76":103,"s:374:28:374:82":104,"f:374:28:374:36":18,"s:374:40:374:82":105,"s:382:33:382:84":106,"f:382:33:382:41":19,"s:382:45:382:84":107,"s:390:31:390:79":108,"f:390:31:390:39":20,"s:390:43:390:79":109,"s:398:32:398:91":110,"f:398:32:398:40":21,"s:398:44:398:91":111,"s:406:30:406:87":112,"f:406:30:406:38":22,"s:406:42:406:87":113,"s:414:27:414:81":114,"f:414:27:414:35":23,"s:414:39:414:81":115,"s:422:34:422:96":116,"f:422:34:422:42":24,"s:422:46:422:96":117}}}
,"/home/runner/work/slimlib/slimlib/element/src/symbols.js": {"path":"/home/runner/work/slimlib/slimlib/element/src/symbols.js","statementMap":{"0":{"start":{"line":23,"column":4},"end":{"line":23,"column":null}}},"fnMap":{},"branchMap":{},"s":{"0":2},"f":{},"b":{},"meta":{"lastBranch":0,"lastFunction":0,"lastStatement":1,"seen":{"s:23:4:23:Infinity":0}}}
,"/home/runner/work/slimlib/slimlib/element/src/middleware/attributes.js": {"path":"/home/runner/work/slimlib/slimlib/element/src/middleware/attributes.js","statementMap":{"0":{"start":{"line":33,"column":26},"end":{"line":113,"column":1}},"1":{"start":{"line":34,"column":27},"end":{"line":34,"column":55}},"2":{"start":{"line":35,"column":35},"end":{"line":37,"column":5}},"3":{"start":{"line":36,"column":60},"end":{"line":36,"column":null}},"4":{"start":{"line":38,"column":36},"end":{"line":40,"column":5}},"5":{"start":{"line":39,"column":60},"end":{"line":39,"column":null}},"6":{"start":{"line":42,"column":4},"end":{"line":112,"column":null}},"7":{"start":{"line":43,"column":8},"end":{"line":112,"column":9}},"8":{"start":{"line":45,"column":16},"end":{"line":45,"column":null}},"9":{"start":{"line":49,"column":16},"end":{"line":49,"column":null}},"10":{"start":{"line":51,"column":16},"end":{"line":101,"column":null}},"11":{"start":{"line":52,"column":50},"end":{"line":100,"column":null}},"12":{"start":{"line":53,"column":24},"end":{"line":61,"column":null}},"13":{"start":{"line":54,"column":28},"end":{"line":60,"column":null}},"14":{"start":{"line":55,"column":32},"end":{"line":59,"column":null}},"15":{"start":{"line":56,"column":36},"end":{"line":58,"column":null}},"16":{"start":{"line":63,"column":54},"end":{"line":99,"column":null}},"17":{"start":{"line":65,"column":47},"end":{"line":65,"column":77}},"18":{"start":{"line":66,"column":32},"end":{"line":97,"column":null}},"19":{"start":{"line":66,"column":49},"end":{"line":66,"column":50}},"20":{"start":{"line":67,"column":81},"end":{"line":67,"column":111}},"21":{"start":{"line":68,"column":100},"end":{"line":68,"column":130}},"22":{"start":{"line":69,"column":98},"end":{"line":69,"column":120}},"23":{"start":{"line":70,"column":115},"end":{"line":70,"column":137}},"24":{"start":{"line":71,"column":36},"end":{"line":96,"column":null}},"25":{"start":{"line":72,"column":64},"end":{"line":74,"column":41}},"26":{"start":{"line":75,"column":40},"end":{"line":82,"column":null}},"27":{"start":{"line":76,"column":67},"end":{"line":76,"column":118}},"28":{"start":{"line":77,"column":44},"end":{"line":81,"column":null}},"29":{"start":{"line":78,"column":48},"end":{"line":80,"column":null}},"30":{"start":{"line":83,"column":40},"end":{"line":95,"column":null}},"31":{"start":{"line":84,"column":44},"end":{"line":86,"column":null}},"32":{"start":{"line":85,"column":75},"end":{"line":85,"column":null}},"33":{"start":{"line":87,"column":47},"end":{"line":95,"column":null}},"34":{"start":{"line":91,"column":71},"end":{"line":94,"column":null}},"35":{"start":{"line":109,"column":43},"end":{"line":110,"column":null}},"36":{"start":{"line":116,"column":31},"end":{"line":119,"column":1}},"37":{"start":{"line":117,"column":17},"end":{"line":117,"column":60}},"38":{"start":{"line":118,"column":22},"end":{"line":118,"column":74}},"39":{"start":{"line":122,"column":32},"end":{"line":122,"column":109}},"40":{"start":{"line":122,"column":45},"end":{"line":122,"column":62}},"41":{"start":{"line":122,"column":82},"end":{"line":122,"column":107}},"42":{"start":{"line":125,"column":31},"end":{"line":125,"column":126}},"43":{"start":{"line":125,"column":44},"end":{"line":125,"column":52}},"44":{"start":{"line":125,"column":72},"end":{"line":125,"column":124}}},"fnMap":{"0":{"name":"(anonymous_0)","decl":{"start":{"line":33,"column":26},"end":{"line":33,"column":41}},"loc":{"start":{"line":33,"column":45},"end":{"line":113,"column":1}},"line":33},"1":{"name":"(anonymous_1)","decl":{"start":{"line":36,"column":8},"end":{"line":36,"column":21}},"loc":{"start":{"line":36,"column":60},"end":{"line":36,"column":null}},"line":36},"2":{"name":"(anonymous_2)","decl":{"start":{"line":39,"column":8},"end":{"line":39,"column":21}},"loc":{"start":{"line":39,"column":60},"end":{"line":39,"column":null}},"line":39},"3":{"name":"(anonymous_3)","decl":{"start":{"line":42,"column":11},"end":{"line":42,"column":22}},"loc":{"start":{"line":43,"column":8},"end":{"line":112,"column":9}},"line":43},"4":{"name":"(anonymous_4)","decl":{"start":{"line":44,"column":23},"end":{"line":44,"column":41}},"loc":{"start":{"line":44,"column":44},"end":{"line":46,"column":null}},"line":44},"5":{"name":"(anonymous_5)","decl":{"start":{"line":48,"column":12},"end":{"line":48,"column":23}},"loc":{"start":{"line":48,"column":26},"end":{"line":102,"column":null}},"line":48},"6":{"name":"(anonymous_6)","decl":{"start":{"line":52,"column":100},"end":{"line":52,"column":101}},"loc":{"start":{"line":52,"column":106},"end":{"line":100,"column":21}},"line":52},"7":{"name":"(anonymous_7)","decl":{"start":{"line":64,"column":34},"end":{"line":64,"column":35}},"loc":{"start":{"line":64,"column":40},"end":{"line":98,"column":29}},"line":64},"8":{"name":"(anonymous_8)","decl":{"start":{"line":71,"column":43},"end":{"line":71,"column":44}},"loc":{"start":{"line":71,"column":49},"end":{"line":96,"column":37}},"line":71},"9":{"name":"(anonymous_9)","decl":{"start":{"line":104,"column":12},"end":{"line":104,"column":36}},"loc":{"start":{"line":108,"column":14},"end":{"line":111,"column":null}},"line":108},"10":{"name":"(anonymous_10)","decl":{"start":{"line":117,"column":4},"end":{"line":117,"column":12}},"loc":{"start":{"line":117,"column":17},"end":{"line":117,"column":60}},"line":117},"11":{"name":"(anonymous_11)","decl":{"start":{"line":118,"column":4},"end":{"line":118,"column":17}},"loc":{"start":{"line":118,"column":22},"end":{"line":118,"column":74}},"line":118},"12":{"name":"(anonymous_12)","decl":{"start":{"line":122,"column":33},"end":{"line":122,"column":41}},"loc":{"start":{"line":122,"column":45},"end":{"line":122,"column":62}},"line":122},"13":{"name":"(anonymous_13)","decl":{"start":{"line":122,"column":64},"end":{"line":122,"column":77}},"loc":{"start":{"line":122,"column":82},"end":{"line":122,"column":107}},"line":122},"14":{"name":"(anonymous_14)","decl":{"start":{"line":125,"column":32},"end":{"line":125,"column":40}},"loc":{"start":{"line":125,"column":44},"end":{"line":125,"column":52}},"line":125},"15":{"name":"(anonymous_15)","decl":{"start":{"line":125,"column":54},"end":{"line":125,"column":67}},"loc":{"start":{"line":125,"column":72},"end":{"line":125,"column":124}},"line":125}},"branchMap":{"0":{"loc":{"start":{"line":51,"column":16},"end":{"line":101,"column":null}},"type":"if","locations":[{"start":{"line":51,"column":16},"end":{"line":101,"column":null}},{"start":{},"end":{}}],"line":51},"1":{"loc":{"start":{"line":53,"column":24},"end":{"line":61,"column":null}},"type":"if","locations":[{"start":{"line":53,"column":24},"end":{"line":61,"column":null}},{"start":{},"end":{}}],"line":53},"2":{"loc":{"start":{"line":55,"column":32},"end":{"line":59,"column":null}},"type":"if","locations":[{"start":{"line":55,"column":32},"end":{"line":59,"column":null}},{"start":{},"end":{}}],"line":55},"3":{"loc":{"start":{"line":75,"column":40},"end":{"line":82,"column":null}},"type":"if","locations":[{"start":{"line":75,"column":40},"end":{"line":82,"column":null}},{"start":{},"end":{}}],"line":75},"4":{"loc":{"start":{"line":75,"column":44},"end":{"line":75,"column":65}},"type":"binary-expr","locations":[{"start":{"line":75,"column":44},"end":{"line":75,"column":47}},{"start":{"line":75,"column":51},"end":{"line":75,"column":65}}],"line":75},"5":{"loc":{"start":{"line":77,"column":44},"end":{"line":81,"column":null}},"type":"if","locations":[{"start":{"line":77,"column":44},"end":{"line":81,"column":null}},{"start":{},"end":{}}],"line":77},"6":{"loc":{"start":{"line":83,"column":40},"end":{"line":95,"column":null}},"type":"if","locations":[{"start":{"line":83,"column":40},"end":{"line":95,"column":null}},{"start":{"line":87,"column":47},"end":{"line":95,"column":null}}],"line":83},"7":{"loc":{"start":{"line":84,"column":44},"end":{"line":86,"column":null}},"type":"if","locations":[{"start":{"line":84,"column":44},"end":{"line":86,"column":null}},{"start":{},"end":{}}],"line":84},"8":{"loc":{"start":{"line":87,"column":47},"end":{"line":95,"column":null}},"type":"if","locations":[{"start":{"line":87,"column":47},"end":{"line":95,"column":null}},{"start":{},"end":{}}],"line":87},"9":{"loc":{"start":{"line":117,"column":17},"end":{"line":117,"column":60}},"type":"cond-expr","locations":[{"start":{"line":117,"column":37},"end":{"line":117,"column":41}},{"start":{"line":117,"column":44},"end":{"line":117,"column":60}}],"line":117},"10":{"loc":{"start":{"line":118,"column":22},"end":{"line":118,"column":74}},"type":"cond-expr","locations":[{"start":{"line":118,"column":46},"end":{"line":118,"column":50}},{"start":{"line":118,"column":53},"end":{"line":118,"column":74}}],"line":118},"11":{"loc":{"start":{"line":122,"column":82},"end":{"line":122,"column":107}},"type":"cond-expr","locations":[{"start":{"line":122,"column":98},"end":{"line":122,"column":100}},{"start":{"line":122,"column":103},"end":{"line":122,"column":107}}],"line":122},"12":{"loc":{"start":{"line":125,"column":72},"end":{"line":125,"column":124}},"type":"cond-expr","locations":[{"start":{"line":125,"column":96},"end":{"line":125,"column":100}},{"start":{"line":125,"column":103},"end":{"line":125,"column":124}}],"line":125}},"s":{"0":2,"1":22,"2":22,"3":22,"4":22,"5":22,"6":22,"7":21,"8":20,"9":21,"10":21,"11":12,"12":13,"13":11,"14":11,"15":1,"16":13,"17":13,"18":13,"19":13,"20":13,"21":13,"22":13,"23":13,"24":13,"25":24,"26":24,"27":19,"28":19,"29":1,"30":23,"31":5,"32":2,"33":18,"34":17,"35":28,"36":2,"37":27,"38":26,"39":2,"40":7,"41":6,"42":2,"43":11,"44":7},"f":{"0":22,"1":22,"2":22,"3":21,"4":21,"5":21,"6":13,"7":13,"8":24,"9":28,"10":27,"11":26,"12":7,"13":6,"14":11,"15":7},"b":{"0":[12,9],"1":[11,2],"2":[1,10],"3":[19,5],"4":[24,21],"5":[1,18],"6":[5,18],"7":[2,3],"8":[17,1],"9":[2,25],"10":[2,24],"11":[2,4],"12":[3,4]},"meta":{"lastBranch":13,"lastFunction":16,"lastStatement":45,"seen":{"s:33:26:113:1":0,"f:33:26:33:41":0,"s:34:27:34:55":1,"s:35:35:37:5":2,"f:36:8:36:21":1,"s:36:60:36:Infinity":3,"s:38:36:40:5":4,"f:39:8:39:21":2,"s:39:60:39:Infinity":5,"s:42:4:112:Infinity":6,"f:42:11:42:22":3,"s:43:8:112:9":7,"f:44:23:44:41":4,"s:45:16:45:Infinity":8,"f:48:12:48:23":5,"s:49:16:49:Infinity":9,"b:51:16:101:Infinity:undefined:undefined:undefined:undefined":0,"s:51:16:101:Infinity":10,"s:52:50:100:Infinity":11,"f:52:100:52:101":6,"b:53:24:61:Infinity:undefined:undefined:undefined:undefined":1,"s:53:24:61:Infinity":12,"s:54:28:60:Infinity":13,"b:55:32:59:Infinity:undefined:undefined:undefined:undefined":2,"s:55:32:59:Infinity":14,"s:56:36:58:Infinity":15,"s:63:54:99:Infinity":16,"f:64:34:64:35":7,"s:65:47:65:77":17,"s:66:32:97:Infinity":18,"s:66:49:66:50":19,"s:67:81:67:111":20,"s:68:100:68:130":21,"s:69:98:69:120":22,"s:70:115:70:137":23,"s:71:36:96:Infinity":24,"f:71:43:71:44":8,"s:72:64:74:41":25,"b:75:40:82:Infinity:undefined:undefined:undefined:undefined":3,"s:75:40:82:Infinity":26,"b:75:44:75:47:75:51:75:65":4,"s:76:67:76:118":27,"b:77:44:81:Infinity:undefined:undefined:undefined:undefined":5,"s:77:44:81:Infinity":28,"s:78:48:80:Infinity":29,"b:83:40:95:Infinity:87:47:95:Infinity":6,"s:83:40:95:Infinity":30,"b:84:44:86:Infinity:undefined:undefined:undefined:undefined":7,"s:84:44:86:Infinity":31,"s:85:75:85:Infinity":32,"b:87:47:95:Infinity:undefined:undefined:undefined:undefined":8,"s:87:47:95:Infinity":33,"s:91:71:94:Infinity":34,"f:104:12:104:36":9,"s:109:43:110:Infinity":35,"s:116:31:119:1":36,"f:117:4:117:12":10,"s:117:17:117:60":37,"b:117:37:117:41:117:44:117:60":9,"f:118:4:118:17":11,"s:118:22:118:74":38,"b:118:46:118:50:118:53:118:74":10,"s:122:32:122:109":39,"f:122:33:122:41":12,"s:122:45:122:62":40,"f:122:64:122:77":13,"s:122:82:122:107":41,"b:122:98:122:100:122:103:122:107":11,"s:125:31:125:126":42,"f:125:32:125:40":14,"s:125:44:125:52":43,"f:125:54:125:67":15,"s:125:72:125:124":44,"b:125:96:125:100:125:103:125:124":12}}}
,"/home/runner/work/slimlib/slimlib/element/src/middleware/disabled-features.js": {"path":"/home/runner/work/slimlib/slimlib/element/src/middleware/disabled-features.js","statementMap":{"0":{"start":{"line":7,"column":32},"end":{"line":10,"column":5}},"1":{"start":{"line":7,"column":44},"end":{"line":10,"column":5}},"2":{"start":{"line":8,"column":4},"end":{"line":10,"column":5}},"3":{"start":{"line":9,"column":34},"end":{"line":9,"column":42}}},"fnMap":{"0":{"name":"(anonymous_0)","decl":{"start":{"line":7,"column":32},"end":{"line":7,"column":40}},"loc":{"start":{"line":7,"column":44},"end":{"line":10,"column":5}},"line":7},"1":{"name":"(anonymous_1)","decl":{"start":{"line":7,"column":44},"end":{"line":7,"column":55}},"loc":{"start":{"line":8,"column":4},"end":{"line":10,"column":5}},"line":8}},"branchMap":{},"s":{"0":2,"1":1,"2":1,"3":1},"f":{"0":1,"1":1},"b":{},"meta":{"lastBranch":0,"lastFunction":2,"lastStatement":4,"seen":{"s:7:32:10:5":0,"f:7:32:7:40":0,"s:7:44:10:5":1,"f:7:44:7:55":1,"s:8:4:10:5":2,"s:9:34:9:42":3}}}
,"/home/runner/work/slimlib/slimlib/element/src/middleware/form-associated.js": {"path":"/home/runner/work/slimlib/slimlib/element/src/middleware/form-associated.js","statementMap":{"0":{"start":{"line":10,"column":30},"end":{"line":41,"column":1}},"1":{"start":{"line":10,"column":36},"end":{"line":41,"column":1}},"2":{"start":{"line":12,"column":32},"end":{"line":12,"column":36}},"3":{"start":{"line":15,"column":28},"end":{"line":15,"column":30}},"4":{"start":{"line":17,"column":26},"end":{"line":17,"column":28}},"5":{"start":{"line":19,"column":23},"end":{"line":19,"column":25}},"6":{"start":{"line":21,"column":31},"end":{"line":21,"column":33}},"7":{"start":{"line":24,"column":12},"end":{"line":24,"column":null}},"8":{"start":{"line":28,"column":12},"end":{"line":28,"column":null}},"9":{"start":{"line":32,"column":12},"end":{"line":32,"column":null}},"10":{"start":{"line":36,"column":12},"end":{"line":36,"column":null}},"11":{"start":{"line":40,"column":4},"end":{"line":40,"column":null}}},"fnMap":{"0":{"name":"(anonymous_0)","decl":{"start":{"line":10,"column":30},"end":{"line":10,"column":31}},"loc":{"start":{"line":10,"column":36},"end":{"line":41,"column":1}},"line":10},"1":{"name":"(anonymous_1)","decl":{"start":{"line":10,"column":36},"end":{"line":10,"column":47}},"loc":{"start":{"line":10,"column":51},"end":{"line":41,"column":1}},"line":10},"2":{"name":"(anonymous_2)","decl":{"start":{"line":23,"column":8},"end":{"line":23,"column":30}},"loc":{"start":{"line":23,"column":75},"end":{"line":25,"column":null}},"line":23},"3":{"name":"(anonymous_3)","decl":{"start":{"line":27,"column":8},"end":{"line":27,"column":28}},"loc":{"start":{"line":27,"column":64},"end":{"line":29,"column":null}},"line":27},"4":{"name":"(anonymous_4)","decl":{"start":{"line":31,"column":8},"end":{"line":31,"column":25}},"loc":{"start":{"line":31,"column":28},"end":{"line":33,"column":null}},"line":31},"5":{"name":"(anonymous_5)","decl":{"start":{"line":35,"column":8},"end":{"line":35,"column":32}},"loc":{"start":{"line":35,"column":91},"end":{"line":37,"column":null}},"line":35}},"branchMap":{},"s":{"0":2,"1":8,"2":8,"3":6,"4":6,"5":6,"6":6,"7":6,"8":2,"9":1,"10":2,"11":8},"f":{"0":8,"1":8,"2":6,"3":2,"4":1,"5":2},"b":{},"meta":{"lastBranch":0,"lastFunction":6,"lastStatement":12,"seen":{"s:10:30:41:1":0,"f:10:30:10:31":0,"s:10:36:41:1":1,"f:10:36:10:47":1,"s:12:32:12:36":2,"s:15:28:15:30":3,"s:17:26:17:28":4,"s:19:23:19:25":5,"s:21:31:21:33":6,"f:23:8:23:30":2,"s:24:12:24:Infinity":7,"f:27:8:27:28":3,"s:28:12:28:Infinity":8,"f:31:8:31:25":4,"s:32:12:32:Infinity":9,"f:35:8:35:32":5,"s:36:12:36:Infinity":10,"s:40:4:40:Infinity":11}}}
,"/home/runner/work/slimlib/slimlib/element/src/middleware/on-adopted.js": {"path":"/home/runner/work/slimlib/slimlib/element/src/middleware/on-adopted.js","statementMap":{"0":{"start":{"line":10,"column":25},"end":{"line":18,"column":5}},"1":{"start":{"line":10,"column":31},"end":{"line":18,"column":5}},"2":{"start":{"line":11,"column":4},"end":{"line":18,"column":5}},"3":{"start":{"line":13,"column":20},"end":{"line":13,"column":22}},"4":{"start":{"line":16,"column":12},"end":{"line":16,"column":null}}},"fnMap":{"0":{"name":"(anonymous_0)","decl":{"start":{"line":10,"column":25},"end":{"line":10,"column":26}},"loc":{"start":{"line":10,"column":31},"end":{"line":18,"column":5}},"line":10},"1":{"name":"(anonymous_1)","decl":{"start":{"line":10,"column":31},"end":{"line":10,"column":42}},"loc":{"start":{"line":11,"column":4},"end":{"line":18,"column":5}},"line":11},"2":{"name":"(anonymous_2)","decl":{"start":{"line":15,"column":8},"end":{"line":15,"column":23}},"loc":{"start":{"line":15,"column":98},"end":{"line":17,"column":null}},"line":15}},"branchMap":{},"s":{"0":2,"1":3,"2":3,"3":2,"4":2},"f":{"0":3,"1":3,"2":2},"b":{},"meta":{"lastBranch":0,"lastFunction":3,"lastStatement":5,"seen":{"s:10:25:18:5":0,"f:10:25:10:26":0,"s:10:31:18:5":1,"f:10:31:10:42":1,"s:11:4:18:5":2,"s:13:20:13:22":3,"f:15:8:15:23":2,"s:16:12:16:Infinity":4}}}
,"/home/runner/work/slimlib/slimlib/element/src/middleware/on-move.js": {"path":"/home/runner/work/slimlib/slimlib/element/src/middleware/on-move.js","statementMap":{"0":{"start":{"line":10,"column":22},"end":{"line":18,"column":5}},"1":{"start":{"line":10,"column":28},"end":{"line":18,"column":5}},"2":{"start":{"line":11,"column":4},"end":{"line":18,"column":5}},"3":{"start":{"line":13,"column":17},"end":{"line":13,"column":19}},"4":{"start":{"line":16,"column":12},"end":{"line":16,"column":null}}},"fnMap":{"0":{"name":"(anonymous_0)","decl":{"start":{"line":10,"column":22},"end":{"line":10,"column":23}},"loc":{"start":{"line":10,"column":28},"end":{"line":18,"column":5}},"line":10},"1":{"name":"(anonymous_1)","decl":{"start":{"line":10,"column":28},"end":{"line":10,"column":39}},"loc":{"start":{"line":11,"column":4},"end":{"line":18,"column":5}},"line":11},"2":{"name":"(anonymous_2)","decl":{"start":{"line":15,"column":8},"end":{"line":15,"column":29}},"loc":{"start":{"line":15,"column":32},"end":{"line":17,"column":null}},"line":15}},"branchMap":{},"s":{"0":2,"1":3,"2":3,"3":2,"4":2},"f":{"0":3,"1":3,"2":2},"b":{},"meta":{"lastBranch":0,"lastFunction":3,"lastStatement":5,"seen":{"s:10:22:18:5":0,"f:10:22:10:23":0,"s:10:28:18:5":1,"f:10:28:10:39":1,"s:11:4:18:5":2,"s:13:17:13:19":3,"f:15:8:15:29":2,"s:16:12:16:Infinity":4}}}
,"/home/runner/work/slimlib/slimlib/element/src/middleware/with-internals.js": {"path":"/home/runner/work/slimlib/slimlib/element/src/middleware/with-internals.js","statementMap":{"0":{"start":{"line":7,"column":29},"end":{"line":10,"column":5}},"1":{"start":{"line":7,"column":35},"end":{"line":10,"column":5}},"2":{"start":{"line":8,"column":4},"end":{"line":10,"column":5}},"3":{"start":{"line":9,"column":22},"end":{"line":9,"column":44}}},"fnMap":{"0":{"name":"(anonymous_0)","decl":{"start":{"line":7,"column":29},"end":{"line":7,"column":30}},"loc":{"start":{"line":7,"column":35},"end":{"line":10,"column":5}},"line":7},"1":{"name":"(anonymous_1)","decl":{"start":{"line":7,"column":35},"end":{"line":7,"column":46}},"loc":{"start":{"line":8,"column":4},"end":{"line":10,"column":5}},"line":8}},"branchMap":{},"s":{"0":2,"1":7,"2":7,"3":7},"f":{"0":7,"1":7},"b":{},"meta":{"lastBranch":0,"lastFunction":2,"lastStatement":4,"seen":{"s:7:29:10:5":0,"f:7:29:7:30":0,"s:7:35:10:5":1,"f:7:35:7:46":1,"s:8:4:10:5":2,"s:9:22:9:44":3}}}
,"/home/runner/work/slimlib/slimlib/element/src/middleware/with-validation.js": {"path":"/home/runner/work/slimlib/slimlib/element/src/middleware/with-validation.js","statementMap":{"0":{"start":{"line":21,"column":30},"end":{"line":113,"column":5}},"1":{"start":{"line":21,"column":36},"end":{"line":113,"column":5}},"2":{"start":{"line":22,"column":4},"end":{"line":113,"column":5}},"3":{"start":{"line":24,"column":12},"end":{"line":30,"column":null}},"4":{"start":{"line":28,"column":16},"end":{"line":28,"column":null}},"5":{"start":{"line":29,"column":16},"end":{"line":29,"column":null}},"6":{"start":{"line":31,"column":12},"end":{"line":33,"column":null}},"7":{"start":{"line":37,"column":12},"end":{"line":43,"column":null}},"8":{"start":{"line":41,"column":16},"end":{"line":41,"column":null}},"9":{"start":{"line":42,"column":16},"end":{"line":42,"column":null}},"10":{"start":{"line":44,"column":12},"end":{"line":46,"column":null}},"11":{"start":{"line":50,"column":12},"end":{"line":56,"column":null}},"12":{"start":{"line":54,"column":16},"end":{"line":54,"column":null}},"13":{"start":{"line":55,"column":16},"end":{"line":55,"column":null}},"14":{"start":{"line":57,"column":12},"end":{"line":59,"column":null}},"15":{"start":{"line":63,"column":12},"end":{"line":69,"column":null}},"16":{"start":{"line":67,"column":16},"end":{"line":67,"column":null}},"17":{"start":{"line":68,"column":16},"end":{"line":68,"column":null}},"18":{"start":{"line":70,"column":12},"end":{"line":72,"column":null}},"19":{"start":{"line":76,"column":12},"end":{"line":82,"column":null}},"20":{"start":{"line":80,"column":16},"end":{"line":80,"column":null}},"21":{"start":{"line":81,"column":16},"end":{"line":81,"column":null}},"22":{"start":{"line":83,"column":12},"end":{"line":85,"column":null}},"23":{"start":{"line":89,"column":12},"end":{"line":95,"column":null}},"24":{"start":{"line":93,"column":16},"end":{"line":93,"column":null}},"25":{"start":{"line":94,"column":16},"end":{"line":94,"column":null}},"26":{"start":{"line":96,"column":12},"end":{"line":98,"column":null}},"27":{"start":{"line":102,"column":12},"end":{"line":108,"column":null}},"28":{"start":{"line":106,"column":16},"end":{"line":106,"column":null}},"29":{"start":{"line":107,"column":16},"end":{"line":107,"column":null}},"30":{"start":{"line":109,"column":12},"end":{"line":111,"column":null}}},"fnMap":{"0":{"name":"(anonymous_0)","decl":{"start":{"line":21,"column":30},"end":{"line":21,"column":31}},"loc":{"start":{"line":21,"column":36},"end":{"line":113,"column":5}},"line":21},"1":{"name":"(anonymous_1)","decl":{"start":{"line":21,"column":36},"end":{"line":21,"column":47}},"loc":{"start":{"line":22,"column":4},"end":{"line":113,"column":5}},"line":22},"2":{"name":"(anonymous_2)","decl":{"start":{"line":23,"column":12},"end":{"line":23,"column":20}},"loc":{"start":{"line":23,"column":23},"end":{"line":34,"column":null}},"line":23},"3":{"name":"(anonymous_3)","decl":{"start":{"line":36,"column":12},"end":{"line":36,"column":29}},"loc":{"start":{"line":36,"column":32},"end":{"line":47,"column":null}},"line":36},"4":{"name":"(anonymous_4)","decl":{"start":{"line":49,"column":12},"end":{"line":49,"column":24}},"loc":{"start":{"line":49,"column":27},"end":{"line":60,"column":null}},"line":49},"5":{"name":"(anonymous_5)","decl":{"start":{"line":62,"column":12},"end":{"line":62,"column":16}},"loc":{"start":{"line":62,"column":19},"end":{"line":73,"column":null}},"line":62},"6":{"name":"(anonymous_6)","decl":{"start":{"line":75,"column":12},"end":{"line":75,"column":18}},"loc":{"start":{"line":75,"column":21},"end":{"line":86,"column":null}},"line":75},"7":{"name":"(anonymous_7)","decl":{"start":{"line":88,"column":8},"end":{"line":88,"column":21}},"loc":{"start":{"line":88,"column":24},"end":{"line":99,"column":null}},"line":88},"8":{"name":"(anonymous_8)","decl":{"start":{"line":101,"column":8},"end":{"line":101,"column":22}},"loc":{"start":{"line":101,"column":25},"end":{"line":112,"column":null}},"line":101}},"branchMap":{"0":{"loc":{"start":{"line":24,"column":12},"end":{"line":30,"column":null}},"type":"if","locations":[{"start":{"line":24,"column":12},"end":{"line":30,"column":null}},{"start":{},"end":{}}],"line":24},"1":{"loc":{"start":{"line":25,"column":16},"end":{"line":26,"column":null}},"type":"binary-expr","locations":[{"start":{"line":25,"column":16},"end":{"line":25,"column":19}},{"start":{"line":26,"column":16},"end":{"line":26,"column":null}}],"line":25},"2":{"loc":{"start":{"line":37,"column":12},"end":{"line":43,"column":null}},"type":"if","locations":[{"start":{"line":37,"column":12},"end":{"line":43,"column":null}},{"start":{},"end":{}}],"line":37},"3":{"loc":{"start":{"line":38,"column":16},"end":{"line":39,"column":null}},"type":"binary-expr","locations":[{"start":{"line":38,"column":16},"end":{"line":38,"column":19}},{"start":{"line":39,"column":16},"end":{"line":39,"column":null}}],"line":38},"4":{"loc":{"start":{"line":50,"column":12},"end":{"line":56,"column":null}},"type":"if","locations":[{"start":{"line":50,"column":12},"end":{"line":56,"column":null}},{"start":{},"end":{}}],"line":50},"5":{"loc":{"start":{"line":51,"column":16},"end":{"line":52,"column":null}},"type":"binary-expr","locations":[{"start":{"line":51,"column":16},"end":{"line":51,"column":19}},{"start":{"line":52,"column":16},"end":{"line":52,"column":null}}],"line":51},"6":{"loc":{"start":{"line":63,"column":12},"end":{"line":69,"column":null}},"type":"if","locations":[{"start":{"line":63,"column":12},"end":{"line":69,"column":null}},{"start":{},"end":{}}],"line":63},"7":{"loc":{"start":{"line":64,"column":16},"end":{"line":65,"column":null}},"type":"binary-expr","locations":[{"start":{"line":64,"column":16},"end":{"line":64,"column":19}},{"start":{"line":65,"column":16},"end":{"line":65,"column":null}}],"line":64},"8":{"loc":{"start":{"line":76,"column":12},"end":{"line":82,"column":null}},"type":"if","locations":[{"start":{"line":76,"column":12},"end":{"line":82,"column":null}},{"start":{},"end":{}}],"line":76},"9":{"loc":{"start":{"line":77,"column":16},"end":{"line":78,"column":null}},"type":"binary-expr","locations":[{"start":{"line":77,"column":16},"end":{"line":77,"column":19}},{"start":{"line":78,"column":16},"end":{"line":78,"column":null}}],"line":77},"10":{"loc":{"start":{"line":89,"column":12},"end":{"line":95,"column":null}},"type":"if","locations":[{"start":{"line":89,"column":12},"end":{"line":95,"column":null}},{"start":{},"end":{}}],"line":89},"11":{"loc":{"start":{"line":90,"column":16},"end":{"line":91,"column":null}},"type":"binary-expr","locations":[{"start":{"line":90,"column":16},"end":{"line":90,"column":19}},{"start":{"line":91,"column":16},"end":{"line":91,"column":null}}],"line":90},"12":{"loc":{"start":{"line":102,"column":12},"end":{"line":108,"column":null}},"type":"if","locations":[{"start":{"line":102,"column":12},"end":{"line":108,"column":null}},{"start":{},"end":{}}],"line":102},"13":{"loc":{"start":{"line":103,"column":16},"end":{"line":104,"column":null}},"type":"binary-expr","locations":[{"start":{"line":103,"column":16},"end":{"line":103,"column":19}},{"start":{"line":104,"column":16},"end":{"line":104,"column":null}}],"line":103}},"s":{"0":2,"1":2,"2":2,"3":1,"4":0,"5":0,"6":1,"7":1,"8":0,"9":0,"10":1,"11":1,"12":0,"13":0,"14":1,"15":2,"16":0,"17":0,"18":2,"19":1,"20":0,"21":0,"22":1,"23":2,"24":1,"25":1,"26":1,"27":1,"28":0,"29":0,"30":1},"f":{"0":2,"1":2,"2":1,"3":1,"4":1,"5":2,"6":1,"7":2,"8":1},"b":{"0":[0,1],"1":[1,1],"2":[0,1],"3":[1,1],"4":[0,1],"5":[1,1],"6":[0,2],"7":[2,2],"8":[0,1],"9":[1,1],"10":[1,1],"11":[2,2],"12":[0,1],"13":[1,1]},"meta":{"lastBranch":14,"lastFunction":9,"lastStatement":31,"seen":{"s:21:30:113:5":0,"f:21:30:21:31":0,"s:21:36:113:5":1,"f:21:36:21:47":1,"s:22:4:113:5":2,"f:23:12:23:20":2,"b:24:12:30:Infinity:undefined:undefined:undefined:undefined":0,"s:24:12:30:Infinity":3,"b:25:16:25:19:26:16:26:Infinity":1,"s:28:16:28:Infinity":4,"s:29:16:29:Infinity":5,"s:31:12:33:Infinity":6,"f:36:12:36:29":3,"b:37:12:43:Infinity:undefined:undefined:undefined:undefined":2,"s:37:12:43:Infinity":7,"b:38:16:38:19:39:16:39:Infinity":3,"s:41:16:41:Infinity":8,"s:42:16:42:Infinity":9,"s:44:12:46:Infinity":10,"f:49:12:49:24":4,"b:50:12:56:Infinity:undefined:undefined:undefined:undefined":4,"s:50:12:56:Infinity":11,"b:51:16:51:19:52:16:52:Infinity":5,"s:54:16:54:Infinity":12,"s:55:16:55:Infinity":13,"s:57:12:59:Infinity":14,"f:62:12:62:16":5,"b:63:12:69:Infinity:undefined:undefined:undefined:undefined":6,"s:63:12:69:Infinity":15,"b:64:16:64:19:65:16:65:Infinity":7,"s:67:16:67:Infinity":16,"s:68:16:68:Infinity":17,"s:70:12:72:Infinity":18,"f:75:12:75:18":6,"b:76:12:82:Infinity:undefined:undefined:undefined:undefined":8,"s:76:12:82:Infinity":19,"b:77:16:77:19:78:16:78:Infinity":9,"s:80:16:80:Infinity":20,"s:81:16:81:Infinity":21,"s:83:12:85:Infinity":22,"f:88:8:88:21":7,"b:89:12:95:Infinity:undefined:undefined:undefined:undefined":10,"s:89:12:95:Infinity":23,"b:90:16:90:19:91:16:91:Infinity":11,"s:93:16:93:Infinity":24,"s:94:16:94:Infinity":25,"s:96:12:98:Infinity":26,"f:101:8:101:22":8,"b:102:12:108:Infinity:undefined:undefined:undefined:undefined":12,"s:102:12:108:Infinity":27,"b:103:16:103:19:104:16:104:Infinity":13,"s:106:16:106:Infinity":28,"s:107:16:107:Infinity":29,"s:109:12:111:Infinity":30}}}
,"/home/runner/work/slimlib/slimlib/element/src/utils/pubsub.js": {"path":"/home/runner/work/slimlib/slimlib/element/src/utils/pubsub.js","statementMap":{"0":{"start":{"line":38,"column":20},"end":{"line":58,"column":1}},"1":{"start":{"line":39,"column":44},"end":{"line":39,"column":53}},"2":{"start":{"line":40,"column":28},"end":{"line":40,"column":51}},"3":{"start":{"line":41,"column":19},"end":{"line":41,"column":30}},"4":{"start":{"line":42,"column":21},"end":{"line":42,"column":22}},"5":{"start":{"line":43,"column":4},"end":{"line":56,"column":null}},"6":{"start":{"line":43,"column":21},"end":{"line":43,"column":22}},"7":{"start":{"line":44,"column":56},"end":{"line":44,"column":67}},"8":{"start":{"line":45,"column":20},"end":{"line":45,"column":33}},"9":{"start":{"line":46,"column":8},"end":{"line":55,"column":null}},"10":{"start":{"line":47,"column":12},"end":{"line":47,"column":null}},"11":{"start":{"line":48,"column":12},"end":{"line":52,"column":null}},"12":{"start":{"line":49,"column":16},"end":{"line":49,"column":null}},"13":{"start":{"line":51,"column":16},"end":{"line":51,"column":null}},"14":{"start":{"line":54,"column":12},"end":{"line":54,"column":null}},"15":{"start":{"line":57,"column":4},"end":{"line":57,"column":null}}},"fnMap":{"0":{"name":"(anonymous_0)","decl":{"start":{"line":38,"column":20},"end":{"line":38,"column":21}},"loc":{"start":{"line":38,"column":44},"end":{"line":58,"column":1}},"line":38}},"branchMap":{"0":{"loc":{"start":{"line":46,"column":8},"end":{"line":55,"column":null}},"type":"if","locations":[{"start":{"line":46,"column":8},"end":{"line":55,"column":null}},{"start":{"line":53,"column":15},"end":{"line":55,"column":null}}],"line":46},"1":{"loc":{"start":{"line":46,"column":12},"end":{"line":46,"column":56}},"type":"binary-expr","locations":[{"start":{"line":46,"column":12},"end":{"line":46,"column":29}},{"start":{"line":46,"column":33},"end":{"line":46,"column":56}}],"line":46}},"s":{"0":2,"1":306,"2":306,"3":306,"4":306,"5":306,"6":306,"7":90,"8":90,"9":90,"10":85,"11":85,"12":85,"13":2,"14":5,"15":306},"f":{"0":306},"b":{"0":[85,5],"1":[90,62]},"meta":{"lastBranch":2,"lastFunction":1,"lastStatement":16,"seen":{"s:38:20:58:1":0,"f:38:20:38:21":0,"s:39:44:39:53":1,"s:40:28:40:51":2,"s:41:19:41:30":3,"s:42:21:42:22":4,"s:43:4:56:Infinity":5,"s:43:21:43:22":6,"s:44:56:44:67":7,"s:45:20:45:33":8,"b:46:8:55:Infinity:53:15:55:Infinity":0,"s:46:8:55:Infinity":9,"b:46:12:46:29:46:33:46:56":1,"s:47:12:47:Infinity":10,"s:48:12:52:Infinity":11,"s:49:16:49:Infinity":12,"s:51:16:51:Infinity":13,"s:54:12:54:Infinity":14,"s:57:4:57:Infinity":15}}}
}
