{"/home/runner/work/slimlib/slimlib/jsx/src/core.ts": {"path":"/home/runner/work/slimlib/slimlib/jsx/src/core.ts","statementMap":{"0":{"start":{"line":12,"column":57},"end":{"line":12,"column":null}},"1":{"start":{"line":12,"column":66},"end":{"line":12,"column":null}},"2":{"start":{"line":24,"column":58},"end":{"line":24,"column":null}},"3":{"start":{"line":38,"column":30},"end":{"line":38,"column":null}},"4":{"start":{"line":40,"column":24},"end":{"line":54,"column":null}},"5":{"start":{"line":41,"column":35},"end":{"line":41,"column":null}},"6":{"start":{"line":42,"column":4},"end":{"line":50,"column":null}},"7":{"start":{"line":43,"column":21},"end":{"line":43,"column":null}},"8":{"start":{"line":44,"column":8},"end":{"line":48,"column":null}},"9":{"start":{"line":45,"column":29},"end":{"line":45,"column":null}},"10":{"start":{"line":46,"column":12},"end":{"line":46,"column":null}},"11":{"start":{"line":47,"column":12},"end":{"line":47,"column":null}},"12":{"start":{"line":49,"column":8},"end":{"line":49,"column":null}},"13":{"start":{"line":53,"column":4},"end":{"line":53,"column":null}},"14":{"start":{"line":56,"column":23},"end":{"line":62,"column":null}},"15":{"start":{"line":57,"column":4},"end":{"line":61,"column":null}},"16":{"start":{"line":58,"column":8},"end":{"line":58,"column":null}},"17":{"start":{"line":60,"column":8},"end":{"line":60,"column":null}},"18":{"start":{"line":69,"column":22},"end":{"line":89,"column":null}},"19":{"start":{"line":70,"column":4},"end":{"line":81,"column":null}},"20":{"start":{"line":71,"column":23},"end":{"line":71,"column":null}},"21":{"start":{"line":72,"column":18},"end":{"line":72,"column":null}},"22":{"start":{"line":73,"column":8},"end":{"line":76,"column":null}},"23":{"start":{"line":74,"column":13},"end":{"line":74,"column":null}},"24":{"start":{"line":75,"column":12},"end":{"line":75,"column":null}},"25":{"start":{"line":77,"column":8},"end":{"line":80,"column":null}},"26":{"start":{"line":78,"column":12},"end":{"line":78,"column":null}},"27":{"start":{"line":79,"column":12},"end":{"line":79,"column":null}},"28":{"start":{"line":82,"column":21},"end":{"line":82,"column":null}},"29":{"start":{"line":83,"column":21},"end":{"line":83,"column":null}},"30":{"start":{"line":84,"column":4},"end":{"line":88,"column":null}},"31":{"start":{"line":85,"column":9},"end":{"line":85,"column":null}},"32":{"start":{"line":87,"column":8},"end":{"line":87,"column":null}},"33":{"start":{"line":94,"column":20},"end":{"line":119,"column":null}},"34":{"start":{"line":95,"column":4},"end":{"line":118,"column":null}},"35":{"start":{"line":96,"column":26},"end":{"line":96,"column":null}},"36":{"start":{"line":97,"column":8},"end":{"line":101,"column":null}},"37":{"start":{"line":98,"column":29},"end":{"line":98,"column":null}},"38":{"start":{"line":99,"column":12},"end":{"line":99,"column":null}},"39":{"start":{"line":100,"column":12},"end":{"line":100,"column":null}},"40":{"start":{"line":100,"column":37},"end":{"line":100,"column":85}},"41":{"start":{"line":102,"column":4},"end":{"line":118,"column":null}},"42":{"start":{"line":103,"column":8},"end":{"line":107,"column":null}},"43":{"start":{"line":104,"column":26},"end":{"line":104,"column":null}},"44":{"start":{"line":105,"column":12},"end":{"line":105,"column":null}},"45":{"start":{"line":106,"column":12},"end":{"line":106,"column":null}},"46":{"start":{"line":106,"column":37},"end":{"line":106,"column":48}},"47":{"start":{"line":108,"column":4},"end":{"line":118,"column":null}},"48":{"start":{"line":109,"column":25},"end":{"line":109,"column":null}},"49":{"start":{"line":113,"column":8},"end":{"line":115,"column":null}},"50":{"start":{"line":114,"column":12},"end":{"line":114,"column":null}},"51":{"start":{"line":117,"column":8},"end":{"line":117,"column":null}},"52":{"start":{"line":124,"column":20},"end":{"line":205,"column":null}},"53":{"start":{"line":125,"column":4},"end":{"line":204,"column":null}},"54":{"start":{"line":126,"column":8},"end":{"line":126,"column":null}},"55":{"start":{"line":127,"column":4},"end":{"line":204,"column":null}},"56":{"start":{"line":128,"column":8},"end":{"line":128,"column":null}},"57":{"start":{"line":129,"column":4},"end":{"line":204,"column":null}},"58":{"start":{"line":130,"column":22},"end":{"line":130,"column":null}},"59":{"start":{"line":131,"column":20},"end":{"line":131,"column":null}},"60":{"start":{"line":132,"column":8},"end":{"line":132,"column":null}},"61":{"start":{"line":133,"column":8},"end":{"line":133,"column":null}},"62":{"start":{"line":144,"column":36},"end":{"line":144,"column":null}},"63":{"start":{"line":145,"column":8},"end":{"line":198,"column":null}},"64":{"start":{"line":147,"column":36},"end":{"line":155,"column":null}},"65":{"start":{"line":148,"column":29},"end":{"line":148,"column":null}},"66":{"start":{"line":149,"column":16},"end":{"line":149,"column":null}},"67":{"start":{"line":150,"column":16},"end":{"line":154,"column":null}},"68":{"start":{"line":151,"column":20},"end":{"line":151,"column":null}},"69":{"start":{"line":153,"column":20},"end":{"line":153,"column":null}},"70":{"start":{"line":157,"column":16},"end":{"line":157,"column":null}},"71":{"start":{"line":161,"column":31},"end":{"line":161,"column":null}},"72":{"start":{"line":164,"column":12},"end":{"line":194,"column":null}},"73":{"start":{"line":165,"column":16},"end":{"line":165,"column":null}},"74":{"start":{"line":165,"column":41},"end":{"line":165,"column":null}},"75":{"start":{"line":166,"column":16},"end":{"line":172,"column":null}},"76":{"start":{"line":168,"column":32},"end":{"line":168,"column":null}},"77":{"start":{"line":169,"column":20},"end":{"line":169,"column":null}},"78":{"start":{"line":169,"column":47},"end":{"line":169,"column":null}},"79":{"start":{"line":170,"column":20},"end":{"line":170,"column":null}},"80":{"start":{"line":171,"column":20},"end":{"line":171,"column":null}},"81":{"start":{"line":175,"column":16},"end":{"line":175,"column":null}},"82":{"start":{"line":176,"column":16},"end":{"line":176,"column":null}},"83":{"start":{"line":176,"column":59},"end":{"line":176,"column":null}},"84":{"start":{"line":177,"column":16},"end":{"line":186,"column":null}},"85":{"start":{"line":178,"column":20},"end":{"line":178,"column":null}},"86":{"start":{"line":179,"column":20},"end":{"line":179,"column":null}},"87":{"start":{"line":180,"column":20},"end":{"line":180,"column":null}},"88":{"start":{"line":181,"column":20},"end":{"line":181,"column":null}},"89":{"start":{"line":183,"column":20},"end":{"line":183,"column":null}},"90":{"start":{"line":184,"column":20},"end":{"line":184,"column":null}},"91":{"start":{"line":185,"column":20},"end":{"line":185,"column":null}},"92":{"start":{"line":187,"column":16},"end":{"line":193,"column":null}},"93":{"start":{"line":188,"column":20},"end":{"line":192,"column":null}},"94":{"start":{"line":189,"column":34},"end":{"line":189,"column":null}},"95":{"start":{"line":190,"column":24},"end":{"line":190,"column":null}},"96":{"start":{"line":191,"column":24},"end":{"line":191,"column":null}},"97":{"start":{"line":195,"column":12},"end":{"line":195,"column":null}},"98":{"start":{"line":196,"column":12},"end":{"line":196,"column":null}},"99":{"start":{"line":197,"column":12},"end":{"line":197,"column":null}},"100":{"start":{"line":199,"column":4},"end":{"line":204,"column":null}},"101":{"start":{"line":200,"column":23},"end":{"line":200,"column":null}},"102":{"start":{"line":201,"column":8},"end":{"line":201,"column":null}},"103":{"start":{"line":202,"column":4},"end":{"line":204,"column":null}},"104":{"start":{"line":203,"column":8},"end":{"line":203,"column":null}},"105":{"start":{"line":207,"column":20},"end":{"line":210,"column":null}},"106":{"start":{"line":208,"column":19},"end":{"line":208,"column":null}},"107":{"start":{"line":209,"column":4},"end":{"line":209,"column":null}},"108":{"start":{"line":212,"column":21},"end":{"line":212,"column":null}},"109":{"start":{"line":212,"column":72},"end":{"line":212,"column":null}},"110":{"start":{"line":214,"column":25},"end":{"line":220,"column":null}},"111":{"start":{"line":215,"column":4},"end":{"line":219,"column":null}},"112":{"start":{"line":216,"column":21},"end":{"line":216,"column":null}},"113":{"start":{"line":217,"column":8},"end":{"line":217,"column":null}},"114":{"start":{"line":218,"column":8},"end":{"line":218,"column":null}},"115":{"start":{"line":225,"column":21},"end":{"line":244,"column":null}},"116":{"start":{"line":226,"column":4},"end":{"line":243,"column":null}},"117":{"start":{"line":228,"column":4},"end":{"line":243,"column":null}},"118":{"start":{"line":229,"column":23},"end":{"line":229,"column":null}},"119":{"start":{"line":230,"column":8},"end":{"line":232,"column":null}},"120":{"start":{"line":230,"column":21},"end":{"line":230,"column":24}},"121":{"start":{"line":231,"column":12},"end":{"line":231,"column":null}},"122":{"start":{"line":233,"column":4},"end":{"line":243,"column":null}},"123":{"start":{"line":234,"column":8},"end":{"line":234,"column":null}},"124":{"start":{"line":235,"column":4},"end":{"line":243,"column":null}},"125":{"start":{"line":240,"column":8},"end":{"line":240,"column":null}},"126":{"start":{"line":242,"column":8},"end":{"line":242,"column":null}},"127":{"start":{"line":251,"column":34},"end":{"line":284,"column":null}},"128":{"start":{"line":252,"column":27},"end":{"line":252,"column":null}},"129":{"start":{"line":253,"column":4},"end":{"line":271,"column":null}},"130":{"start":{"line":256,"column":12},"end":{"line":261,"column":null}},"131":{"start":{"line":262,"column":24},"end":{"line":262,"column":null}},"132":{"start":{"line":264,"column":8},"end":{"line":266,"column":null}},"133":{"start":{"line":265,"column":12},"end":{"line":265,"column":null}},"134":{"start":{"line":268,"column":25},"end":{"line":268,"column":null}},"135":{"start":{"line":269,"column":8},"end":{"line":269,"column":null}},"136":{"start":{"line":270,"column":8},"end":{"line":270,"column":null}},"137":{"start":{"line":272,"column":19},"end":{"line":272,"column":null}},"138":{"start":{"line":274,"column":8},"end":{"line":278,"column":null}},"139":{"start":{"line":279,"column":4},"end":{"line":281,"column":null}},"140":{"start":{"line":280,"column":8},"end":{"line":280,"column":null}},"141":{"start":{"line":282,"column":4},"end":{"line":282,"column":null}},"142":{"start":{"line":283,"column":4},"end":{"line":283,"column":null}},"143":{"start":{"line":286,"column":23},"end":{"line":290,"column":null}},"144":{"start":{"line":287,"column":4},"end":{"line":289,"column":null}},"145":{"start":{"line":287,"column":17},"end":{"line":287,"column":20}},"146":{"start":{"line":288,"column":8},"end":{"line":288,"column":null}},"147":{"start":{"line":295,"column":29},"end":{"line":296,"column":null}},"148":{"start":{"line":296,"column":4},"end":{"line":296,"column":null}},"149":{"start":{"line":302,"column":19},"end":{"line":310,"column":null}},"150":{"start":{"line":303,"column":17},"end":{"line":303,"column":null}},"151":{"start":{"line":304,"column":4},"end":{"line":304,"column":null}},"152":{"start":{"line":305,"column":4},"end":{"line":309,"column":null}},"153":{"start":{"line":306,"column":8},"end":{"line":306,"column":null}},"154":{"start":{"line":308,"column":8},"end":{"line":308,"column":null}},"155":{"start":{"line":315,"column":20},"end":{"line":323,"column":null}},"156":{"start":{"line":316,"column":17},"end":{"line":316,"column":null}},"157":{"start":{"line":317,"column":4},"end":{"line":317,"column":null}},"158":{"start":{"line":318,"column":4},"end":{"line":322,"column":null}},"159":{"start":{"line":319,"column":8},"end":{"line":319,"column":null}},"160":{"start":{"line":321,"column":8},"end":{"line":321,"column":null}},"161":{"start":{"line":341,"column":22},"end":{"line":365,"column":null}},"162":{"start":{"line":342,"column":4},"end":{"line":364,"column":null}},"163":{"start":{"line":343,"column":30},"end":{"line":343,"column":null}},"164":{"start":{"line":344,"column":8},"end":{"line":344,"column":null}},"165":{"start":{"line":345,"column":8},"end":{"line":363,"column":null}},"166":{"start":{"line":346,"column":25},"end":{"line":346,"column":null}},"167":{"start":{"line":347,"column":12},"end":{"line":360,"column":null}},"168":{"start":{"line":348,"column":30},"end":{"line":348,"column":null}},"169":{"start":{"line":349,"column":28},"end":{"line":349,"column":null}},"170":{"start":{"line":350,"column":16},"end":{"line":350,"column":null}},"171":{"start":{"line":351,"column":16},"end":{"line":356,"column":null}},"172":{"start":{"line":352,"column":20},"end":{"line":355,"column":null}},"173":{"start":{"line":353,"column":39},"end":{"line":353,"column":null}},"174":{"start":{"line":354,"column":24},"end":{"line":354,"column":null}},"175":{"start":{"line":354,"column":45},"end":{"line":354,"column":null}},"176":{"start":{"line":358,"column":16},"end":{"line":358,"column":null}},"177":{"start":{"line":359,"column":16},"end":{"line":359,"column":null}},"178":{"start":{"line":359,"column":32},"end":{"line":359,"column":66}},"179":{"start":{"line":362,"column":12},"end":{"line":362,"column":null}},"180":{"start":{"line":378,"column":24},"end":{"line":380,"column":null}},"181":{"start":{"line":379,"column":4},"end":{"line":379,"column":null}},"182":{"start":{"line":379,"column":38},"end":{"line":379,"column":null}},"183":{"start":{"line":405,"column":23},"end":{"line":555,"column":null}},"184":{"start":{"line":410,"column":21},"end":{"line":410,"column":null}},"185":{"start":{"line":411,"column":18},"end":{"line":411,"column":null}},"186":{"start":{"line":412,"column":16},"end":{"line":412,"column":null}},"187":{"start":{"line":413,"column":4},"end":{"line":413,"column":null}},"188":{"start":{"line":414,"column":4},"end":{"line":414,"column":null}},"189":{"start":{"line":416,"column":35},"end":{"line":416,"column":null}},"190":{"start":{"line":418,"column":4},"end":{"line":552,"column":null}},"191":{"start":{"line":419,"column":22},"end":{"line":419,"column":null}},"192":{"start":{"line":420,"column":23},"end":{"line":420,"column":null}},"193":{"start":{"line":421,"column":23},"end":{"line":421,"column":null}},"194":{"start":{"line":422,"column":8},"end":{"line":426,"column":null}},"195":{"start":{"line":423,"column":12},"end":{"line":423,"column":null}},"196":{"start":{"line":424,"column":12},"end":{"line":424,"column":null}},"197":{"start":{"line":425,"column":12},"end":{"line":425,"column":null}},"198":{"start":{"line":427,"column":36},"end":{"line":427,"column":null}},"199":{"start":{"line":428,"column":39},"end":{"line":428,"column":null}},"200":{"start":{"line":436,"column":8},"end":{"line":495,"column":null}},"201":{"start":{"line":437,"column":12},"end":{"line":494,"column":null}},"202":{"start":{"line":437,"column":25},"end":{"line":437,"column":28}},"203":{"start":{"line":438,"column":29},"end":{"line":438,"column":null}},"204":{"start":{"line":439,"column":26},"end":{"line":439,"column":null}},"205":{"start":{"line":440,"column":33},"end":{"line":440,"column":null}},"206":{"start":{"line":442,"column":16},"end":{"line":491,"column":null}},"207":{"start":{"line":444,"column":20},"end":{"line":447,"column":null}},"208":{"start":{"line":445,"column":24},"end":{"line":445,"column":null}},"209":{"start":{"line":446,"column":24},"end":{"line":446,"column":null}},"210":{"start":{"line":448,"column":20},"end":{"line":453,"column":null}},"211":{"start":{"line":449,"column":24},"end":{"line":449,"column":null}},"212":{"start":{"line":450,"column":24},"end":{"line":452,"column":null}},"213":{"start":{"line":451,"column":28},"end":{"line":451,"column":null}},"214":{"start":{"line":454,"column":20},"end":{"line":454,"column":null}},"215":{"start":{"line":455,"column":20},"end":{"line":455,"column":null}},"216":{"start":{"line":457,"column":39},"end":{"line":457,"column":null}},"217":{"start":{"line":458,"column":47},"end":{"line":465,"column":null}},"218":{"start":{"line":467,"column":36},"end":{"line":472,"column":null}},"219":{"start":{"line":468,"column":24},"end":{"line":470,"column":null}},"220":{"start":{"line":469,"column":28},"end":{"line":469,"column":null}},"221":{"start":{"line":471,"column":24},"end":{"line":471,"column":null}},"222":{"start":{"line":473,"column":20},"end":{"line":489,"column":null}},"223":{"start":{"line":478,"column":50},"end":{"line":478,"column":null}},"224":{"start":{"line":479,"column":24},"end":{"line":479,"column":null}},"225":{"start":{"line":480,"column":24},"end":{"line":488,"column":null}},"226":{"start":{"line":481,"column":42},"end":{"line":481,"column":null}},"227":{"start":{"line":482,"column":28},"end":{"line":484,"column":null}},"228":{"start":{"line":483,"column":32},"end":{"line":483,"column":null}},"229":{"start":{"line":485,"column":28},"end":{"line":485,"column":null}},"230":{"start":{"line":487,"column":28},"end":{"line":487,"column":null}},"231":{"start":{"line":490,"column":20},"end":{"line":490,"column":null}},"232":{"start":{"line":492,"column":16},"end":{"line":492,"column":null}},"233":{"start":{"line":493,"column":16},"end":{"line":493,"column":null}},"234":{"start":{"line":498,"column":8},"end":{"line":547,"column":null}},"235":{"start":{"line":501,"column":12},"end":{"line":509,"column":null}},"236":{"start":{"line":502,"column":16},"end":{"line":502,"column":null}},"237":{"start":{"line":503,"column":16},"end":{"line":505,"column":null}},"238":{"start":{"line":504,"column":20},"end":{"line":504,"column":null}},"239":{"start":{"line":506,"column":16},"end":{"line":508,"column":null}},"240":{"start":{"line":507,"column":20},"end":{"line":507,"column":null}},"241":{"start":{"line":514,"column":32},"end":{"line":514,"column":null}},"242":{"start":{"line":515,"column":31},"end":{"line":515,"column":null}},"243":{"start":{"line":517,"column":32},"end":{"line":517,"column":null}},"244":{"start":{"line":518,"column":12},"end":{"line":521,"column":null}},"245":{"start":{"line":519,"column":16},"end":{"line":519,"column":null}},"246":{"start":{"line":520,"column":16},"end":{"line":520,"column":null}},"247":{"start":{"line":523,"column":38},"end":{"line":523,"column":null}},"248":{"start":{"line":524,"column":12},"end":{"line":531,"column":null}},"249":{"start":{"line":525,"column":33},"end":{"line":525,"column":null}},"250":{"start":{"line":526,"column":16},"end":{"line":528,"column":null}},"251":{"start":{"line":527,"column":20},"end":{"line":527,"column":null}},"252":{"start":{"line":529,"column":16},"end":{"line":529,"column":null}},"253":{"start":{"line":530,"column":16},"end":{"line":530,"column":null}},"254":{"start":{"line":532,"column":38},"end":{"line":532,"column":null}},"255":{"start":{"line":533,"column":12},"end":{"line":542,"column":null}},"256":{"start":{"line":533,"column":25},"end":{"line":533,"column":39}},"257":{"start":{"line":534,"column":30},"end":{"line":534,"column":null}},"258":{"start":{"line":535,"column":16},"end":{"line":537,"column":null}},"259":{"start":{"line":536,"column":20},"end":{"line":536,"column":null}},"260":{"start":{"line":538,"column":16},"end":{"line":540,"column":null}},"261":{"start":{"line":539,"column":20},"end":{"line":539,"column":null}},"262":{"start":{"line":541,"column":16},"end":{"line":541,"column":null}},"263":{"start":{"line":543,"column":12},"end":{"line":546,"column":null}},"264":{"start":{"line":544,"column":16},"end":{"line":544,"column":null}},"265":{"start":{"line":545,"column":16},"end":{"line":545,"column":null}},"266":{"start":{"line":549,"column":8},"end":{"line":549,"column":null}},"267":{"start":{"line":550,"column":8},"end":{"line":550,"column":null}},"268":{"start":{"line":551,"column":8},"end":{"line":551,"column":null}},"269":{"start":{"line":554,"column":4},"end":{"line":554,"column":null}}},"fnMap":{"0":{"name":"(anonymous_0)","decl":{"start":{"line":12,"column":57},"end":{"line":12,"column":66}},"loc":{"start":{"line":12,"column":66},"end":{"line":12,"column":null}},"line":12},"1":{"name":"(anonymous_1)","decl":{"start":{"line":40,"column":24},"end":{"line":40,"column":25}},"loc":{"start":{"line":40,"column":86},"end":{"line":54,"column":null}},"line":40},"2":{"name":"(anonymous_2)","decl":{"start":{"line":56,"column":23},"end":{"line":56,"column":24}},"loc":{"start":{"line":56,"column":80},"end":{"line":62,"column":null}},"line":56},"3":{"name":"(anonymous_3)","decl":{"start":{"line":69,"column":22},"end":{"line":69,"column":23}},"loc":{"start":{"line":69,"column":79},"end":{"line":89,"column":null}},"line":69},"4":{"name":"(anonymous_4)","decl":{"start":{"line":94,"column":20},"end":{"line":94,"column":21}},"loc":{"start":{"line":94,"column":77},"end":{"line":119,"column":null}},"line":94},"5":{"name":"(anonymous_5)","decl":{"start":{"line":100,"column":31},"end":{"line":100,"column":37}},"loc":{"start":{"line":100,"column":37},"end":{"line":100,"column":85}},"line":100},"6":{"name":"(anonymous_6)","decl":{"start":{"line":106,"column":31},"end":{"line":106,"column":37}},"loc":{"start":{"line":106,"column":37},"end":{"line":106,"column":48}},"line":106},"7":{"name":"(anonymous_7)","decl":{"start":{"line":113,"column":15},"end":{"line":113,"column":21}},"loc":{"start":{"line":113,"column":21},"end":{"line":115,"column":11}},"line":113},"8":{"name":"(anonymous_8)","decl":{"start":{"line":124,"column":20},"end":{"line":124,"column":21}},"loc":{"start":{"line":124,"column":58},"end":{"line":205,"column":null}},"line":124},"9":{"name":"(anonymous_9)","decl":{"start":{"line":145,"column":15},"end":{"line":145,"column":21}},"loc":{"start":{"line":145,"column":21},"end":{"line":198,"column":11}},"line":145},"10":{"name":"(anonymous_10)","decl":{"start":{"line":147,"column":42},"end":{"line":147,"column":55}},"loc":{"start":{"line":147,"column":55},"end":{"line":155,"column":13}},"line":147},"11":{"name":"(anonymous_11)","decl":{"start":{"line":187,"column":23},"end":{"line":187,"column":29}},"loc":{"start":{"line":187,"column":29},"end":{"line":193,"column":null}},"line":187},"12":{"name":"(anonymous_12)","decl":{"start":{"line":207,"column":20},"end":{"line":207,"column":21}},"loc":{"start":{"line":207,"column":61},"end":{"line":210,"column":null}},"line":207},"13":{"name":"(anonymous_13)","decl":{"start":{"line":212,"column":21},"end":{"line":212,"column":22}},"loc":{"start":{"line":212,"column":72},"end":{"line":212,"column":null}},"line":212},"14":{"name":"(anonymous_14)","decl":{"start":{"line":214,"column":25},"end":{"line":214,"column":26}},"loc":{"start":{"line":214,"column":87},"end":{"line":220,"column":null}},"line":214},"15":{"name":"(anonymous_15)","decl":{"start":{"line":225,"column":21},"end":{"line":225,"column":22}},"loc":{"start":{"line":225,"column":73},"end":{"line":244,"column":null}},"line":225},"16":{"name":"(anonymous_16)","decl":{"start":{"line":251,"column":34},"end":{"line":251,"column":52}},"loc":{"start":{"line":251,"column":128},"end":{"line":284,"column":null}},"line":251},"17":{"name":"(anonymous_17)","decl":{"start":{"line":286,"column":23},"end":{"line":286,"column":24}},"loc":{"start":{"line":286,"column":91},"end":{"line":290,"column":null}},"line":286},"18":{"name":"(anonymous_18)","decl":{"start":{"line":295,"column":29},"end":{"line":295,"column":47}},"loc":{"start":{"line":296,"column":4},"end":{"line":296,"column":null}},"line":296},"19":{"name":"(anonymous_19)","decl":{"start":{"line":302,"column":19},"end":{"line":302,"column":23}},"loc":{"start":{"line":302,"column":42},"end":{"line":310,"column":null}},"line":302},"20":{"name":"(anonymous_20)","decl":{"start":{"line":315,"column":20},"end":{"line":315,"column":24}},"loc":{"start":{"line":315,"column":43},"end":{"line":323,"column":null}},"line":315},"21":{"name":"(anonymous_21)","decl":{"start":{"line":341,"column":22},"end":{"line":341,"column":23}},"loc":{"start":{"line":341,"column":101},"end":{"line":365,"column":null}},"line":341},"22":{"name":"(anonymous_22)","decl":{"start":{"line":342,"column":17},"end":{"line":342,"column":30}},"loc":{"start":{"line":342,"column":30},"end":{"line":364,"column":5}},"line":342},"23":{"name":"(anonymous_23)","decl":{"start":{"line":352,"column":30},"end":{"line":352,"column":36}},"loc":{"start":{"line":352,"column":36},"end":{"line":355,"column":21}},"line":352},"24":{"name":"(anonymous_24)","decl":{"start":{"line":359,"column":26},"end":{"line":359,"column":32}},"loc":{"start":{"line":359,"column":32},"end":{"line":359,"column":66}},"line":359},"25":{"name":"(anonymous_25)","decl":{"start":{"line":378,"column":24},"end":{"line":378,"column":28}},"loc":{"start":{"line":378,"column":55},"end":{"line":380,"column":null}},"line":378},"26":{"name":"(anonymous_26)","decl":{"start":{"line":405,"column":23},"end":{"line":405,"column":null}},"loc":{"start":{"line":409,"column":23},"end":{"line":555,"column":null}},"line":409},"27":{"name":"(anonymous_27)","decl":{"start":{"line":418,"column":11},"end":{"line":418,"column":17}},"loc":{"start":{"line":418,"column":17},"end":{"line":552,"column":7}},"line":418},"28":{"name":"(anonymous_28)","decl":{"start":{"line":436,"column":18},"end":{"line":436,"column":24}},"loc":{"start":{"line":436,"column":24},"end":{"line":495,"column":9}},"line":436},"29":{"name":"(anonymous_29)","decl":{"start":{"line":467,"column":36},"end":{"line":467,"column":42}},"loc":{"start":{"line":467,"column":42},"end":{"line":472,"column":null}},"line":467},"30":{"name":"(anonymous_30)","decl":{"start":{"line":473,"column":47},"end":{"line":473,"column":60}},"loc":{"start":{"line":473,"column":60},"end":{"line":489,"column":21}},"line":473}},"branchMap":{"0":{"loc":{"start":{"line":44,"column":8},"end":{"line":48,"column":null}},"type":"if","locations":[{"start":{"line":44,"column":8},"end":{"line":48,"column":null}},{"start":{},"end":{}}],"line":44},"1":{"loc":{"start":{"line":57,"column":4},"end":{"line":61,"column":null}},"type":"if","locations":[{"start":{"line":57,"column":4},"end":{"line":61,"column":null}},{"start":{"line":59,"column":11},"end":{"line":61,"column":null}}],"line":57},"2":{"loc":{"start":{"line":57,"column":8},"end":{"line":57,"column":42}},"type":"binary-expr","locations":[{"start":{"line":57,"column":8},"end":{"line":57,"column":27}},{"start":{"line":57,"column":27},"end":{"line":57,"column":42}}],"line":57},"3":{"loc":{"start":{"line":60,"column":34},"end":{"line":60,"column":66}},"type":"cond-expr","locations":[{"start":{"line":60,"column":51},"end":{"line":60,"column":56}},{"start":{"line":60,"column":56},"end":{"line":60,"column":66}}],"line":60},"4":{"loc":{"start":{"line":70,"column":4},"end":{"line":81,"column":null}},"type":"if","locations":[{"start":{"line":70,"column":4},"end":{"line":81,"column":null}},{"start":{},"end":{}}],"line":70},"5":{"loc":{"start":{"line":73,"column":8},"end":{"line":76,"column":null}},"type":"if","locations":[{"start":{"line":73,"column":8},"end":{"line":76,"column":null}},{"start":{},"end":{}}],"line":73},"6":{"loc":{"start":{"line":77,"column":8},"end":{"line":80,"column":null}},"type":"if","locations":[{"start":{"line":77,"column":8},"end":{"line":80,"column":null}},{"start":{},"end":{}}],"line":77},"7":{"loc":{"start":{"line":83,"column":21},"end":{"line":83,"column":null}},"type":"binary-expr","locations":[{"start":{"line":83,"column":21},"end":{"line":83,"column":60}},{"start":{"line":83,"column":60},"end":{"line":83,"column":null}}],"line":83},"8":{"loc":{"start":{"line":84,"column":4},"end":{"line":88,"column":null}},"type":"if","locations":[{"start":{"line":84,"column":4},"end":{"line":88,"column":null}},{"start":{"line":86,"column":11},"end":{"line":88,"column":null}}],"line":84},"9":{"loc":{"start":{"line":95,"column":4},"end":{"line":118,"column":null}},"type":"if","locations":[{"start":{"line":95,"column":4},"end":{"line":118,"column":null}},{"start":{"line":102,"column":4},"end":{"line":118,"column":null}}],"line":95},"10":{"loc":{"start":{"line":97,"column":8},"end":{"line":101,"column":null}},"type":"if","locations":[{"start":{"line":97,"column":8},"end":{"line":101,"column":null}},{"start":{},"end":{}}],"line":97},"11":{"loc":{"start":{"line":102,"column":4},"end":{"line":118,"column":null}},"type":"if","locations":[{"start":{"line":102,"column":4},"end":{"line":118,"column":null}},{"start":{"line":108,"column":4},"end":{"line":118,"column":null}}],"line":102},"12":{"loc":{"start":{"line":103,"column":8},"end":{"line":107,"column":null}},"type":"if","locations":[{"start":{"line":103,"column":8},"end":{"line":107,"column":null}},{"start":{},"end":{}}],"line":103},"13":{"loc":{"start":{"line":108,"column":4},"end":{"line":118,"column":null}},"type":"if","locations":[{"start":{"line":108,"column":4},"end":{"line":118,"column":null}},{"start":{"line":116,"column":11},"end":{"line":118,"column":null}}],"line":108},"14":{"loc":{"start":{"line":125,"column":4},"end":{"line":204,"column":null}},"type":"if","locations":[{"start":{"line":125,"column":4},"end":{"line":204,"column":null}},{"start":{"line":127,"column":4},"end":{"line":204,"column":null}}],"line":125},"15":{"loc":{"start":{"line":127,"column":4},"end":{"line":204,"column":null}},"type":"if","locations":[{"start":{"line":127,"column":4},"end":{"line":204,"column":null}},{"start":{"line":129,"column":4},"end":{"line":204,"column":null}}],"line":127},"16":{"loc":{"start":{"line":129,"column":4},"end":{"line":204,"column":null}},"type":"if","locations":[{"start":{"line":129,"column":4},"end":{"line":204,"column":null}},{"start":{"line":199,"column":4},"end":{"line":204,"column":null}}],"line":129},"17":{"loc":{"start":{"line":157,"column":16},"end":{"line":157,"column":null}},"type":"binary-expr","locations":[{"start":{"line":157,"column":16},"end":{"line":157,"column":33}},{"start":{"line":157,"column":33},"end":{"line":157,"column":52}},{"start":{"line":157,"column":52},"end":{"line":157,"column":70}},{"start":{"line":157,"column":70},"end":{"line":157,"column":99}},{"start":{"line":157,"column":99},"end":{"line":157,"column":null}}],"line":157},"18":{"loc":{"start":{"line":165,"column":16},"end":{"line":165,"column":null}},"type":"if","locations":[{"start":{"line":165,"column":16},"end":{"line":165,"column":null}},{"start":{},"end":{}}],"line":165},"19":{"loc":{"start":{"line":166,"column":16},"end":{"line":172,"column":null}},"type":"if","locations":[{"start":{"line":166,"column":16},"end":{"line":172,"column":null}},{"start":{},"end":{}}],"line":166},"20":{"loc":{"start":{"line":166,"column":20},"end":{"line":166,"column":54}},"type":"binary-expr","locations":[{"start":{"line":166,"column":20},"end":{"line":166,"column":35}},{"start":{"line":166,"column":35},"end":{"line":166,"column":54}}],"line":166},"21":{"loc":{"start":{"line":169,"column":20},"end":{"line":169,"column":null}},"type":"if","locations":[{"start":{"line":169,"column":20},"end":{"line":169,"column":null}},{"start":{},"end":{}}],"line":169},"22":{"loc":{"start":{"line":176,"column":16},"end":{"line":176,"column":null}},"type":"if","locations":[{"start":{"line":176,"column":16},"end":{"line":176,"column":null}},{"start":{},"end":{}}],"line":176},"23":{"loc":{"start":{"line":177,"column":16},"end":{"line":186,"column":null}},"type":"if","locations":[{"start":{"line":177,"column":16},"end":{"line":186,"column":null}},{"start":{"line":182,"column":23},"end":{"line":186,"column":null}}],"line":177},"24":{"loc":{"start":{"line":188,"column":20},"end":{"line":192,"column":null}},"type":"if","locations":[{"start":{"line":188,"column":20},"end":{"line":192,"column":null}},{"start":{},"end":{}}],"line":188},"25":{"loc":{"start":{"line":199,"column":4},"end":{"line":204,"column":null}},"type":"if","locations":[{"start":{"line":199,"column":4},"end":{"line":204,"column":null}},{"start":{"line":202,"column":4},"end":{"line":204,"column":null}}],"line":199},"26":{"loc":{"start":{"line":202,"column":4},"end":{"line":204,"column":null}},"type":"if","locations":[{"start":{"line":202,"column":4},"end":{"line":204,"column":null}},{"start":{},"end":{}}],"line":202},"27":{"loc":{"start":{"line":202,"column":15},"end":{"line":202,"column":67}},"type":"binary-expr","locations":[{"start":{"line":202,"column":15},"end":{"line":202,"column":32}},{"start":{"line":202,"column":32},"end":{"line":202,"column":51}},{"start":{"line":202,"column":51},"end":{"line":202,"column":67}}],"line":202},"28":{"loc":{"start":{"line":209,"column":11},"end":{"line":209,"column":null}},"type":"cond-expr","locations":[{"start":{"line":209,"column":58},"end":{"line":209,"column":67}},{"start":{"line":209,"column":67},"end":{"line":209,"column":null}}],"line":209},"29":{"loc":{"start":{"line":209,"column":11},"end":{"line":209,"column":58}},"type":"binary-expr","locations":[{"start":{"line":209,"column":11},"end":{"line":209,"column":30}},{"start":{"line":209,"column":30},"end":{"line":209,"column":58}}],"line":209},"30":{"loc":{"start":{"line":212,"column":72},"end":{"line":212,"column":null}},"type":"binary-expr","locations":[{"start":{"line":212,"column":72},"end":{"line":212,"column":103}},{"start":{"line":212,"column":103},"end":{"line":212,"column":null}}],"line":212},"31":{"loc":{"start":{"line":215,"column":11},"end":{"line":215,"column":43}},"type":"binary-expr","locations":[{"start":{"line":215,"column":11},"end":{"line":215,"column":28}},{"start":{"line":215,"column":28},"end":{"line":215,"column":43}}],"line":215},"32":{"loc":{"start":{"line":226,"column":4},"end":{"line":243,"column":null}},"type":"if","locations":[{"start":{"line":226,"column":4},"end":{"line":243,"column":null}},{"start":{"line":228,"column":4},"end":{"line":243,"column":null}}],"line":226},"33":{"loc":{"start":{"line":226,"column":8},"end":{"line":226,"column":60}},"type":"binary-expr","locations":[{"start":{"line":226,"column":8},"end":{"line":226,"column":25}},{"start":{"line":226,"column":25},"end":{"line":226,"column":44}},{"start":{"line":226,"column":44},"end":{"line":226,"column":60}}],"line":226},"34":{"loc":{"start":{"line":228,"column":4},"end":{"line":243,"column":null}},"type":"if","locations":[{"start":{"line":228,"column":4},"end":{"line":243,"column":null}},{"start":{"line":233,"column":4},"end":{"line":243,"column":null}}],"line":228},"35":{"loc":{"start":{"line":233,"column":4},"end":{"line":243,"column":null}},"type":"if","locations":[{"start":{"line":233,"column":4},"end":{"line":243,"column":null}},{"start":{"line":235,"column":4},"end":{"line":243,"column":null}}],"line":233},"36":{"loc":{"start":{"line":235,"column":4},"end":{"line":243,"column":null}},"type":"if","locations":[{"start":{"line":235,"column":4},"end":{"line":243,"column":null}},{"start":{"line":241,"column":11},"end":{"line":243,"column":null}}],"line":235},"37":{"loc":{"start":{"line":253,"column":4},"end":{"line":271,"column":null}},"type":"if","locations":[{"start":{"line":253,"column":4},"end":{"line":271,"column":null}},{"start":{},"end":{}}],"line":253},"38":{"loc":{"start":{"line":256,"column":12},"end":{"line":261,"column":null}},"type":"cond-expr","locations":[{"start":{"line":257,"column":20},"end":{"line":257,"column":null}},{"start":{"line":258,"column":19},"end":{"line":261,"column":null}}],"line":256},"39":{"loc":{"start":{"line":257,"column":20},"end":{"line":257,"column":null}},"type":"binary-expr","locations":[{"start":{"line":257,"column":20},"end":{"line":257,"column":29}},{"start":{"line":257,"column":29},"end":{"line":257,"column":null}}],"line":257},"40":{"loc":{"start":{"line":260,"column":32},"end":{"line":260,"column":null}},"type":"cond-expr","locations":[{"start":{"line":260,"column":55},"end":{"line":260,"column":69}},{"start":{"line":260,"column":69},"end":{"line":260,"column":null}}],"line":260},"41":{"loc":{"start":{"line":264,"column":8},"end":{"line":266,"column":null}},"type":"if","locations":[{"start":{"line":264,"column":8},"end":{"line":266,"column":null}},{"start":{},"end":{}}],"line":264},"42":{"loc":{"start":{"line":272,"column":19},"end":{"line":272,"column":null}},"type":"cond-expr","locations":[{"start":{"line":272,"column":37},"end":{"line":272,"column":76}},{"start":{"line":272,"column":76},"end":{"line":272,"column":null}}],"line":272},"43":{"loc":{"start":{"line":274,"column":8},"end":{"line":278,"column":null}},"type":"cond-expr","locations":[{"start":{"line":275,"column":14},"end":{"line":275,"column":null}},{"start":{"line":276,"column":14},"end":{"line":278,"column":null}}],"line":274},"44":{"loc":{"start":{"line":276,"column":14},"end":{"line":278,"column":null}},"type":"cond-expr","locations":[{"start":{"line":277,"column":16},"end":{"line":277,"column":null}},{"start":{"line":278,"column":16},"end":{"line":278,"column":null}}],"line":276},"45":{"loc":{"start":{"line":347,"column":12},"end":{"line":360,"column":null}},"type":"if","locations":[{"start":{"line":347,"column":12},"end":{"line":360,"column":null}},{"start":{"line":357,"column":19},"end":{"line":360,"column":null}}],"line":347},"46":{"loc":{"start":{"line":351,"column":16},"end":{"line":356,"column":null}},"type":"if","locations":[{"start":{"line":351,"column":16},"end":{"line":356,"column":null}},{"start":{},"end":{}}],"line":351},"47":{"loc":{"start":{"line":351,"column":20},"end":{"line":351,"column":52}},"type":"binary-expr","locations":[{"start":{"line":351,"column":20},"end":{"line":351,"column":38}},{"start":{"line":351,"column":38},"end":{"line":351,"column":52}}],"line":351},"48":{"loc":{"start":{"line":354,"column":24},"end":{"line":354,"column":null}},"type":"if","locations":[{"start":{"line":354,"column":24},"end":{"line":354,"column":null}},{"start":{},"end":{}}],"line":354},"49":{"loc":{"start":{"line":422,"column":8},"end":{"line":426,"column":null}},"type":"if","locations":[{"start":{"line":422,"column":8},"end":{"line":426,"column":null}},{"start":{},"end":{}}],"line":422},"50":{"loc":{"start":{"line":442,"column":16},"end":{"line":491,"column":null}},"type":"if","locations":[{"start":{"line":442,"column":16},"end":{"line":491,"column":null}},{"start":{"line":456,"column":23},"end":{"line":491,"column":null}}],"line":442},"51":{"loc":{"start":{"line":444,"column":20},"end":{"line":447,"column":null}},"type":"if","locations":[{"start":{"line":444,"column":20},"end":{"line":447,"column":null}},{"start":{},"end":{}}],"line":444},"52":{"loc":{"start":{"line":448,"column":20},"end":{"line":453,"column":null}},"type":"if","locations":[{"start":{"line":448,"column":20},"end":{"line":453,"column":null}},{"start":{},"end":{}}],"line":448},"53":{"loc":{"start":{"line":450,"column":24},"end":{"line":452,"column":null}},"type":"if","locations":[{"start":{"line":450,"column":24},"end":{"line":452,"column":null}},{"start":{},"end":{}}],"line":450},"54":{"loc":{"start":{"line":468,"column":24},"end":{"line":470,"column":null}},"type":"if","locations":[{"start":{"line":468,"column":24},"end":{"line":470,"column":null}},{"start":{},"end":{}}],"line":468},"55":{"loc":{"start":{"line":482,"column":28},"end":{"line":484,"column":null}},"type":"if","locations":[{"start":{"line":482,"column":28},"end":{"line":484,"column":null}},{"start":{},"end":{}}],"line":482},"56":{"loc":{"start":{"line":482,"column":32},"end":{"line":482,"column":65}},"type":"binary-expr","locations":[{"start":{"line":482,"column":32},"end":{"line":482,"column":39}},{"start":{"line":482,"column":39},"end":{"line":482,"column":65}}],"line":482},"57":{"loc":{"start":{"line":503,"column":16},"end":{"line":505,"column":null}},"type":"if","locations":[{"start":{"line":503,"column":16},"end":{"line":505,"column":null}},{"start":{},"end":{}}],"line":503},"58":{"loc":{"start":{"line":506,"column":16},"end":{"line":508,"column":null}},"type":"if","locations":[{"start":{"line":506,"column":16},"end":{"line":508,"column":null}},{"start":{},"end":{}}],"line":506},"59":{"loc":{"start":{"line":518,"column":19},"end":{"line":518,"column":118}},"type":"binary-expr","locations":[{"start":{"line":518,"column":19},"end":{"line":518,"column":53}},{"start":{"line":518,"column":53},"end":{"line":518,"column":118}}],"line":518},"60":{"loc":{"start":{"line":526,"column":16},"end":{"line":528,"column":null}},"type":"if","locations":[{"start":{"line":526,"column":16},"end":{"line":528,"column":null}},{"start":{},"end":{}}],"line":526},"61":{"loc":{"start":{"line":535,"column":16},"end":{"line":537,"column":null}},"type":"if","locations":[{"start":{"line":535,"column":16},"end":{"line":537,"column":null}},{"start":{},"end":{}}],"line":535},"62":{"loc":{"start":{"line":535,"column":20},"end":{"line":535,"column":121}},"type":"binary-expr","locations":[{"start":{"line":535,"column":20},"end":{"line":535,"column":58}},{"start":{"line":535,"column":58},"end":{"line":535,"column":83}},{"start":{"line":535,"column":83},"end":{"line":535,"column":121}}],"line":535},"63":{"loc":{"start":{"line":538,"column":16},"end":{"line":540,"column":null}},"type":"if","locations":[{"start":{"line":538,"column":16},"end":{"line":540,"column":null}},{"start":{},"end":{}}],"line":538},"64":{"loc":{"start":{"line":543,"column":12},"end":{"line":546,"column":null}},"type":"if","locations":[{"start":{"line":543,"column":12},"end":{"line":546,"column":null}},{"start":{},"end":{}}],"line":543}},"s":{"0":5,"1":6,"2":5,"3":5,"4":5,"5":19,"6":19,"7":82,"8":82,"9":8,"10":8,"11":8,"12":74,"13":11,"14":5,"15":19,"16":4,"17":15,"18":5,"19":31,"20":7,"21":7,"22":7,"23":1,"24":1,"25":6,"26":5,"27":5,"28":25,"29":25,"30":31,"31":11,"32":14,"33":5,"34":53,"35":12,"36":12,"37":10,"38":10,"39":10,"40":9,"41":41,"42":13,"43":11,"44":11,"45":11,"46":10,"47":28,"48":4,"49":4,"50":7,"51":24,"52":5,"53":172,"54":40,"55":132,"56":61,"57":71,"58":59,"59":59,"60":59,"61":59,"62":59,"63":59,"64":105,"65":105,"66":105,"67":105,"68":105,"69":105,"70":105,"71":105,"72":105,"73":105,"74":1,"75":104,"76":25,"77":25,"78":17,"79":25,"80":25,"81":79,"82":79,"83":1,"84":77,"85":44,"86":44,"87":44,"88":44,"89":33,"90":33,"91":33,"92":77,"93":78,"94":33,"95":33,"96":33,"97":2,"98":2,"99":2,"100":12,"101":5,"102":5,"103":7,"104":2,"105":5,"106":148,"107":148,"108":5,"109":167,"110":5,"111":85,"112":34,"113":34,"114":34,"115":5,"116":45,"117":37,"118":4,"119":4,"120":4,"121":10,"122":33,"123":28,"124":5,"125":2,"126":3,"127":5,"128":267,"129":267,"130":86,"131":86,"132":86,"133":77,"134":8,"135":8,"136":8,"137":181,"138":267,"139":267,"140":53,"141":59,"142":59,"143":5,"144":186,"145":186,"146":164,"147":5,"148":174,"149":5,"150":3,"151":3,"152":3,"153":3,"154":3,"155":5,"156":1,"157":1,"158":1,"159":1,"160":1,"161":5,"162":78,"163":78,"164":78,"165":78,"166":78,"167":78,"168":8,"169":8,"170":8,"171":8,"172":7,"173":7,"174":7,"175":6,"176":69,"177":69,"178":69,"179":78,"180":5,"181":7,"182":7,"183":5,"184":20,"185":20,"186":20,"187":20,"188":20,"189":20,"190":20,"191":36,"192":36,"193":36,"194":36,"195":1,"196":1,"197":1,"198":35,"199":35,"200":35,"201":35,"202":35,"203":60,"204":60,"205":60,"206":60,"207":16,"208":10,"209":10,"210":16,"211":10,"212":10,"213":3,"214":16,"215":16,"216":44,"217":44,"218":44,"219":6,"220":3,"221":6,"222":44,"223":44,"224":44,"225":44,"226":44,"227":44,"228":1,"229":43,"230":44,"231":44,"232":59,"233":59,"234":35,"235":35,"236":9,"237":9,"238":8,"239":9,"240":1,"241":33,"242":33,"243":33,"244":33,"245":8,"246":8,"247":33,"248":33,"249":25,"250":25,"251":23,"252":2,"253":2,"254":33,"255":33,"256":33,"257":48,"258":48,"259":1,"260":47,"261":45,"262":47,"263":32,"264":31,"265":31,"266":3,"267":3,"268":3,"269":20},"f":{"0":6,"1":19,"2":19,"3":31,"4":53,"5":9,"6":10,"7":7,"8":172,"9":105,"10":105,"11":78,"12":148,"13":167,"14":85,"15":45,"16":267,"17":186,"18":174,"19":3,"20":1,"21":78,"22":78,"23":7,"24":69,"25":7,"26":20,"27":36,"28":35,"29":6,"30":44},"b":{"0":[8,74],"1":[4,15],"2":[19,17],"3":[2,13],"4":[7,24],"5":[1,6],"6":[5,1],"7":[25,19],"8":[11,14],"9":[12,41],"10":[10,2],"11":[13,28],"12":[11,2],"13":[4,24],"14":[40,132],"15":[61,71],"16":[59,12],"17":[105,102,101,100,72],"18":[1,104],"19":[25,79],"20":[104,69],"21":[17,8],"22":[1,78],"23":[44,33],"24":[33,45],"25":[5,7],"26":[2,5],"27":[7,4,3],"28":[145,3],"29":[148,146],"30":[167,163],"31":[85,111],"32":[8,37],"33":[45,41,39],"34":[4,33],"35":[28,5],"36":[2,3],"37":[86,181],"38":[80,6],"39":[80,80],"40":[2,4],"41":[77,9],"42":[59,122],"43":[5,176],"44":[1,175],"45":[8,69],"46":[7,1],"47":[8,7],"48":[6,1],"49":[1,35],"50":[16,44],"51":[10,6],"52":[10,6],"53":[3,7],"54":[3,3],"55":[1,43],"56":[44,44],"57":[8,1],"58":[1,8],"59":[33,31],"60":[23,2],"61":[1,47],"62":[48,47,25],"63":[45,2],"64":[31,1]},"meta":{"lastBranch":65,"lastFunction":31,"lastStatement":270,"seen":{"s:12:57:12:Infinity":0,"f:12:57:12:66":0,"s:12:66:12:Infinity":1,"s:24:58:24:Infinity":2,"s:38:30:38:Infinity":3,"s:40:24:54:Infinity":4,"f:40:24:40:25":1,"s:41:35:41:Infinity":5,"s:42:4:50:Infinity":6,"s:43:21:43:Infinity":7,"b:44:8:48:Infinity:undefined:undefined:undefined:undefined":0,"s:44:8:48:Infinity":8,"s:45:29:45:Infinity":9,"s:46:12:46:Infinity":10,"s:47:12:47:Infinity":11,"s:49:8:49:Infinity":12,"s:53:4:53:Infinity":13,"s:56:23:62:Infinity":14,"f:56:23:56:24":2,"b:57:4:61:Infinity:59:11:61:Infinity":1,"s:57:4:61:Infinity":15,"b:57:8:57:27:57:27:57:42":2,"s:58:8:58:Infinity":16,"s:60:8:60:Infinity":17,"b:60:51:60:56:60:56:60:66":3,"s:69:22:89:Infinity":18,"f:69:22:69:23":3,"b:70:4:81:Infinity:undefined:undefined:undefined:undefined":4,"s:70:4:81:Infinity":19,"s:71:23:71:Infinity":20,"s:72:18:72:Infinity":21,"b:73:8:76:Infinity:undefined:undefined:undefined:undefined":5,"s:73:8:76:Infinity":22,"s:74:13:74:Infinity":23,"s:75:12:75:Infinity":24,"b:77:8:80:Infinity:undefined:undefined:undefined:undefined":6,"s:77:8:80:Infinity":25,"s:78:12:78:Infinity":26,"s:79:12:79:Infinity":27,"s:82:21:82:Infinity":28,"s:83:21:83:Infinity":29,"b:83:21:83:60:83:60:83:Infinity":7,"b:84:4:88:Infinity:86:11:88:Infinity":8,"s:84:4:88:Infinity":30,"s:85:9:85:Infinity":31,"s:87:8:87:Infinity":32,"s:94:20:119:Infinity":33,"f:94:20:94:21":4,"b:95:4:118:Infinity:102:4:118:Infinity":9,"s:95:4:118:Infinity":34,"s:96:26:96:Infinity":35,"b:97:8:101:Infinity:undefined:undefined:undefined:undefined":10,"s:97:8:101:Infinity":36,"s:98:29:98:Infinity":37,"s:99:12:99:Infinity":38,"s:100:12:100:Infinity":39,"f:100:31:100:37":5,"s:100:37:100:85":40,"b:102:4:118:Infinity:108:4:118:Infinity":11,"s:102:4:118:Infinity":41,"b:103:8:107:Infinity:undefined:undefined:undefined:undefined":12,"s:103:8:107:Infinity":42,"s:104:26:104:Infinity":43,"s:105:12:105:Infinity":44,"s:106:12:106:Infinity":45,"f:106:31:106:37":6,"s:106:37:106:48":46,"b:108:4:118:Infinity:116:11:118:Infinity":13,"s:108:4:118:Infinity":47,"s:109:25:109:Infinity":48,"s:113:8:115:Infinity":49,"f:113:15:113:21":7,"s:114:12:114:Infinity":50,"s:117:8:117:Infinity":51,"s:124:20:205:Infinity":52,"f:124:20:124:21":8,"b:125:4:204:Infinity:127:4:204:Infinity":14,"s:125:4:204:Infinity":53,"s:126:8:126:Infinity":54,"b:127:4:204:Infinity:129:4:204:Infinity":15,"s:127:4:204:Infinity":55,"s:128:8:128:Infinity":56,"b:129:4:204:Infinity:199:4:204:Infinity":16,"s:129:4:204:Infinity":57,"s:130:22:130:Infinity":58,"s:131:20:131:Infinity":59,"s:132:8:132:Infinity":60,"s:133:8:133:Infinity":61,"s:144:36:144:Infinity":62,"s:145:8:198:Infinity":63,"f:145:15:145:21":9,"s:147:36:155:Infinity":64,"f:147:42:147:55":10,"s:148:29:148:Infinity":65,"s:149:16:149:Infinity":66,"s:150:16:154:Infinity":67,"s:151:20:151:Infinity":68,"s:153:20:153:Infinity":69,"s:157:16:157:Infinity":70,"b:157:16:157:33:157:33:157:52:157:52:157:70:157:70:157:99:157:99:157:Infinity":17,"s:161:31:161:Infinity":71,"s:164:12:194:Infinity":72,"b:165:16:165:Infinity:undefined:undefined:undefined:undefined":18,"s:165:16:165:Infinity":73,"s:165:41:165:Infinity":74,"b:166:16:172:Infinity:undefined:undefined:undefined:undefined":19,"s:166:16:172:Infinity":75,"b:166:20:166:35:166:35:166:54":20,"s:168:32:168:Infinity":76,"b:169:20:169:Infinity:undefined:undefined:undefined:undefined":21,"s:169:20:169:Infinity":77,"s:169:47:169:Infinity":78,"s:170:20:170:Infinity":79,"s:171:20:171:Infinity":80,"s:175:16:175:Infinity":81,"b:176:16:176:Infinity:undefined:undefined:undefined:undefined":22,"s:176:16:176:Infinity":82,"s:176:59:176:Infinity":83,"b:177:16:186:Infinity:182:23:186:Infinity":23,"s:177:16:186:Infinity":84,"s:178:20:178:Infinity":85,"s:179:20:179:Infinity":86,"s:180:20:180:Infinity":87,"s:181:20:181:Infinity":88,"s:183:20:183:Infinity":89,"s:184:20:184:Infinity":90,"s:185:20:185:Infinity":91,"s:187:16:193:Infinity":92,"f:187:23:187:29":11,"b:188:20:192:Infinity:undefined:undefined:undefined:undefined":24,"s:188:20:192:Infinity":93,"s:189:34:189:Infinity":94,"s:190:24:190:Infinity":95,"s:191:24:191:Infinity":96,"s:195:12:195:Infinity":97,"s:196:12:196:Infinity":98,"s:197:12:197:Infinity":99,"b:199:4:204:Infinity:202:4:204:Infinity":25,"s:199:4:204:Infinity":100,"s:200:23:200:Infinity":101,"s:201:8:201:Infinity":102,"b:202:4:204:Infinity:undefined:undefined:undefined:undefined":26,"s:202:4:204:Infinity":103,"b:202:15:202:32:202:32:202:51:202:51:202:67":27,"s:203:8:203:Infinity":104,"s:207:20:210:Infinity":105,"f:207:20:207:21":12,"s:208:19:208:Infinity":106,"s:209:4:209:Infinity":107,"b:209:58:209:67:209:67:209:Infinity":28,"b:209:11:209:30:209:30:209:58":29,"s:212:21:212:Infinity":108,"f:212:21:212:22":13,"s:212:72:212:Infinity":109,"b:212:72:212:103:212:103:212:Infinity":30,"s:214:25:220:Infinity":110,"f:214:25:214:26":14,"s:215:4:219:Infinity":111,"b:215:11:215:28:215:28:215:43":31,"s:216:21:216:Infinity":112,"s:217:8:217:Infinity":113,"s:218:8:218:Infinity":114,"s:225:21:244:Infinity":115,"f:225:21:225:22":15,"b:226:4:243:Infinity:228:4:243:Infinity":32,"s:226:4:243:Infinity":116,"b:226:8:226:25:226:25:226:44:226:44:226:60":33,"b:228:4:243:Infinity:233:4:243:Infinity":34,"s:228:4:243:Infinity":117,"s:229:23:229:Infinity":118,"s:230:8:232:Infinity":119,"s:230:21:230:24":120,"s:231:12:231:Infinity":121,"b:233:4:243:Infinity:235:4:243:Infinity":35,"s:233:4:243:Infinity":122,"s:234:8:234:Infinity":123,"b:235:4:243:Infinity:241:11:243:Infinity":36,"s:235:4:243:Infinity":124,"s:240:8:240:Infinity":125,"s:242:8:242:Infinity":126,"s:251:34:284:Infinity":127,"f:251:34:251:52":16,"s:252:27:252:Infinity":128,"b:253:4:271:Infinity:undefined:undefined:undefined:undefined":37,"s:253:4:271:Infinity":129,"s:256:12:261:Infinity":130,"b:257:20:257:Infinity:258:19:261:Infinity":38,"b:257:20:257:29:257:29:257:Infinity":39,"b:260:55:260:69:260:69:260:Infinity":40,"s:262:24:262:Infinity":131,"b:264:8:266:Infinity:undefined:undefined:undefined:undefined":41,"s:264:8:266:Infinity":132,"s:265:12:265:Infinity":133,"s:268:25:268:Infinity":134,"s:269:8:269:Infinity":135,"s:270:8:270:Infinity":136,"s:272:19:272:Infinity":137,"b:272:37:272:76:272:76:272:Infinity":42,"s:274:8:278:Infinity":138,"b:275:14:275:Infinity:276:14:278:Infinity":43,"b:277:16:277:Infinity:278:16:278:Infinity":44,"s:279:4:281:Infinity":139,"s:280:8:280:Infinity":140,"s:282:4:282:Infinity":141,"s:283:4:283:Infinity":142,"s:286:23:290:Infinity":143,"f:286:23:286:24":17,"s:287:4:289:Infinity":144,"s:287:17:287:20":145,"s:288:8:288:Infinity":146,"s:295:29:296:Infinity":147,"f:295:29:295:47":18,"s:296:4:296:Infinity":148,"s:302:19:310:Infinity":149,"f:302:19:302:23":19,"s:303:17:303:Infinity":150,"s:304:4:304:Infinity":151,"s:305:4:309:Infinity":152,"s:306:8:306:Infinity":153,"s:308:8:308:Infinity":154,"s:315:20:323:Infinity":155,"f:315:20:315:24":20,"s:316:17:316:Infinity":156,"s:317:4:317:Infinity":157,"s:318:4:322:Infinity":158,"s:319:8:319:Infinity":159,"s:321:8:321:Infinity":160,"s:341:22:365:Infinity":161,"f:341:22:341:23":21,"s:342:4:364:Infinity":162,"f:342:17:342:30":22,"s:343:30:343:Infinity":163,"s:344:8:344:Infinity":164,"s:345:8:363:Infinity":165,"s:346:25:346:Infinity":166,"b:347:12:360:Infinity:357:19:360:Infinity":45,"s:347:12:360:Infinity":167,"s:348:30:348:Infinity":168,"s:349:28:349:Infinity":169,"s:350:16:350:Infinity":170,"b:351:16:356:Infinity:undefined:undefined:undefined:undefined":46,"s:351:16:356:Infinity":171,"b:351:20:351:38:351:38:351:52":47,"s:352:20:355:Infinity":172,"f:352:30:352:36":23,"s:353:39:353:Infinity":173,"b:354:24:354:Infinity:undefined:undefined:undefined:undefined":48,"s:354:24:354:Infinity":174,"s:354:45:354:Infinity":175,"s:358:16:358:Infinity":176,"s:359:16:359:Infinity":177,"f:359:26:359:32":24,"s:359:32:359:66":178,"s:362:12:362:Infinity":179,"s:378:24:380:Infinity":180,"f:378:24:378:28":25,"s:379:4:379:Infinity":181,"s:379:38:379:Infinity":182,"s:405:23:555:Infinity":183,"f:405:23:405:Infinity":26,"s:410:21:410:Infinity":184,"s:411:18:411:Infinity":185,"s:412:16:412:Infinity":186,"s:413:4:413:Infinity":187,"s:414:4:414:Infinity":188,"s:416:35:416:Infinity":189,"s:418:4:552:Infinity":190,"f:418:11:418:17":27,"s:419:22:419:Infinity":191,"s:420:23:420:Infinity":192,"s:421:23:421:Infinity":193,"b:422:8:426:Infinity:undefined:undefined:undefined:undefined":49,"s:422:8:426:Infinity":194,"s:423:12:423:Infinity":195,"s:424:12:424:Infinity":196,"s:425:12:425:Infinity":197,"s:427:36:427:Infinity":198,"s:428:39:428:Infinity":199,"s:436:8:495:Infinity":200,"f:436:18:436:24":28,"s:437:12:494:Infinity":201,"s:437:25:437:28":202,"s:438:29:438:Infinity":203,"s:439:26:439:Infinity":204,"s:440:33:440:Infinity":205,"b:442:16:491:Infinity:456:23:491:Infinity":50,"s:442:16:491:Infinity":206,"b:444:20:447:Infinity:undefined:undefined:undefined:undefined":51,"s:444:20:447:Infinity":207,"s:445:24:445:Infinity":208,"s:446:24:446:Infinity":209,"b:448:20:453:Infinity:undefined:undefined:undefined:undefined":52,"s:448:20:453:Infinity":210,"s:449:24:449:Infinity":211,"b:450:24:452:Infinity:undefined:undefined:undefined:undefined":53,"s:450:24:452:Infinity":212,"s:451:28:451:Infinity":213,"s:454:20:454:Infinity":214,"s:455:20:455:Infinity":215,"s:457:39:457:Infinity":216,"s:458:47:465:Infinity":217,"s:467:36:472:Infinity":218,"f:467:36:467:42":29,"b:468:24:470:Infinity:undefined:undefined:undefined:undefined":54,"s:468:24:470:Infinity":219,"s:469:28:469:Infinity":220,"s:471:24:471:Infinity":221,"s:473:20:489:Infinity":222,"f:473:47:473:60":30,"s:478:50:478:Infinity":223,"s:479:24:479:Infinity":224,"s:480:24:488:Infinity":225,"s:481:42:481:Infinity":226,"b:482:28:484:Infinity:undefined:undefined:undefined:undefined":55,"s:482:28:484:Infinity":227,"b:482:32:482:39:482:39:482:65":56,"s:483:32:483:Infinity":228,"s:485:28:485:Infinity":229,"s:487:28:487:Infinity":230,"s:490:20:490:Infinity":231,"s:492:16:492:Infinity":232,"s:493:16:493:Infinity":233,"s:498:8:547:Infinity":234,"s:501:12:509:Infinity":235,"s:502:16:502:Infinity":236,"b:503:16:505:Infinity:undefined:undefined:undefined:undefined":57,"s:503:16:505:Infinity":237,"s:504:20:504:Infinity":238,"b:506:16:508:Infinity:undefined:undefined:undefined:undefined":58,"s:506:16:508:Infinity":239,"s:507:20:507:Infinity":240,"s:514:32:514:Infinity":241,"s:515:31:515:Infinity":242,"s:517:32:517:Infinity":243,"s:518:12:521:Infinity":244,"b:518:19:518:53:518:53:518:118":59,"s:519:16:519:Infinity":245,"s:520:16:520:Infinity":246,"s:523:38:523:Infinity":247,"s:524:12:531:Infinity":248,"s:525:33:525:Infinity":249,"b:526:16:528:Infinity:undefined:undefined:undefined:undefined":60,"s:526:16:528:Infinity":250,"s:527:20:527:Infinity":251,"s:529:16:529:Infinity":252,"s:530:16:530:Infinity":253,"s:532:38:532:Infinity":254,"s:533:12:542:Infinity":255,"s:533:25:533:39":256,"s:534:30:534:Infinity":257,"b:535:16:537:Infinity:undefined:undefined:undefined:undefined":61,"s:535:16:537:Infinity":258,"b:535:20:535:58:535:58:535:83:535:83:535:121":62,"s:536:20:536:Infinity":259,"b:538:16:540:Infinity:undefined:undefined:undefined:undefined":63,"s:538:16:540:Infinity":260,"s:539:20:539:Infinity":261,"s:541:16:541:Infinity":262,"b:543:12:546:Infinity:undefined:undefined:undefined:undefined":64,"s:543:12:546:Infinity":263,"s:544:16:544:Infinity":264,"s:545:16:545:Infinity":265,"s:549:8:549:Infinity":266,"s:550:8:550:Infinity":267,"s:551:8:551:Infinity":268,"s:554:4:554:Infinity":269}}}
,"/home/runner/work/slimlib/slimlib/jsx/src/for-each.ts": {"path":"/home/runner/work/slimlib/slimlib/jsx/src/for-each.ts","statementMap":{},"fnMap":{},"branchMap":{},"s":{},"f":{},"b":{},"meta":{"lastBranch":0,"lastFunction":0,"lastStatement":0,"seen":{}}}
,"/home/runner/work/slimlib/slimlib/jsx/src/index.ts": {"path":"/home/runner/work/slimlib/slimlib/jsx/src/index.ts","statementMap":{},"fnMap":{},"branchMap":{},"s":{},"f":{},"b":{},"meta":{"lastBranch":0,"lastFunction":0,"lastStatement":0,"seen":{}}}
,"/home/runner/work/slimlib/slimlib/jsx/src/jsx-runtime.ts": {"path":"/home/runner/work/slimlib/slimlib/jsx/src/jsx-runtime.ts","statementMap":{"0":{"start":{"line":13,"column":19},"end":{"line":17,"column":null}},"1":{"start":{"line":14,"column":34},"end":{"line":14,"column":null}},"2":{"start":{"line":15,"column":32},"end":{"line":15,"column":null}},"3":{"start":{"line":16,"column":4},"end":{"line":16,"column":null}},"4":{"start":{"line":19,"column":20},"end":{"line":19,"column":null}},"5":{"start":{"line":20,"column":22},"end":{"line":20,"column":null}}},"fnMap":{"0":{"name":"(anonymous_0)","decl":{"start":{"line":13,"column":19},"end":{"line":13,"column":37}},"loc":{"start":{"line":13,"column":93},"end":{"line":17,"column":null}},"line":13}},"branchMap":{"0":{"loc":{"start":{"line":15,"column":32},"end":{"line":15,"column":null}},"type":"cond-expr","locations":[{"start":{"line":15,"column":57},"end":{"line":15,"column":62}},{"start":{"line":15,"column":62},"end":{"line":15,"column":null}}],"line":15},"1":{"loc":{"start":{"line":15,"column":62},"end":{"line":15,"column":null}},"type":"cond-expr","locations":[{"start":{"line":15,"column":88},"end":{"line":15,"column":99}},{"start":{"line":15,"column":99},"end":{"line":15,"column":null}}],"line":15}},"s":{"0":2,"1":15,"2":15,"3":15,"4":2,"5":2},"f":{"0":15},"b":{"0":[1,14],"1":[3,11]},"meta":{"lastBranch":2,"lastFunction":1,"lastStatement":6,"seen":{"s:13:19:17:Infinity":0,"f:13:19:13:37":0,"s:14:34:14:Infinity":1,"s:15:32:15:Infinity":2,"b:15:57:15:62:15:62:15:Infinity":0,"b:15:88:15:99:15:99:15:Infinity":1,"s:16:4:16:Infinity":3,"s:19:20:19:Infinity":4,"s:20:22:20:Infinity":5}}}
}
