<?xml version="1.0" encoding="UTF-8"?>
<coverage generated="1780570713175" clover="3.2.0">
  <project timestamp="1780570713175" name="All files">
    <metrics statements="39" coveredstatements="39" conditionals="30" coveredconditionals="29" methods="1" coveredmethods="1" elements="70" coveredelements="69" complexity="0" loc="39" ncloc="39" packages="1" files="1" classes="1"/>
    <file name="index.js" path="/home/runner/work/slimlib/slimlib/get-parameter-names/src/index.js">
      <metrics statements="39" coveredstatements="39" conditionals="30" coveredconditionals="29" methods="1" coveredmethods="1"/>
      <line num="3" count="1" type="stmt"/>
      <line num="5" count="1" type="stmt"/>
      <line num="13" count="36" type="stmt"/>
      <line num="15" count="36" type="stmt"/>
      <line num="16" count="36" type="stmt"/>
      <line num="17" count="36" type="stmt"/>
      <line num="18" count="36" type="stmt"/>
      <line num="20" count="36" type="stmt"/>
      <line num="21" count="36" type="stmt"/>
      <line num="23" count="36" type="stmt"/>
      <line num="24" count="817" type="cond" truecount="2" falsecount="0"/>
      <line num="26" count="129" type="stmt"/>
      <line num="27" count="129" type="stmt"/>
      <line num="28" count="129" type="stmt"/>
      <line num="29" count="129" type="stmt"/>
      <line num="31" count="129" type="cond" truecount="2" falsecount="0"/>
      <line num="32" count="36" type="cond" truecount="2" falsecount="0"/>
      <line num="33" count="93" type="cond" truecount="2" falsecount="0"/>
      <line num="34" count="14" type="cond" truecount="4" falsecount="0"/>
      <line num="35" count="10" type="stmt"/>
      <line num="36" count="79" type="cond" truecount="2" falsecount="0"/>
      <line num="37" count="15" type="cond" truecount="2" falsecount="0"/>
      <line num="38" count="2" type="stmt"/>
      <line num="39" count="64" type="cond" truecount="2" falsecount="0"/>
      <line num="40" count="32" type="cond" truecount="2" falsecount="0"/>
      <line num="41" count="29" type="stmt"/>
      <line num="42" count="29" type="cond" truecount="2" falsecount="0"/>
      <line num="43" count="29" type="stmt"/>
      <line num="44" count="3" type="cond" truecount="2" falsecount="0"/>
      <line num="45" count="2" type="stmt"/>
      <line num="46" count="2" type="stmt"/>
      <line num="47" count="1" type="cond" truecount="1" falsecount="1"/>
      <line num="48" count="1" type="stmt"/>
      <line num="49" count="1" type="stmt"/>
      <line num="51" count="32" type="cond" truecount="4" falsecount="0"/>
      <line num="52" count="30" type="stmt"/>
      <line num="53" count="30" type="stmt"/>
      <line num="56" count="688" type="stmt"/>
      <line num="60" count="19" type="stmt"/>
    </file>
  </project>
</coverage>
