{"/home/runner/work/slimlib/slimlib/get-parameter-names/src/index.js": {"path":"/home/runner/work/slimlib/slimlib/get-parameter-names/src/index.js","statementMap":{"0":{"start":{"line":3,"column":22},"end":{"line":3,"column":97}},"1":{"start":{"line":5,"column":19},"end":{"line":5,"column":48}},"2":{"start":{"line":13,"column":20},"end":{"line":13,"column":63}},"3":{"start":{"line":15,"column":19},"end":{"line":15,"column":23}},"4":{"start":{"line":16,"column":29},"end":{"line":16,"column":30}},"5":{"start":{"line":17,"column":27},"end":{"line":17,"column":28}},"6":{"start":{"line":18,"column":17},"end":{"line":18,"column":19}},"7":{"start":{"line":20,"column":17},"end":{"line":20,"column":19}},"8":{"start":{"line":21,"column":27},"end":{"line":21,"column":31}},"9":{"start":{"line":23,"column":4},"end":{"line":58,"column":null}},"10":{"start":{"line":24,"column":8},"end":{"line":57,"column":null}},"11":{"start":{"line":26,"column":30},"end":{"line":26,"column":46}},"12":{"start":{"line":27,"column":25},"end":{"line":27,"column":31}},"13":{"start":{"line":28,"column":12},"end":{"line":28,"column":null}},"14":{"start":{"line":29,"column":12},"end":{"line":29,"column":null}},"15":{"start":{"line":31,"column":12},"end":{"line":54,"column":null}},"16":{"start":{"line":32,"column":16},"end":{"line":32,"column":null}},"17":{"start":{"line":32,"column":33},"end":{"line":32,"column":null}},"18":{"start":{"line":33,"column":19},"end":{"line":54,"column":null}},"19":{"start":{"line":34,"column":16},"end":{"line":34,"column":null}},"20":{"start":{"line":34,"column":65},"end":{"line":34,"column":null}},"21":{"start":{"line":35,"column":16},"end":{"line":35,"column":null}},"22":{"start":{"line":36,"column":19},"end":{"line":54,"column":null}},"23":{"start":{"line":37,"column":16},"end":{"line":37,"column":null}},"24":{"start":{"line":37,"column":44},"end":{"line":37,"column":null}},"25":{"start":{"line":38,"column":16},"end":{"line":38,"column":null}},"26":{"start":{"line":39,"column":19},"end":{"line":54,"column":null}},"27":{"start":{"line":40,"column":16},"end":{"line":50,"column":null}},"28":{"start":{"line":41,"column":20},"end":{"line":41,"column":null}},"29":{"start":{"line":42,"column":20},"end":{"line":42,"column":null}},"30":{"start":{"line":42,"column":37},"end":{"line":42,"column":null}},"31":{"start":{"line":43,"column":20},"end":{"line":43,"column":null}},"32":{"start":{"line":44,"column":23},"end":{"line":50,"column":null}},"33":{"start":{"line":45,"column":20},"end":{"line":45,"column":null}},"34":{"start":{"line":46,"column":20},"end":{"line":46,"column":null}},"35":{"start":{"line":47,"column":23},"end":{"line":50,"column":null}},"36":{"start":{"line":48,"column":20},"end":{"line":48,"column":null}},"37":{"start":{"line":49,"column":20},"end":{"line":49,"column":null}},"38":{"start":{"line":51,"column":19},"end":{"line":54,"column":null}},"39":{"start":{"line":52,"column":16},"end":{"line":52,"column":null}},"40":{"start":{"line":53,"column":16},"end":{"line":53,"column":null}},"41":{"start":{"line":56,"column":12},"end":{"line":56,"column":null}},"42":{"start":{"line":60,"column":4},"end":{"line":60,"column":null}}},"fnMap":{"0":{"name":"getParameterNames","decl":{"start":{"line":12,"column":16},"end":{"line":12,"column":33}},"loc":{"start":{"line":12,"column":41},"end":{"line":61,"column":null}},"line":12}},"branchMap":{"0":{"loc":{"start":{"line":24,"column":8},"end":{"line":57,"column":null}},"type":"if","locations":[{"start":{"line":24,"column":8},"end":{"line":57,"column":null}},{"start":{"line":55,"column":15},"end":{"line":57,"column":null}}],"line":24},"1":{"loc":{"start":{"line":31,"column":12},"end":{"line":54,"column":null}},"type":"if","locations":[{"start":{"line":31,"column":12},"end":{"line":54,"column":null}},{"start":{"line":33,"column":19},"end":{"line":54,"column":null}}],"line":31},"2":{"loc":{"start":{"line":32,"column":16},"end":{"line":32,"column":null}},"type":"if","locations":[{"start":{"line":32,"column":16},"end":{"line":32,"column":null}},{"start":{},"end":{}}],"line":32},"3":{"loc":{"start":{"line":33,"column":19},"end":{"line":54,"column":null}},"type":"if","locations":[{"start":{"line":33,"column":19},"end":{"line":54,"column":null}},{"start":{"line":36,"column":19},"end":{"line":54,"column":null}}],"line":33},"4":{"loc":{"start":{"line":34,"column":16},"end":{"line":34,"column":null}},"type":"if","locations":[{"start":{"line":34,"column":16},"end":{"line":34,"column":null}},{"start":{},"end":{}}],"line":34},"5":{"loc":{"start":{"line":34,"column":20},"end":{"line":34,"column":63}},"type":"binary-expr","locations":[{"start":{"line":34,"column":20},"end":{"line":34,"column":35}},{"start":{"line":34,"column":39},"end":{"line":34,"column":63}}],"line":34},"6":{"loc":{"start":{"line":36,"column":19},"end":{"line":54,"column":null}},"type":"if","locations":[{"start":{"line":36,"column":19},"end":{"line":54,"column":null}},{"start":{"line":39,"column":19},"end":{"line":54,"column":null}}],"line":36},"7":{"loc":{"start":{"line":37,"column":16},"end":{"line":37,"column":null}},"type":"if","locations":[{"start":{"line":37,"column":16},"end":{"line":37,"column":null}},{"start":{},"end":{}}],"line":37},"8":{"loc":{"start":{"line":39,"column":19},"end":{"line":54,"column":null}},"type":"if","locations":[{"start":{"line":39,"column":19},"end":{"line":54,"column":null}},{"start":{"line":51,"column":19},"end":{"line":54,"column":null}}],"line":39},"9":{"loc":{"start":{"line":40,"column":16},"end":{"line":50,"column":null}},"type":"if","locations":[{"start":{"line":40,"column":16},"end":{"line":50,"column":null}},{"start":{"line":44,"column":23},"end":{"line":50,"column":null}}],"line":40},"10":{"loc":{"start":{"line":42,"column":20},"end":{"line":42,"column":null}},"type":"if","locations":[{"start":{"line":42,"column":20},"end":{"line":42,"column":null}},{"start":{},"end":{}}],"line":42},"11":{"loc":{"start":{"line":44,"column":23},"end":{"line":50,"column":null}},"type":"if","locations":[{"start":{"line":44,"column":23},"end":{"line":50,"column":null}},{"start":{"line":47,"column":23},"end":{"line":50,"column":null}}],"line":44},"12":{"loc":{"start":{"line":47,"column":23},"end":{"line":50,"column":null}},"type":"if","locations":[{"start":{"line":47,"column":23},"end":{"line":50,"column":null}},{"start":{},"end":{}}],"line":47},"13":{"loc":{"start":{"line":51,"column":19},"end":{"line":54,"column":null}},"type":"if","locations":[{"start":{"line":51,"column":19},"end":{"line":54,"column":null}},{"start":{},"end":{}}],"line":51},"14":{"loc":{"start":{"line":51,"column":23},"end":{"line":51,"column":66}},"type":"binary-expr","locations":[{"start":{"line":51,"column":23},"end":{"line":51,"column":40}},{"start":{"line":51,"column":44},"end":{"line":51,"column":66}}],"line":51}},"s":{"0":1,"1":1,"2":36,"3":36,"4":36,"5":36,"6":36,"7":36,"8":36,"9":36,"10":817,"11":129,"12":129,"13":129,"14":129,"15":129,"16":36,"17":28,"18":93,"19":14,"20":4,"21":10,"22":79,"23":15,"24":13,"25":2,"26":64,"27":32,"28":29,"29":29,"30":24,"31":29,"32":3,"33":2,"34":2,"35":1,"36":1,"37":1,"38":32,"39":30,"40":30,"41":688,"42":19},"f":{"0":36},"b":{"0":[129,688],"1":[36,93],"2":[28,8],"3":[14,79],"4":[4,10],"5":[14,6],"6":[15,64],"7":[13,2],"8":[32,32],"9":[29,3],"10":[24,5],"11":[2,1],"12":[1,0],"13":[30,2],"14":[32,32]},"meta":{"lastBranch":15,"lastFunction":1,"lastStatement":43,"seen":{"s:3:22:3:97":0,"s:5:19:5:48":1,"f:12:16:12:33":0,"s:13:20:13:63":2,"s:15:19:15:23":3,"s:16:29:16:30":4,"s:17:27:17:28":5,"s:18:17:18:19":6,"s:20:17:20:19":7,"s:21:27:21:31":8,"s:23:4:58:Infinity":9,"b:24:8:57:Infinity:55:15:57:Infinity":0,"s:24:8:57:Infinity":10,"s:26:30:26:46":11,"s:27:25:27:31":12,"s:28:12:28:Infinity":13,"s:29:12:29:Infinity":14,"b:31:12:54:Infinity:33:19:54:Infinity":1,"s:31:12:54:Infinity":15,"b:32:16:32:Infinity:undefined:undefined:undefined:undefined":2,"s:32:16:32:Infinity":16,"s:32:33:32:Infinity":17,"b:33:19:54:Infinity:36:19:54:Infinity":3,"s:33:19:54:Infinity":18,"b:34:16:34:Infinity:undefined:undefined:undefined:undefined":4,"s:34:16:34:Infinity":19,"b:34:20:34:35:34:39:34:63":5,"s:34:65:34:Infinity":20,"s:35:16:35:Infinity":21,"b:36:19:54:Infinity:39:19:54:Infinity":6,"s:36:19:54:Infinity":22,"b:37:16:37:Infinity:undefined:undefined:undefined:undefined":7,"s:37:16:37:Infinity":23,"s:37:44:37:Infinity":24,"s:38:16:38:Infinity":25,"b:39:19:54:Infinity:51:19:54:Infinity":8,"s:39:19:54:Infinity":26,"b:40:16:50:Infinity:44:23:50:Infinity":9,"s:40:16:50:Infinity":27,"s:41:20:41:Infinity":28,"b:42:20:42:Infinity:undefined:undefined:undefined:undefined":10,"s:42:20:42:Infinity":29,"s:42:37:42:Infinity":30,"s:43:20:43:Infinity":31,"b:44:23:50:Infinity:47:23:50:Infinity":11,"s:44:23:50:Infinity":32,"s:45:20:45:Infinity":33,"s:46:20:46:Infinity":34,"b:47:23:50:Infinity:undefined:undefined:undefined:undefined":12,"s:47:23:50:Infinity":35,"s:48:20:48:Infinity":36,"s:49:20:49:Infinity":37,"b:51:19:54:Infinity:undefined:undefined:undefined:undefined":13,"s:51:19:54:Infinity":38,"b:51:23:51:40:51:44:51:66":14,"s:52:16:52:Infinity":39,"s:53:16:53:Infinity":40,"s:56:12:56:Infinity":41,"s:60:4:60:Infinity":42}}}
}
